### BUILD_STDLIB Sun, Jun  7, 2026 12:01:17 AM ###
[build_stdlib] using iiis: /c/Users/Edwin Boston/OneDrive/Desktop/III/COMPILED/iiis-2.exe
[build_stdlib] composition drift-check: /c/Users/Edwin Boston/OneDrive/Desktop/III/STDLIB/../COMPILER/BOOT/gen_compositions.sh --check
[gen_compositions] read 255 entries from /c/Users/Edwin Boston/OneDrive/Desktop/III/COMPILER/BOOT/iii_compositions.def
[gen_compositions] check: /c/Users/Edwin Boston/OneDrive/Desktop/III/COMPILER/BOOT/iii_compositions.h current
[gen_compositions] check: /c/Users/Edwin Boston/OneDrive/Desktop/III/STDLIB/iii/omnia/prespec.iii current
[gen_compositions] check: /c/Users/Edwin Boston/OneDrive/Desktop/III/COMPILER/BOOT/iii_cg_pe_iiis1.iii current
[gen_compositions] OK (255 entries)
[build_stdlib] SVM-layout drift-check: /c/Users/Edwin Boston/OneDrive/Desktop/III/STDLIB/../COMPILER/BOOT/gen_svm_layout.sh --check
[gen_svm_layout] read 8 regions from /c/Users/Edwin Boston/OneDrive/Desktop/III/COMPILER/BOOT/iii_svm_layout.def
[gen_svm_layout] check: /c/Users/Edwin Boston/OneDrive/Desktop/III/STDLIB/iii/katabasis/svm_layout.iii current
[gen_svm_layout] OK (8 regions)
[build_stdlib] cycle-family drift-check: /c/Users/Edwin Boston/OneDrive/Desktop/III/STDLIB/../COMPILER/BOOT/gen_cycle_family.sh --check
[gen_cycle_family] read 9 families from /c/Users/Edwin Boston/OneDrive/Desktop/III/COMPILER/BOOT/iii_cycle_family.def
[gen_cycle_family] check: /c/Users/Edwin Boston/OneDrive/Desktop/III/STDLIB/iii/katabasis/cycle_family.iii current
[gen_cycle_family] OK (9 families)
[build_stdlib] census drift-check: /c/Users/Edwin Boston/OneDrive/Desktop/III/STDLIB/../COMPILER/BOOT/gen_census.sh --check
[gen_census] read 16 facts from /c/Users/Edwin Boston/OneDrive/Desktop/III/COMPILER/BOOT/iii_census.def
[gen_census] check: /c/Users/Edwin Boston/OneDrive/Desktop/III/STDLIB/iii/katabasis/census.iii current
[gen_census] OK (16 facts, hash length 128)
[build_stdlib] bar-layout drift-check: /c/Users/Edwin Boston/OneDrive/Desktop/III/STDLIB/../COMPILER/BOOT/gen_bar_layout.sh --check
[gen_bar_layout] read 3 BAR windows from /c/Users/Edwin Boston/OneDrive/Desktop/III/COMPILER/BOOT/iii_bar_layout.def
[gen_bar_layout] check: /c/Users/Edwin Boston/OneDrive/Desktop/III/STDLIB/iii/katabasis/bar_layout.iii current
[gen_bar_layout] OK (3 BAR windows)
[build_stdlib] vmexit-set drift-check: /c/Users/Edwin Boston/OneDrive/Desktop/III/STDLIB/../COMPILER/BOOT/gen_vmexit.sh --check
[gen_vmexit] read 6 intercepted exits from /c/Users/Edwin Boston/OneDrive/Desktop/III/COMPILER/BOOT/iii_vmexit.def
[gen_vmexit] check: /c/Users/Edwin Boston/OneDrive/Desktop/III/STDLIB/iii/katabasis/vmexit.iii current
[gen_vmexit] OK (6 exits)
[build_stdlib] ring-lattice drift-check: /c/Users/Edwin Boston/OneDrive/Desktop/III/STDLIB/../COMPILER/BOOT/gen_ring_lattice.sh --check
[gen_ring_lattice] read 5 legal crossings from /c/Users/Edwin Boston/OneDrive/Desktop/III/COMPILER/BOOT/iii_ring_lattice.def
[gen_ring_lattice] check: /c/Users/Edwin Boston/OneDrive/Desktop/III/STDLIB/iii/katabasis/ring_lattice.iii current
[gen_ring_lattice] OK (5 crossings)
[build_stdlib] Forge closure meta-gate: /c/Users/Edwin Boston/OneDrive/Desktop/III/STDLIB/../COMPILER/BOOT/forge_check.sh
[forge_check] OK: 6 KATABASIS citizens drift-clean + full-spec-sealed; sub-closure root 35b5471d82378ac0e229947ef10fed9c88b7faf6768c499fd387411ee29203df recorded; no orphan generators.
[build_stdlib] trusted-base seal: /c/Users/Edwin Boston/OneDrive/Desktop/III/STDLIB/../COMPILER/BOOT/trusted_base_check.sh --check
[trusted_base_check] OK: TRUSTED_BASE_ROOT = f079dd81e42d12d014e25bef419317581114ea9887abc16e26b3d850ca3b2127
[build_stdlib] architectural invariant gate: native carto (iii/c) -> carto_gate
GATE PASS
[build_stdlib] OK   numera/scalar -> /c/Users/Edwin Boston/OneDrive/Desktop/III/STDLIB/build/iii/numera_scalar.iii.o
[build_stdlib] OK   numera/sha256 -> /c/Users/Edwin Boston/OneDrive/Desktop/III/STDLIB/build/iii/numera_sha256.iii.o
[build_stdlib] OK   numera/sha256_ni -> /c/Users/Edwin Boston/OneDrive/Desktop/III/STDLIB/build/iii/numera_sha256_ni.iii.o
[build_stdlib] OK   numera/hex -> /c/Users/Edwin Boston/OneDrive/Desktop/III/STDLIB/build/iii/numera_hex.iii.o
[build_stdlib] OK   memoria/tempaloc -> /c/Users/Edwin Boston/OneDrive/Desktop/III/STDLIB/build/iii/memoria_tempaloc.iii.o
[build_stdlib] OK   memoria/region -> /c/Users/Edwin Boston/OneDrive/Desktop/III/STDLIB/build/iii/memoria_region.iii.o
[build_stdlib] OK   memoria/span -> /c/Users/Edwin Boston/OneDrive/Desktop/III/STDLIB/build/iii/memoria_span.iii.o
[build_stdlib] OK   memoria/arena -> /c/Users/Edwin Boston/OneDrive/Desktop/III/STDLIB/build/iii/memoria_arena.iii.o
[build_stdlib] OK   verba/rune -> /c/Users/Edwin Boston/OneDrive/Desktop/III/STDLIB/build/iii/verba_rune.iii.o
[build_stdlib] OK   verba/string -> /c/Users/Edwin Boston/OneDrive/Desktop/III/STDLIB/build/iii/verba_string.iii.o
[build_stdlib] OK   verba/builder -> /c/Users/Edwin Boston/OneDrive/Desktop/III/STDLIB/build/iii/verba_builder.iii.o
[build_stdlib] OK   omnia/option -> /c/Users/Edwin Boston/OneDrive/Desktop/III/STDLIB/build/iii/omnia_option.iii.o
[build_stdlib] OK   omnia/result -> /c/Users/Edwin Boston/OneDrive/Desktop/III/STDLIB/build/iii/omnia_result.iii.o
[build_stdlib] OK   omnia/iter -> /c/Users/Edwin Boston/OneDrive/Desktop/III/STDLIB/build/iii/omnia_iter.iii.o
[build_stdlib] OK   omnia/vec -> /c/Users/Edwin Boston/OneDrive/Desktop/III/STDLIB/build/iii/omnia_vec.iii.o
[build_stdlib] OK   sanctus/mhash -> /c/Users/Edwin Boston/OneDrive/Desktop/III/STDLIB/build/iii/sanctus_mhash.iii.o
[build_stdlib] OK   sanctus/kchain -> /c/Users/Edwin Boston/OneDrive/Desktop/III/STDLIB/build/iii/sanctus_kchain.iii.o
[build_stdlib] OK   omnia/map -> /c/Users/Edwin Boston/OneDrive/Desktop/III/STDLIB/build/iii/omnia_map.iii.o
[build_stdlib] OK   omnia/set -> /c/Users/Edwin Boston/OneDrive/Desktop/III/STDLIB/build/iii/omnia_set.iii.o
[build_stdlib] OK   omnia/queue -> /c/Users/Edwin Boston/OneDrive/Desktop/III/STDLIB/build/iii/omnia_queue.iii.o
[build_stdlib] OK   omnia/pq -> /c/Users/Edwin Boston/OneDrive/Desktop/III/STDLIB/build/iii/omnia_pq.iii.o
[build_stdlib] OK   omnia/fold -> /c/Users/Edwin Boston/OneDrive/Desktop/III/STDLIB/build/iii/omnia_fold.iii.o
[build_stdlib] OK   omnia/zip -> /c/Users/Edwin Boston/OneDrive/Desktop/III/STDLIB/build/iii/omnia_zip.iii.o
[build_stdlib] OK   omnia/either -> /c/Users/Edwin Boston/OneDrive/Desktop/III/STDLIB/build/iii/omnia_either.iii.o
[build_stdlib] OK   numera/trit -> /c/Users/Edwin Boston/OneDrive/Desktop/III/STDLIB/build/iii/numera_trit.iii.o
[build_stdlib] OK   numera/uncertainty -> /c/Users/Edwin Boston/OneDrive/Desktop/III/STDLIB/build/iii/numera_uncertainty.iii.o
[build_stdlib] OK   omnia/hexad_algebra -> /c/Users/Edwin Boston/OneDrive/Desktop/III/STDLIB/build/iii/omnia_hexad_algebra.iii.o
[build_stdlib] OK   omnia/hexad_pfs -> /c/Users/Edwin Boston/OneDrive/Desktop/III/STDLIB/build/iii/omnia_hexad_pfs.iii.o
[build_stdlib] OK   omnia/hexad_reach -> /c/Users/Edwin Boston/OneDrive/Desktop/III/STDLIB/build/iii/omnia_hexad_reach.iii.o
[build_stdlib] OK   omnia/hexad_epistemic -> /c/Users/Edwin Boston/OneDrive/Desktop/III/STDLIB/build/iii/omnia_hexad_epistemic.iii.o
[build_stdlib] OK   omnia/hexad_mobius -> /c/Users/Edwin Boston/OneDrive/Desktop/III/STDLIB/build/iii/omnia_hexad_mobius.iii.o
[build_stdlib] OK   omnia/hexad_dynamic -> /c/Users/Edwin Boston/OneDrive/Desktop/III/STDLIB/build/iii/omnia_hexad_dynamic.iii.o
[build_stdlib] OK   numera/safety_type -> /c/Users/Edwin Boston/OneDrive/Desktop/III/STDLIB/build/iii/numera_safety_type.iii.o
[build_stdlib] OK   omnia/hexad -> /c/Users/Edwin Boston/OneDrive/Desktop/III/STDLIB/build/iii/omnia_hexad.iii.o
[build_stdlib] OK   omnia/spec_probe -> /c/Users/Edwin Boston/OneDrive/Desktop/III/STDLIB/build/iii/omnia_spec_probe.iii.o
[build_stdlib] OK   numera/checked -> /c/Users/Edwin Boston/OneDrive/Desktop/III/STDLIB/build/iii/numera_checked.iii.o
[build_stdlib] OK   numera/modular -> /c/Users/Edwin Boston/OneDrive/Desktop/III/STDLIB/build/iii/numera_modular.iii.o
[build_stdlib] OK   numera/fixed -> /c/Users/Edwin Boston/OneDrive/Desktop/III/STDLIB/build/iii/numera_fixed.iii.o
[build_stdlib] OK   numera/q128 -> /c/Users/Edwin Boston/OneDrive/Desktop/III/STDLIB/build/iii/numera_q128.iii.o
[build_stdlib] OK   verba/parse -> /c/Users/Edwin Boston/OneDrive/Desktop/III/STDLIB/build/iii/verba_parse.iii.o
[build_stdlib] OK   verba/markup -> /c/Users/Edwin Boston/OneDrive/Desktop/III/STDLIB/build/iii/verba_markup.iii.o
[build_stdlib] OK   numera/bigint -> /c/Users/Edwin Boston/OneDrive/Desktop/III/STDLIB/build/iii/numera_bigint.iii.o
[build_stdlib] OK   verba/format -> /c/Users/Edwin Boston/OneDrive/Desktop/III/STDLIB/build/iii/verba_format.iii.o
[build_stdlib] OK   verba/regex -> /c/Users/Edwin Boston/OneDrive/Desktop/III/STDLIB/build/iii/verba_regex.iii.o
[build_stdlib] OK   aether/capability -> /c/Users/Edwin Boston/OneDrive/Desktop/III/STDLIB/build/iii/aether_capability.iii.o
[build_stdlib] OK   aether/handle -> /c/Users/Edwin Boston/OneDrive/Desktop/III/STDLIB/build/iii/aether_handle.iii.o
[build_stdlib] OK   aether/fs -> /c/Users/Edwin Boston/OneDrive/Desktop/III/STDLIB/build/iii/aether_fs.iii.o
[build_stdlib] OK   tempora/instant -> /c/Users/Edwin Boston/OneDrive/Desktop/III/STDLIB/build/iii/tempora_instant.iii.o
[build_stdlib] OK   tempora/duration -> /c/Users/Edwin Boston/OneDrive/Desktop/III/STDLIB/build/iii/tempora_duration.iii.o
[build_stdlib] OK   tempora/deadline -> /c/Users/Edwin Boston/OneDrive/Desktop/III/STDLIB/build/iii/tempora_deadline.iii.o
[build_stdlib] OK   sanctus/witness -> /c/Users/Edwin Boston/OneDrive/Desktop/III/STDLIB/build/iii/sanctus_witness.iii.o
[build_stdlib] OK   sanctus/attest -> /c/Users/Edwin Boston/OneDrive/Desktop/III/STDLIB/build/iii/sanctus_attest.iii.o
[build_stdlib] OK   omnia/crystal -> /c/Users/Edwin Boston/OneDrive/Desktop/III/STDLIB/build/iii/omnia_crystal.iii.o
[build_stdlib] OK   sanctus/mandate -> /c/Users/Edwin Boston/OneDrive/Desktop/III/STDLIB/build/iii/sanctus_mandate.iii.o
[build_stdlib] OK   sanctus/closure -> /c/Users/Edwin Boston/OneDrive/Desktop/III/STDLIB/build/iii/sanctus_closure.iii.o
[build_stdlib] OK   sanctus/legacy_artifact -> /c/Users/Edwin Boston/OneDrive/Desktop/III/STDLIB/build/iii/sanctus_legacy_artifact.iii.o
[build_stdlib] OK   sanctus/sovereign_witness -> /c/Users/Edwin Boston/OneDrive/Desktop/III/STDLIB/build/iii/sanctus_sovereign_witness.iii.o
[build_stdlib] OK   numera/bigint_div -> /c/Users/Edwin Boston/OneDrive/Desktop/III/STDLIB/build/iii/numera_bigint_div.iii.o
[build_stdlib] OK   numera/field -> /c/Users/Edwin Boston/OneDrive/Desktop/III/STDLIB/build/iii/numera_field.iii.o
[build_stdlib] OK   verba/normalise_ascii -> /c/Users/Edwin Boston/OneDrive/Desktop/III/STDLIB/build/iii/verba_normalise_ascii.iii.o
[build_stdlib] OK   aether/net -> /c/Users/Edwin Boston/OneDrive/Desktop/III/STDLIB/build/iii/aether_net.iii.o
[build_stdlib] OK   verba/json -> /c/Users/Edwin Boston/OneDrive/Desktop/III/STDLIB/build/iii/verba_json.iii.o
[build_stdlib] OK   numera/sha512 -> /c/Users/Edwin Boston/OneDrive/Desktop/III/STDLIB/build/iii/numera_sha512.iii.o
[build_stdlib] OK   aether/http_client -> /c/Users/Edwin Boston/OneDrive/Desktop/III/STDLIB/build/iii/aether_http_client.iii.o
[build_stdlib] OK   numera/fe25519 -> /c/Users/Edwin Boston/OneDrive/Desktop/III/STDLIB/build/iii/numera_fe25519.iii.o
[build_stdlib] OK   numera/ed_scalar_modl -> /c/Users/Edwin Boston/OneDrive/Desktop/III/STDLIB/build/iii/numera_ed_scalar_modl.iii.o
[build_stdlib] OK   numera/crypt_ed25519 -> /c/Users/Edwin Boston/OneDrive/Desktop/III/STDLIB/build/iii/numera_crypt_ed25519.iii.o
[build_stdlib] OK   numera/founders_anchor -> /c/Users/Edwin Boston/OneDrive/Desktop/III/STDLIB/build/iii/numera_founders_anchor.iii.o
[build_stdlib] OK   numera/constants -> /c/Users/Edwin Boston/OneDrive/Desktop/III/STDLIB/build/iii/numera_constants.iii.o
[build_stdlib] OK   numera/aes -> /c/Users/Edwin Boston/OneDrive/Desktop/III/STDLIB/build/iii/numera_aes.iii.o
[build_stdlib] OK   numera/aes_gcm -> /c/Users/Edwin Boston/OneDrive/Desktop/III/STDLIB/build/iii/numera_aes_gcm.iii.o
[build_stdlib] OK   numera/aes_siv -> /c/Users/Edwin Boston/OneDrive/Desktop/III/STDLIB/build/iii/numera_aes_siv.iii.o
[build_stdlib] OK   aether/http_server -> /c/Users/Edwin Boston/OneDrive/Desktop/III/STDLIB/build/iii/aether_http_server.iii.o
[build_stdlib] OK   verba/uri -> /c/Users/Edwin Boston/OneDrive/Desktop/III/STDLIB/build/iii/verba_uri.iii.o
[build_stdlib] OK   numera/chacha20 -> /c/Users/Edwin Boston/OneDrive/Desktop/III/STDLIB/build/iii/numera_chacha20.iii.o
[build_stdlib] OK   numera/poly1305 -> /c/Users/Edwin Boston/OneDrive/Desktop/III/STDLIB/build/iii/numera_poly1305.iii.o
[build_stdlib] OK   numera/chacha20_poly1305 -> /c/Users/Edwin Boston/OneDrive/Desktop/III/STDLIB/build/iii/numera_chacha20_poly1305.iii.o
[build_stdlib] OK   numera/xchacha20_poly1305 -> /c/Users/Edwin Boston/OneDrive/Desktop/III/STDLIB/build/iii/numera_xchacha20_poly1305.iii.o
[build_stdlib] OK   numera/x25519 -> /c/Users/Edwin Boston/OneDrive/Desktop/III/STDLIB/build/iii/numera_x25519.iii.o
[build_stdlib] OK   verba/normalise -> /c/Users/Edwin Boston/OneDrive/Desktop/III/STDLIB/build/iii/verba_normalise.iii.o
[build_stdlib] OK   numera/hmac -> /c/Users/Edwin Boston/OneDrive/Desktop/III/STDLIB/build/iii/numera_hmac.iii.o
[build_stdlib] OK   numera/drbg -> /c/Users/Edwin Boston/OneDrive/Desktop/III/STDLIB/build/iii/numera_drbg.iii.o
[build_stdlib] OK   numera/fp256 -> /c/Users/Edwin Boston/OneDrive/Desktop/III/STDLIB/build/iii/numera_fp256.iii.o
[build_stdlib] OK   numera/fn256 -> /c/Users/Edwin Boston/OneDrive/Desktop/III/STDLIB/build/iii/numera_fn256.iii.o
[build_stdlib] OK   numera/ec256 -> /c/Users/Edwin Boston/OneDrive/Desktop/III/STDLIB/build/iii/numera_ec256.iii.o
[build_stdlib] OK   numera/ecdsa_p256 -> /c/Users/Edwin Boston/OneDrive/Desktop/III/STDLIB/build/iii/numera_ecdsa_p256.iii.o
[build_stdlib] OK   numera/fp384 -> /c/Users/Edwin Boston/OneDrive/Desktop/III/STDLIB/build/iii/numera_fp384.iii.o
[build_stdlib] OK   numera/fn384 -> /c/Users/Edwin Boston/OneDrive/Desktop/III/STDLIB/build/iii/numera_fn384.iii.o
[build_stdlib] OK   numera/ec384 -> /c/Users/Edwin Boston/OneDrive/Desktop/III/STDLIB/build/iii/numera_ec384.iii.o
[build_stdlib] OK   numera/ecdsa_p384 -> /c/Users/Edwin Boston/OneDrive/Desktop/III/STDLIB/build/iii/numera_ecdsa_p384.iii.o
[build_stdlib] OK   numera/rsa -> /c/Users/Edwin Boston/OneDrive/Desktop/III/STDLIB/build/iii/numera_rsa.iii.o
[build_stdlib] OK   numera/zk_field -> /c/Users/Edwin Boston/OneDrive/Desktop/III/STDLIB/build/iii/numera_zk_field.iii.o
[build_stdlib] OK   numera/zk_snark -> /c/Users/Edwin Boston/OneDrive/Desktop/III/STDLIB/build/iii/numera_zk_snark.iii.o
[build_stdlib] OK   numera/zk_stark -> /c/Users/Edwin Boston/OneDrive/Desktop/III/STDLIB/build/iii/numera_zk_stark.iii.o
[build_stdlib] OK   numera/zk_air -> /c/Users/Edwin Boston/OneDrive/Desktop/III/STDLIB/build/iii/numera_zk_air.iii.o
[build_stdlib] OK   numera/zk_prune -> /c/Users/Edwin Boston/OneDrive/Desktop/III/STDLIB/build/iii/numera_zk_prune.iii.o
[build_stdlib] OK   verba/base64 -> /c/Users/Edwin Boston/OneDrive/Desktop/III/STDLIB/build/iii/verba_base64.iii.o
[build_stdlib] OK   numera/hkdf -> /c/Users/Edwin Boston/OneDrive/Desktop/III/STDLIB/build/iii/numera_hkdf.iii.o
[build_stdlib] OK   numera/crc32 -> /c/Users/Edwin Boston/OneDrive/Desktop/III/STDLIB/build/iii/numera_crc32.iii.o
[build_stdlib] OK   numera/blake2s -> /c/Users/Edwin Boston/OneDrive/Desktop/III/STDLIB/build/iii/numera_blake2s.iii.o
[build_stdlib] OK   numera/xoshiro -> /c/Users/Edwin Boston/OneDrive/Desktop/III/STDLIB/build/iii/numera_xoshiro.iii.o
[build_stdlib] OK   numera/pbkdf2 -> /c/Users/Edwin Boston/OneDrive/Desktop/III/STDLIB/build/iii/numera_pbkdf2.iii.o
[build_stdlib] OK   verba/uuid -> /c/Users/Edwin Boston/OneDrive/Desktop/III/STDLIB/build/iii/verba_uuid.iii.o
[build_stdlib] OK   numera/murmur3 -> /c/Users/Edwin Boston/OneDrive/Desktop/III/STDLIB/build/iii/numera_murmur3.iii.o
[build_stdlib] OK   numera/ntt -> /c/Users/Edwin Boston/OneDrive/Desktop/III/STDLIB/build/iii/numera_ntt.iii.o
[build_stdlib] OK   numera/ntt_fri_organ -> /c/Users/Edwin Boston/OneDrive/Desktop/III/STDLIB/build/iii/numera_ntt_fri_organ.iii.o
[build_stdlib] OK   numera/zk_stark_seal -> /c/Users/Edwin Boston/OneDrive/Desktop/III/STDLIB/build/iii/numera_zk_stark_seal.iii.o
[build_stdlib] OK   numera/ntt_bigint -> /c/Users/Edwin Boston/OneDrive/Desktop/III/STDLIB/build/iii/numera_ntt_bigint.iii.o
[build_stdlib] OK   verba/csv -> /c/Users/Edwin Boston/OneDrive/Desktop/III/STDLIB/build/iii/verba_csv.iii.o
[build_stdlib] OK   verba/ini -> /c/Users/Edwin Boston/OneDrive/Desktop/III/STDLIB/build/iii/verba_ini.iii.o
[build_stdlib] OK   verba/leb128 -> /c/Users/Edwin Boston/OneDrive/Desktop/III/STDLIB/build/iii/verba_leb128.iii.o
[build_stdlib] OK   verba/base32 -> /c/Users/Edwin Boston/OneDrive/Desktop/III/STDLIB/build/iii/verba_base32.iii.o
[build_stdlib] OK   verba/ulid -> /c/Users/Edwin Boston/OneDrive/Desktop/III/STDLIB/build/iii/verba_ulid.iii.o
[build_stdlib] OK   tempora/calendar -> /c/Users/Edwin Boston/OneDrive/Desktop/III/STDLIB/build/iii/tempora_calendar.iii.o
[build_stdlib] OK   tempora/rfc3339 -> /c/Users/Edwin Boston/OneDrive/Desktop/III/STDLIB/build/iii/tempora_rfc3339.iii.o
[build_stdlib] OK   memoria/seal_organ -> /c/Users/Edwin Boston/OneDrive/Desktop/III/STDLIB/build/iii/memoria_seal_organ.iii.o
[build_stdlib] OK   verba/timing_safe -> /c/Users/Edwin Boston/OneDrive/Desktop/III/STDLIB/build/iii/verba_timing_safe.iii.o
[build_stdlib] OK   numera/endian -> /c/Users/Edwin Boston/OneDrive/Desktop/III/STDLIB/build/iii/numera_endian.iii.o
[build_stdlib] OK   verba/path -> /c/Users/Edwin Boston/OneDrive/Desktop/III/STDLIB/build/iii/verba_path.iii.o
[build_stdlib] OK   verba/html_escape -> /c/Users/Edwin Boston/OneDrive/Desktop/III/STDLIB/build/iii/verba_html_escape.iii.o
[build_stdlib] OK   omnia/crystal_deps -> /c/Users/Edwin Boston/OneDrive/Desktop/III/STDLIB/build/iii/omnia_crystal_deps.iii.o
[build_stdlib] OK   sanctus/quality -> /c/Users/Edwin Boston/OneDrive/Desktop/III/STDLIB/build/iii/sanctus_quality.iii.o
[build_stdlib] OK   omnia/ripple -> /c/Users/Edwin Boston/OneDrive/Desktop/III/STDLIB/build/iii/omnia_ripple.iii.o
[build_stdlib] OK   numera/bitops -> /c/Users/Edwin Boston/OneDrive/Desktop/III/STDLIB/build/iii/numera_bitops.iii.o
[build_stdlib] OK   aether/inet -> /c/Users/Edwin Boston/OneDrive/Desktop/III/STDLIB/build/iii/aether_inet.iii.o
[build_stdlib] OK   verba/semver -> /c/Users/Edwin Boston/OneDrive/Desktop/III/STDLIB/build/iii/verba_semver.iii.o
[build_stdlib] OK   omnia/proof_ripple -> /c/Users/Edwin Boston/OneDrive/Desktop/III/STDLIB/build/iii/omnia_proof_ripple.iii.o
[build_stdlib] OK   verba/glob -> /c/Users/Edwin Boston/OneDrive/Desktop/III/STDLIB/build/iii/verba_glob.iii.o
[build_stdlib] OK   omnia/list -> /c/Users/Edwin Boston/OneDrive/Desktop/III/STDLIB/build/iii/omnia_list.iii.o
[build_stdlib] OK   omnia/lru -> /c/Users/Edwin Boston/OneDrive/Desktop/III/STDLIB/build/iii/omnia_lru.iii.o
[build_stdlib] OK   omnia/dynamic_record -> /c/Users/Edwin Boston/OneDrive/Desktop/III/STDLIB/build/iii/omnia_dynamic_record.iii.o
[build_stdlib] OK   omnia/jit_swap -> /c/Users/Edwin Boston/OneDrive/Desktop/III/STDLIB/build/iii/omnia_jit_swap.iii.o
[build_stdlib] OK   omnia/layered_seal -> /c/Users/Edwin Boston/OneDrive/Desktop/III/STDLIB/build/iii/omnia_layered_seal.iii.o
[build_stdlib] OK   omnia/dynamic_impact -> /c/Users/Edwin Boston/OneDrive/Desktop/III/STDLIB/build/iii/omnia_dynamic_impact.iii.o
[build_stdlib] OK   numera/field_crystal -> /c/Users/Edwin Boston/OneDrive/Desktop/III/STDLIB/build/iii/numera_field_crystal.iii.o
[build_stdlib] OK   omnia/crystal_edges -> /c/Users/Edwin Boston/OneDrive/Desktop/III/STDLIB/build/iii/omnia_crystal_edges.iii.o
[build_stdlib] OK   numera/bigint_karatsuba -> /c/Users/Edwin Boston/OneDrive/Desktop/III/STDLIB/build/iii/numera_bigint_karatsuba.iii.o
[build_stdlib] OK   numera/q128_f64 -> /c/Users/Edwin Boston/OneDrive/Desktop/III/STDLIB/build/iii/numera_q128_f64.iii.o
[build_stdlib] OK   numera/checked_crystal -> /c/Users/Edwin Boston/OneDrive/Desktop/III/STDLIB/build/iii/numera_checked_crystal.iii.o
[build_stdlib] OK   numera/modular_mont -> /c/Users/Edwin Boston/OneDrive/Desktop/III/STDLIB/build/iii/numera_modular_mont.iii.o
[build_stdlib] OK   numera/fixed_extra -> /c/Users/Edwin Boston/OneDrive/Desktop/III/STDLIB/build/iii/numera_fixed_extra.iii.o
[build_stdlib] OK   numera/scalar_provenance -> /c/Users/Edwin Boston/OneDrive/Desktop/III/STDLIB/build/iii/numera_scalar_provenance.iii.o
[build_stdlib] OK   numera/cpufeat -> /c/Users/Edwin Boston/OneDrive/Desktop/III/STDLIB/build/iii/numera_cpufeat.iii.o
[build_stdlib] OK   numera/sha256_dispatch -> /c/Users/Edwin Boston/OneDrive/Desktop/III/STDLIB/build/iii/numera_sha256_dispatch.iii.o
[build_stdlib] OK   aether/tcp -> /c/Users/Edwin Boston/OneDrive/Desktop/III/STDLIB/build/iii/aether_tcp.iii.o
[build_stdlib] OK   aether/http -> /c/Users/Edwin Boston/OneDrive/Desktop/III/STDLIB/build/iii/aether_http.iii.o
[build_stdlib] OK   omnia/async -> /c/Users/Edwin Boston/OneDrive/Desktop/III/STDLIB/build/iii/omnia_async.iii.o
[build_stdlib] OK   numera/keccak -> /c/Users/Edwin Boston/OneDrive/Desktop/III/STDLIB/build/iii/numera_keccak.iii.o
[build_stdlib] OK   numera/keccak256 -> /c/Users/Edwin Boston/OneDrive/Desktop/III/STDLIB/build/iii/numera_keccak256.iii.o
[build_stdlib] OK   numera/identifier -> /c/Users/Edwin Boston/OneDrive/Desktop/III/STDLIB/build/iii/numera_identifier.iii.o
[build_stdlib] OK   numera/cad -> /c/Users/Edwin Boston/OneDrive/Desktop/III/STDLIB/build/iii/numera_cad.iii.o
[build_stdlib] OK   numera/h2_charter -> /c/Users/Edwin Boston/OneDrive/Desktop/III/STDLIB/build/iii/numera_h2_charter.iii.o
[build_stdlib] OK   numera/h1_charter -> /c/Users/Edwin Boston/OneDrive/Desktop/III/STDLIB/build/iii/numera_h1_charter.iii.o
[build_stdlib] OK   numera/h3_charter -> /c/Users/Edwin Boston/OneDrive/Desktop/III/STDLIB/build/iii/numera_h3_charter.iii.o
[build_stdlib] OK   numera/h8_charter -> /c/Users/Edwin Boston/OneDrive/Desktop/III/STDLIB/build/iii/numera_h8_charter.iii.o
[build_stdlib] OK   numera/h10_charter -> /c/Users/Edwin Boston/OneDrive/Desktop/III/STDLIB/build/iii/numera_h10_charter.iii.o
[build_stdlib] OK   numera/h6_charter -> /c/Users/Edwin Boston/OneDrive/Desktop/III/STDLIB/build/iii/numera_h6_charter.iii.o
[build_stdlib] OK   numera/h9_charter -> /c/Users/Edwin Boston/OneDrive/Desktop/III/STDLIB/build/iii/numera_h9_charter.iii.o
[build_stdlib] OK   numera/h11_charter -> /c/Users/Edwin Boston/OneDrive/Desktop/III/STDLIB/build/iii/numera_h11_charter.iii.o
[build_stdlib] OK   numera/h4_charter -> /c/Users/Edwin Boston/OneDrive/Desktop/III/STDLIB/build/iii/numera_h4_charter.iii.o
[build_stdlib] OK   numera/h5_charter -> /c/Users/Edwin Boston/OneDrive/Desktop/III/STDLIB/build/iii/numera_h5_charter.iii.o
[build_stdlib] OK   numera/h7_charter -> /c/Users/Edwin Boston/OneDrive/Desktop/III/STDLIB/build/iii/numera_h7_charter.iii.o
[build_stdlib] OK   numera/h12_charter -> /c/Users/Edwin Boston/OneDrive/Desktop/III/STDLIB/build/iii/numera_h12_charter.iii.o
[build_stdlib] OK   numera/h13_charter -> /c/Users/Edwin Boston/OneDrive/Desktop/III/STDLIB/build/iii/numera_h13_charter.iii.o
[build_stdlib] OK   numera/charter_terminal -> /c/Users/Edwin Boston/OneDrive/Desktop/III/STDLIB/build/iii/numera_charter_terminal.iii.o
[build_stdlib] OK   numera/algebraic_time -> /c/Users/Edwin Boston/OneDrive/Desktop/III/STDLIB/build/iii/numera_algebraic_time.iii.o
[build_stdlib] OK   aether/witness_hook -> /c/Users/Edwin Boston/OneDrive/Desktop/III/STDLIB/build/iii/aether_witness_hook.iii.o
[build_stdlib] OK   sanctus/observe -> /c/Users/Edwin Boston/OneDrive/Desktop/III/STDLIB/build/iii/sanctus_observe.iii.o
[build_stdlib] OK   sanctus/onelang -> /c/Users/Edwin Boston/OneDrive/Desktop/III/STDLIB/build/iii/sanctus_onelang.iii.o
[build_stdlib] OK   aether/hotstuff -> /c/Users/Edwin Boston/OneDrive/Desktop/III/STDLIB/build/iii/aether_hotstuff.iii.o
[build_stdlib] OK   aether/hotstuff_predict -> /c/Users/Edwin Boston/OneDrive/Desktop/III/STDLIB/build/iii/aether_hotstuff_predict.iii.o
[build_stdlib] OK   aether/hotstuff_unified -> /c/Users/Edwin Boston/OneDrive/Desktop/III/STDLIB/build/iii/aether_hotstuff_unified.iii.o
[build_stdlib] OK   aether/hotstuff_predict_opt -> /c/Users/Edwin Boston/OneDrive/Desktop/III/STDLIB/build/iii/aether_hotstuff_predict_opt.iii.o
[build_stdlib] OK   aether/hotstuff_heal -> /c/Users/Edwin Boston/OneDrive/Desktop/III/STDLIB/build/iii/aether_hotstuff_heal.iii.o
[build_stdlib] OK   numera/sha3_256 -> /c/Users/Edwin Boston/OneDrive/Desktop/III/STDLIB/build/iii/numera_sha3_256.iii.o
[build_stdlib] OK   numera/sha3_512 -> /c/Users/Edwin Boston/OneDrive/Desktop/III/STDLIB/build/iii/numera_sha3_512.iii.o
[build_stdlib] OK   numera/shake128 -> /c/Users/Edwin Boston/OneDrive/Desktop/III/STDLIB/build/iii/numera_shake128.iii.o
[build_stdlib] OK   numera/shake256 -> /c/Users/Edwin Boston/OneDrive/Desktop/III/STDLIB/build/iii/numera_shake256.iii.o
[build_stdlib] OK   numera/pq_params -> /c/Users/Edwin Boston/OneDrive/Desktop/III/STDLIB/build/iii/numera_pq_params.iii.o
[build_stdlib] OK   numera/ntt_ctx -> /c/Users/Edwin Boston/OneDrive/Desktop/III/STDLIB/build/iii/numera_ntt_ctx.iii.o
[build_stdlib] OK   numera/keccak_sponge -> /c/Users/Edwin Boston/OneDrive/Desktop/III/STDLIB/build/iii/numera_keccak_sponge.iii.o
[build_stdlib] OK   numera/mldsa -> /c/Users/Edwin Boston/OneDrive/Desktop/III/STDLIB/build/iii/numera_mldsa.iii.o
[build_stdlib] OK   numera/mlkem -> /c/Users/Edwin Boston/OneDrive/Desktop/III/STDLIB/build/iii/numera_mlkem.iii.o
[build_stdlib] OK   numera/slhdsa -> /c/Users/Edwin Boston/OneDrive/Desktop/III/STDLIB/build/iii/numera_slhdsa.iii.o
[build_stdlib] OK   numera/pq_dispatch -> /c/Users/Edwin Boston/OneDrive/Desktop/III/STDLIB/build/iii/numera_pq_dispatch.iii.o
[build_stdlib] OK   sanctus/mandate_m22 -> /c/Users/Edwin Boston/OneDrive/Desktop/III/STDLIB/build/iii/sanctus_mandate_m22.iii.o
[build_stdlib] OK   sanctus/quality_q7 -> /c/Users/Edwin Boston/OneDrive/Desktop/III/STDLIB/build/iii/sanctus_quality_q7.iii.o
rm: cannot remove '/c/Users/Edwin Boston/OneDrive/Desktop/III/STDLIB/build/iii/sanctus_seal_resolver.iii.o': Device or resource busy
BUILD_EXIT=1
### RUN_ALL_CORPORA Sun, Jun  7, 2026 12:02:53 AM ###

============================================================
  STDLIB Conformance Corpus (254 correctness tests; XII + perf benchmarks delegated)
============================================================
[run_corpus] iiis = /c/Users/Edwin Boston/OneDrive/Desktop/III/COMPILED/iiis-2.exe
/c/Users/Edwin Boston/OneDrive/Desktop/III/STDLIB/scripts/run_corpus.sh: line 1132: syntax error near unexpected token `('
/c/Users/Edwin Boston/OneDrive/Desktop/III/STDLIB/scripts/run_corpus.sh: line 1132: `echo "  (SKIP = XII corpus 280..372 [run_xii_corpus.sh] + perf"'
[run_all_corpora] STDLIB corpus failed (rc=2)

============================================================
  STDLIB Performance Benchmark Corpus (4 benchmarks; timing advisory)
============================================================
[run_bench_corpus] iiis = /c/Users/Edwin Boston/OneDrive/Desktop/III/COMPILED/iiis-2.exe
============================================================
 STDLIB Performance Benchmark Corpus (237/242/243/244 + 990/991/992)
============================================================
  PASS  237_insel_cycle_bench : within budget on this host (exit 99)
  PASS  242_bench_resolver : within budget on this host (exit 99)
  PASS  243_bench_sealed_channel : within budget on this host (exit 99)
  PASS  244_bench_hip_idoc : within budget on this host (exit 99)
  PASS  990_bench_knuth_div : within budget on this host (exit 99)
  PASS  991_bench_montgomery_modpow : within budget on this host (exit 99)
  PASS  992_bench_fe25519_mul : within budget on this host (exit 99)
------------------------------------------------------------
  PASS=7  ADVISORY=0  CORRECTNESS-FAIL=0
  (PASS = within host budget; ADVISORY = host slower than the
   3.6 GHz reference -- substrate correct, NOT a defect;
   CORRECTNESS-FAIL = functional regression -- hard error)
============================================================
[run_all_corpora] Bench corpus PASS (correctness; timing advisories may print)

============================================================
  Stage-1 Verification Corpus (57 tests)
============================================================
==========================================================
 Stage-1 Verification Corpus Results
==========================================================
  PASS  01_return_const : exit=7
  PASS  02_arithmetic : exit=8
  PASS  03_let_local : exit=32
  PASS  04_call_other : exit=42
  PASS  05_param : exit=42
  PASS  06_bitwise : exit=250
  PASS  07_compare : exit=1
  PASS  08_match : exit=42
  PASS  09_unary : exit=0
  PASS  10_extern : exit=0
  PASS  11_assign : exit=42
  PASS  12_const_decl : exit=42
  PASS  13_for_loop : exit=10
  PASS  14_modifier_cycle : exit=42
  PASS  15_string_literal : exit=71
  PASS  16_if_else : exit=42
  PASS  17_while : exit=55
  PASS  18_else_if : exit=2
  PASS  19_cast : exit=255
  PASS  20_sizeof : exit=4
  PASS  21_pointer : exit=42
  PASS  22_array_via_ptr : exit=99
  PASS  23_struct_decl : exit=0
  PASS  24_var_global : exit=42
  PASS  25_array_init : exit=5
  PASS  26_fnptr : exit=42
  PASS  27_string_index : exit=67
  PASS  28_extern_msvc : exit=0
  PASS  29_struct_instance : exit=42
  PASS  30_byte_index : exit=42
  PASS  31_sat_arith : exit=1
  PASS  32_intent_seal : exit=1
  PASS  33_unify_basic : exit=1
  PASS  34_unify_occurs : exit=0
  PASS  35_unify_arity : exit=0
  PASS  36_unify_depth : exit=1
  PASS  37_pattern_register_after_seal : exit=0
  PASS  38_score_table : exit=1
  PASS  39_resolve_simple : exit=1
  PASS  40_resolve_tiebreak : exit=1
  PASS  41_resolve_ambiguous : exit=1
  PASS  42_resolve_nomatch : exit=2
  PASS  43_resolve_no_recompute_observable : exit=1
  PASS  44_metapattern_set : exit=16
  PASS  45_replay_witness : exit=1
  PASS  46_q7_gate_pos : exit=1
  PASS  47_q7_gate_neg : exit=0
  PASS  48_m22_audit : exit=1
  PASS  49_proof_ripple_pattern : exit=1
  PASS  50_sid_inverse : exit=1
  PASS  51_resolve_syntax : exit=42
  PASS  52_call_via_resolver : exit=42
  PASS  53_resolve_no_self_recursion : exit=1
  PASS  54_transform_iii_to_asm : exit=1
  PASS  55_intent_form_runtime : exit=1
  PASS  56_transform_form_runtime : exit=1
  PASS  57_pattern_form_runtime : exit=1
----------------------------------------------------------
  PASS=57  FAIL=0  ASM-ONLY=0  TOTAL=57
==========================================================
[run_all_corpora] Stage-1 corpus PASS

============================================================
  Overall: TOTAL FAILED TESTS = 2
============================================================
CORPUS_EXIT=2
### DONE Sun, Jun  7, 2026 12:32:43 AM ###
