### FULLCORPUS(harmony 17-28) Tue, Jun  9, 2026  6:16:36 PM ###
[run_corpus] iiis = COMPILED/iiis-2.exe
============================================================
 STDLIB Conformance Corpus
============================================================
  PASS  01_scalar_u32_add_wrap : exit=42
  PASS  02_sha256_kat_abc : exit=186
  PASS  03_region_create_alloc_release : exit=99
  PASS  04_span_load_store : exit=66
  PASS  05_arena_alloc_used : exit=99
  PASS  06_rune_ascii_lower : exit=104
  PASS  07_string_byte_eq : exit=99
  PASS  08_builder_push_seal : exit=99
  PASS  09_option_u32_unwrap : exit=99
  PASS  10_result_u32_ok_err : exit=99
  PASS  11_iter_u8_count : exit=99
  PASS  12_vec_u8_push_at : exit=99
  PASS  13_mhash_domain_separation : exit=99
  PASS  14_kchain_compose_underflow : exit=99
  PASS  15_sha256_kat_empty : exit=227
  PASS  16_hex_encode_roundtrip : exit=99
  PASS  17_string_starts_with : exit=99
  PASS  18_rune_utf8_encode_round : exit=233
  PASS  19_vec_u8_max_bound : exit=99
  PASS  20_iter_u8_skip : exit=99
  PASS  21_map_put_get_grow_integrity : exit=99
  PASS  22_set_insert_contains_remove : exit=99
  PASS  23_queue_fifo_order : exit=99
  PASS  24_pq_min_order : exit=99
  PASS  25_fold_sum_xor_max : exit=99
  PASS  26_zip_count : exit=99
  PASS  27_either_left_right_swap : exit=99
  PASS  28_checked_overflow : exit=99
  PASS  29_modular_pow : exit=99
  PASS  30_fixed_q32_arithmetic : exit=99
  PASS  31_q128_add_shift : exit=99
  PASS  32_parse_decimal : exit=99
  PASS  33_bigint_mul_add : exit=99
  PASS  34_format_decimal_hex : exit=99
  PASS  35_regex_basic : exit=99
  PASS  36_capability_attenuate_revoke : exit=99
  PASS  37_handle_open_close : exit=99
  PASS  38_fs_write_read_roundtrip : exit=99
  PASS  39_instant_now_seal_verify : exit=99
  PASS  40_duration_arithmetic : exit=99
  PASS  41_deadline_check : exit=99
  PASS  42_witness_chain_verify : exit=99
  PASS  43_attest_self_nonce : exit=99
  PASS  44_crystal_mint_verify : exit=99
  PASS  45_mandate_audit_full : exit=99
  PASS  46_closure_set_verify : exit=99
  PASS  47_bigint_div_u64 : exit=99
  PASS  48_bigint_div_qr : exit=99
  PASS  49_field_fp_arithmetic : exit=99
  PASS  50_normalise_ascii : exit=99
  PASS  51_net_pack_sockaddr : exit=99
  PASS  52_json_parse_primitives : exit=99
  PASS  53_json_parse_compound : exit=99
  PASS  54_json_roundtrip : exit=99
  PASS  55_sha512_kat_abc : exit=221
  PASS  56_sha512_kat_empty : exit=207
  PASS  57_http_parse_content_length : exit=99
  PASS  58_http_parse_chunked : exit=99
  PASS  59_ed25519_rfc8032_test1 : exit=99
  PASS  60_aes128_fips197_kat : exit=105
  PASS  61_aes128_decrypt_roundtrip : exit=99
  PASS  62_aes_gcm_nist_test2_seal : exit=99
  PASS  63_aes_gcm_open_roundtrip : exit=99
  PASS  64_http_parse_request : exit=99
  PASS  65_http_send_response : exit=99
  PASS  66_uri_parse : exit=99
  PASS  67_uri_pct_encode_decode : exit=99
  PASS  68_aes256_fips197_kat : exit=142
  PASS  69_aes256_gcm_nist_test14 : exit=99
  PASS  70_chacha20_block_kat : exit=16
  PASS  71_poly1305_rfc8439_kat : exit=168
  PASS  72_chacha20_poly1305_aead_rfc8439 : exit=99
  PASS  73_x25519_rfc7748_test1 : exit=195
  PASS  74_ed25519_rfc8032_test2 : exit=99
  PASS  75_ed25519_rfc8032_test3 : exit=99
  PASS  76_bigint_normalize : exit=99
  PASS  77_arena_reset : exit=99
  PASS  78_normalise_nfd_nfc : exit=99
  PASS  79_hmac_sha256_rfc4231 : exit=176
  PASS  80_base64_round_trip : exit=99
  PASS  81_hkdf_sha256_rfc5869 : exit=60
  PASS  82_crc32_kat : exit=203
  PASS  83_blake2s_kat : exit=80
  PASS  84_xoshiro_determinism : exit=99
  PASS  85_ini_parse : exit=99
  PASS  86_pbkdf2_sha256_rfc7914 : exit=85
  PASS  87_uuid_v4_format : exit=99
  PASS  88_murmur3_kat : exit=186
  PASS  89_leb128 : exit=99
  PASS  90_gcm_ghash_pclmul_bitident : exit=88
  PASS  91_csv_parse : exit=99
  PASS  92_base32_kat : exit=99
  PASS  93_ulid_format : exit=99
  PASS  94_calendar_round_trip : exit=99
  PASS  95_rfc3339 : exit=99
  PASS  96_timing_safe_eq : exit=99
  PASS  97_endian : exit=99
  PASS  98_path : exit=99
  PASS  99_html_escape : exit=99
  PASS  100_quality_gate_aggregate : exit=99
  PASS  101_sid_direct_graph : exit=99
  PASS  102_sid_transitive_closure : exit=99
  PASS  103_sid_visualize_utf8 : exit=99
  PASS  104_modifier_crystal : exit=42
  PASS  105_crystal_edges_baseline : exit=99
  PASS  106_modifier_dynamic : exit=1
  PASS  107_modifier_sealed : exit=7
  PASS  108_modifier_linear : exit=42
  PASS  109_modifier_bounded : exit=42
  PASS  110_modifier_variant : exit=42
  PASS  111_modifier_k : exit=42
  PASS  112_modifier_provenance : exit=42
  PASS  113_modifier_constant_time : exit=99
  PASS  114_modifier_side_channel_resistant : exit=42
  PASS  115_modifier_dynamic_impact : exit=42
  PASS  116_modifier_provenance_linked_error : exit=42
  PASS  117_modifier_arena_reset_safe : exit=42
  PASS  118_modifier_crystal_self_attest : exit=42
  PASS  119_ripple_analyze_baseline : exit=99
  PASS  120_ripple_execute_strict : exit=99
  PASS  121_arena_region_reset_safe : exit=99
  PASS  122_stress_arena_1k_resets : exit=99
  PASS  123_consumer_hello_arena : exit=99
  PASS  124_proof_ripple_witness : exit=99
  PASS  125_bitops : exit=99
  PASS  126_inet_ipv4 : exit=99
  PASS  127_semver : exit=99
  PASS  128_glob : exit=99
  PASS  128_self_host_ripple : exit=99
  PASS  129_list : exit=99
  PASS  130_lru : exit=99
  PASS  131_field_inv_crystal : exit=99
  PASS  132_lru_debug_isolate : exit=99
  PASS  133_arena_only : exit=99
  PASS  134_lru_new_only : exit=99
  PASS  135_lru_capacity : exit=99
  PASS  136_lru_put_one : exit=99
  PASS  137_lru_put_three : exit=99
  PASS  138_lru_put_evict : exit=99
  PASS  139_lru_just_evict : exit=99
  PASS  140_modifier_strict_length : exit=42
  PASS  141_http_isolate : exit=99
  PASS  142_http_header_find : exit=99
  PASS  143_bigint_karatsuba : exit=99
  PASS  144_q128_to_f64 : exit=99
  PASS  145_checked_crystal : exit=99
  PASS  146_modular_mont : exit=99
  PASS  147_fixed_extra : exit=99
  PASS  148_scalar_provenance : exit=99
  PASS  149_cpufeat_dispatch : exit=99
  PASS  150_cpufeat_only : exit=99
  PASS  151_sha256_dispatch_kat : exit=99
  PASS  152_dispatch_only : exit=99
  PASS  153_crystal_http_header : exit=99
  PASS  154_async_runtime_basic : exit=99
  PASS  155_sha3_256_kat_abc : exit=99
  PASS  156_sha3_512_kat_abc : exit=99
  PASS  157_shake128_kat_empty : exit=99
  PASS  158_shake256_kat_empty : exit=99
  PASS  159_fed_tier_basic : exit=99
  PASS  160_fed_sybil_pow : exit=99
  PASS  161_fed_eclipse_basic : exit=99
  PASS  162_sha3_diag : exit=183
  PASS  163_fed_admit_gates : exit=99
  PASS  164_fed_genesis_descent : exit=99
  PASS  165_fed_seal_anchor : exit=99
  PASS  166_sandbox_lifecycle : exit=99
  PASS  167_merkle_basic : exit=99
  PASS  168_keccak_zero : exit=231
  PASS  169_sha3_256_empty : exit=167
  PASS  170_obs_log_basic : exit=99
  PASS  171_obs_metric_kinds : exit=99
  PASS  172_obs_trace_tree : exit=99
  PASS  173_obs_observatory_collapse : exit=99
  PASS  174_catalyst_gates : exit=99
  PASS  175_genesis_distance : exit=99
  PASS  176_promote_demote_lifecycle : exit=99
  PASS  177_glyph_v3_roundtrip : exit=99
  PASS  178_glyph_v3_remainder : exit=99
  PASS  179_dynamic_ripple_stub : exit=99
  PASS  180_poly1305_scalar_avx512_bitident : exit=88
  PASS  181_keccak_chi_scalar_avx512_bitident : exit=88
  PASS  182_bigint_mul_scalar_avx512_bitident : exit=88
  PASS  183_x25519_ed25519_field_bigint_bitident : exit=88
  PASS  184_sha256_sched_scalar_avx512_bitident : exit=88
  PASS  185_sha512_sched_scalar_avx512_bitident : exit=88
  PASS  186_signed_i64_ordering : exit=99
  PASS  187_u32_pointer_store_width : exit=99
  PASS  188_multiline_fn_decl : exit=99
  PASS  189_emdash_block_comment : exit=99
  PASS  190_nested_block_comment : exit=99
  PASS  191_local_var_array : exit=99
  PASS  192_module_const_local : exit=99
  PASS  193_ed25519_sign_rfc8032_test1 : exit=99
  PASS  194_ed25519_verify_tamper : exit=99
  PASS  195_ed25519_sign_rfc8032_test2 : exit=99
  PASS  196_ed25519_sign_rfc8032_test3 : exit=99
  PASS  197_ed25519_sign_long_message : exit=99
  PASS  198_mldsa_roundtrip : exit=99
  PASS  199_mlkem_roundtrip : exit=99
  PASS  200_calculus_18_primitives : exit=99
  PASS  200_slhdsa_roundtrip : exit=99
  PASS  201_lazy_crystal_levels : exit=99
  PASS  201_pq_dispatch : exit=99
  PASS  202_aes192_kat : exit=99
  PASS  202_memo_determinism : exit=99
  PASS  203_hmac_sha512_rfc4231 : exit=99
  PASS  203_jit_fuse_amortized : exit=99
  PASS  204_drbg_sp80090a : exit=99
  PASS  204_prespec_hw_offload : exit=99
  PASS  205_drbg_hw_entropy : exit=99
  PASS  205_governance_full_loop : exit=99
  PASS  206_observe_and_propose : exit=99
  PASS  206_xchacha20_poly1305 : exit=99
  PASS  207_aes_siv_rfc5297 : exit=99
  PASS  207_babel_wire_roundtrip : exit=99
  PASS  208_cap_handshake : exit=99
  PASS  208_ecdsa_p256 : exit=99
  PASS  209_ecdsa_p384 : exit=99
  PASS  209_idoc_roundtrip : exit=99
  PASS  210_sealed_channel_handshake : exit=99
  PASS  211_hip_resolve : exit=99
  PASS  212_hip_verb_coverage : exit=99
  PASS  213_reflect_introspection : exit=99
  PASS  214_hip_intent_validation : exit=99
  PASS  215_sealed_channel_session_id : exit=99
  PASS  216_proof_ripple_equiv : exit=99
  PASS  217_e2e_hip_idoc : exit=99
  PASS  218_prespec_compositions : exit=99
  PASS  219_witness_chain : exit=99
  PASS  220_hip_concurrency : exit=99
  PASS  221_hip_punctuation : exit=99
  PASS  222_babel_wire_tamper : exit=99
  PASS  223_mini_crystal_lifecycle : exit=99
  PASS  224_hip_interrogative : exit=99
  PASS  225_sealed_channel_multimsg : exit=99
  PASS  226_intent_composition : exit=99
  PASS  227_calculus_metadata : exit=99
  PASS  228_idoc_multi_consumer : exit=99
  PASS  229_governance_no_autoproposal : exit=99
  PASS  230_memo_content_addressing : exit=99
  PASS  231_calculus_idempotence : exit=99
  PASS  232_pe_static_zero_overhead : exit=99
  PASS  233_resolver_unit_dispatch : exit=99
  PASS  234_compositions_ssot_drift : exit=99
  PASS  235_resolver_unit_avx2_parity : exit=99
  PASS  236_idsg_abstract_reflect : exit=99
  SKIP  237_insel_cycle_bench : perf benchmark -- owned by run_bench_corpus.sh
  PASS  238_resolver_unit_avx512_parity : exit=99
  PASS  239_fed_multi_node_mesh : exit=99
  PASS  240_fed_e2e_admit_ceremony : exit=99
  PASS  241_hip2_complex_sentences : exit=99
  SKIP  242_bench_resolver : perf benchmark -- owned by run_bench_corpus.sh
  SKIP  243_bench_sealed_channel : perf benchmark -- owned by run_bench_corpus.sh
  SKIP  244_bench_hip_idoc : perf benchmark -- owned by run_bench_corpus.sh
  PASS  245_self_reformatter : exit=99
  PASS  246_ai_resolve : exit=99
  PASS  247_first_domain_pattern_set : exit=99
  PASS  248_signed_compare : exit=99
  PASS  249_u32_indexed_access : exit=99
  PASS  250_multiline_fn : exit=99
  PASS  251_newline_else : exit=99
  PASS  252_nested_comments : exit=99
  PASS  253_hex_underscores : exit=99
  PASS  254_mut_param : exit=99
  PASS  255_let_discard : exit=99
  PASS  256_local_arrays : exit=99
  PASS  257_iiis1_fn_annotations : exit=99
  PASS  258_iiis1_param_annotations : exit=99
  PASS  259_cap_required : exit=99
  PASS  260_k_max : exit=99
  PASS  261_hexad_kind : exit=99
  PASS  262_cap_flow_static : exit=99
  PASS  262_neg_cap_flow : negative-compile correctly rejected (rc=14)
  PASS  263_intent_kind_static : exit=99
  PASS  263_neg_intent_kind : negative-compile correctly rejected (rc=14)
  PASS  264_k_floor_static : exit=99
  PASS  264_neg_k_floor : negative-compile correctly rejected (rc=14)
  PASS  265_neg_return_kind : negative-compile correctly rejected (rc=14)
  PASS  265_return_kind_static : exit=99
  PASS  266_all_rules_combined : exit=99
  PASS  267_call_arg_cross_check : exit=99
  PASS  267_neg_call_arg : negative-compile correctly rejected (rc=14)
  PASS  268_iiis2_loop_break_continue : exit=99
  PASS  269_iiis2_type_alias : exit=99
  PASS  269_neg_type_alias : negative-compile correctly rejected (rc=14)
  PASS  270_substrate_integration : exit=99
  PASS  271_nested_call_chain : exit=99
  PASS  272_cross_fn_pe : exit=99
  PASS  273_cross_fn_dynamic_intent : exit=88
  PASS  274_type_alias_multihop : exit=99
  PASS  275_neg_type_alias_multihop : negative-compile correctly rejected (rc=14)
  PASS  276_let_mut_checkpoint_flag : exit=99
  PASS  277_arg5_param_spill : exit=99
  PASS  278_addr_of_index_paren : exit=99
  PASS  279_addr_of_index_bare : exit=99
  SKIP  280_xii_K01_form : XII corpus -- owned by run_xii_corpus.sh
  SKIP  281_xii_K02_bind : XII corpus -- owned by run_xii_corpus.sh
  SKIP  282_xii_K03_convey : XII corpus -- owned by run_xii_corpus.sh
  SKIP  283_xii_K04_mean : XII corpus -- owned by run_xii_corpus.sh
  SKIP  284_xii_K05_act : XII corpus -- owned by run_xii_corpus.sh
  SKIP  285_xii_K06_compose : XII corpus -- owned by run_xii_corpus.sh
  SKIP  286_xii_K07_seal : XII corpus -- owned by run_xii_corpus.sh
  SKIP  287_xii_K08_prove : XII corpus -- owned by run_xii_corpus.sh
  SKIP  288_xii_K09_query : XII corpus -- owned by run_xii_corpus.sh
  SKIP  289_xii_K10_grant : XII corpus -- owned by run_xii_corpus.sh
  SKIP  290_xii_K11_govern : XII corpus -- owned by run_xii_corpus.sh
  SKIP  291_xii_K12_then : XII corpus -- owned by run_xii_corpus.sh
  SKIP  292_xii_K13_with : XII corpus -- owned by run_xii_corpus.sh
  SKIP  293_xii_K14_under : XII corpus -- owned by run_xii_corpus.sh
  SKIP  294_xii_K15_if : XII corpus -- owned by run_xii_corpus.sh
  SKIP  295_xii_K16_loop : XII corpus -- owned by run_xii_corpus.sh
  SKIP  296_xii_K17_lift : XII corpus -- owned by run_xii_corpus.sh
  SKIP  297_xii_K18_reflect : XII corpus -- owned by run_xii_corpus.sh
  SKIP  298_xii_FCOMPOSE : XII corpus -- owned by run_xii_corpus.sh
  SKIP  299_bit_identity_probe : XII corpus -- owned by run_xii_corpus.sh
  SKIP  299_xii_FTHEN : XII corpus -- owned by run_xii_corpus.sh
  SKIP  300_xii_FWITH : XII corpus -- owned by run_xii_corpus.sh
  SKIP  301_xii_FUNDER : XII corpus -- owned by run_xii_corpus.sh
  SKIP  302_xii_FIF : XII corpus -- owned by run_xii_corpus.sh
  SKIP  303_xii_FLOOP : XII corpus -- owned by run_xii_corpus.sh
  SKIP  304_xii_R001 : XII corpus -- owned by run_xii_corpus.sh
  SKIP  305_xii_R002 : XII corpus -- owned by run_xii_corpus.sh
  SKIP  306_xii_R003 : XII corpus -- owned by run_xii_corpus.sh
  SKIP  307_xii_R004 : XII corpus -- owned by run_xii_corpus.sh
  SKIP  308_xii_R005 : XII corpus -- owned by run_xii_corpus.sh
  SKIP  309_xii_R013 : XII corpus -- owned by run_xii_corpus.sh
  SKIP  310_xii_R014 : XII corpus -- owned by run_xii_corpus.sh
  SKIP  311_xii_R016 : XII corpus -- owned by run_xii_corpus.sh
  SKIP  312_xii_R017 : XII corpus -- owned by run_xii_corpus.sh
  SKIP  313_xii_R018 : XII corpus -- owned by run_xii_corpus.sh
  SKIP  314_xii_R019 : XII corpus -- owned by run_xii_corpus.sh
  SKIP  315_xii_R020 : XII corpus -- owned by run_xii_corpus.sh
  SKIP  316_xii_R023 : XII corpus -- owned by run_xii_corpus.sh
  SKIP  317_xii_R024 : XII corpus -- owned by run_xii_corpus.sh
  SKIP  318_xii_R025 : XII corpus -- owned by run_xii_corpus.sh
  SKIP  319_xii_R026 : XII corpus -- owned by run_xii_corpus.sh
  SKIP  320_xii_R027 : XII corpus -- owned by run_xii_corpus.sh
  SKIP  321_xii_R030 : XII corpus -- owned by run_xii_corpus.sh
  SKIP  322_xii_R031 : XII corpus -- owned by run_xii_corpus.sh
  SKIP  323_xii_R032 : XII corpus -- owned by run_xii_corpus.sh
  SKIP  324_xii_R006 : XII corpus -- owned by run_xii_corpus.sh
  SKIP  325_xii_R007 : XII corpus -- owned by run_xii_corpus.sh
  SKIP  326_xii_R008 : XII corpus -- owned by run_xii_corpus.sh
  SKIP  327_xii_R009 : XII corpus -- owned by run_xii_corpus.sh
  SKIP  328_xii_R010 : XII corpus -- owned by run_xii_corpus.sh
  SKIP  329_xii_R011 : XII corpus -- owned by run_xii_corpus.sh
  SKIP  330_xii_R012 : XII corpus -- owned by run_xii_corpus.sh
  SKIP  331_xii_R015 : XII corpus -- owned by run_xii_corpus.sh
  SKIP  332_xii_R021 : XII corpus -- owned by run_xii_corpus.sh
  SKIP  333_xii_R022 : XII corpus -- owned by run_xii_corpus.sh
  SKIP  334_xii_R028 : XII corpus -- owned by run_xii_corpus.sh
  SKIP  335_xii_R029 : XII corpus -- owned by run_xii_corpus.sh
  SKIP  336_xii_R033 : XII corpus -- owned by run_xii_corpus.sh
  SKIP  337_xii_R034 : XII corpus -- owned by run_xii_corpus.sh
  SKIP  338_xii_R035 : XII corpus -- owned by run_xii_corpus.sh
  SKIP  339_xii_R036 : XII corpus -- owned by run_xii_corpus.sh
  SKIP  340_xii_R037 : XII corpus -- owned by run_xii_corpus.sh
  SKIP  341_xii_R038 : XII corpus -- owned by run_xii_corpus.sh
  SKIP  342_xii_R039 : XII corpus -- owned by run_xii_corpus.sh
  SKIP  343_xii_R040 : XII corpus -- owned by run_xii_corpus.sh
  SKIP  344_xii_R042 : XII corpus -- owned by run_xii_corpus.sh
  SKIP  345_xii_conf_hj_assoc : XII corpus -- owned by run_xii_corpus.sh
  SKIP  346_xii_conf_hj_commut : XII corpus -- owned by run_xii_corpus.sh
  SKIP  347_xii_conf_dk_symm : XII corpus -- owned by run_xii_corpus.sh
  SKIP  348_xii_conf_canon_idemp : XII corpus -- owned by run_xii_corpus.sh
  SKIP  349_xii_term_terminates : XII corpus -- owned by run_xii_corpus.sh
  SKIP  350_xii_term_term_loop : XII corpus -- owned by run_xii_corpus.sh
  SKIP  351_xii_term_term_mixed : XII corpus -- owned by run_xii_corpus.sh
  SKIP  352_xii_lattice_replay_avx2 : XII corpus -- owned by run_xii_corpus.sh
  SKIP  353_xii_lattice_replay_arm : XII corpus -- owned by run_xii_corpus.sh
  SKIP  354_xii_lattice_replay_riscv : XII corpus -- owned by run_xii_corpus.sh
  SKIP  355_xii_mphf_construct : XII corpus -- owned by run_xii_corpus.sh
  SKIP  356_xii_mphf_lookup : XII corpus -- owned by run_xii_corpus.sh
  SKIP  357_xii_horizon_reach : XII corpus -- owned by run_xii_corpus.sh
  SKIP  358_xii_sml_anti_tamper : XII corpus -- owned by run_xii_corpus.sh
  SKIP  359_xii_ldil_determinism : XII corpus -- owned by run_xii_corpus.sh
  SKIP  360_xii_e2e_demo : XII corpus -- owned by run_xii_corpus.sh
  SKIP  361_xii_curated_crypto : XII corpus -- owned by run_xii_corpus.sh
  SKIP  362_xii_sml_full_chain : XII corpus -- owned by run_xii_corpus.sh
  SKIP  363_xii_atm_tamper : XII corpus -- owned by run_xii_corpus.sh
  SKIP  364_xii_horizon_metadata : XII corpus -- owned by run_xii_corpus.sh
  SKIP  365_xii_anchor_invariant : XII corpus -- owned by run_xii_corpus.sh
  SKIP  366_xii_circ_feasibility : XII corpus -- owned by run_xii_corpus.sh
  SKIP  367_xii_full_pipeline : XII corpus -- owned by run_xii_corpus.sh
  SKIP  368_xii_curated_riscv : XII corpus -- owned by run_xii_corpus.sh
  SKIP  369_xii_curated_embedded : XII corpus -- owned by run_xii_corpus.sh
  SKIP  370_xii_kernel_emit : XII corpus -- owned by run_xii_corpus.sh
  SKIP  372_xii_antidrift_full : XII corpus -- owned by run_xii_corpus.sh
  PASS  373_rsa_pss_sign_verify : exit=99
  PASS  374_zk_field_bls12381 : exit=99
  PASS  375_zk_snark_groth16 : exit=99
  PASS  376_zk_stark_fri : exit=99
  PASS  377_zk_prune_rollup : exit=99
  PASS  378_keccak256_wrapper : exit=99
  PASS  379_identifier : exit=99
  PASS  381_algebraic_time : exit=99
  PASS  382_witness_hook : exit=99
  PASS  383_hotstuff : exit=99
  PASS  384_hotstuff_predict : exit=99
  PASS  385_hotstuff_heal : exit=99
  PASS  386_fed_qc_gate : exit=99
  PASS  387_net_server_loopback : exit=99
  PASS  388_fe25519_ed : exit=99
  PASS  389_hexad_subsystem : exit=99
  PASS  390_katabasis_svm_hexad : exit=99
  PASS  391_katabasis_cycle_dominance : exit=99
  PASS  392_katabasis_cycle_family : exit=99
  PASS  393_specialize : exit=99
  PASS  394_katabasis_bar_typing : exit=99
  PASS  394_option_specialize : exit=99
  PASS  395_katabasis_cycle_admit : exit=99
  PASS  395_result_specialize : exit=99
  PASS  396_span_specialize : exit=99
  PASS  397_iter_specialize : exit=99
  PASS  398_vec_specialize : exit=99
  PASS  410_xii_chd_bucket_bounds : exit=99
  PASS  411_xii_audit_record_count_bound : exit=99
  PASS  412_babel_wire_len_overflow : exit=99
  PASS  413_rsa_sign_pool_exhaustion : exit=99
  PASS  414_builder_oom_latch : exit=99
  PASS  415_sovereign_witness_artifact : exit=99
  PASS  416_sovereign_witness_affine : exit=99
  PASS  417_sovereign_witness_replay : exit=99
  PASS  418_sovereign_witness_align : exit=99
  PASS  419_self_witness_iii_contracts : exit=99
  PASS  420_fed_qc_len_guard : exit=99
  PASS  421_idoc_pack_outcap : exit=99
  PASS  600_katabasis_vmexit : exit=99
  PASS  601_katabasis_ring_lattice : exit=99
  PASS  602_katabasis_gate_verdict : exit=99
  PASS  603_katabasis_census : exit=99
  PASS  604_katabasis_bricking : exit=99
  PASS  605_katabasis_cycle_term : exit=99
  PASS  606_katabasis_gate : exit=99
  PASS  607_katabasis_seal : exit=99
  PASS  608_katabasis_caps : exit=99
  PASS  609_katabasis_admit : exit=99
  PASS  610_rev_invoke : exit=99
  PASS  611_tiebreak : exit=99
  PASS  612_galois : exit=99
  PASS  613_sat : exit=99
  PASS  614_egraph : exit=99
  PASS  615_cost_lattice : exit=99
  PASS  616_microarch_model : exit=99
  PASS  617_quine_verifier : exit=99
  PASS  618_entropy_monitor : exit=99
  PASS  619_curry_howard : exit=99
  PASS  620_category : exit=99
  PASS  621_sheaf : exit=99
  PASS  622_manifest : exit=99
  PASS  623_quarantine : exit=99
  PASS  624_node_identity : exit=99
  PASS  625_snapshot_lattice : exit=99
  PASS  626_topology_atlas : exit=99
  PASS  627_cap_forge : exit=99
  PASS  628_xii_ldil : exit=99
  PASS  629_triple_check : exit=99
  PASS  630_context_awareness : exit=99
  PASS  631_symbolic_regression : exit=99
  PASS  632_constitution : exit=99
  PASS  633_witness_spine : exit=99
  PASS  634_reversible : exit=99
  PASS  635_smt : exit=99
  PASS  636_proof_term : exit=99
  PASS  637_sat_at_scale : exit=99
  PASS  638_groebner : exit=99
  PASS  639_proof_carrying : exit=99
  PASS  640_cost_calculus : exit=99
  PASS  641_bone_marrow : exit=99
  PASS  642_cost_lattice_synth : exit=99
  PASS  643_basal_probe : exit=99
  PASS  644_temporal_logic : exit=99
  PASS  645_computation_graph : exit=99
  PASS  646_memo_lattice : exit=99
  PASS  647_theorem_carrier : exit=99
  PASS  648_synthesis_spec : exit=99
  PASS  649_reversibility_audit : exit=99
  PASS  650_branch_anchor : exit=99
  PASS  651_branch_governance : exit=99
  PASS  652_math_library : exit=99
  PASS  653_math_library_curation : exit=99
  PASS  654_memo_query : exit=99
  PASS  655_constitution_preserver : exit=99
  PASS  656_bisimulation_witness : exit=99
  PASS  657_witness_compactor : exit=99
  PASS  658_distress_witness : exit=99
  PASS  659_cost_overrun_handler : exit=99
  PASS  660_firmware_quarantine : exit=99
  PASS  661_shape_negotiator : exit=99
  PASS  662_memo_compactor_coordination : exit=99
  PASS  663_reflection_constrained : exit=99
  PASS  664_reflection_governance : exit=99
  PASS  665_cad : exit=99
  PASS  666_trit : exit=99
  PASS  667_hexad_reach : exit=99
  PASS  668_uncertainty : exit=99
  PASS  669_sovval : exit=99
  PASS  671_hexad_mobius : exit=99
  PASS  672_safety_type : exit=99
  PASS  673_constitution_holds : exit=99
  PASS  674_h2_charter : exit=99
  PASS  675_decision_oracle : exit=99
  PASS  676_cat_laws : exit=99
  PASS  677_cost_lattice_laws : exit=99
  PASS  678_memo_soundness : exit=99
  PASS  679_synthesis_bounds : exit=99
  PASS  680_proof_chain : exit=99
  PASS  681_transform_iso : exit=99
  PASS  682_arena_determinism : exit=99
  PASS  683_unify : exit=99
  PASS  684_crystal_seal : exit=99
  PASS  685_observatory_sealed : exit=99
  PASS  686_quota_append_only : exit=99
  PASS  687_membrane_cap_gate : exit=99
  PASS  688_h1_charter : exit=99
  PASS  689_h3_charter : exit=99
  PASS  690_h8_charter : exit=99
  PASS  691_h10_charter : exit=99
  PASS  692_h6_charter : exit=99
  PASS  693_h9_charter : exit=99
  PASS  694_h11_charter : exit=99
  PASS  695_h4_charter : exit=99
  PASS  696_h5_charter : exit=99
  PASS  697_h7_charter : exit=99
  PASS  698_h12_charter : exit=99
  PASS  699_h13_charter : exit=99
  PASS  700_charter_terminal : exit=99
  PASS  701_cons_run_charter : exit=99
  PASS  702_cat_laws_charter : exit=99
  PASS  703_rev_compromise_charter : exit=99
  PASS  704_sovval_boundary_type : exit=99
  PASS  705_bound_selftest : exit=99
  PASS  706_http_chunk_wrap : exit=99
  PASS  707_pq_cap_wrap : exit=99
  PASS  708_option_full_distinct : exit=99
  PASS  709_reach_oracle_null_pin : exit=99
  PASS  710_base32_sealed_builder : exit=99
  PASS  711_format_sealed_builder : exit=99
  PASS  711_sovereign_neg : negative-compile correctly rejected (rc=14)
  PASS  712_sovereign_pos : exit=99
  PASS  713_inet_sealed_builder : exit=99
  PASS  713_sovflow_neg : negative-compile correctly rejected (rc=14)
  PASS  714_async_id_alias : exit=99
  PASS  714_sovflow_pos : exit=99
  PASS  715_sovout_neg : negative-compile correctly rejected (rc=14)
  PASS  716_sovout_pos : exit=99
  PASS  717_sovout_chain_neg : negative-compile correctly rejected (rc=14)
  PASS  718_sovsink_pos : exit=99
  PASS  720_caindex : exit=99
  PASS  721_tiebreak_leaves : exit=99
  PASS  722_ntt : exit=99
  PASS  723_ntt_convolve : exit=99
  PASS  724_ntt_bigint : exit=99
  PASS  725_bigint_large_route : exit=99
  PASS  726_ntt_stage : exit=99
  PASS  754_cg_anchor_caindex : exit=99
  PASS  755_ripple_sep_grouping : exit=99
  PASS  756_ripple_loop_grouping : exit=99
  PASS  757_bigint_knuth_div : exit=99
  PASS  758_mont_ctx_organ : exit=99
  PASS  759_mont_bigint_width : exit=99
  PASS  760_field_mont_organ : exit=99
  PASS  761_buffer_bound_falsifier : exit=99
  PASS  762_merkle_keccak_suite : exit=99
  PASS  763_tempaloc_mistype : exit=99
  PASS  764_arena_reset_witness : exit=99
  PASS  765_seal_organ : exit=99
  PASS  766_pq_params : exit=99
  PASS  767_ntt_ctx : exit=99
  PASS  768_keccak_sponge : exit=99
  PASS  769_pq_sealed_abi : exit=99
  PASS  770_slhdsa_shake_fips205 : exit=99
  PASS  771_slhdsa_sha2_fips205 : exit=99
  PASS  772_map_full_table_sentinel : exit=99
  PASS  800_nous_socket : exit=99
  PASS  801_nous_costlin : exit=99
  PASS  802_nous_search : exit=99
  PASS  803_nous_charter : exit=99
  PASS  804_nous_policy : exit=99
  PASS  805_nous_completion : exit=99
  PASS  806_nous_commons : exit=99
  PASS  807_nous_train : exit=99
  PASS  808_nous_synth : exit=99
  PASS  809_nous_behavioral_key : exit=99
  PASS  810_xii_rule_patterns : exit=99
  PASS  811_xii_rule_overlap : exit=99
  PASS  812_xii_critpair_enum : exit=99
  PASS  813_xii_joinability : exit=99
  PASS  814_xii_termination : exit=99
  PASS  815_xii_admission : exit=99
  PASS  816_xii_lower_compose : exit=99
  PASS  817_xii_lower_decide : exit=99
  PASS  818_xii_lower_iterate : exit=99
  PASS  819_xii_lower_program : exit=99
  PASS  820_xii_mig4_seal : exit=99
  PASS  821_xii_lower_then : exit=99
  PASS  822_xii_lower_with : exit=99
  PASS  823_xii_lower_under : exit=99
  PASS  824_xii_strategy_det : exit=99
  PASS  825_xii_discharge : exit=99
  PASS  826_xii_conf_cert : exit=99
  PASS  827_reach_spine : exit=99
  PASS  828_reach_memo : exit=99
  PASS  829_reach_remote : exit=99
  PASS  830_reach_oracle : exit=99
  PASS  831_reach_ipc : exit=99
  PASS  832_reach_loopback : exit=99
  PASS  833_markup : exit=99
  PASS  834_ripple_field : exit=99
  PASS  835_self_reformatter_directed : exit=99
  PASS  836_forcefield_pleroma : exit=99
  PASS  837_forcefield_ripple : exit=99
  PASS  838_forcefield_ripple_dyn : exit=99
  PASS  839_forcefield_optinvoke : exit=99
  PASS  840_forcefield_optinvoke_egraph : exit=99
  PASS  841_typecheck_core : exit=99
  PASS  842_typecheck_sigma : exit=99
  PASS  843_typecheck_bool : exit=99
  PASS  844_typecheck_id : exit=99
  PASS  845_typecheck_nat : exit=99
  PASS  846_typecheck_eta : exit=99
  PASS  847_typecheck_natrec : exit=99
  PASS  848_typecheck_j : exit=99
  PASS  849_typecheck_bot : exit=99
  PASS  850_typecheck_cumul : exit=99
  PASS  851_typecheck_sum : exit=99
  PASS  852_typecheck_meta : exit=99
  PASS  853_combinator_ski : exit=99
  PASS  854_combinator_data : exit=99
  PASS  855_combinator_conv : exit=99
  PASS  856_ccl_eta : exit=99
  PASS  857_ccl_beta : exit=99
  PASS  858_ccl_data : exit=99
  PASS  859_ccl_conv : exit=99
  PASS  860_ccl_oracle : exit=99
  PASS  861_ccl_readback : exit=99
  PASS  862_ccl_etahi : exit=99
  PASS  863_ccl_confluence : exit=99
  PASS  864_forcefield_commit_gate : exit=99
  PASS  865_typecheck_qtt : exit=99
  PASS  866_typecheck_qtt2 : exit=99
  PASS  867_typecheck_qtt_erase : exit=99
  PASS  868_typecheck_wtype : exit=99
  PASS  869_typecheck_wrec : exit=99
  PASS  870_typecheck_sovereign : exit=99
  PASS  871_typecheck_sov_field : exit=99
  PASS  872_typecheck_lamcheck : exit=99
  PASS  873_typecheck_reflcheck : exit=99
  PASS  874_sov_isa_descent : exit=99
  PASS  875_typecheck_isa_cert : exit=99
  PASS  876_sov_isa_optimizer : exit=99
  PASS  877_sov_pcc : exit=99
  PASS  878_psi_superposition : exit=99
  PASS  879_sov_evolve : exit=99
  PASS  880_typecheck_induct : exit=99
  PASS  881_typecheck_induct_use : exit=99
  PASS  882_typecheck_open_conv : exit=99
  PASS  883_sov_admit : exit=99
  PASS  884_xii_rule_verify : exit=99
  PASS  885_xii_fusion_verify : exit=99
  PASS  886_arith_identity : exit=99
  PASS  887_const_fold_ext : exit=99
  PASS  888_nous_value : exit=99
  PASS  889_nous_features : exit=99
  PASS  890_sat_arith : exit=99
  PASS  891_xii_subforms : exit=99
  PASS  892_xii_nop_tables : exit=99
  PASS  893_u64_div : exit=99
  PASS  894_const_fold : exit=99
  PASS  895_dead_branch : exit=99
  PASS  896_identities : exit=99
  PASS  897_optimizer_soundness : exit=99
  PASS  898_ast_intent : exit=99
  PASS  899_intent_form : exit=99
  PASS  900_pattern_form : exit=99
  PASS  901_transform_form : exit=99
  PASS  902_babel : exit=99
  PASS  903_babel_intent : exit=99
  PASS  904_xii_curate : exit=99
  PASS  905_tcp : exit=99
  PASS  906_eg_integrity : exit=99
  PASS  907_cl_rational : exit=99
  PASS  908_shape_filter : exit=99
  PASS  909_cl_dominates : exit=99
  PASS  910_universe_subtype : exit=99
  PASS  911_bv_ring : exit=99
  PASS  912_congruence : exit=99
  PASS  913_ecdsa_p256_det_sign : exit=99
  PASS  914_xii_anchor_negative : exit=99
  PASS  915_sov_self_improve : exit=99
  PASS  916_sov_pipeline : exit=99
  PASS  917_ripple_metric : exit=99
  PASS  918_ripple_unify : exit=99
  PASS  919_ripple_loop : exit=99
  PASS  920_ripple_cut : exit=99
  PASS  921_ripple_extract : exit=99
  PASS  922_pcc_gate : exit=99
  PASS  923_hdl : exit=99
  PASS  924_phys_cost : exit=99
  PASS  925_aeu : exit=99
  PASS  926_hdl_seq : exit=99
  PASS  927_phys_real : exit=99
  PASS  928_hdl_opt : exit=99
  PASS  929_aeu_scale : exit=99
  PASS  930_ripple_value : exit=99
  PASS  931_phi_ledger : exit=99
  PASS  932_ripple_search : exit=99
  PASS  933_induct : exit=99
  PASS  934_cert : exit=99
  PASS  935_ccl_invalid : exit=99
  PASS  936_typecheck_ctxdepth : exit=99
  PASS  937_xii_crypto_chokepoint : exit=99
  PASS  938_cb_differential : exit=99
  PASS  939_ccl_confluence_falsifier : exit=99
  PASS  940_irreducibility_falsifier : exit=99
  PASS  941_quality_q7_lint_falsifier : exit=99
  PASS  942_proof_ripple_corpus_verify : exit=99
  PASS  943_resolver_memo_guards : exit=99
  PASS  944_resolver_replay_guard : exit=99
  PASS  945_mandate_dead_chain : exit=99
  PASS  946_pattern_set_fed_ancestry : exit=99
  PASS  947_dynamic_impact_signed : exit=99
  PASS  948_resolution_init_fail : exit=99
  PASS  949_base32_pad_validation : exit=99
  PASS  950_xii_emit_gen_catalog : exit=99
  PASS  951_seal_resolver_refreeze : exit=99
  PASS  952_microarch_rob_saturation : exit=99
  PASS  953_mont_dmont5_falsifier : exit=99
  PASS  954_ripple_extract_mdl : exit=99
  PASS  955_optinvoke_cost_lattice : exit=99
  PASS  956_egraph_cost_lattice : exit=99
  PASS  957_engine_compound : exit=99
  PASS  958_ecdsa_p384_zero_rs : exit=99
  PASS  959_ecdsa_p384_range_rs : exit=99
  PASS  960_keccak256_block_absorb : exit=99
  PASS  961_xoshiro_jump : exit=99
  PASS  962_bv_ring_colstack : exit=99
  PASS  963_sov_isa_cost_gradient : exit=99
  PASS  964_ripple_extract_audit_purity : exit=99
  PASS  965_crystal_id_band : exit=99
  PASS  966_ripple_merkle_domain_sep : exit=99
  PASS  967_pq_dispatch_nibble_guard : exit=99
  PASS  968_optinvoke_seal_domain : exit=99
  PASS  969_bv_ring_shift_mask : exit=99
  PASS  970_merkle_index_binding : exit=99
  PASS  971_cpufeat_avx512dq : exit=99
  PASS  972_ecdsa_lowS_range : exit=99
  PASS  973_fe25519_canonical_decode : exit=99
  PASS  974_aes_gcm_aad_nonaligned_tamper : exit=99
  PASS  975_xii_lattice_payload_wrap_guard : exit=99
  PASS  976_optinvoke_seal_padding_determinism : exit=99
  PASS  977_egraph_rule_wrap_guard : exit=99
  PASS  978_smt_lia_wrap_guard : exit=99
  PASS  979_ripple_child_index_guard : exit=99
  PASS  980_xii_subforms_salt_resolve : exit=99
  PASS  981_ed25519_strict_s_malleability : exit=99
  PASS  982_keccak_squeeze_rate_guard : exit=99
  PASS  983_hexad_unpack6_range_guard : exit=99
  PASS  984_bigint_assign_capacity_guard : exit=99
  PASS  985_hexad_epistemic_floor_escalate : exit=99
  PASS  986_mod_u64_mul_zero_modulus : exit=99
  PASS  987_cai_put_table_full : exit=99
  PASS  988_witness_redact : exit=99
  PASS  989_mlkem_decaps_k_guard : exit=99
  SKIP  990_bench_knuth_div : perf benchmark -- owned by run_bench_corpus.sh
  SKIP  991_bench_montgomery_modpow : perf benchmark -- owned by run_bench_corpus.sh
  SKIP  992_bench_fe25519_mul : perf benchmark -- owned by run_bench_corpus.sh
  PASS  993_ed_decompress_canonical : exit=99
  PASS  994_ecdsa_p256_zero_rs : exit=99
  PASS  995_mldsa_siglen_guard : exit=99
  PASS  996_slhdsa_siglen_guard : exit=99
  PASS  997_zk_air_general : exit=99
  PASS  998_zk_air_merkle : exit=99
  PASS  999_zk_air_stark : exit=99
  PASS  1000_checked_div_zero : exit=99
  PASS  1001_cap_verify_invalid_id : exit=99
  PASS  1002_quality_q4_growth : exit=99
  PASS  1003_merkle_tree_open_many : exit=99
  PASS  1004_fri_fold_consistency : exit=99
  PASS  1005_zk_stark_seal : exit=99
  PASS  1006_zk_stark_proof_seal : exit=99
  PASS  1007_air_proof_seal : exit=99
  PASS  1008_zkp_stark_sidecar : exit=99
  PASS  1009_proof_ripple_unified : exit=99
  PASS  1010_pareto_frontier : exit=99
  PASS  1011_hotstuff_pacemaker : exit=99
  PASS  1012_hotstuff_quorum_opt : exit=99
  PASS  1013_cost_manifold : exit=99
  PASS  1014_hdl_gate_identities : exit=99
  PASS  1015_mechanistic_cycle_bound : exit=99
  PASS  1016_proof_resolve : exit=99
  PASS  1017_hdl_optimize : exit=99
  PASS  1018_hdl_compiler : exit=99
  PASS  1019_arena_slot_witness : exit=99
  PASS  1020_sha_ni_differential : exit=99
  PASS  1021_ed_mod_l_barrett : exit=99
  PASS  1022_pq_dispatch_sha2_route : exit=99
  PASS  1023_vec_overflow_guard : exit=99
  PASS  1024_iter_null_base_guard : exit=99
  PASS  1025_base64url_round_trip : exit=99
  PASS  1026_xii_export_bounds : exit=99
  PASS  1027_ripple_handle_exhaust_guard : exit=99
  PASS  1028_tp_transpiler_bounds : exit=99
  PASS  1029_ripple_arena_subtraction_guard : exit=99
  PASS  1030_ripple_metric_underflow_floor : exit=99
  PASS  1031_intent_form_int_overflow : exit=99
  PASS  1032_cbor_len_overflow : exit=99
  PASS  1033_transform_form_overflow : exit=99
  PASS  1034_sf_field : exit=99
  PASS  1035_zkf_fp : exit=99
  PASS  1036_zkf_fp2 : exit=99
  PASS  1037_zkf_fp6 : exit=99
  PASS  1038_zkf_fp12 : exit=99
  PASS  1039_zkf_g1 : exit=99
  PASS  1040_zkf_g2 : exit=99
  PASS  1041_zkf_ec : exit=99
  PASS  1042_zkf_fexp : exit=99
  PASS  1043_curryh_kat : exit=99
  PASS  1044_typecheck : exit=99
  PASS  1045_zk_air_fs : exit=99
  PASS  1046_ed25519_sign_seed : exit=99
  PASS  1047_quine_seal : exit=99
  PASS  1048_json_uescape : exit=99
  PASS  1049_mig2_keystone : exit=99
  PASS  1050_mig2_cost : exit=99
  PASS  1050_sealed_channel_forge_desync : exit=99
  PASS  1051_base64_pad_reject : exit=99
  PASS  1051_mig2_sovval : exit=99
  PASS  1052_base32_trailing_reject : exit=99
  PASS  1052_sov_morphism : exit=99
  PASS  1053_html_apos_unescape : exit=99
  PASS  1053_xii_morphism : exit=99
  PASS  1054_h9_mig2_tie : exit=99
  PASS  1054_q128_ops : exit=99
  PASS  1055_modular_ops : exit=99
  PASS  1056_fixed_ops : exit=99
  PASS  1057_checked_u64_lifecycle : exit=99
  PASS  1058_duration_ops : exit=99
  PASS  1059_span_ops : exit=99
  PASS  1060_rune_utf8 : exit=99
  PASS  1061_format_more : exit=99
  PASS  1062_string_ops : exit=99
  PASS  1063_hkdf_oneshot : exit=99
  PASS  1064_pbkdf2_oneshot : exit=99
  PASS  1065_sha256_dispatch : exit=99
  PASS  1066_parse_primitives : exit=99
  PASS  1067_uri_pct_decode_reject : exit=99
  PASS  1068_pattern_set_arity : exit=99
  PASS  1069_dynamic_record_rejects : exit=99
  PASS  1070_vec_setters : exit=99
  PASS  1071_hexad_epistemic_accessors : exit=99
  PASS  1072_list_negatives : exit=99
  PASS  1073_hexad_algebra : exit=99
  PASS  1074_hexad_pfs : exit=99
  PASS  1075_hexad_dynamic : exit=99
  PASS  1076_instant_diff_ticks : exit=99
  PASS  1077_crystal_tamper_reject : exit=99
  PASS  1078_net_cap_deny : exit=99
  PASS  1079_rsa_wrappers : exit=99
  PASS  1080_chacha20_differential : exit=99
  PASS  1081_blake2s_differential : exit=99
  PASS  1082_pattern_table_getters : exit=99
  PASS  1083_synthesis_propose_ratify : exit=99
  PASS  1084_slhdsa_variant_keygen : exit=99
  PASS  1085_http_build_request : exit=99
  PASS  1086_http_response_accessors : exit=99
  PASS  1087_node_identity_witnessed : exit=99
  PASS  1088_pattern_set_fed_wire : exit=99
  PASS  1089_local_array_runtime_index : exit=99
  PASS  1090_nous_lattice : exit=99
  PASS  1091_ripple_synthesizer : exit=99
  PASS  1092_gate_cp1_guard : exit=99
  PASS  1100_obs_witnessed : exit=99
  PASS  1101_forked_walk : exit=99
  PASS  1102_conjecture : exit=99
  PASS  1103_conjecture_complete_all : exit=99
  PASS  1104_conjecture_term : exit=99
  PASS  1105_conjecture_gen : exit=99
  PASS  1106_conjecture_lemma : exit=99
  PASS  1107_egraph_saturate_capacity_gap : exit=99
  PASS  1108_sov_self_extend : exit=99
  PASS  1109_cast_stride_index : exit=36
  PASS  1110_tp_morphism : exit=99
  PASS  1111_sha_ni_stream_diff : exit=99
  PASS  1112_opt_certified : exit=99
  PASS  1113_sr_schema_foundation : exit=99
  PASS  1114_sr_schema_distrib : exit=99
  PASS  1115_sr_schema_strength : exit=99
  PASS  1116_sr_schema_apply : exit=99
  PASS  1117_sr_schema_distrib_apply : exit=99
  PASS  1118_sr_schema_semiring : exit=99
  PASS  1119_sov_synth_nonvacuity : exit=99
  PASS  1120_sov_synth_attempt : exit=99
  PASS  1121_egraph_stochastic : exit=99
  PASS  1122_cg_autocatalyst : exit=99
  PASS  1123_daemon_dream : exit=99
  PASS  1124_fs_dir_enum : exit=99
  PASS  1125_onelang_audit : exit=99
  PASS  1126_founders_anchor : exit=99
  PASS  1127_constants_ledger : exit=99
  PASS  1128_conjecture_lemma_struct : exit=99
  PASS  1129_regex_phase_c : exit=99
  PASS  1130_glyph_str_validate_utf8 : exit=99
  PASS  1200_proof_bisimulation : exit=99
  PASS  1201_ast_hunter : exit=99
  PASS  1202_cg_surgical_strike : exit=99
  PASS  1203_daemon_scythe : exit=99
  PASS  1204_scythe_census : exit=99
  PASS  1205_sovereign_optimizer : exit=99
  PASS  1206_sovereign_continuous : exit=99
  PASS  1207_shift_fold_certified : exit=99
  PASS  1208_theorem_commons : exit=99
  PASS  1209_theorem_commons_distinct : exit=99
  PASS  1210_commons_feed : exit=99
  PASS  1211_commons_cite_reuse : exit=99
  PASS  1212_commons_root : exit=99
  PASS  1213_bv_kernel : exit=99
  PASS  1214_bv_kernel_differential : exit=99
  PASS  1215_r3_identity_fold : exit=99
  PASS  1216_bv_dispose : exit=99
  PASS  1217_rscode : exit=99
  PASS  1218_erasure_store : exit=99
  PASS  1219_shamir : exit=99
  PASS  1220_threshold_vault : exit=99
  PASS  1221_hamming_secded : exit=99
  PASS  1222_gf_poly : exit=99
  PASS  1223_rscode_ec : exit=99
  PASS  1224_lzss : exit=99
  PASS  1225_cas_blob : exit=99
  PASS  1226_crt : exit=99
  PASS  1227_bitio : exit=99
  PASS  1228_elias : exit=99
  PASS  1230_huffman : exit=99
  PASS  1231_lzh : exit=99
  PASS  1232_heaplet : exit=99
  PASS  1233_sep_logic : exit=99
  PASS  1234_tso : exit=99
  PASS  1235_ptr_provenance : exit=99
  PASS  1236_mem_rewrite : exit=99
  PASS  1237_csl : exit=99
  PASS  1238_congruence_closure : exit=99
  PASS  1239_mcmc_egraph : exit=99
  PASS  1240_certified_morphism : exit=99
  PASS  1241_ripple_journal : exit=99
  PASS  1242_costed_cat : exit=99
  PASS  1243_ru_kernel_merge : exit=99
  PASS  1244_relational_ematch : exit=99
  PASS  1245_algo_synth : exit=99
  PASS  1246_bv_canon_addr : exit=99
  PASS  1247_induct_wj : exit=99
  PASS  1247_k0_referee : exit=99
  PASS  1248_golden_shift : exit=99
  PASS  1249_conjecture_refute : exit=99
  PASS  1250_self_engine : exit=99
  PASS  1251_xii_cap_preserve : exit=99
  PASS  1252_tcom_goalbound : exit=99
  PASS  1253_verified_search : exit=99
  PASS  1254_omega_engine : exit=99
  PASS  1255_pareto_frontier : exit=99
  PASS  1256_verified_ripple : exit=99
  PASS  1257_optimality_cert : exit=99
  PASS  1258_reach_witnessed : exit=99
  PASS  1259_contract_gate : exit=99
  PASS  1260_ring_opt : exit=99
  PASS  1261_matrix_ring : exit=99
  PASS  1262_bft_quorum : exit=99
  PASS  1263_affine_check : exit=99
  PASS  1264_rewrite_schedule : exit=99
  PASS  1265_interval_lattice : exit=99
  PASS  1266_loop_optimizer : exit=99
  PASS  1267_kleene_fixpoint : exit=99
  PASS  1268_widening : exit=99
  PASS  1269_align_domain : exit=99
  PASS  1270_vectorizer : exit=99
  PASS  1271_bce : exit=99
  PASS  1272_reduced_product : exit=99
  PASS  1273_loop_pipeline : exit=99
  PASS  1274_reg_alloc : exit=99
  PASS  1275_list_schedule : exit=99
  PASS  1276_isel : exit=99
  PASS  1277_dominators : exit=99
  PASS  1278_ssa : exit=99
  PASS  1279_gvn : exit=99
  PASS  1280_dce : exit=99
  PASS  1281_sccp : exit=99
  PASS  1282_taint_analysis : exit=99
  PASS  1283_range_check : exit=99
  PASS  1284_translation_validation : exit=99
  PASS  1285_liveness : exit=99
  PASS  1286_proof_replay : exit=99
  PASS  1288_bmc : exit=99
  PASS  1289_kinduction : exit=99
  PASS  1290_dijkstra : exit=99
  PASS  1291_safety_prover : exit=99
  PASS  1292_value_range_prover : exit=99
  PASS  1293_loop_bounds_prover : exit=99
  PASS  1294_branch_elim : exit=99
  PASS  1295_rms : exit=99
  PASS  1296_binary_search : exit=99
  PASS  1297_kmp : exit=99
  PASS  1298_levenshtein : exit=99
  PASS  1299_fenwick : exit=99
  PASS  1300_segment_tree : exit=99
  PASS  1301_knapsack : exit=99
  PASS  1302_inversion_count : exit=99
  PASS  1303_coin_change : exit=99
  PASS  1304_lcs : exit=99
  PASS  1305_lis : exit=99
  PASS  1306_sieve : exit=99
  PASS  1307_gray_code : exit=99
  PASS  1308_catalan : exit=99
  PASS  1309_goldbach : exit=99
  PASS  1310_collatz : exit=99
  PASS  1311_sovereign_analysis : exit=99
  PASS  1312_sovereign_witness_crossval : exit=99
  PASS  1313_sovereign_refined : exit=99
  PASS  1314_hotstuff_safety : exit=99
  PASS  1315_kleene_widened : exit=99
  PASS  1316_topology_weighted : exit=99
  PASS  1317_proof_ripple_audit : exit=99
  PASS  1318_bce_sccp : exit=99
  PASS  1319_cap_handshake_taint : exit=99
  PASS  1320_sovereign_branch_crossval : exit=99
  PASS  1321_census_commons : exit=99
  PASS  1322_reg_alloc_liveness : exit=99
  PASS  1323_aes_gcm_taint : exit=99
  PASS  1324_hotstuff_liveness : exit=99
  PASS  1325_memo_predicate_gate : exit=99
  PASS  1326_safety_k_induction : exit=99
  PASS  1327_json_frac_exp : exit=99
  PASS  1328_glob_class_range_negate : exit=99
  PASS  1329_glyph_set_uniqueness : exit=99
  PASS  1330_fix_signed : exit=99
  PASS  1331_xii_iflift_verify : exit=99
  PASS  1332_inet6 : exit=99
  PASS  1333_ripple_apply : exit=99
  PASS  1334_eg_kernel_merge : exit=99
  PASS  1335_bvd_rule_gate : exit=99
  PASS  1336_induct_commons : exit=99
  PASS  1337_mont_nprime_cert : exit=99
  PASS  1338_fp_inv_euclid : exit=99
  PASS  1339_tcom_merkle : exit=99
  PASS  1340_memo_equiv : exit=99
  PASS  1341_remote_rfc7230 : exit=99
  PASS  1342_sv_provisional : exit=99
  PASS  1343_cgr_kernel_ring : exit=99
  PASS  1344_bv_dream_sieve : exit=99
  PASS  1345_bv_bits : exit=99
  PASS  1346_tcom_federated : exit=99
  PASS  1347_barrett_general : exit=99
  PASS  1348_fed_seal_witnessed : exit=99
  PASS  1349_xii_cost_monotone : exit=99
  PASS  1350_cal_month_exact : exit=99
  PASS  1351_duration_cert : exit=99
  PASS  1352_xii_denote : exit=99
  PASS  1353_bv_discover_loop : exit=99
------------------------------------------------------------
  PASS=957  FAIL=0  SKIP=100  TOTAL=957
  (SKIP = XII corpus 280..372 [run_xii_corpus.sh] + perf
   benchmarks 237/242/243/244 [run_bench_corpus.sh])
============================================================
CORPUS_EXIT=0
### DONE Tue, Jun  9, 2026  6:40:53 PM ###
