### BUILD_STDLIB Sat, Jun  6, 2026  9:23:04 PM ###
[build_stdlib] using iiis: /c/Users/Edwin Boston/OneDrive/Desktop/III/COMPILED/iiis-2.exe
[build_stdlib] composition drift-check: /c/Users/Edwin Boston/OneDrive/Desktop/III/STDLIB/../COMPILER/BOOT/gen_compositions.sh --check
[gen_compositions] read 255 entries from /c/Users/Edwin Boston/OneDrive/Desktop/III/COMPILER/BOOT/iii_compositions.def
[gen_compositions] check: /c/Users/Edwin Boston/OneDrive/Desktop/III/COMPILER/BOOT/iii_compositions.h current
[gen_compositions] check: /c/Users/Edwin Boston/OneDrive/Desktop/III/STDLIB/iii/omnia/prespec.iii current
[gen_compositions] check: /c/Users/Edwin Boston/OneDrive/Desktop/III/COMPILER/BOOT/iii_cg_pe_iiis1.iii current
[gen_compositions] OK (255 entries)
[build_stdlib] SVM-layout drift-check: /c/Users/Edwin Boston/OneDrive/Desktop/III/STDLIB/../COMPILER/BOOT/gen_svm_layout.sh --check
[gen_svm_layout] read 8 regions from /c/Users/Edwin Boston/OneDrive/Desktop/III/COMPILER/BOOT/iii_svm_layout.def
[gen_svm_layout] check: /c/Users/Edwin Boston/OneDrive/Desktop/III/STDLIB/iii/katabasis/svm_layout.iii current
[gen_svm_layout] OK (8 regions)
[build_stdlib] cycle-family drift-check: /c/Users/Edwin Boston/OneDrive/Desktop/III/STDLIB/../COMPILER/BOOT/gen_cycle_family.sh --check
[gen_cycle_family] read 9 families from /c/Users/Edwin Boston/OneDrive/Desktop/III/COMPILER/BOOT/iii_cycle_family.def
[gen_cycle_family] check: /c/Users/Edwin Boston/OneDrive/Desktop/III/STDLIB/iii/katabasis/cycle_family.iii current
[gen_cycle_family] OK (9 families)
[build_stdlib] census drift-check: /c/Users/Edwin Boston/OneDrive/Desktop/III/STDLIB/../COMPILER/BOOT/gen_census.sh --check
[gen_census] read 16 facts from /c/Users/Edwin Boston/OneDrive/Desktop/III/COMPILER/BOOT/iii_census.def
[gen_census] check: /c/Users/Edwin Boston/OneDrive/Desktop/III/STDLIB/iii/katabasis/census.iii current
[gen_census] OK (16 facts, hash length 128)
[build_stdlib] bar-layout drift-check: /c/Users/Edwin Boston/OneDrive/Desktop/III/STDLIB/../COMPILER/BOOT/gen_bar_layout.sh --check
[gen_bar_layout] read 3 BAR windows from /c/Users/Edwin Boston/OneDrive/Desktop/III/COMPILER/BOOT/iii_bar_layout.def
[gen_bar_layout] check: /c/Users/Edwin Boston/OneDrive/Desktop/III/STDLIB/iii/katabasis/bar_layout.iii current
[gen_bar_layout] OK (3 BAR windows)
[build_stdlib] vmexit-set drift-check: /c/Users/Edwin Boston/OneDrive/Desktop/III/STDLIB/../COMPILER/BOOT/gen_vmexit.sh --check
[gen_vmexit] read 6 intercepted exits from /c/Users/Edwin Boston/OneDrive/Desktop/III/COMPILER/BOOT/iii_vmexit.def
[gen_vmexit] check: /c/Users/Edwin Boston/OneDrive/Desktop/III/STDLIB/iii/katabasis/vmexit.iii current
[gen_vmexit] OK (6 exits)
[build_stdlib] ring-lattice drift-check: /c/Users/Edwin Boston/OneDrive/Desktop/III/STDLIB/../COMPILER/BOOT/gen_ring_lattice.sh --check
[gen_ring_lattice] read 5 legal crossings from /c/Users/Edwin Boston/OneDrive/Desktop/III/COMPILER/BOOT/iii_ring_lattice.def
[gen_ring_lattice] check: /c/Users/Edwin Boston/OneDrive/Desktop/III/STDLIB/iii/katabasis/ring_lattice.iii current
[gen_ring_lattice] OK (5 crossings)
[build_stdlib] Forge closure meta-gate: /c/Users/Edwin Boston/OneDrive/Desktop/III/STDLIB/../COMPILER/BOOT/forge_check.sh
[forge_check] OK: 6 KATABASIS citizens drift-clean + full-spec-sealed; sub-closure root 35b5471d82378ac0e229947ef10fed9c88b7faf6768c499fd387411ee29203df recorded; no orphan generators.
[build_stdlib] trusted-base seal: /c/Users/Edwin Boston/OneDrive/Desktop/III/STDLIB/../COMPILER/BOOT/trusted_base_check.sh --check
[trusted_base_check] OK: TRUSTED_BASE_ROOT = f079dd81e42d12d014e25bef419317581114ea9887abc16e26b3d850ca3b2127
[build_stdlib] architectural invariant gate: native carto (iii/c) -> carto_gate
"cc_init"
"cc_selftest"
GATE FAIL
BUILD_EXIT=1
### RUN_ALL_CORPORA Sat, Jun  6, 2026  9:23:19 PM ###

============================================================
  STDLIB Conformance Corpus (254 correctness tests; XII + perf benchmarks delegated)
============================================================
[run_corpus] iiis = /c/Users/Edwin Boston/OneDrive/Desktop/III/COMPILED/iiis-2.exe
/c/Users/Edwin Boston/OneDrive/Desktop/III/STDLIB/scripts/run_corpus.sh: line 1101: syntax error near unexpected token `fi'
/c/Users/Edwin Boston/OneDrive/Desktop/III/STDLIB/scripts/run_corpus.sh: line 1101: `    fi'
[run_all_corpora] STDLIB corpus failed (rc=2)

============================================================
  STDLIB Performance Benchmark Corpus (4 benchmarks; timing advisory)
============================================================
[run_bench_corpus] iiis = /c/Users/Edwin Boston/OneDrive/Desktop/III/COMPILED/iiis-2.exe
============================================================
 STDLIB Performance Benchmark Corpus (237/242/243/244 + 990/991/992)
============================================================
  PASS  237_insel_cycle_bench : within budget on this host (exit 99)
  PASS  242_bench_resolver : within budget on this host (exit 99)
  PASS  243_bench_sealed_channel : within budget on this host (exit 99)
  PASS  244_bench_hip_idoc : within budget on this host (exit 99)
  PASS  990_bench_knuth_div : within budget on this host (exit 99)
  PASS  991_bench_montgomery_modpow : within budget on this host (exit 99)
  PASS  992_bench_fe25519_mul : within budget on this host (exit 99)
------------------------------------------------------------
  PASS=7  ADVISORY=0  CORRECTNESS-FAIL=0
  (PASS = within host budget; ADVISORY = host slower than the
   3.6 GHz reference -- substrate correct, NOT a defect;
   CORRECTNESS-FAIL = functional regression -- hard error)
============================================================
[run_all_corpora] Bench corpus PASS (correctness; timing advisories may print)

============================================================
  Stage-1 Verification Corpus (57 tests)
============================================================
==========================================================
 Stage-1 Verification Corpus Results
==========================================================
  PASS  01_return_const : exit=7
  PASS  02_arithmetic : exit=8
  PASS  03_let_local : exit=32
  PASS  04_call_other : exit=42
  PASS  05_param : exit=42
  PASS  06_bitwise : exit=250
  PASS  07_compare : exit=1
  PASS  08_match : exit=42
  PASS  09_unary : exit=0
  PASS  10_extern : exit=0
  PASS  11_assign : exit=42
  PASS  12_const_decl : exit=42
  PASS  13_for_loop : exit=10
  PASS  14_modifier_cycle : exit=42
  PASS  15_string_literal : exit=71
  PASS  16_if_else : exit=42
  PASS  17_while : exit=55
  PASS  18_else_if : exit=2
  PASS  19_cast : exit=255
  PASS  20_sizeof : exit=4
  PASS  21_pointer : exit=42
  PASS  22_array_via_ptr : exit=99
  PASS  23_struct_decl : exit=0
  PASS  24_var_global : exit=42
  PASS  25_array_init : exit=5
  PASS  26_fnptr : exit=42
  PASS  27_string_index : exit=67
  PASS  28_extern_msvc : exit=0
  PASS  29_struct_instance : exit=42
  PASS  30_byte_index : exit=42
  PASS  31_sat_arith : exit=1
  PASS  32_intent_seal : exit=1
  PASS  33_unify_basic : exit=1
  PASS  34_unify_occurs : exit=0
  PASS  35_unify_arity : exit=0
  PASS  36_unify_depth : exit=1
  PASS  37_pattern_register_after_seal : exit=0
  PASS  38_score_table : exit=1
  PASS  39_resolve_simple : exit=1
  PASS  40_resolve_tiebreak : exit=1
  PASS  41_resolve_ambiguous : exit=1
  PASS  42_resolve_nomatch : exit=2
  PASS  43_resolve_no_recompute_observable : exit=1
  PASS  44_metapattern_set : exit=16
  PASS  45_replay_witness : exit=1
  PASS  46_q7_gate_pos : exit=1
  PASS  47_q7_gate_neg : exit=0
  PASS  48_m22_audit : exit=1
  PASS  49_proof_ripple_pattern : exit=1
  PASS  50_sid_inverse : exit=1
  PASS  51_resolve_syntax : exit=42
  PASS  52_call_via_resolver : exit=42
  PASS  53_resolve_no_self_recursion : exit=1
  PASS  54_transform_iii_to_asm : exit=1
  PASS  55_intent_form_runtime : exit=1
  PASS  56_transform_form_runtime : exit=1
  PASS  57_pattern_form_runtime : exit=1
----------------------------------------------------------
  PASS=57  FAIL=0  ASM-ONLY=0  TOTAL=57
==========================================================
[run_all_corpora] Stage-1 corpus PASS

============================================================
  Overall: TOTAL FAILED TESTS = 2
============================================================
CORPUS_EXIT=2
### DONE Sat, Jun  6, 2026  9:42:46 PM ###
