### FINAL BUILD-ONLY Sun, Jun  7, 2026  5:27:57 PM ###
[build_stdlib] using iiis: /c/Users/Edwin Boston/OneDrive/Desktop/III/COMPILED/iiis-2.exe
[build_stdlib] composition drift-check: /c/Users/Edwin Boston/OneDrive/Desktop/III/STDLIB/../COMPILER/BOOT/gen_compositions.sh --check
[gen_compositions] read 255 entries from /c/Users/Edwin Boston/OneDrive/Desktop/III/COMPILER/BOOT/iii_compositions.def
[gen_compositions] check: /c/Users/Edwin Boston/OneDrive/Desktop/III/COMPILER/BOOT/iii_compositions.h current
[gen_compositions] check: /c/Users/Edwin Boston/OneDrive/Desktop/III/STDLIB/iii/omnia/prespec.iii current
[gen_compositions] check: /c/Users/Edwin Boston/OneDrive/Desktop/III/COMPILER/BOOT/iii_cg_pe_iiis1.iii current
[gen_compositions] OK (255 entries)
[build_stdlib] SVM-layout drift-check: /c/Users/Edwin Boston/OneDrive/Desktop/III/STDLIB/../COMPILER/BOOT/gen_svm_layout.sh --check
[gen_svm_layout] read 8 regions from /c/Users/Edwin Boston/OneDrive/Desktop/III/COMPILER/BOOT/iii_svm_layout.def
[gen_svm_layout] check: /c/Users/Edwin Boston/OneDrive/Desktop/III/STDLIB/iii/katabasis/svm_layout.iii current
[gen_svm_layout] OK (8 regions)
[build_stdlib] cycle-family drift-check: /c/Users/Edwin Boston/OneDrive/Desktop/III/STDLIB/../COMPILER/BOOT/gen_cycle_family.sh --check
[gen_cycle_family] read 9 families from /c/Users/Edwin Boston/OneDrive/Desktop/III/COMPILER/BOOT/iii_cycle_family.def
[gen_cycle_family] check: /c/Users/Edwin Boston/OneDrive/Desktop/III/STDLIB/iii/katabasis/cycle_family.iii current
[gen_cycle_family] OK (9 families)
[build_stdlib] census drift-check: /c/Users/Edwin Boston/OneDrive/Desktop/III/STDLIB/../COMPILER/BOOT/gen_census.sh --check
[gen_census] read 16 facts from /c/Users/Edwin Boston/OneDrive/Desktop/III/COMPILER/BOOT/iii_census.def
[gen_census] check: /c/Users/Edwin Boston/OneDrive/Desktop/III/STDLIB/iii/katabasis/census.iii current
[gen_census] OK (16 facts, hash length 128)
[build_stdlib] bar-layout drift-check: /c/Users/Edwin Boston/OneDrive/Desktop/III/STDLIB/../COMPILER/BOOT/gen_bar_layout.sh --check
[gen_bar_layout] read 3 BAR windows from /c/Users/Edwin Boston/OneDrive/Desktop/III/COMPILER/BOOT/iii_bar_layout.def
[gen_bar_layout] check: /c/Users/Edwin Boston/OneDrive/Desktop/III/STDLIB/iii/katabasis/bar_layout.iii current
[gen_bar_layout] OK (3 BAR windows)
[build_stdlib] vmexit-set drift-check: /c/Users/Edwin Boston/OneDrive/Desktop/III/STDLIB/../COMPILER/BOOT/gen_vmexit.sh --check
[gen_vmexit] read 6 intercepted exits from /c/Users/Edwin Boston/OneDrive/Desktop/III/COMPILER/BOOT/iii_vmexit.def
[gen_vmexit] check: /c/Users/Edwin Boston/OneDrive/Desktop/III/STDLIB/iii/katabasis/vmexit.iii current
[gen_vmexit] OK (6 exits)
[build_stdlib] ring-lattice drift-check: /c/Users/Edwin Boston/OneDrive/Desktop/III/STDLIB/../COMPILER/BOOT/gen_ring_lattice.sh --check
[gen_ring_lattice] read 5 legal crossings from /c/Users/Edwin Boston/OneDrive/Desktop/III/COMPILER/BOOT/iii_ring_lattice.def
[gen_ring_lattice] check: /c/Users/Edwin Boston/OneDrive/Desktop/III/STDLIB/iii/katabasis/ring_lattice.iii current
[gen_ring_lattice] OK (5 crossings)
[build_stdlib] Forge closure meta-gate: /c/Users/Edwin Boston/OneDrive/Desktop/III/STDLIB/../COMPILER/BOOT/forge_check.sh
[forge_check] OK: 6 KATABASIS citizens drift-clean + full-spec-sealed; sub-closure root 35b5471d82378ac0e229947ef10fed9c88b7faf6768c499fd387411ee29203df recorded; no orphan generators.
[build_stdlib] trusted-base seal: /c/Users/Edwin Boston/OneDrive/Desktop/III/STDLIB/../COMPILER/BOOT/trusted_base_check.sh --check
[trusted_base_check] OK: TRUSTED_BASE_ROOT = f079dd81e42d12d014e25bef419317581114ea9887abc16e26b3d850ca3b2127
[build_stdlib] architectural invariant gate: native carto (iii/c) -> carto_gate
GATE PASS
[build_stdlib] OK   numera/scalar -> /c/Users/Edwin Boston/OneDrive/Desktop/III/STDLIB/build/iii/numera_scalar.iii.o
[build_stdlib] OK   numera/sha256 -> /c/Users/Edwin Boston/OneDrive/Desktop/III/STDLIB/build/iii/numera_sha256.iii.o
[build_stdlib] OK   numera/sha256_ni -> /c/Users/Edwin Boston/OneDrive/Desktop/III/STDLIB/build/iii/numera_sha256_ni.iii.o
[build_stdlib] OK   numera/hex -> /c/Users/Edwin Boston/OneDrive/Desktop/III/STDLIB/build/iii/numera_hex.iii.o
[build_stdlib] OK   memoria/tempaloc -> /c/Users/Edwin Boston/OneDrive/Desktop/III/STDLIB/build/iii/memoria_tempaloc.iii.o
[build_stdlib] OK   memoria/region -> /c/Users/Edwin Boston/OneDrive/Desktop/III/STDLIB/build/iii/memoria_region.iii.o
[build_stdlib] OK   memoria/span -> /c/Users/Edwin Boston/OneDrive/Desktop/III/STDLIB/build/iii/memoria_span.iii.o
[build_stdlib] OK   memoria/arena -> /c/Users/Edwin Boston/OneDrive/Desktop/III/STDLIB/build/iii/memoria_arena.iii.o
[build_stdlib] OK   verba/rune -> /c/Users/Edwin Boston/OneDrive/Desktop/III/STDLIB/build/iii/verba_rune.iii.o
[build_stdlib] OK   verba/string -> /c/Users/Edwin Boston/OneDrive/Desktop/III/STDLIB/build/iii/verba_string.iii.o
[build_stdlib] OK   verba/builder -> /c/Users/Edwin Boston/OneDrive/Desktop/III/STDLIB/build/iii/verba_builder.iii.o
[build_stdlib] OK   omnia/option -> /c/Users/Edwin Boston/OneDrive/Desktop/III/STDLIB/build/iii/omnia_option.iii.o
[build_stdlib] OK   omnia/result -> /c/Users/Edwin Boston/OneDrive/Desktop/III/STDLIB/build/iii/omnia_result.iii.o
[build_stdlib] OK   omnia/iter -> /c/Users/Edwin Boston/OneDrive/Desktop/III/STDLIB/build/iii/omnia_iter.iii.o
[build_stdlib] OK   omnia/vec -> /c/Users/Edwin Boston/OneDrive/Desktop/III/STDLIB/build/iii/omnia_vec.iii.o
[build_stdlib] OK   sanctus/mhash -> /c/Users/Edwin Boston/OneDrive/Desktop/III/STDLIB/build/iii/sanctus_mhash.iii.o
[build_stdlib] OK   sanctus/kchain -> /c/Users/Edwin Boston/OneDrive/Desktop/III/STDLIB/build/iii/sanctus_kchain.iii.o
[build_stdlib] OK   omnia/map -> /c/Users/Edwin Boston/OneDrive/Desktop/III/STDLIB/build/iii/omnia_map.iii.o
[build_stdlib] OK   omnia/set -> /c/Users/Edwin Boston/OneDrive/Desktop/III/STDLIB/build/iii/omnia_set.iii.o
[build_stdlib] OK   omnia/queue -> /c/Users/Edwin Boston/OneDrive/Desktop/III/STDLIB/build/iii/omnia_queue.iii.o
[build_stdlib] OK   omnia/pq -> /c/Users/Edwin Boston/OneDrive/Desktop/III/STDLIB/build/iii/omnia_pq.iii.o
[build_stdlib] OK   omnia/fold -> /c/Users/Edwin Boston/OneDrive/Desktop/III/STDLIB/build/iii/omnia_fold.iii.o
[build_stdlib] OK   omnia/zip -> /c/Users/Edwin Boston/OneDrive/Desktop/III/STDLIB/build/iii/omnia_zip.iii.o
[build_stdlib] OK   omnia/either -> /c/Users/Edwin Boston/OneDrive/Desktop/III/STDLIB/build/iii/omnia_either.iii.o
[build_stdlib] OK   numera/trit -> /c/Users/Edwin Boston/OneDrive/Desktop/III/STDLIB/build/iii/numera_trit.iii.o
[build_stdlib] OK   numera/uncertainty -> /c/Users/Edwin Boston/OneDrive/Desktop/III/STDLIB/build/iii/numera_uncertainty.iii.o
[build_stdlib] OK   omnia/hexad_algebra -> /c/Users/Edwin Boston/OneDrive/Desktop/III/STDLIB/build/iii/omnia_hexad_algebra.iii.o
[build_stdlib] OK   omnia/hexad_pfs -> /c/Users/Edwin Boston/OneDrive/Desktop/III/STDLIB/build/iii/omnia_hexad_pfs.iii.o
[build_stdlib] OK   omnia/hexad_reach -> /c/Users/Edwin Boston/OneDrive/Desktop/III/STDLIB/build/iii/omnia_hexad_reach.iii.o
[build_stdlib] OK   omnia/hexad_epistemic -> /c/Users/Edwin Boston/OneDrive/Desktop/III/STDLIB/build/iii/omnia_hexad_epistemic.iii.o
[build_stdlib] OK   omnia/hexad_mobius -> /c/Users/Edwin Boston/OneDrive/Desktop/III/STDLIB/build/iii/omnia_hexad_mobius.iii.o
[build_stdlib] OK   omnia/hexad_dynamic -> /c/Users/Edwin Boston/OneDrive/Desktop/III/STDLIB/build/iii/omnia_hexad_dynamic.iii.o
[build_stdlib] OK   numera/safety_type -> /c/Users/Edwin Boston/OneDrive/Desktop/III/STDLIB/build/iii/numera_safety_type.iii.o
[build_stdlib] OK   omnia/hexad -> /c/Users/Edwin Boston/OneDrive/Desktop/III/STDLIB/build/iii/omnia_hexad.iii.o
[build_stdlib] OK   omnia/spec_probe -> /c/Users/Edwin Boston/OneDrive/Desktop/III/STDLIB/build/iii/omnia_spec_probe.iii.o
[build_stdlib] OK   numera/checked -> /c/Users/Edwin Boston/OneDrive/Desktop/III/STDLIB/build/iii/numera_checked.iii.o
[build_stdlib] OK   numera/modular -> /c/Users/Edwin Boston/OneDrive/Desktop/III/STDLIB/build/iii/numera_modular.iii.o
[build_stdlib] OK   numera/fixed -> /c/Users/Edwin Boston/OneDrive/Desktop/III/STDLIB/build/iii/numera_fixed.iii.o
[build_stdlib] OK   numera/q128 -> /c/Users/Edwin Boston/OneDrive/Desktop/III/STDLIB/build/iii/numera_q128.iii.o
[build_stdlib] OK   verba/parse -> /c/Users/Edwin Boston/OneDrive/Desktop/III/STDLIB/build/iii/verba_parse.iii.o
[build_stdlib] OK   verba/markup -> /c/Users/Edwin Boston/OneDrive/Desktop/III/STDLIB/build/iii/verba_markup.iii.o
[build_stdlib] OK   numera/bigint -> /c/Users/Edwin Boston/OneDrive/Desktop/III/STDLIB/build/iii/numera_bigint.iii.o
[build_stdlib] OK   verba/format -> /c/Users/Edwin Boston/OneDrive/Desktop/III/STDLIB/build/iii/verba_format.iii.o
[build_stdlib] OK   verba/regex -> /c/Users/Edwin Boston/OneDrive/Desktop/III/STDLIB/build/iii/verba_regex.iii.o
[build_stdlib] OK   aether/capability -> /c/Users/Edwin Boston/OneDrive/Desktop/III/STDLIB/build/iii/aether_capability.iii.o
[build_stdlib] OK   aether/handle -> /c/Users/Edwin Boston/OneDrive/Desktop/III/STDLIB/build/iii/aether_handle.iii.o
[build_stdlib] OK   aether/fs -> /c/Users/Edwin Boston/OneDrive/Desktop/III/STDLIB/build/iii/aether_fs.iii.o
[build_stdlib] OK   tempora/instant -> /c/Users/Edwin Boston/OneDrive/Desktop/III/STDLIB/build/iii/tempora_instant.iii.o
[build_stdlib] OK   tempora/duration -> /c/Users/Edwin Boston/OneDrive/Desktop/III/STDLIB/build/iii/tempora_duration.iii.o
[build_stdlib] OK   tempora/deadline -> /c/Users/Edwin Boston/OneDrive/Desktop/III/STDLIB/build/iii/tempora_deadline.iii.o
[build_stdlib] OK   sanctus/witness -> /c/Users/Edwin Boston/OneDrive/Desktop/III/STDLIB/build/iii/sanctus_witness.iii.o
[build_stdlib] OK   sanctus/attest -> /c/Users/Edwin Boston/OneDrive/Desktop/III/STDLIB/build/iii/sanctus_attest.iii.o
[build_stdlib] OK   omnia/crystal -> /c/Users/Edwin Boston/OneDrive/Desktop/III/STDLIB/build/iii/omnia_crystal.iii.o
[build_stdlib] OK   sanctus/mandate -> /c/Users/Edwin Boston/OneDrive/Desktop/III/STDLIB/build/iii/sanctus_mandate.iii.o
[build_stdlib] OK   sanctus/closure -> /c/Users/Edwin Boston/OneDrive/Desktop/III/STDLIB/build/iii/sanctus_closure.iii.o
[build_stdlib] OK   sanctus/legacy_artifact -> /c/Users/Edwin Boston/OneDrive/Desktop/III/STDLIB/build/iii/sanctus_legacy_artifact.iii.o
[build_stdlib] OK   sanctus/sovereign_witness -> /c/Users/Edwin Boston/OneDrive/Desktop/III/STDLIB/build/iii/sanctus_sovereign_witness.iii.o
[build_stdlib] OK   numera/bigint_div -> /c/Users/Edwin Boston/OneDrive/Desktop/III/STDLIB/build/iii/numera_bigint_div.iii.o
[build_stdlib] OK   numera/field -> /c/Users/Edwin Boston/OneDrive/Desktop/III/STDLIB/build/iii/numera_field.iii.o
[build_stdlib] OK   verba/normalise_ascii -> /c/Users/Edwin Boston/OneDrive/Desktop/III/STDLIB/build/iii/verba_normalise_ascii.iii.o
[build_stdlib] OK   aether/net -> /c/Users/Edwin Boston/OneDrive/Desktop/III/STDLIB/build/iii/aether_net.iii.o
[build_stdlib] OK   verba/json -> /c/Users/Edwin Boston/OneDrive/Desktop/III/STDLIB/build/iii/verba_json.iii.o
[build_stdlib] OK   numera/sha512 -> /c/Users/Edwin Boston/OneDrive/Desktop/III/STDLIB/build/iii/numera_sha512.iii.o
[build_stdlib] OK   aether/http_client -> /c/Users/Edwin Boston/OneDrive/Desktop/III/STDLIB/build/iii/aether_http_client.iii.o
[build_stdlib] OK   numera/fe25519 -> /c/Users/Edwin Boston/OneDrive/Desktop/III/STDLIB/build/iii/numera_fe25519.iii.o
[build_stdlib] OK   numera/ed_scalar_modl -> /c/Users/Edwin Boston/OneDrive/Desktop/III/STDLIB/build/iii/numera_ed_scalar_modl.iii.o
[build_stdlib] OK   numera/crypt_ed25519 -> /c/Users/Edwin Boston/OneDrive/Desktop/III/STDLIB/build/iii/numera_crypt_ed25519.iii.o
[build_stdlib] OK   numera/founders_anchor -> /c/Users/Edwin Boston/OneDrive/Desktop/III/STDLIB/build/iii/numera_founders_anchor.iii.o
[build_stdlib] OK   numera/constants -> /c/Users/Edwin Boston/OneDrive/Desktop/III/STDLIB/build/iii/numera_constants.iii.o
[build_stdlib] OK   numera/aes -> /c/Users/Edwin Boston/OneDrive/Desktop/III/STDLIB/build/iii/numera_aes.iii.o
[build_stdlib] OK   numera/aes_gcm -> /c/Users/Edwin Boston/OneDrive/Desktop/III/STDLIB/build/iii/numera_aes_gcm.iii.o
[build_stdlib] OK   numera/aes_siv -> /c/Users/Edwin Boston/OneDrive/Desktop/III/STDLIB/build/iii/numera_aes_siv.iii.o
[build_stdlib] OK   aether/http_server -> /c/Users/Edwin Boston/OneDrive/Desktop/III/STDLIB/build/iii/aether_http_server.iii.o
[build_stdlib] OK   verba/uri -> /c/Users/Edwin Boston/OneDrive/Desktop/III/STDLIB/build/iii/verba_uri.iii.o
[build_stdlib] OK   numera/chacha20 -> /c/Users/Edwin Boston/OneDrive/Desktop/III/STDLIB/build/iii/numera_chacha20.iii.o
[build_stdlib] OK   numera/poly1305 -> /c/Users/Edwin Boston/OneDrive/Desktop/III/STDLIB/build/iii/numera_poly1305.iii.o
[build_stdlib] OK   numera/chacha20_poly1305 -> /c/Users/Edwin Boston/OneDrive/Desktop/III/STDLIB/build/iii/numera_chacha20_poly1305.iii.o
[build_stdlib] OK   numera/xchacha20_poly1305 -> /c/Users/Edwin Boston/OneDrive/Desktop/III/STDLIB/build/iii/numera_xchacha20_poly1305.iii.o
[build_stdlib] OK   numera/x25519 -> /c/Users/Edwin Boston/OneDrive/Desktop/III/STDLIB/build/iii/numera_x25519.iii.o
[build_stdlib] OK   verba/normalise -> /c/Users/Edwin Boston/OneDrive/Desktop/III/STDLIB/build/iii/verba_normalise.iii.o
[build_stdlib] OK   numera/hmac -> /c/Users/Edwin Boston/OneDrive/Desktop/III/STDLIB/build/iii/numera_hmac.iii.o
[build_stdlib] OK   numera/drbg -> /c/Users/Edwin Boston/OneDrive/Desktop/III/STDLIB/build/iii/numera_drbg.iii.o
[build_stdlib] OK   numera/fp256 -> /c/Users/Edwin Boston/OneDrive/Desktop/III/STDLIB/build/iii/numera_fp256.iii.o
[build_stdlib] OK   numera/fn256 -> /c/Users/Edwin Boston/OneDrive/Desktop/III/STDLIB/build/iii/numera_fn256.iii.o
[build_stdlib] OK   numera/ec256 -> /c/Users/Edwin Boston/OneDrive/Desktop/III/STDLIB/build/iii/numera_ec256.iii.o
[build_stdlib] OK   numera/ecdsa_p256 -> /c/Users/Edwin Boston/OneDrive/Desktop/III/STDLIB/build/iii/numera_ecdsa_p256.iii.o
[build_stdlib] OK   numera/fp384 -> /c/Users/Edwin Boston/OneDrive/Desktop/III/STDLIB/build/iii/numera_fp384.iii.o
[build_stdlib] OK   numera/fn384 -> /c/Users/Edwin Boston/OneDrive/Desktop/III/STDLIB/build/iii/numera_fn384.iii.o
[build_stdlib] OK   numera/ec384 -> /c/Users/Edwin Boston/OneDrive/Desktop/III/STDLIB/build/iii/numera_ec384.iii.o
[build_stdlib] OK   numera/ecdsa_p384 -> /c/Users/Edwin Boston/OneDrive/Desktop/III/STDLIB/build/iii/numera_ecdsa_p384.iii.o
[build_stdlib] OK   numera/rsa -> /c/Users/Edwin Boston/OneDrive/Desktop/III/STDLIB/build/iii/numera_rsa.iii.o
[build_stdlib] OK   numera/zk_field -> /c/Users/Edwin Boston/OneDrive/Desktop/III/STDLIB/build/iii/numera_zk_field.iii.o
[build_stdlib] OK   numera/zk_snark -> /c/Users/Edwin Boston/OneDrive/Desktop/III/STDLIB/build/iii/numera_zk_snark.iii.o
[build_stdlib] OK   numera/zk_stark -> /c/Users/Edwin Boston/OneDrive/Desktop/III/STDLIB/build/iii/numera_zk_stark.iii.o
[build_stdlib] OK   numera/zk_air -> /c/Users/Edwin Boston/OneDrive/Desktop/III/STDLIB/build/iii/numera_zk_air.iii.o
[build_stdlib] OK   numera/zk_prune -> /c/Users/Edwin Boston/OneDrive/Desktop/III/STDLIB/build/iii/numera_zk_prune.iii.o
[build_stdlib] OK   verba/base64 -> /c/Users/Edwin Boston/OneDrive/Desktop/III/STDLIB/build/iii/verba_base64.iii.o
[build_stdlib] OK   numera/hkdf -> /c/Users/Edwin Boston/OneDrive/Desktop/III/STDLIB/build/iii/numera_hkdf.iii.o
[build_stdlib] OK   numera/crc32 -> /c/Users/Edwin Boston/OneDrive/Desktop/III/STDLIB/build/iii/numera_crc32.iii.o
[build_stdlib] OK   numera/blake2s -> /c/Users/Edwin Boston/OneDrive/Desktop/III/STDLIB/build/iii/numera_blake2s.iii.o
[build_stdlib] OK   numera/xoshiro -> /c/Users/Edwin Boston/OneDrive/Desktop/III/STDLIB/build/iii/numera_xoshiro.iii.o
[build_stdlib] OK   numera/pbkdf2 -> /c/Users/Edwin Boston/OneDrive/Desktop/III/STDLIB/build/iii/numera_pbkdf2.iii.o
[build_stdlib] OK   verba/uuid -> /c/Users/Edwin Boston/OneDrive/Desktop/III/STDLIB/build/iii/verba_uuid.iii.o
[build_stdlib] OK   numera/murmur3 -> /c/Users/Edwin Boston/OneDrive/Desktop/III/STDLIB/build/iii/numera_murmur3.iii.o
[build_stdlib] OK   numera/ntt -> /c/Users/Edwin Boston/OneDrive/Desktop/III/STDLIB/build/iii/numera_ntt.iii.o
[build_stdlib] OK   numera/ntt_fri_organ -> /c/Users/Edwin Boston/OneDrive/Desktop/III/STDLIB/build/iii/numera_ntt_fri_organ.iii.o
[build_stdlib] OK   numera/zk_stark_seal -> /c/Users/Edwin Boston/OneDrive/Desktop/III/STDLIB/build/iii/numera_zk_stark_seal.iii.o
[build_stdlib] OK   numera/ntt_bigint -> /c/Users/Edwin Boston/OneDrive/Desktop/III/STDLIB/build/iii/numera_ntt_bigint.iii.o
[build_stdlib] OK   verba/csv -> /c/Users/Edwin Boston/OneDrive/Desktop/III/STDLIB/build/iii/verba_csv.iii.o
[build_stdlib] OK   verba/ini -> /c/Users/Edwin Boston/OneDrive/Desktop/III/STDLIB/build/iii/verba_ini.iii.o
[build_stdlib] OK   verba/leb128 -> /c/Users/Edwin Boston/OneDrive/Desktop/III/STDLIB/build/iii/verba_leb128.iii.o
[build_stdlib] OK   verba/base32 -> /c/Users/Edwin Boston/OneDrive/Desktop/III/STDLIB/build/iii/verba_base32.iii.o
[build_stdlib] OK   verba/ulid -> /c/Users/Edwin Boston/OneDrive/Desktop/III/STDLIB/build/iii/verba_ulid.iii.o
[build_stdlib] OK   tempora/calendar -> /c/Users/Edwin Boston/OneDrive/Desktop/III/STDLIB/build/iii/tempora_calendar.iii.o
[build_stdlib] OK   tempora/rfc3339 -> /c/Users/Edwin Boston/OneDrive/Desktop/III/STDLIB/build/iii/tempora_rfc3339.iii.o
[build_stdlib] OK   memoria/seal_organ -> /c/Users/Edwin Boston/OneDrive/Desktop/III/STDLIB/build/iii/memoria_seal_organ.iii.o
[build_stdlib] OK   verba/timing_safe -> /c/Users/Edwin Boston/OneDrive/Desktop/III/STDLIB/build/iii/verba_timing_safe.iii.o
[build_stdlib] OK   numera/endian -> /c/Users/Edwin Boston/OneDrive/Desktop/III/STDLIB/build/iii/numera_endian.iii.o
[build_stdlib] OK   verba/path -> /c/Users/Edwin Boston/OneDrive/Desktop/III/STDLIB/build/iii/verba_path.iii.o
[build_stdlib] OK   verba/html_escape -> /c/Users/Edwin Boston/OneDrive/Desktop/III/STDLIB/build/iii/verba_html_escape.iii.o
[build_stdlib] OK   omnia/crystal_deps -> /c/Users/Edwin Boston/OneDrive/Desktop/III/STDLIB/build/iii/omnia_crystal_deps.iii.o
[build_stdlib] OK   sanctus/quality -> /c/Users/Edwin Boston/OneDrive/Desktop/III/STDLIB/build/iii/sanctus_quality.iii.o
[build_stdlib] OK   omnia/ripple -> /c/Users/Edwin Boston/OneDrive/Desktop/III/STDLIB/build/iii/omnia_ripple.iii.o
[build_stdlib] OK   numera/bitops -> /c/Users/Edwin Boston/OneDrive/Desktop/III/STDLIB/build/iii/numera_bitops.iii.o
[build_stdlib] OK   aether/inet -> /c/Users/Edwin Boston/OneDrive/Desktop/III/STDLIB/build/iii/aether_inet.iii.o
[build_stdlib] OK   verba/semver -> /c/Users/Edwin Boston/OneDrive/Desktop/III/STDLIB/build/iii/verba_semver.iii.o
[build_stdlib] OK   omnia/proof_ripple -> /c/Users/Edwin Boston/OneDrive/Desktop/III/STDLIB/build/iii/omnia_proof_ripple.iii.o
[build_stdlib] OK   verba/glob -> /c/Users/Edwin Boston/OneDrive/Desktop/III/STDLIB/build/iii/verba_glob.iii.o
[build_stdlib] OK   omnia/list -> /c/Users/Edwin Boston/OneDrive/Desktop/III/STDLIB/build/iii/omnia_list.iii.o
[build_stdlib] OK   omnia/lru -> /c/Users/Edwin Boston/OneDrive/Desktop/III/STDLIB/build/iii/omnia_lru.iii.o
[build_stdlib] OK   omnia/dynamic_record -> /c/Users/Edwin Boston/OneDrive/Desktop/III/STDLIB/build/iii/omnia_dynamic_record.iii.o
[build_stdlib] OK   omnia/jit_swap -> /c/Users/Edwin Boston/OneDrive/Desktop/III/STDLIB/build/iii/omnia_jit_swap.iii.o
[build_stdlib] OK   omnia/layered_seal -> /c/Users/Edwin Boston/OneDrive/Desktop/III/STDLIB/build/iii/omnia_layered_seal.iii.o
[build_stdlib] OK   omnia/dynamic_impact -> /c/Users/Edwin Boston/OneDrive/Desktop/III/STDLIB/build/iii/omnia_dynamic_impact.iii.o
[build_stdlib] OK   numera/field_crystal -> /c/Users/Edwin Boston/OneDrive/Desktop/III/STDLIB/build/iii/numera_field_crystal.iii.o
[build_stdlib] OK   omnia/crystal_edges -> /c/Users/Edwin Boston/OneDrive/Desktop/III/STDLIB/build/iii/omnia_crystal_edges.iii.o
[build_stdlib] OK   numera/bigint_karatsuba -> /c/Users/Edwin Boston/OneDrive/Desktop/III/STDLIB/build/iii/numera_bigint_karatsuba.iii.o
[build_stdlib] OK   numera/q128_f64 -> /c/Users/Edwin Boston/OneDrive/Desktop/III/STDLIB/build/iii/numera_q128_f64.iii.o
[build_stdlib] OK   numera/checked_crystal -> /c/Users/Edwin Boston/OneDrive/Desktop/III/STDLIB/build/iii/numera_checked_crystal.iii.o
[build_stdlib] OK   numera/modular_mont -> /c/Users/Edwin Boston/OneDrive/Desktop/III/STDLIB/build/iii/numera_modular_mont.iii.o
[build_stdlib] OK   numera/fixed_extra -> /c/Users/Edwin Boston/OneDrive/Desktop/III/STDLIB/build/iii/numera_fixed_extra.iii.o
[build_stdlib] OK   numera/scalar_provenance -> /c/Users/Edwin Boston/OneDrive/Desktop/III/STDLIB/build/iii/numera_scalar_provenance.iii.o
[build_stdlib] OK   numera/cpufeat -> /c/Users/Edwin Boston/OneDrive/Desktop/III/STDLIB/build/iii/numera_cpufeat.iii.o
[build_stdlib] OK   numera/sha256_dispatch -> /c/Users/Edwin Boston/OneDrive/Desktop/III/STDLIB/build/iii/numera_sha256_dispatch.iii.o
[build_stdlib] OK   aether/tcp -> /c/Users/Edwin Boston/OneDrive/Desktop/III/STDLIB/build/iii/aether_tcp.iii.o
[build_stdlib] OK   aether/http -> /c/Users/Edwin Boston/OneDrive/Desktop/III/STDLIB/build/iii/aether_http.iii.o
[build_stdlib] OK   omnia/async -> /c/Users/Edwin Boston/OneDrive/Desktop/III/STDLIB/build/iii/omnia_async.iii.o
[build_stdlib] OK   numera/keccak -> /c/Users/Edwin Boston/OneDrive/Desktop/III/STDLIB/build/iii/numera_keccak.iii.o
[build_stdlib] OK   numera/keccak256 -> /c/Users/Edwin Boston/OneDrive/Desktop/III/STDLIB/build/iii/numera_keccak256.iii.o
[build_stdlib] OK   numera/identifier -> /c/Users/Edwin Boston/OneDrive/Desktop/III/STDLIB/build/iii/numera_identifier.iii.o
[build_stdlib] OK   numera/cad -> /c/Users/Edwin Boston/OneDrive/Desktop/III/STDLIB/build/iii/numera_cad.iii.o
[build_stdlib] OK   numera/h2_charter -> /c/Users/Edwin Boston/OneDrive/Desktop/III/STDLIB/build/iii/numera_h2_charter.iii.o
[build_stdlib] OK   numera/h1_charter -> /c/Users/Edwin Boston/OneDrive/Desktop/III/STDLIB/build/iii/numera_h1_charter.iii.o
[build_stdlib] OK   numera/h3_charter -> /c/Users/Edwin Boston/OneDrive/Desktop/III/STDLIB/build/iii/numera_h3_charter.iii.o
[build_stdlib] OK   numera/h8_charter -> /c/Users/Edwin Boston/OneDrive/Desktop/III/STDLIB/build/iii/numera_h8_charter.iii.o
[build_stdlib] OK   numera/h10_charter -> /c/Users/Edwin Boston/OneDrive/Desktop/III/STDLIB/build/iii/numera_h10_charter.iii.o
[build_stdlib] OK   numera/h6_charter -> /c/Users/Edwin Boston/OneDrive/Desktop/III/STDLIB/build/iii/numera_h6_charter.iii.o
[build_stdlib] OK   numera/h9_charter -> /c/Users/Edwin Boston/OneDrive/Desktop/III/STDLIB/build/iii/numera_h9_charter.iii.o
[build_stdlib] OK   numera/h11_charter -> /c/Users/Edwin Boston/OneDrive/Desktop/III/STDLIB/build/iii/numera_h11_charter.iii.o
[build_stdlib] OK   numera/h4_charter -> /c/Users/Edwin Boston/OneDrive/Desktop/III/STDLIB/build/iii/numera_h4_charter.iii.o
[build_stdlib] OK   numera/h5_charter -> /c/Users/Edwin Boston/OneDrive/Desktop/III/STDLIB/build/iii/numera_h5_charter.iii.o
[build_stdlib] OK   numera/h7_charter -> /c/Users/Edwin Boston/OneDrive/Desktop/III/STDLIB/build/iii/numera_h7_charter.iii.o
[build_stdlib] OK   numera/h12_charter -> /c/Users/Edwin Boston/OneDrive/Desktop/III/STDLIB/build/iii/numera_h12_charter.iii.o
[build_stdlib] OK   numera/h13_charter -> /c/Users/Edwin Boston/OneDrive/Desktop/III/STDLIB/build/iii/numera_h13_charter.iii.o
[build_stdlib] OK   numera/charter_terminal -> /c/Users/Edwin Boston/OneDrive/Desktop/III/STDLIB/build/iii/numera_charter_terminal.iii.o
[build_stdlib] OK   numera/algebraic_time -> /c/Users/Edwin Boston/OneDrive/Desktop/III/STDLIB/build/iii/numera_algebraic_time.iii.o
[build_stdlib] OK   aether/witness_hook -> /c/Users/Edwin Boston/OneDrive/Desktop/III/STDLIB/build/iii/aether_witness_hook.iii.o
[build_stdlib] OK   sanctus/observe -> /c/Users/Edwin Boston/OneDrive/Desktop/III/STDLIB/build/iii/sanctus_observe.iii.o
[build_stdlib] OK   sanctus/onelang -> /c/Users/Edwin Boston/OneDrive/Desktop/III/STDLIB/build/iii/sanctus_onelang.iii.o
[build_stdlib] OK   aether/hotstuff -> /c/Users/Edwin Boston/OneDrive/Desktop/III/STDLIB/build/iii/aether_hotstuff.iii.o
[build_stdlib] OK   aether/hotstuff_predict -> /c/Users/Edwin Boston/OneDrive/Desktop/III/STDLIB/build/iii/aether_hotstuff_predict.iii.o
[build_stdlib] OK   aether/hotstuff_unified -> /c/Users/Edwin Boston/OneDrive/Desktop/III/STDLIB/build/iii/aether_hotstuff_unified.iii.o
[build_stdlib] OK   aether/hotstuff_predict_opt -> /c/Users/Edwin Boston/OneDrive/Desktop/III/STDLIB/build/iii/aether_hotstuff_predict_opt.iii.o
[build_stdlib] OK   aether/hotstuff_heal -> /c/Users/Edwin Boston/OneDrive/Desktop/III/STDLIB/build/iii/aether_hotstuff_heal.iii.o
[build_stdlib] OK   numera/sha3_256 -> /c/Users/Edwin Boston/OneDrive/Desktop/III/STDLIB/build/iii/numera_sha3_256.iii.o
[build_stdlib] OK   numera/sha3_512 -> /c/Users/Edwin Boston/OneDrive/Desktop/III/STDLIB/build/iii/numera_sha3_512.iii.o
[build_stdlib] OK   numera/shake128 -> /c/Users/Edwin Boston/OneDrive/Desktop/III/STDLIB/build/iii/numera_shake128.iii.o
[build_stdlib] OK   numera/shake256 -> /c/Users/Edwin Boston/OneDrive/Desktop/III/STDLIB/build/iii/numera_shake256.iii.o
[build_stdlib] OK   numera/pq_params -> /c/Users/Edwin Boston/OneDrive/Desktop/III/STDLIB/build/iii/numera_pq_params.iii.o
[build_stdlib] OK   numera/ntt_ctx -> /c/Users/Edwin Boston/OneDrive/Desktop/III/STDLIB/build/iii/numera_ntt_ctx.iii.o
[build_stdlib] OK   numera/keccak_sponge -> /c/Users/Edwin Boston/OneDrive/Desktop/III/STDLIB/build/iii/numera_keccak_sponge.iii.o
[build_stdlib] OK   numera/mldsa -> /c/Users/Edwin Boston/OneDrive/Desktop/III/STDLIB/build/iii/numera_mldsa.iii.o
[build_stdlib] OK   numera/mlkem -> /c/Users/Edwin Boston/OneDrive/Desktop/III/STDLIB/build/iii/numera_mlkem.iii.o
[build_stdlib] OK   numera/slhdsa -> /c/Users/Edwin Boston/OneDrive/Desktop/III/STDLIB/build/iii/numera_slhdsa.iii.o
[build_stdlib] OK   numera/pq_dispatch -> /c/Users/Edwin Boston/OneDrive/Desktop/III/STDLIB/build/iii/numera_pq_dispatch.iii.o
[build_stdlib] OK   sanctus/mandate_m22 -> /c/Users/Edwin Boston/OneDrive/Desktop/III/STDLIB/build/iii/sanctus_mandate_m22.iii.o
[build_stdlib] OK   sanctus/quality_q7 -> /c/Users/Edwin Boston/OneDrive/Desktop/III/STDLIB/build/iii/sanctus_quality_q7.iii.o
[build_stdlib] OK   sanctus/seal_resolver -> /c/Users/Edwin Boston/OneDrive/Desktop/III/STDLIB/build/iii/sanctus_seal_resolver.iii.o
[build_stdlib] OK   verba/pattern -> /c/Users/Edwin Boston/OneDrive/Desktop/III/STDLIB/build/iii/verba_pattern.iii.o
[build_stdlib] OK   sanctus/resolver_replay -> /c/Users/Edwin Boston/OneDrive/Desktop/III/STDLIB/build/iii/sanctus_resolver_replay.iii.o
[build_stdlib] OK   aether/fed_tier -> /c/Users/Edwin Boston/OneDrive/Desktop/III/STDLIB/build/iii/aether_fed_tier.iii.o
[build_stdlib] OK   aether/fed_sybil -> /c/Users/Edwin Boston/OneDrive/Desktop/III/STDLIB/build/iii/aether_fed_sybil.iii.o
[build_stdlib] OK   aether/fed_eclipse -> /c/Users/Edwin Boston/OneDrive/Desktop/III/STDLIB/build/iii/aether_fed_eclipse.iii.o
[build_stdlib] OK   aether/fed_admit -> /c/Users/Edwin Boston/OneDrive/Desktop/III/STDLIB/build/iii/aether_fed_admit.iii.o
[build_stdlib] OK   aether/fed_genesis -> /c/Users/Edwin Boston/OneDrive/Desktop/III/STDLIB/build/iii/aether_fed_genesis.iii.o
[build_stdlib] OK   aether/fed_seal -> /c/Users/Edwin Boston/OneDrive/Desktop/III/STDLIB/build/iii/aether_fed_seal.iii.o
[build_stdlib] OK   omnia/sandbox_ctor -> /c/Users/Edwin Boston/OneDrive/Desktop/III/STDLIB/build/iii/omnia_sandbox_ctor.iii.o
[build_stdlib] OK   omnia/sandbox_quota -> /c/Users/Edwin Boston/OneDrive/Desktop/III/STDLIB/build/iii/omnia_sandbox_quota.iii.o
[build_stdlib] OK   omnia/sandbox_exec -> /c/Users/Edwin Boston/OneDrive/Desktop/III/STDLIB/build/iii/omnia_sandbox_exec.iii.o
[build_stdlib] OK   numera/merkle -> /c/Users/Edwin Boston/OneDrive/Desktop/III/STDLIB/build/iii/numera_merkle.iii.o
[build_stdlib] OK   omnia/obs_log -> /c/Users/Edwin Boston/OneDrive/Desktop/III/STDLIB/build/iii/omnia_obs_log.iii.o
[build_stdlib] OK   omnia/obs_metric -> /c/Users/Edwin Boston/OneDrive/Desktop/III/STDLIB/build/iii/omnia_obs_metric.iii.o
[build_stdlib] OK   omnia/obs_trace -> /c/Users/Edwin Boston/OneDrive/Desktop/III/STDLIB/build/iii/omnia_obs_trace.iii.o
[build_stdlib] OK   omnia/obs_observatory -> /c/Users/Edwin Boston/OneDrive/Desktop/III/STDLIB/build/iii/omnia_obs_observatory.iii.o
[build_stdlib] OK   sanctus/catalyst -> /c/Users/Edwin Boston/OneDrive/Desktop/III/STDLIB/build/iii/sanctus_catalyst.iii.o
[build_stdlib] OK   sanctus/genesis -> /c/Users/Edwin Boston/OneDrive/Desktop/III/STDLIB/build/iii/sanctus_genesis.iii.o
[build_stdlib] OK   sanctus/promote -> /c/Users/Edwin Boston/OneDrive/Desktop/III/STDLIB/build/iii/sanctus_promote.iii.o
[build_stdlib] OK   sanctus/demote -> /c/Users/Edwin Boston/OneDrive/Desktop/III/STDLIB/build/iii/sanctus_demote.iii.o
[build_stdlib] OK   verba/glyph_core -> /c/Users/Edwin Boston/OneDrive/Desktop/III/STDLIB/build/iii/verba_glyph_core.iii.o
[build_stdlib] OK   verba/glyph_u8 -> /c/Users/Edwin Boston/OneDrive/Desktop/III/STDLIB/build/iii/verba_glyph_u8.iii.o
[build_stdlib] OK   verba/glyph_u32 -> /c/Users/Edwin Boston/OneDrive/Desktop/III/STDLIB/build/iii/verba_glyph_u32.iii.o
[build_stdlib] OK   verba/glyph_u64 -> /c/Users/Edwin Boston/OneDrive/Desktop/III/STDLIB/build/iii/verba_glyph_u64.iii.o
[build_stdlib] OK   verba/glyph_i64 -> /c/Users/Edwin Boston/OneDrive/Desktop/III/STDLIB/build/iii/verba_glyph_i64.iii.o
[build_stdlib] OK   verba/glyph_f64 -> /c/Users/Edwin Boston/OneDrive/Desktop/III/STDLIB/build/iii/verba_glyph_f64.iii.o
[build_stdlib] OK   verba/glyph_bytes -> /c/Users/Edwin Boston/OneDrive/Desktop/III/STDLIB/build/iii/verba_glyph_bytes.iii.o
[build_stdlib] OK   verba/glyph_str -> /c/Users/Edwin Boston/OneDrive/Desktop/III/STDLIB/build/iii/verba_glyph_str.iii.o
[build_stdlib] OK   verba/glyph_crystal -> /c/Users/Edwin Boston/OneDrive/Desktop/III/STDLIB/build/iii/verba_glyph_crystal.iii.o
[build_stdlib] OK   verba/glyph_vec -> /c/Users/Edwin Boston/OneDrive/Desktop/III/STDLIB/build/iii/verba_glyph_vec.iii.o
[build_stdlib] OK   verba/glyph_map -> /c/Users/Edwin Boston/OneDrive/Desktop/III/STDLIB/build/iii/verba_glyph_map.iii.o
[build_stdlib] OK   verba/glyph_set -> /c/Users/Edwin Boston/OneDrive/Desktop/III/STDLIB/build/iii/verba_glyph_set.iii.o
[build_stdlib] OK   verba/glyph_enum -> /c/Users/Edwin Boston/OneDrive/Desktop/III/STDLIB/build/iii/verba_glyph_enum.iii.o
[build_stdlib] OK   verba/glyph_record -> /c/Users/Edwin Boston/OneDrive/Desktop/III/STDLIB/build/iii/verba_glyph_record.iii.o
[build_stdlib] OK   verba/glyph_witness -> /c/Users/Edwin Boston/OneDrive/Desktop/III/STDLIB/build/iii/verba_glyph_witness.iii.o
[build_stdlib] OK   verba/glyph_proof -> /c/Users/Edwin Boston/OneDrive/Desktop/III/STDLIB/build/iii/verba_glyph_proof.iii.o
[build_stdlib] OK   verba/glyph_recursive -> /c/Users/Edwin Boston/OneDrive/Desktop/III/STDLIB/build/iii/verba_glyph_recursive.iii.o
[build_stdlib] OK   numera/sat_arith -> /c/Users/Edwin Boston/OneDrive/Desktop/III/STDLIB/build/iii/numera_sat_arith.iii.o
[build_stdlib] OK   verba/intent -> /c/Users/Edwin Boston/OneDrive/Desktop/III/STDLIB/build/iii/verba_intent.iii.o
[build_stdlib] OK   verba/ast_intent -> /c/Users/Edwin Boston/OneDrive/Desktop/III/STDLIB/build/iii/verba_ast_intent.iii.o
[build_stdlib] OK   verba/intent_form -> /c/Users/Edwin Boston/OneDrive/Desktop/III/STDLIB/build/iii/verba_intent_form.iii.o
[build_stdlib] OK   verba/pattern_form -> /c/Users/Edwin Boston/OneDrive/Desktop/III/STDLIB/build/iii/verba_pattern_form.iii.o
[build_stdlib] OK   omnia/call_context -> /c/Users/Edwin Boston/OneDrive/Desktop/III/STDLIB/build/iii/omnia_call_context.iii.o
[build_stdlib] OK   omnia/unify -> /c/Users/Edwin Boston/OneDrive/Desktop/III/STDLIB/build/iii/omnia_unify.iii.o
[build_stdlib] OK   omnia/pattern_table -> /c/Users/Edwin Boston/OneDrive/Desktop/III/STDLIB/build/iii/omnia_pattern_table.iii.o
[build_stdlib] OK   omnia/resolver -> /c/Users/Edwin Boston/OneDrive/Desktop/III/STDLIB/build/iii/omnia_resolver.iii.o
[build_stdlib] OK   omnia/proof_resolve -> /c/Users/Edwin Boston/OneDrive/Desktop/III/STDLIB/build/iii/omnia_proof_resolve.iii.o
[build_stdlib] OK   omnia/resolver_replay -> /c/Users/Edwin Boston/OneDrive/Desktop/III/STDLIB/build/iii/omnia_resolver_replay.iii.o
[build_stdlib] OK   omnia/proof_ripple_resolution -> /c/Users/Edwin Boston/OneDrive/Desktop/III/STDLIB/build/iii/omnia_proof_ripple_resolution.iii.o
[build_stdlib] OK   omnia/transform -> /c/Users/Edwin Boston/OneDrive/Desktop/III/STDLIB/build/iii/omnia_transform.iii.o
[build_stdlib] OK   verba/transform_form -> /c/Users/Edwin Boston/OneDrive/Desktop/III/STDLIB/build/iii/verba_transform_form.iii.o
[build_stdlib] OK   omnia/transform_patterns -> /c/Users/Edwin Boston/OneDrive/Desktop/III/STDLIB/build/iii/omnia_transform_patterns.iii.o
rm: cannot remove '/c/Users/Edwin Boston/OneDrive/Desktop/III/STDLIB/build/iii/omnia_codegen_patterns.iii.o': Device or resource busy
BUILD_EXIT=1
### DONE Sun, Jun  7, 2026  5:29:13 PM ###
