############## RUN_CORPUS (full, per-test) ##############
[run_corpus] iiis = /c/Users/Edwin Boston/OneDrive/Desktop/III/COMPILED/iiis-2.exe
[run_corpus] FATAL: no EXPECTED entry for conformance test '1214_bv_kernel_differential'
             -> add it to the EXPECTED table, or move the test to the XII corpus (>=280)
RUN_CORPUS_EXIT=3
############## BUILD_IIIS2 --check-corpus (bootstrap integrity for change B) ##############
[iiis-2 build] [PHASE] compile-c  t=0s
[iiis-2 build] skip acc.c (ported to .iii)
[iiis-2 build] skip ast.c (ported to .iii)
[iiis-2 build] skip ceiling.c (ported to .iii)
[iiis-2 build] skip cg_r0.c (ported to .iii)
[iiis-2 build] skip cg_r3.c (ported to .iii)
[iiis-2 build] skip cg_rm1.c (ported to .iii)
[iiis-2 build] skip cg_rm2.c (ported to .iii)
[iiis-2 build] skip emit.c (ported to .iii)
[iiis-2 build] skip hexad_check.c (ported to .iii)
[iiis-2 build] skip iii_cg_pe_iiis1.c (ported to .iii)
[iiis-2 build] skip jit_emit.c (ported to .iii)
[iiis-2 build] skip lex.c (ported to .iii)
[iiis-2 build] skip link.c (ported to .iii)
[iiis-2 build] skip main.c (ported to .iii)
[iiis-2 build] skip parse.c (ported to .iii)
[iiis-2 build] skip proof.c (ported to .iii)
[iiis-2 build] skip sema.c (ported to .iii)
[iiis-2 build] skip sid.c (ported to .iii)
[iiis-2 build] skip witness_alloc.c (ported to .iii)
[iiis-2 build] [PHASE] compile-iii  t=0s
[iiis-2 build] iiis-0 /c/Users/Edwin Boston/OneDrive/Desktop/III/COMPILER/BOOT/acc.iii -> /tmp/iiis1-build.xq0l7u/obj/acc.iii.o
[iiis-2 build] iiis-0 /c/Users/Edwin Boston/OneDrive/Desktop/III/COMPILER/BOOT/affine_audit.iii -> /tmp/iiis1-build.xq0l7u/obj/affine_audit.iii.o
[iiis-2 build] iiis-0 /c/Users/Edwin Boston/OneDrive/Desktop/III/COMPILER/BOOT/ast.iii -> /tmp/iiis1-build.xq0l7u/obj/ast.iii.o
[iiis-2 build] iiis-0 /c/Users/Edwin Boston/OneDrive/Desktop/III/COMPILER/BOOT/ceiling.iii -> /tmp/iiis1-build.xq0l7u/obj/ceiling.iii.o
[iiis-2 build] iiis-0 /c/Users/Edwin Boston/OneDrive/Desktop/III/COMPILER/BOOT/cg_r0.iii -> /tmp/iiis1-build.xq0l7u/obj/cg_r0.iii.o
[iiis-2 build] iiis-0 /c/Users/Edwin Boston/OneDrive/Desktop/III/COMPILER/BOOT/cg_r3.iii -> /tmp/iiis1-build.xq0l7u/obj/cg_r3.iii.o
[iiis-2 build] iiis-0 /c/Users/Edwin Boston/OneDrive/Desktop/III/COMPILER/BOOT/cg_r3_xii.iii -> /tmp/iiis1-build.xq0l7u/obj/cg_r3_xii.iii.o
[iiis-2 build] iiis-0 /c/Users/Edwin Boston/OneDrive/Desktop/III/COMPILER/BOOT/cg_r3_xii_adapter.iii -> /tmp/iiis1-build.xq0l7u/obj/cg_r3_xii_adapter.iii.o
[iiis-2 build] iiis-0 /c/Users/Edwin Boston/OneDrive/Desktop/III/COMPILER/BOOT/cg_rm1.iii -> /tmp/iiis1-build.xq0l7u/obj/cg_rm1.iii.o
[iiis-2 build] iiis-0 /c/Users/Edwin Boston/OneDrive/Desktop/III/COMPILER/BOOT/cg_rm2.iii -> /tmp/iiis1-build.xq0l7u/obj/cg_rm2.iii.o
[iiis-2 build] iiis-0 /c/Users/Edwin Boston/OneDrive/Desktop/III/COMPILER/BOOT/cg_sha.iii -> /tmp/iiis1-build.xq0l7u/obj/cg_sha.iii.o
[iiis-2 build] iiis-0 /c/Users/Edwin Boston/OneDrive/Desktop/III/COMPILER/BOOT/cg_typeclass.iii -> /tmp/iiis1-build.xq0l7u/obj/cg_typeclass.iii.o
[iiis-2 build] iiis-0 /c/Users/Edwin Boston/OneDrive/Desktop/III/COMPILER/BOOT/emit.iii -> /tmp/iiis1-build.xq0l7u/obj/emit.iii.o
[iiis-2 build] iiis-0 /c/Users/Edwin Boston/OneDrive/Desktop/III/COMPILER/BOOT/emit_sanctum.iii -> /tmp/iiis1-build.xq0l7u/obj/emit_sanctum.iii.o
[iiis-2 build] iiis-0 /c/Users/Edwin Boston/OneDrive/Desktop/III/COMPILER/BOOT/hexad_check.iii -> /tmp/iiis1-build.xq0l7u/obj/hexad_check.iii.o
[iiis-2 build] iiis-0 /c/Users/Edwin Boston/OneDrive/Desktop/III/COMPILER/BOOT/iii_cg_pe_iiis1.iii -> /tmp/iiis1-build.xq0l7u/obj/iii_cg_pe_iiis1.iii.o
[iiis-2 build] iiis-0 /c/Users/Edwin Boston/OneDrive/Desktop/III/COMPILER/BOOT/jit_emit.iii -> /tmp/iiis1-build.xq0l7u/obj/jit_emit.iii.o
[iiis-2 build] iiis-0 /c/Users/Edwin Boston/OneDrive/Desktop/III/COMPILER/BOOT/lex.iii -> /tmp/iiis1-build.xq0l7u/obj/lex.iii.o
[iiis-2 build] iiis-0 /c/Users/Edwin Boston/OneDrive/Desktop/III/COMPILER/BOOT/lex_rt.iii -> /tmp/iiis1-build.xq0l7u/obj/lex_rt.iii.o
[iiis-2 build] iiis-0 /c/Users/Edwin Boston/OneDrive/Desktop/III/COMPILER/BOOT/link.iii -> /tmp/iiis1-build.xq0l7u/obj/link.iii.o
[iiis-2 build] iiis-0 /c/Users/Edwin Boston/OneDrive/Desktop/III/COMPILER/BOOT/main.iii -> /tmp/iiis1-build.xq0l7u/obj/main.iii.o
[iiis-2 build] iiis-0 /c/Users/Edwin Boston/OneDrive/Desktop/III/COMPILER/BOOT/parse.iii -> /tmp/iiis1-build.xq0l7u/obj/parse.iii.o
[iiis-2 build] iiis-0 /c/Users/Edwin Boston/OneDrive/Desktop/III/COMPILER/BOOT/proof.iii -> /tmp/iiis1-build.xq0l7u/obj/proof.iii.o
[iiis-2 build] iiis-0 /c/Users/Edwin Boston/OneDrive/Desktop/III/COMPILER/BOOT/sema.iii -> /tmp/iiis1-build.xq0l7u/obj/sema.iii.o
[iiis-2 build] iiis-0 /c/Users/Edwin Boston/OneDrive/Desktop/III/COMPILER/BOOT/sema_xii_adapter.iii -> /tmp/iiis1-build.xq0l7u/obj/sema_xii_adapter.iii.o
[iiis-2 build] iiis-0 /c/Users/Edwin Boston/OneDrive/Desktop/III/COMPILER/BOOT/sid.iii -> /tmp/iiis1-build.xq0l7u/obj/sid.iii.o
[iiis-2 build] iiis-0 /c/Users/Edwin Boston/OneDrive/Desktop/III/COMPILER/BOOT/witness_alloc.iii -> /tmp/iiis1-build.xq0l7u/obj/witness_alloc.iii.o
[iiis-2 build] iiis-0 /c/Users/Edwin Boston/OneDrive/Desktop/III/COMPILER/BOOT/xii_ldil.iii -> /tmp/iiis1-build.xq0l7u/obj/xii_ldil.iii.o
[iiis-2 build] [PHASE] link  t=8s
[iiis-2 build] link -> COMPILED/_iiis2_verify.exe
[iiis-2 build] linking with stdlib (XII enabled): /c/Users/Edwin Boston/OneDrive/Desktop/III/STDLIB/build/iii/libiii_native.a
[iiis-2 build] [PHASE] verify  t=8s
[iiis-2 build] mhash: ed15fcc420bd03c806654cf527340f12c2d8ad421d3b6cee232aa5429a7e0d13
[iiis-2 build] witness: COMPILED/_iiis2_verify.exe.witness.json
[iiis-2 build] OK: COMPILED/_iiis2_verify.exe
[iiis-2 build] [PHASE] check-corpus  t=8s
[iiis-2 build] corpus equivalence: 0 passed, 59 failed
[iiis-2 build] failed: 01_return_const(iiis1) 02_arithmetic(iiis1) 03_let_local(iiis1) 04_call_other(iiis1) 05_param(iiis1) 06_bitwise(iiis1) 07_compare(iiis1) 08_match(iiis1) 09_unary(iiis1) 10_extern(iiis1) 11_assign(iiis1) 12_const_decl(iiis1) 13_for_loop(iiis1) 14_modifier_cycle(iiis1) 15_string_literal(iiis1) 16_if_else(iiis1) 17_while(iiis1) 18_else_if(iiis1) 19_cast(iiis1) 20_sizeof(iiis1) 21_pointer(iiis1) 22_array_via_ptr(iiis1) 23_struct_decl(iiis1) 24_var_global(iiis1) 25_array_init(iiis1) 26_fnptr(iiis1) 27_string_index(iiis1) 28_extern_msvc(iiis1) 29_struct_instance(iiis1) 30_byte_index(iiis1) 31_sat_arith(iiis1) 32_intent_seal(iiis1) 33_unify_basic(iiis1) 34_unify_occurs(iiis1) 35_unify_arity(iiis1) 36_unify_depth(iiis1) 37_pattern_register_after_seal(iiis1) 38_score_table(iiis1) 39_resolve_simple(iiis1) 40_resolve_tiebreak(iiis1) 41_resolve_ambiguous(iiis1) 42_resolve_nomatch(iiis1) 43_resolve_no_recompute_observable(iiis1) 44_metapattern_set(iiis1) 45_replay_witness(iiis1) 46_q7_gate_pos(iiis1) 47_q7_gate_neg(iiis1) 48_m22_audit(iiis1) 49_proof_ripple_pattern(iiis1) 50_sid_inverse(iiis1) 51_resolve_syntax(iiis1) 52_call_via_resolver(iiis1) 53_resolve_no_self_recursion(iiis1) 54_transform_iii_to_asm(iiis1) 55_intent_form_runtime(iiis1) 56_transform_form_runtime(iiis1) 57_pattern_form_runtime(iiis1) pe_narrow_caseA(iiis1) pe_narrow_caseB(iiis1)
[iiis-2 build] ERROR: corpus equivalence FAILED
BUILD_IIIS2_EXIT=5
############## scratch iiis-2 mhash vs working-tree (1e92903a expected) ##############
ed15fcc420bd03c806654cf527340f12c2d8ad421d3b6cee232aa5429a7e0d13 *COMPILED/_iiis2_verify.exe
1e92903ad13300acf1a6aaf010bac52cc4073fba269fc413505013fe74c743dc *COMPILED/iiis-2.exe
