=== build_stdlib ===
[build_stdlib] OK   bench_helpers.s -> /c/Users/Edwin Boston/OneDrive/Desktop/III/STDLIB/build/iii/bench_helpers.o
[build_stdlib] OK   cpuid_helper.s -> /c/Users/Edwin Boston/OneDrive/Desktop/III/STDLIB/build/iii/cpuid_helper.o
[build_stdlib] OK   resolver_hot.s -> /c/Users/Edwin Boston/OneDrive/Desktop/III/STDLIB/build/iii/resolver_hot.o
[build_stdlib] aggregated -> /c/Users/Edwin Boston/OneDrive/Desktop/III/STDLIB/build/iii/libiii_native.a
[build_stdlib] mhash:
1510f1b0eb97ee767143ea964fd59c45f39445c6bafbab0bfb1bfd32e8c24ed3 */c/Users/Edwin Boston/OneDrive/Desktop/III/STDLIB/build/iii/libiii_native.a
=== run_corpus ===
  PASS  29_modular_pow : exit=99
  PASS  31_q128_add_shift : exit=99
  PASS  49_field_fp_arithmetic : exit=99
  PASS  144_q128_to_f64 : exit=99
  PASS  208_ecdsa_p256 : exit=99
  PASS  209_ecdsa_p384 : exit=99
  PASS  373_rsa_pss_sign_verify : exit=99
  PASS  388_fe25519_ed : exit=99
  PASS  757_bigint_knuth_div : exit=99
  PASS  758_mont_ctx_organ : exit=99
  PASS  759_mont_bigint_width : exit=99
  PASS  913_ecdsa_p256_det_sign : exit=99
  PASS  953_mont_dmont5_falsifier : exit=99
  PASS=620  FAIL=0  SKIP=99  TOTAL=620
=== run_bench ===
 STDLIB Performance Benchmark Corpus (237/242/243/244 + 990/991/992)
  PASS  990_bench_knuth_div : within budget on this host (exit 99)
  PASS  991_bench_montgomery_modpow : within budget on this host (exit 99)
  PASS  992_bench_fe25519_mul : within budget on this host (exit 99)
  PASS=7  ADVISORY=0  CORRECTNESS-FAIL=0
  (PASS = within host budget; ADVISORY = host slower than the
   CORRECTNESS-FAIL = functional regression -- hard error)
=== DONE ===
