[build_stdlib] using iiis: /c/Users/Edwin Boston/OneDrive/Desktop/III/COMPILED/iiis-2.exe
[build_stdlib] composition drift-check: /c/Users/Edwin Boston/OneDrive/Desktop/III/STDLIB/../COMPILER/BOOT/gen_compositions.sh --check
[gen_compositions] read 256 entries from /c/Users/Edwin Boston/OneDrive/Desktop/III/COMPILER/BOOT/iii_compositions.def
[gen_compositions] check: /c/Users/Edwin Boston/OneDrive/Desktop/III/COMPILER/BOOT/iii_compositions.h current
[gen_compositions] check: /c/Users/Edwin Boston/OneDrive/Desktop/III/STDLIB/iii/omnia/prespec.iii current
[gen_compositions] check: /c/Users/Edwin Boston/OneDrive/Desktop/III/COMPILER/BOOT/iii_cg_pe_iiis1.iii current
[gen_compositions] OK (256 entries)
[build_stdlib] SVM-layout drift-check: /c/Users/Edwin Boston/OneDrive/Desktop/III/STDLIB/../COMPILER/BOOT/gen_svm_layout.sh --check
[gen_svm_layout] read 8 regions from /c/Users/Edwin Boston/OneDrive/Desktop/III/COMPILER/BOOT/iii_svm_layout.def
[gen_svm_layout] check: /c/Users/Edwin Boston/OneDrive/Desktop/III/STDLIB/iii/katabasis/svm_layout.iii current
[gen_svm_layout] OK (8 regions)
[build_stdlib] cycle-family drift-check: /c/Users/Edwin Boston/OneDrive/Desktop/III/STDLIB/../COMPILER/BOOT/gen_cycle_family.sh --check
[gen_cycle_family] read 9 families from /c/Users/Edwin Boston/OneDrive/Desktop/III/COMPILER/BOOT/iii_cycle_family.def
[gen_cycle_family] check: /c/Users/Edwin Boston/OneDrive/Desktop/III/STDLIB/iii/katabasis/cycle_family.iii current
[gen_cycle_family] OK (9 families)
[build_stdlib] census drift-check: /c/Users/Edwin Boston/OneDrive/Desktop/III/STDLIB/../COMPILER/BOOT/gen_census.sh --check
[gen_census] read 16 facts from /c/Users/Edwin Boston/OneDrive/Desktop/III/COMPILER/BOOT/iii_census.def
[gen_census] check: /c/Users/Edwin Boston/OneDrive/Desktop/III/STDLIB/iii/katabasis/census.iii current
[gen_census] OK (16 facts, hash length 128)
[build_stdlib] bar-layout drift-check: /c/Users/Edwin Boston/OneDrive/Desktop/III/STDLIB/../COMPILER/BOOT/gen_bar_layout.sh --check
[gen_bar_layout] read 3 BAR windows from /c/Users/Edwin Boston/OneDrive/Desktop/III/COMPILER/BOOT/iii_bar_layout.def
[gen_bar_layout] check: /c/Users/Edwin Boston/OneDrive/Desktop/III/STDLIB/iii/katabasis/bar_layout.iii current
[gen_bar_layout] OK (3 BAR windows)
[build_stdlib] vmexit-set drift-check: /c/Users/Edwin Boston/OneDrive/Desktop/III/STDLIB/../COMPILER/BOOT/gen_vmexit.sh --check
[gen_vmexit] read 6 intercepted exits from /c/Users/Edwin Boston/OneDrive/Desktop/III/COMPILER/BOOT/iii_vmexit.def
[gen_vmexit] check: /c/Users/Edwin Boston/OneDrive/Desktop/III/STDLIB/iii/katabasis/vmexit.iii current
[gen_vmexit] OK (6 exits)
[build_stdlib] ring-lattice drift-check: /c/Users/Edwin Boston/OneDrive/Desktop/III/STDLIB/../COMPILER/BOOT/gen_ring_lattice.sh --check
[gen_ring_lattice] read 5 legal crossings from /c/Users/Edwin Boston/OneDrive/Desktop/III/COMPILER/BOOT/iii_ring_lattice.def
[gen_ring_lattice] check: /c/Users/Edwin Boston/OneDrive/Desktop/III/STDLIB/iii/katabasis/ring_lattice.iii current
[gen_ring_lattice] OK (5 crossings)
[build_stdlib] Forge closure meta-gate: /c/Users/Edwin Boston/OneDrive/Desktop/III/STDLIB/../COMPILER/BOOT/forge_check.sh
[forge_check] OK: 6 KATABASIS citizens drift-clean + full-spec-sealed; sub-closure root 041daaeb18744074ea1c7d96e77437e6bdd3f78787dd56313e7bc2b3e4fc0572 recorded; no orphan generators.
[build_stdlib] OK   numera/scalar -> /c/Users/Edwin Boston/OneDrive/Desktop/III/STDLIB/build/iii/numera_scalar.iii.o
[build_stdlib] OK   numera/sha256 -> /c/Users/Edwin Boston/OneDrive/Desktop/III/STDLIB/build/iii/numera_sha256.iii.o
[build_stdlib] OK   numera/hex -> /c/Users/Edwin Boston/OneDrive/Desktop/III/STDLIB/build/iii/numera_hex.iii.o
[build_stdlib] OK   memoria/region -> /c/Users/Edwin Boston/OneDrive/Desktop/III/STDLIB/build/iii/memoria_region.iii.o
[build_stdlib] OK   memoria/span -> /c/Users/Edwin Boston/OneDrive/Desktop/III/STDLIB/build/iii/memoria_span.iii.o
[build_stdlib] OK   memoria/arena -> /c/Users/Edwin Boston/OneDrive/Desktop/III/STDLIB/build/iii/memoria_arena.iii.o
[build_stdlib] OK   verba/rune -> /c/Users/Edwin Boston/OneDrive/Desktop/III/STDLIB/build/iii/verba_rune.iii.o
[build_stdlib] OK   verba/string -> /c/Users/Edwin Boston/OneDrive/Desktop/III/STDLIB/build/iii/verba_string.iii.o
[build_stdlib] OK   verba/builder -> /c/Users/Edwin Boston/OneDrive/Desktop/III/STDLIB/build/iii/verba_builder.iii.o
[build_stdlib] OK   omnia/option -> /c/Users/Edwin Boston/OneDrive/Desktop/III/STDLIB/build/iii/omnia_option.iii.o
[build_stdlib] OK   omnia/result -> /c/Users/Edwin Boston/OneDrive/Desktop/III/STDLIB/build/iii/omnia_result.iii.o
[build_stdlib] OK   omnia/iter -> /c/Users/Edwin Boston/OneDrive/Desktop/III/STDLIB/build/iii/omnia_iter.iii.o
[build_stdlib] OK   omnia/vec -> /c/Users/Edwin Boston/OneDrive/Desktop/III/STDLIB/build/iii/omnia_vec.iii.o
[build_stdlib] OK   sanctus/mhash -> /c/Users/Edwin Boston/OneDrive/Desktop/III/STDLIB/build/iii/sanctus_mhash.iii.o
[build_stdlib] OK   sanctus/kchain -> /c/Users/Edwin Boston/OneDrive/Desktop/III/STDLIB/build/iii/sanctus_kchain.iii.o
[build_stdlib] OK   omnia/map -> /c/Users/Edwin Boston/OneDrive/Desktop/III/STDLIB/build/iii/omnia_map.iii.o
[build_stdlib] OK   omnia/set -> /c/Users/Edwin Boston/OneDrive/Desktop/III/STDLIB/build/iii/omnia_set.iii.o
[build_stdlib] OK   omnia/queue -> /c/Users/Edwin Boston/OneDrive/Desktop/III/STDLIB/build/iii/omnia_queue.iii.o
[build_stdlib] OK   omnia/pq -> /c/Users/Edwin Boston/OneDrive/Desktop/III/STDLIB/build/iii/omnia_pq.iii.o
[build_stdlib] OK   omnia/fold -> /c/Users/Edwin Boston/OneDrive/Desktop/III/STDLIB/build/iii/omnia_fold.iii.o
[build_stdlib] OK   omnia/zip -> /c/Users/Edwin Boston/OneDrive/Desktop/III/STDLIB/build/iii/omnia_zip.iii.o
[build_stdlib] OK   omnia/either -> /c/Users/Edwin Boston/OneDrive/Desktop/III/STDLIB/build/iii/omnia_either.iii.o
[build_stdlib] OK   numera/trit -> /c/Users/Edwin Boston/OneDrive/Desktop/III/STDLIB/build/iii/numera_trit.iii.o
[build_stdlib] OK   numera/uncertainty -> /c/Users/Edwin Boston/OneDrive/Desktop/III/STDLIB/build/iii/numera_uncertainty.iii.o
[build_stdlib] OK   omnia/hexad_algebra -> /c/Users/Edwin Boston/OneDrive/Desktop/III/STDLIB/build/iii/omnia_hexad_algebra.iii.o
[build_stdlib] OK   omnia/hexad_pfs -> /c/Users/Edwin Boston/OneDrive/Desktop/III/STDLIB/build/iii/omnia_hexad_pfs.iii.o
[build_stdlib] OK   omnia/hexad_reach -> /c/Users/Edwin Boston/OneDrive/Desktop/III/STDLIB/build/iii/omnia_hexad_reach.iii.o
[build_stdlib] OK   omnia/hexad_epistemic -> /c/Users/Edwin Boston/OneDrive/Desktop/III/STDLIB/build/iii/omnia_hexad_epistemic.iii.o
[build_stdlib] OK   omnia/hexad_mobius -> /c/Users/Edwin Boston/OneDrive/Desktop/III/STDLIB/build/iii/omnia_hexad_mobius.iii.o
[build_stdlib] OK   omnia/hexad_dynamic -> /c/Users/Edwin Boston/OneDrive/Desktop/III/STDLIB/build/iii/omnia_hexad_dynamic.iii.o
[build_stdlib] OK   numera/safety_type -> /c/Users/Edwin Boston/OneDrive/Desktop/III/STDLIB/build/iii/numera_safety_type.iii.o
[build_stdlib] OK   omnia/hexad -> /c/Users/Edwin Boston/OneDrive/Desktop/III/STDLIB/build/iii/omnia_hexad.iii.o
[build_stdlib] OK   omnia/spec_probe -> /c/Users/Edwin Boston/OneDrive/Desktop/III/STDLIB/build/iii/omnia_spec_probe.iii.o
[build_stdlib] OK   numera/checked -> /c/Users/Edwin Boston/OneDrive/Desktop/III/STDLIB/build/iii/numera_checked.iii.o
[build_stdlib] OK   numera/modular -> /c/Users/Edwin Boston/OneDrive/Desktop/III/STDLIB/build/iii/numera_modular.iii.o
[build_stdlib] OK   numera/fixed -> /c/Users/Edwin Boston/OneDrive/Desktop/III/STDLIB/build/iii/numera_fixed.iii.o
[build_stdlib] OK   numera/q128 -> /c/Users/Edwin Boston/OneDrive/Desktop/III/STDLIB/build/iii/numera_q128.iii.o
[build_stdlib] OK   verba/parse -> /c/Users/Edwin Boston/OneDrive/Desktop/III/STDLIB/build/iii/verba_parse.iii.o
[build_stdlib] OK   verba/markup -> /c/Users/Edwin Boston/OneDrive/Desktop/III/STDLIB/build/iii/verba_markup.iii.o
[build_stdlib] OK   numera/bigint -> /c/Users/Edwin Boston/OneDrive/Desktop/III/STDLIB/build/iii/numera_bigint.iii.o
[build_stdlib] OK   verba/format -> /c/Users/Edwin Boston/OneDrive/Desktop/III/STDLIB/build/iii/verba_format.iii.o
[build_stdlib] OK   verba/regex -> /c/Users/Edwin Boston/OneDrive/Desktop/III/STDLIB/build/iii/verba_regex.iii.o
[build_stdlib] OK   aether/capability -> /c/Users/Edwin Boston/OneDrive/Desktop/III/STDLIB/build/iii/aether_capability.iii.o
[build_stdlib] OK   aether/handle -> /c/Users/Edwin Boston/OneDrive/Desktop/III/STDLIB/build/iii/aether_handle.iii.o
[build_stdlib] OK   aether/fs -> /c/Users/Edwin Boston/OneDrive/Desktop/III/STDLIB/build/iii/aether_fs.iii.o
[build_stdlib] OK   tempora/instant -> /c/Users/Edwin Boston/OneDrive/Desktop/III/STDLIB/build/iii/tempora_instant.iii.o
[build_stdlib] OK   tempora/duration -> /c/Users/Edwin Boston/OneDrive/Desktop/III/STDLIB/build/iii/tempora_duration.iii.o
[build_stdlib] OK   tempora/deadline -> /c/Users/Edwin Boston/OneDrive/Desktop/III/STDLIB/build/iii/tempora_deadline.iii.o
[build_stdlib] OK   sanctus/witness -> /c/Users/Edwin Boston/OneDrive/Desktop/III/STDLIB/build/iii/sanctus_witness.iii.o
[build_stdlib] OK   sanctus/attest -> /c/Users/Edwin Boston/OneDrive/Desktop/III/STDLIB/build/iii/sanctus_attest.iii.o
[build_stdlib] OK   omnia/crystal -> /c/Users/Edwin Boston/OneDrive/Desktop/III/STDLIB/build/iii/omnia_crystal.iii.o
[build_stdlib] OK   sanctus/mandate -> /c/Users/Edwin Boston/OneDrive/Desktop/III/STDLIB/build/iii/sanctus_mandate.iii.o
[build_stdlib] OK   sanctus/closure -> /c/Users/Edwin Boston/OneDrive/Desktop/III/STDLIB/build/iii/sanctus_closure.iii.o
[build_stdlib] OK   numera/bigint_div -> /c/Users/Edwin Boston/OneDrive/Desktop/III/STDLIB/build/iii/numera_bigint_div.iii.o
[build_stdlib] OK   numera/field -> /c/Users/Edwin Boston/OneDrive/Desktop/III/STDLIB/build/iii/numera_field.iii.o
[build_stdlib] OK   verba/normalise_ascii -> /c/Users/Edwin Boston/OneDrive/Desktop/III/STDLIB/build/iii/verba_normalise_ascii.iii.o
[build_stdlib] OK   aether/net -> /c/Users/Edwin Boston/OneDrive/Desktop/III/STDLIB/build/iii/aether_net.iii.o
[build_stdlib] OK   verba/json -> /c/Users/Edwin Boston/OneDrive/Desktop/III/STDLIB/build/iii/verba_json.iii.o
[build_stdlib] OK   numera/sha512 -> /c/Users/Edwin Boston/OneDrive/Desktop/III/STDLIB/build/iii/numera_sha512.iii.o
[build_stdlib] OK   aether/http_client -> /c/Users/Edwin Boston/OneDrive/Desktop/III/STDLIB/build/iii/aether_http_client.iii.o
[build_stdlib] OK   numera/fe25519 -> /c/Users/Edwin Boston/OneDrive/Desktop/III/STDLIB/build/iii/numera_fe25519.iii.o
[build_stdlib] OK   numera/crypt_ed25519 -> /c/Users/Edwin Boston/OneDrive/Desktop/III/STDLIB/build/iii/numera_crypt_ed25519.iii.o
[build_stdlib] OK   numera/aes -> /c/Users/Edwin Boston/OneDrive/Desktop/III/STDLIB/build/iii/numera_aes.iii.o
[build_stdlib] OK   numera/aes_gcm -> /c/Users/Edwin Boston/OneDrive/Desktop/III/STDLIB/build/iii/numera_aes_gcm.iii.o
[build_stdlib] OK   numera/aes_siv -> /c/Users/Edwin Boston/OneDrive/Desktop/III/STDLIB/build/iii/numera_aes_siv.iii.o
[build_stdlib] OK   aether/http_server -> /c/Users/Edwin Boston/OneDrive/Desktop/III/STDLIB/build/iii/aether_http_server.iii.o
[build_stdlib] OK   verba/uri -> /c/Users/Edwin Boston/OneDrive/Desktop/III/STDLIB/build/iii/verba_uri.iii.o
[build_stdlib] OK   numera/chacha20 -> /c/Users/Edwin Boston/OneDrive/Desktop/III/STDLIB/build/iii/numera_chacha20.iii.o
[build_stdlib] OK   numera/poly1305 -> /c/Users/Edwin Boston/OneDrive/Desktop/III/STDLIB/build/iii/numera_poly1305.iii.o
[build_stdlib] OK   numera/chacha20_poly1305 -> /c/Users/Edwin Boston/OneDrive/Desktop/III/STDLIB/build/iii/numera_chacha20_poly1305.iii.o
[build_stdlib] OK   numera/xchacha20_poly1305 -> /c/Users/Edwin Boston/OneDrive/Desktop/III/STDLIB/build/iii/numera_xchacha20_poly1305.iii.o
[build_stdlib] OK   numera/x25519 -> /c/Users/Edwin Boston/OneDrive/Desktop/III/STDLIB/build/iii/numera_x25519.iii.o
[build_stdlib] OK   verba/normalise -> /c/Users/Edwin Boston/OneDrive/Desktop/III/STDLIB/build/iii/verba_normalise.iii.o
[build_stdlib] OK   numera/hmac -> /c/Users/Edwin Boston/OneDrive/Desktop/III/STDLIB/build/iii/numera_hmac.iii.o
[build_stdlib] OK   numera/drbg -> /c/Users/Edwin Boston/OneDrive/Desktop/III/STDLIB/build/iii/numera_drbg.iii.o
[build_stdlib] OK   numera/fp256 -> /c/Users/Edwin Boston/OneDrive/Desktop/III/STDLIB/build/iii/numera_fp256.iii.o
[build_stdlib] OK   numera/fn256 -> /c/Users/Edwin Boston/OneDrive/Desktop/III/STDLIB/build/iii/numera_fn256.iii.o
[build_stdlib] OK   numera/ec256 -> /c/Users/Edwin Boston/OneDrive/Desktop/III/STDLIB/build/iii/numera_ec256.iii.o
[build_stdlib] OK   numera/ecdsa_p256 -> /c/Users/Edwin Boston/OneDrive/Desktop/III/STDLIB/build/iii/numera_ecdsa_p256.iii.o
[build_stdlib] OK   numera/fp384 -> /c/Users/Edwin Boston/OneDrive/Desktop/III/STDLIB/build/iii/numera_fp384.iii.o
[build_stdlib] OK   numera/fn384 -> /c/Users/Edwin Boston/OneDrive/Desktop/III/STDLIB/build/iii/numera_fn384.iii.o
[build_stdlib] OK   numera/ec384 -> /c/Users/Edwin Boston/OneDrive/Desktop/III/STDLIB/build/iii/numera_ec384.iii.o
[build_stdlib] OK   numera/ecdsa_p384 -> /c/Users/Edwin Boston/OneDrive/Desktop/III/STDLIB/build/iii/numera_ecdsa_p384.iii.o
[build_stdlib] OK   numera/rsa -> /c/Users/Edwin Boston/OneDrive/Desktop/III/STDLIB/build/iii/numera_rsa.iii.o
[build_stdlib] OK   numera/zk_field -> /c/Users/Edwin Boston/OneDrive/Desktop/III/STDLIB/build/iii/numera_zk_field.iii.o
[build_stdlib] OK   numera/zk_snark -> /c/Users/Edwin Boston/OneDrive/Desktop/III/STDLIB/build/iii/numera_zk_snark.iii.o
[build_stdlib] OK   numera/zk_stark -> /c/Users/Edwin Boston/OneDrive/Desktop/III/STDLIB/build/iii/numera_zk_stark.iii.o
[build_stdlib] OK   numera/zk_prune -> /c/Users/Edwin Boston/OneDrive/Desktop/III/STDLIB/build/iii/numera_zk_prune.iii.o
[build_stdlib] OK   verba/base64 -> /c/Users/Edwin Boston/OneDrive/Desktop/III/STDLIB/build/iii/verba_base64.iii.o
[build_stdlib] OK   numera/hkdf -> /c/Users/Edwin Boston/OneDrive/Desktop/III/STDLIB/build/iii/numera_hkdf.iii.o
[build_stdlib] OK   numera/crc32 -> /c/Users/Edwin Boston/OneDrive/Desktop/III/STDLIB/build/iii/numera_crc32.iii.o
[build_stdlib] OK   numera/blake2s -> /c/Users/Edwin Boston/OneDrive/Desktop/III/STDLIB/build/iii/numera_blake2s.iii.o
[build_stdlib] OK   numera/xoshiro -> /c/Users/Edwin Boston/OneDrive/Desktop/III/STDLIB/build/iii/numera_xoshiro.iii.o
[build_stdlib] OK   numera/pbkdf2 -> /c/Users/Edwin Boston/OneDrive/Desktop/III/STDLIB/build/iii/numera_pbkdf2.iii.o
[build_stdlib] OK   verba/uuid -> /c/Users/Edwin Boston/OneDrive/Desktop/III/STDLIB/build/iii/verba_uuid.iii.o
[build_stdlib] OK   numera/murmur3 -> /c/Users/Edwin Boston/OneDrive/Desktop/III/STDLIB/build/iii/numera_murmur3.iii.o
[build_stdlib] OK   verba/csv -> /c/Users/Edwin Boston/OneDrive/Desktop/III/STDLIB/build/iii/verba_csv.iii.o
[build_stdlib] OK   verba/ini -> /c/Users/Edwin Boston/OneDrive/Desktop/III/STDLIB/build/iii/verba_ini.iii.o
[build_stdlib] OK   verba/leb128 -> /c/Users/Edwin Boston/OneDrive/Desktop/III/STDLIB/build/iii/verba_leb128.iii.o
[build_stdlib] OK   verba/base32 -> /c/Users/Edwin Boston/OneDrive/Desktop/III/STDLIB/build/iii/verba_base32.iii.o
[build_stdlib] OK   verba/ulid -> /c/Users/Edwin Boston/OneDrive/Desktop/III/STDLIB/build/iii/verba_ulid.iii.o
[build_stdlib] OK   tempora/calendar -> /c/Users/Edwin Boston/OneDrive/Desktop/III/STDLIB/build/iii/tempora_calendar.iii.o
[build_stdlib] OK   tempora/rfc3339 -> /c/Users/Edwin Boston/OneDrive/Desktop/III/STDLIB/build/iii/tempora_rfc3339.iii.o
[build_stdlib] OK   verba/timing_safe -> /c/Users/Edwin Boston/OneDrive/Desktop/III/STDLIB/build/iii/verba_timing_safe.iii.o
[build_stdlib] OK   numera/endian -> /c/Users/Edwin Boston/OneDrive/Desktop/III/STDLIB/build/iii/numera_endian.iii.o
[build_stdlib] OK   verba/path -> /c/Users/Edwin Boston/OneDrive/Desktop/III/STDLIB/build/iii/verba_path.iii.o
[build_stdlib] OK   verba/html_escape -> /c/Users/Edwin Boston/OneDrive/Desktop/III/STDLIB/build/iii/verba_html_escape.iii.o
[build_stdlib] OK   omnia/crystal_deps -> /c/Users/Edwin Boston/OneDrive/Desktop/III/STDLIB/build/iii/omnia_crystal_deps.iii.o
[build_stdlib] OK   sanctus/quality -> /c/Users/Edwin Boston/OneDrive/Desktop/III/STDLIB/build/iii/sanctus_quality.iii.o
[build_stdlib] OK   omnia/ripple -> /c/Users/Edwin Boston/OneDrive/Desktop/III/STDLIB/build/iii/omnia_ripple.iii.o
[build_stdlib] OK   numera/bitops -> /c/Users/Edwin Boston/OneDrive/Desktop/III/STDLIB/build/iii/numera_bitops.iii.o
[build_stdlib] OK   aether/inet -> /c/Users/Edwin Boston/OneDrive/Desktop/III/STDLIB/build/iii/aether_inet.iii.o
[build_stdlib] OK   verba/semver -> /c/Users/Edwin Boston/OneDrive/Desktop/III/STDLIB/build/iii/verba_semver.iii.o
[build_stdlib] OK   omnia/proof_ripple -> /c/Users/Edwin Boston/OneDrive/Desktop/III/STDLIB/build/iii/omnia_proof_ripple.iii.o
[build_stdlib] OK   verba/glob -> /c/Users/Edwin Boston/OneDrive/Desktop/III/STDLIB/build/iii/verba_glob.iii.o
[build_stdlib] OK   omnia/list -> /c/Users/Edwin Boston/OneDrive/Desktop/III/STDLIB/build/iii/omnia_list.iii.o
[build_stdlib] OK   omnia/lru -> /c/Users/Edwin Boston/OneDrive/Desktop/III/STDLIB/build/iii/omnia_lru.iii.o
[build_stdlib] OK   omnia/dynamic_record -> /c/Users/Edwin Boston/OneDrive/Desktop/III/STDLIB/build/iii/omnia_dynamic_record.iii.o
[build_stdlib] OK   omnia/jit_swap -> /c/Users/Edwin Boston/OneDrive/Desktop/III/STDLIB/build/iii/omnia_jit_swap.iii.o
[build_stdlib] OK   omnia/layered_seal -> /c/Users/Edwin Boston/OneDrive/Desktop/III/STDLIB/build/iii/omnia_layered_seal.iii.o
[build_stdlib] OK   omnia/dynamic_impact -> /c/Users/Edwin Boston/OneDrive/Desktop/III/STDLIB/build/iii/omnia_dynamic_impact.iii.o
[build_stdlib] OK   numera/field_crystal -> /c/Users/Edwin Boston/OneDrive/Desktop/III/STDLIB/build/iii/numera_field_crystal.iii.o
[build_stdlib] OK   memoria/arena_safe -> /c/Users/Edwin Boston/OneDrive/Desktop/III/STDLIB/build/iii/memoria_arena_safe.iii.o
[build_stdlib] OK   memoria/region_safe -> /c/Users/Edwin Boston/OneDrive/Desktop/III/STDLIB/build/iii/memoria_region_safe.iii.o
[build_stdlib] OK   omnia/crystal_edges -> /c/Users/Edwin Boston/OneDrive/Desktop/III/STDLIB/build/iii/omnia_crystal_edges.iii.o
[build_stdlib] OK   numera/bigint_karatsuba -> /c/Users/Edwin Boston/OneDrive/Desktop/III/STDLIB/build/iii/numera_bigint_karatsuba.iii.o
[build_stdlib] OK   numera/q128_f64 -> /c/Users/Edwin Boston/OneDrive/Desktop/III/STDLIB/build/iii/numera_q128_f64.iii.o
[build_stdlib] OK   numera/checked_crystal -> /c/Users/Edwin Boston/OneDrive/Desktop/III/STDLIB/build/iii/numera_checked_crystal.iii.o
[build_stdlib] OK   numera/modular_mont -> /c/Users/Edwin Boston/OneDrive/Desktop/III/STDLIB/build/iii/numera_modular_mont.iii.o
[build_stdlib] OK   numera/fixed_extra -> /c/Users/Edwin Boston/OneDrive/Desktop/III/STDLIB/build/iii/numera_fixed_extra.iii.o
[build_stdlib] OK   numera/scalar_provenance -> /c/Users/Edwin Boston/OneDrive/Desktop/III/STDLIB/build/iii/numera_scalar_provenance.iii.o
[build_stdlib] OK   numera/cpufeat -> /c/Users/Edwin Boston/OneDrive/Desktop/III/STDLIB/build/iii/numera_cpufeat.iii.o
[build_stdlib] OK   numera/sha256_dispatch -> /c/Users/Edwin Boston/OneDrive/Desktop/III/STDLIB/build/iii/numera_sha256_dispatch.iii.o
[build_stdlib] OK   aether/tcp -> /c/Users/Edwin Boston/OneDrive/Desktop/III/STDLIB/build/iii/aether_tcp.iii.o
[build_stdlib] OK   aether/http -> /c/Users/Edwin Boston/OneDrive/Desktop/III/STDLIB/build/iii/aether_http.iii.o
[build_stdlib] OK   omnia/async -> /c/Users/Edwin Boston/OneDrive/Desktop/III/STDLIB/build/iii/omnia_async.iii.o
[build_stdlib] OK   numera/keccak -> /c/Users/Edwin Boston/OneDrive/Desktop/III/STDLIB/build/iii/numera_keccak.iii.o
[build_stdlib] OK   numera/keccak256 -> /c/Users/Edwin Boston/OneDrive/Desktop/III/STDLIB/build/iii/numera_keccak256.iii.o
[build_stdlib] OK   numera/identifier -> /c/Users/Edwin Boston/OneDrive/Desktop/III/STDLIB/build/iii/numera_identifier.iii.o
[build_stdlib] OK   numera/cad -> /c/Users/Edwin Boston/OneDrive/Desktop/III/STDLIB/build/iii/numera_cad.iii.o
[build_stdlib] OK   numera/h2_charter -> /c/Users/Edwin Boston/OneDrive/Desktop/III/STDLIB/build/iii/numera_h2_charter.iii.o
[build_stdlib] OK   numera/h1_charter -> /c/Users/Edwin Boston/OneDrive/Desktop/III/STDLIB/build/iii/numera_h1_charter.iii.o
[build_stdlib] OK   numera/h3_charter -> /c/Users/Edwin Boston/OneDrive/Desktop/III/STDLIB/build/iii/numera_h3_charter.iii.o
[build_stdlib] OK   numera/h8_charter -> /c/Users/Edwin Boston/OneDrive/Desktop/III/STDLIB/build/iii/numera_h8_charter.iii.o
[build_stdlib] OK   numera/h10_charter -> /c/Users/Edwin Boston/OneDrive/Desktop/III/STDLIB/build/iii/numera_h10_charter.iii.o
[build_stdlib] OK   numera/h6_charter -> /c/Users/Edwin Boston/OneDrive/Desktop/III/STDLIB/build/iii/numera_h6_charter.iii.o
[build_stdlib] OK   numera/h9_charter -> /c/Users/Edwin Boston/OneDrive/Desktop/III/STDLIB/build/iii/numera_h9_charter.iii.o
[build_stdlib] OK   numera/h11_charter -> /c/Users/Edwin Boston/OneDrive/Desktop/III/STDLIB/build/iii/numera_h11_charter.iii.o
[build_stdlib] OK   numera/h4_charter -> /c/Users/Edwin Boston/OneDrive/Desktop/III/STDLIB/build/iii/numera_h4_charter.iii.o
[build_stdlib] OK   numera/h5_charter -> /c/Users/Edwin Boston/OneDrive/Desktop/III/STDLIB/build/iii/numera_h5_charter.iii.o
[build_stdlib] OK   numera/h7_charter -> /c/Users/Edwin Boston/OneDrive/Desktop/III/STDLIB/build/iii/numera_h7_charter.iii.o
[build_stdlib] OK   numera/h12_charter -> /c/Users/Edwin Boston/OneDrive/Desktop/III/STDLIB/build/iii/numera_h12_charter.iii.o
[build_stdlib] OK   numera/h13_charter -> /c/Users/Edwin Boston/OneDrive/Desktop/III/STDLIB/build/iii/numera_h13_charter.iii.o
[build_stdlib] OK   numera/charter_terminal -> /c/Users/Edwin Boston/OneDrive/Desktop/III/STDLIB/build/iii/numera_charter_terminal.iii.o
[build_stdlib] OK   numera/algebraic_time -> /c/Users/Edwin Boston/OneDrive/Desktop/III/STDLIB/build/iii/numera_algebraic_time.iii.o
[build_stdlib] OK   aether/witness_hook -> /c/Users/Edwin Boston/OneDrive/Desktop/III/STDLIB/build/iii/aether_witness_hook.iii.o
[build_stdlib] OK   aether/hotstuff -> /c/Users/Edwin Boston/OneDrive/Desktop/III/STDLIB/build/iii/aether_hotstuff.iii.o
[build_stdlib] OK   aether/hotstuff_predict -> /c/Users/Edwin Boston/OneDrive/Desktop/III/STDLIB/build/iii/aether_hotstuff_predict.iii.o
[build_stdlib] OK   aether/hotstuff_heal -> /c/Users/Edwin Boston/OneDrive/Desktop/III/STDLIB/build/iii/aether_hotstuff_heal.iii.o
[build_stdlib] OK   numera/sha3_256 -> /c/Users/Edwin Boston/OneDrive/Desktop/III/STDLIB/build/iii/numera_sha3_256.iii.o
[build_stdlib] OK   numera/sha3_512 -> /c/Users/Edwin Boston/OneDrive/Desktop/III/STDLIB/build/iii/numera_sha3_512.iii.o
[build_stdlib] OK   numera/shake128 -> /c/Users/Edwin Boston/OneDrive/Desktop/III/STDLIB/build/iii/numera_shake128.iii.o
[build_stdlib] OK   numera/shake256 -> /c/Users/Edwin Boston/OneDrive/Desktop/III/STDLIB/build/iii/numera_shake256.iii.o
[build_stdlib] OK   numera/mldsa -> /c/Users/Edwin Boston/OneDrive/Desktop/III/STDLIB/build/iii/numera_mldsa.iii.o
[build_stdlib] OK   numera/mlkem -> /c/Users/Edwin Boston/OneDrive/Desktop/III/STDLIB/build/iii/numera_mlkem.iii.o
[build_stdlib] OK   numera/slhdsa -> /c/Users/Edwin Boston/OneDrive/Desktop/III/STDLIB/build/iii/numera_slhdsa.iii.o
[build_stdlib] OK   numera/pq_dispatch -> /c/Users/Edwin Boston/OneDrive/Desktop/III/STDLIB/build/iii/numera_pq_dispatch.iii.o
[build_stdlib] OK   sanctus/mandate_m22 -> /c/Users/Edwin Boston/OneDrive/Desktop/III/STDLIB/build/iii/sanctus_mandate_m22.iii.o
[build_stdlib] OK   sanctus/quality_q7 -> /c/Users/Edwin Boston/OneDrive/Desktop/III/STDLIB/build/iii/sanctus_quality_q7.iii.o
[build_stdlib] OK   sanctus/seal_resolver -> /c/Users/Edwin Boston/OneDrive/Desktop/III/STDLIB/build/iii/sanctus_seal_resolver.iii.o
[build_stdlib] OK   verba/pattern -> /c/Users/Edwin Boston/OneDrive/Desktop/III/STDLIB/build/iii/verba_pattern.iii.o
[build_stdlib] OK   sanctus/resolver_replay -> /c/Users/Edwin Boston/OneDrive/Desktop/III/STDLIB/build/iii/sanctus_resolver_replay.iii.o
[build_stdlib] OK   aether/fed_tier -> /c/Users/Edwin Boston/OneDrive/Desktop/III/STDLIB/build/iii/aether_fed_tier.iii.o
[build_stdlib] OK   aether/fed_sybil -> /c/Users/Edwin Boston/OneDrive/Desktop/III/STDLIB/build/iii/aether_fed_sybil.iii.o
[build_stdlib] OK   aether/fed_eclipse -> /c/Users/Edwin Boston/OneDrive/Desktop/III/STDLIB/build/iii/aether_fed_eclipse.iii.o
[build_stdlib] OK   aether/fed_admit -> /c/Users/Edwin Boston/OneDrive/Desktop/III/STDLIB/build/iii/aether_fed_admit.iii.o
[build_stdlib] OK   aether/fed_genesis -> /c/Users/Edwin Boston/OneDrive/Desktop/III/STDLIB/build/iii/aether_fed_genesis.iii.o
[build_stdlib] OK   aether/fed_seal -> /c/Users/Edwin Boston/OneDrive/Desktop/III/STDLIB/build/iii/aether_fed_seal.iii.o
[build_stdlib] OK   omnia/sandbox_ctor -> /c/Users/Edwin Boston/OneDrive/Desktop/III/STDLIB/build/iii/omnia_sandbox_ctor.iii.o
[build_stdlib] OK   omnia/sandbox_quota -> /c/Users/Edwin Boston/OneDrive/Desktop/III/STDLIB/build/iii/omnia_sandbox_quota.iii.o
[build_stdlib] OK   omnia/sandbox_exec -> /c/Users/Edwin Boston/OneDrive/Desktop/III/STDLIB/build/iii/omnia_sandbox_exec.iii.o
[build_stdlib] OK   numera/merkle -> /c/Users/Edwin Boston/OneDrive/Desktop/III/STDLIB/build/iii/numera_merkle.iii.o
[build_stdlib] OK   omnia/obs_log -> /c/Users/Edwin Boston/OneDrive/Desktop/III/STDLIB/build/iii/omnia_obs_log.iii.o
[build_stdlib] OK   omnia/obs_metric -> /c/Users/Edwin Boston/OneDrive/Desktop/III/STDLIB/build/iii/omnia_obs_metric.iii.o
[build_stdlib] OK   omnia/obs_trace -> /c/Users/Edwin Boston/OneDrive/Desktop/III/STDLIB/build/iii/omnia_obs_trace.iii.o
[build_stdlib] OK   omnia/obs_observatory -> /c/Users/Edwin Boston/OneDrive/Desktop/III/STDLIB/build/iii/omnia_obs_observatory.iii.o
[build_stdlib] OK   sanctus/catalyst -> /c/Users/Edwin Boston/OneDrive/Desktop/III/STDLIB/build/iii/sanctus_catalyst.iii.o
[build_stdlib] OK   sanctus/genesis -> /c/Users/Edwin Boston/OneDrive/Desktop/III/STDLIB/build/iii/sanctus_genesis.iii.o
[build_stdlib] OK   sanctus/promote -> /c/Users/Edwin Boston/OneDrive/Desktop/III/STDLIB/build/iii/sanctus_promote.iii.o
[build_stdlib] OK   sanctus/demote -> /c/Users/Edwin Boston/OneDrive/Desktop/III/STDLIB/build/iii/sanctus_demote.iii.o
[build_stdlib] OK   verba/glyph_core -> /c/Users/Edwin Boston/OneDrive/Desktop/III/STDLIB/build/iii/verba_glyph_core.iii.o
[build_stdlib] OK   verba/glyph_u8 -> /c/Users/Edwin Boston/OneDrive/Desktop/III/STDLIB/build/iii/verba_glyph_u8.iii.o
[build_stdlib] OK   verba/glyph_u32 -> /c/Users/Edwin Boston/OneDrive/Desktop/III/STDLIB/build/iii/verba_glyph_u32.iii.o
[build_stdlib] OK   verba/glyph_u64 -> /c/Users/Edwin Boston/OneDrive/Desktop/III/STDLIB/build/iii/verba_glyph_u64.iii.o
[build_stdlib] OK   verba/glyph_i64 -> /c/Users/Edwin Boston/OneDrive/Desktop/III/STDLIB/build/iii/verba_glyph_i64.iii.o
[build_stdlib] OK   verba/glyph_f64 -> /c/Users/Edwin Boston/OneDrive/Desktop/III/STDLIB/build/iii/verba_glyph_f64.iii.o
[build_stdlib] OK   verba/glyph_bytes -> /c/Users/Edwin Boston/OneDrive/Desktop/III/STDLIB/build/iii/verba_glyph_bytes.iii.o
[build_stdlib] OK   verba/glyph_str -> /c/Users/Edwin Boston/OneDrive/Desktop/III/STDLIB/build/iii/verba_glyph_str.iii.o
[build_stdlib] OK   verba/glyph_crystal -> /c/Users/Edwin Boston/OneDrive/Desktop/III/STDLIB/build/iii/verba_glyph_crystal.iii.o
[build_stdlib] OK   verba/glyph_vec -> /c/Users/Edwin Boston/OneDrive/Desktop/III/STDLIB/build/iii/verba_glyph_vec.iii.o
[build_stdlib] OK   verba/glyph_map -> /c/Users/Edwin Boston/OneDrive/Desktop/III/STDLIB/build/iii/verba_glyph_map.iii.o
[build_stdlib] OK   verba/glyph_set -> /c/Users/Edwin Boston/OneDrive/Desktop/III/STDLIB/build/iii/verba_glyph_set.iii.o
[build_stdlib] OK   verba/glyph_enum -> /c/Users/Edwin Boston/OneDrive/Desktop/III/STDLIB/build/iii/verba_glyph_enum.iii.o
[build_stdlib] OK   verba/glyph_record -> /c/Users/Edwin Boston/OneDrive/Desktop/III/STDLIB/build/iii/verba_glyph_record.iii.o
[build_stdlib] OK   verba/glyph_witness -> /c/Users/Edwin Boston/OneDrive/Desktop/III/STDLIB/build/iii/verba_glyph_witness.iii.o
[build_stdlib] OK   verba/glyph_proof -> /c/Users/Edwin Boston/OneDrive/Desktop/III/STDLIB/build/iii/verba_glyph_proof.iii.o
[build_stdlib] OK   verba/glyph_recursive -> /c/Users/Edwin Boston/OneDrive/Desktop/III/STDLIB/build/iii/verba_glyph_recursive.iii.o
[build_stdlib] OK   numera/sat_arith -> /c/Users/Edwin Boston/OneDrive/Desktop/III/STDLIB/build/iii/numera_sat_arith.iii.o
[build_stdlib] OK   verba/intent -> /c/Users/Edwin Boston/OneDrive/Desktop/III/STDLIB/build/iii/verba_intent.iii.o
[build_stdlib] OK   verba/ast_intent -> /c/Users/Edwin Boston/OneDrive/Desktop/III/STDLIB/build/iii/verba_ast_intent.iii.o
[build_stdlib] OK   verba/intent_form -> /c/Users/Edwin Boston/OneDrive/Desktop/III/STDLIB/build/iii/verba_intent_form.iii.o
[build_stdlib] OK   verba/pattern_form -> /c/Users/Edwin Boston/OneDrive/Desktop/III/STDLIB/build/iii/verba_pattern_form.iii.o
[build_stdlib] OK   omnia/call_context -> /c/Users/Edwin Boston/OneDrive/Desktop/III/STDLIB/build/iii/omnia_call_context.iii.o
[build_stdlib] OK   omnia/unify -> /c/Users/Edwin Boston/OneDrive/Desktop/III/STDLIB/build/iii/omnia_unify.iii.o
[build_stdlib] OK   omnia/pattern_table -> /c/Users/Edwin Boston/OneDrive/Desktop/III/STDLIB/build/iii/omnia_pattern_table.iii.o
[build_stdlib] OK   omnia/resolver -> /c/Users/Edwin Boston/OneDrive/Desktop/III/STDLIB/build/iii/omnia_resolver.iii.o
[build_stdlib] OK   omnia/resolver_replay -> /c/Users/Edwin Boston/OneDrive/Desktop/III/STDLIB/build/iii/omnia_resolver_replay.iii.o
[build_stdlib] OK   omnia/proof_ripple_resolution -> /c/Users/Edwin Boston/OneDrive/Desktop/III/STDLIB/build/iii/omnia_proof_ripple_resolution.iii.o
[build_stdlib] OK   omnia/transform -> /c/Users/Edwin Boston/OneDrive/Desktop/III/STDLIB/build/iii/omnia_transform.iii.o
[build_stdlib] OK   verba/transform_form -> /c/Users/Edwin Boston/OneDrive/Desktop/III/STDLIB/build/iii/verba_transform_form.iii.o
[build_stdlib] OK   omnia/transform_patterns -> /c/Users/Edwin Boston/OneDrive/Desktop/III/STDLIB/build/iii/omnia_transform_patterns.iii.o
[build_stdlib] OK   omnia/codegen_patterns -> /c/Users/Edwin Boston/OneDrive/Desktop/III/STDLIB/build/iii/omnia_codegen_patterns.iii.o
[build_stdlib] OK   omnia/babel -> /c/Users/Edwin Boston/OneDrive/Desktop/III/STDLIB/build/iii/omnia_babel.iii.o
[build_stdlib] OK   omnia/babel_intent -> /c/Users/Edwin Boston/OneDrive/Desktop/III/STDLIB/build/iii/omnia_babel_intent.iii.o
[build_stdlib] OK   omnia/governance -> /c/Users/Edwin Boston/OneDrive/Desktop/III/STDLIB/build/iii/omnia_governance.iii.o
[build_stdlib] OK   omnia/self_reformatter -> /c/Users/Edwin Boston/OneDrive/Desktop/III/STDLIB/build/iii/omnia_self_reformatter.iii.o
[build_stdlib] OK   aether/pattern_set_federation -> /c/Users/Edwin Boston/OneDrive/Desktop/III/STDLIB/build/iii/aether_pattern_set_federation.iii.o
[build_stdlib] OK   omnia/ai_resolve -> /c/Users/Edwin Boston/OneDrive/Desktop/III/STDLIB/build/iii/omnia_ai_resolve.iii.o
[build_stdlib] OK   omnia/resolution_meta_dispatch -> /c/Users/Edwin Boston/OneDrive/Desktop/III/STDLIB/build/iii/omnia_resolution_meta_dispatch.iii.o
[build_stdlib] OK   omnia/codegen_dispatch -> /c/Users/Edwin Boston/OneDrive/Desktop/III/STDLIB/build/iii/omnia_codegen_dispatch.iii.o
[build_stdlib] OK   omnia/resolution_init -> /c/Users/Edwin Boston/OneDrive/Desktop/III/STDLIB/build/iii/omnia_resolution_init.iii.o
[build_stdlib] OK   omnia/tp_raw_hex -> /c/Users/Edwin Boston/OneDrive/Desktop/III/STDLIB/build/iii/omnia_tp_raw_hex.iii.o
[build_stdlib] OK   omnia/tp_iii_hex -> /c/Users/Edwin Boston/OneDrive/Desktop/III/STDLIB/build/iii/omnia_tp_iii_hex.iii.o
[build_stdlib] OK   omnia/tp_pe_hex -> /c/Users/Edwin Boston/OneDrive/Desktop/III/STDLIB/build/iii/omnia_tp_pe_hex.iii.o
[build_stdlib] OK   omnia/tp_iii_to_md -> /c/Users/Edwin Boston/OneDrive/Desktop/III/STDLIB/build/iii/omnia_tp_iii_to_md.iii.o
[build_stdlib] OK   omnia/tp_iii_to_latex -> /c/Users/Edwin Boston/OneDrive/Desktop/III/STDLIB/build/iii/omnia_tp_iii_to_latex.iii.o
[build_stdlib] OK   omnia/tp_iii_to_c99 -> /c/Users/Edwin Boston/OneDrive/Desktop/III/STDLIB/build/iii/omnia_tp_iii_to_c99.iii.o
[build_stdlib] OK   omnia/tp_x86_disasm -> /c/Users/Edwin Boston/OneDrive/Desktop/III/STDLIB/build/iii/omnia_tp_x86_disasm.iii.o
[build_stdlib] OK   omnia/tp_x86_assemble -> /c/Users/Edwin Boston/OneDrive/Desktop/III/STDLIB/build/iii/omnia_tp_x86_assemble.iii.o
[build_stdlib] OK   omnia/tp_iii_to_asm -> /c/Users/Edwin Boston/OneDrive/Desktop/III/STDLIB/build/iii/omnia_tp_iii_to_asm.iii.o
[build_stdlib] OK   omnia/tp_asm_to_pe -> /c/Users/Edwin Boston/OneDrive/Desktop/III/STDLIB/build/iii/omnia_tp_asm_to_pe.iii.o
[build_stdlib] OK   omnia/tp_iii_to_babel_json -> /c/Users/Edwin Boston/OneDrive/Desktop/III/STDLIB/build/iii/omnia_tp_iii_to_babel_json.iii.o
[build_stdlib] OK   omnia/tp_babel_json_to_iii -> /c/Users/Edwin Boston/OneDrive/Desktop/III/STDLIB/build/iii/omnia_tp_babel_json_to_iii.iii.o
[build_stdlib] OK   omnia/tp_iii_to_ast_bin -> /c/Users/Edwin Boston/OneDrive/Desktop/III/STDLIB/build/iii/omnia_tp_iii_to_ast_bin.iii.o
[build_stdlib] OK   omnia/tp_ast_bin_to_iii -> /c/Users/Edwin Boston/OneDrive/Desktop/III/STDLIB/build/iii/omnia_tp_ast_bin_to_iii.iii.o
[build_stdlib] OK   omnia/tp_babel_text -> /c/Users/Edwin Boston/OneDrive/Desktop/III/STDLIB/build/iii/omnia_tp_babel_text.iii.o
[build_stdlib] OK   omnia/tp_babel_text_back -> /c/Users/Edwin Boston/OneDrive/Desktop/III/STDLIB/build/iii/omnia_tp_babel_text_back.iii.o
[build_stdlib] OK   omnia/tp_babel_json_cbor -> /c/Users/Edwin Boston/OneDrive/Desktop/III/STDLIB/build/iii/omnia_tp_babel_json_cbor.iii.o
[build_stdlib] OK   omnia/tp_babel_cbor_json -> /c/Users/Edwin Boston/OneDrive/Desktop/III/STDLIB/build/iii/omnia_tp_babel_cbor_json.iii.o
[build_stdlib] OK   omnia/tp_ripple_dot -> /c/Users/Edwin Boston/OneDrive/Desktop/III/STDLIB/build/iii/omnia_tp_ripple_dot.iii.o
[build_stdlib] OK   omnia/tp_ripple_md -> /c/Users/Edwin Boston/OneDrive/Desktop/III/STDLIB/build/iii/omnia_tp_ripple_md.iii.o
[build_stdlib] OK   omnia/tp_ast_dot -> /c/Users/Edwin Boston/OneDrive/Desktop/III/STDLIB/build/iii/omnia_tp_ast_dot.iii.o
[build_stdlib] OK   omnia/tp_c99hdr_to_iii -> /c/Users/Edwin Boston/OneDrive/Desktop/III/STDLIB/build/iii/omnia_tp_c99hdr_to_iii.iii.o
[build_stdlib] OK   omnia/tp_ast_to_babel_json -> /c/Users/Edwin Boston/OneDrive/Desktop/III/STDLIB/build/iii/omnia_tp_ast_to_babel_json.iii.o
[build_stdlib] OK   omnia/tp_babel_json_to_ast -> /c/Users/Edwin Boston/OneDrive/Desktop/III/STDLIB/build/iii/omnia_tp_babel_json_to_ast.iii.o
[build_stdlib] OK   omnia/tp_dispatch_consts -> /c/Users/Edwin Boston/OneDrive/Desktop/III/STDLIB/build/iii/omnia_tp_dispatch_consts.iii.o
[build_stdlib] OK   sanctus/calculus_v1 -> /c/Users/Edwin Boston/OneDrive/Desktop/III/STDLIB/build/iii/sanctus_calculus_v1.iii.o
[build_stdlib] OK   sanctus/irreducibility_proof -> /c/Users/Edwin Boston/OneDrive/Desktop/III/STDLIB/build/iii/sanctus_irreducibility_proof.iii.o
[build_stdlib] OK   omnia/mini_crystal -> /c/Users/Edwin Boston/OneDrive/Desktop/III/STDLIB/build/iii/omnia_mini_crystal.iii.o
[build_stdlib] OK   omnia/resolver_memo -> /c/Users/Edwin Boston/OneDrive/Desktop/III/STDLIB/build/iii/omnia_resolver_memo.iii.o
[build_stdlib] OK   omnia/jit_fuse -> /c/Users/Edwin Boston/OneDrive/Desktop/III/STDLIB/build/iii/omnia_jit_fuse.iii.o
[build_stdlib] OK   omnia/prespec -> /c/Users/Edwin Boston/OneDrive/Desktop/III/STDLIB/build/iii/omnia_prespec.iii.o
[build_stdlib] OK   omnia/hw_offload -> /c/Users/Edwin Boston/OneDrive/Desktop/III/STDLIB/build/iii/omnia_hw_offload.iii.o
[build_stdlib] OK   aether/babel_wire -> /c/Users/Edwin Boston/OneDrive/Desktop/III/STDLIB/build/iii/aether_babel_wire.iii.o
[build_stdlib] OK   aether/cap_handshake -> /c/Users/Edwin Boston/OneDrive/Desktop/III/STDLIB/build/iii/aether_cap_handshake.iii.o
[build_stdlib] OK   aether/sealed_channel -> /c/Users/Edwin Boston/OneDrive/Desktop/III/STDLIB/build/iii/aether_sealed_channel.iii.o
[build_stdlib] OK   aether/idoc -> /c/Users/Edwin Boston/OneDrive/Desktop/III/STDLIB/build/iii/aether_idoc.iii.o
[build_stdlib] OK   verba/nl_lex -> /c/Users/Edwin Boston/OneDrive/Desktop/III/STDLIB/build/iii/verba_nl_lex.iii.o
[build_stdlib] OK   verba/nl_parse -> /c/Users/Edwin Boston/OneDrive/Desktop/III/STDLIB/build/iii/verba_nl_parse.iii.o
[build_stdlib] OK   verba/hip -> /c/Users/Edwin Boston/OneDrive/Desktop/III/STDLIB/build/iii/verba_hip.iii.o
[build_stdlib] OK   omnia/bench -> /c/Users/Edwin Boston/OneDrive/Desktop/III/STDLIB/build/iii/omnia_bench.iii.o
[build_stdlib] OK   omnia/xii_term -> /c/Users/Edwin Boston/OneDrive/Desktop/III/STDLIB/build/iii/omnia_xii_term.iii.o
[build_stdlib] OK   omnia/xii_basis -> /c/Users/Edwin Boston/OneDrive/Desktop/III/STDLIB/build/iii/omnia_xii_basis.iii.o
[build_stdlib] OK   numera/xii_subforms -> /c/Users/Edwin Boston/OneDrive/Desktop/III/STDLIB/build/iii/numera_xii_subforms.iii.o
[build_stdlib] OK   omnia/xii_hj -> /c/Users/Edwin Boston/OneDrive/Desktop/III/STDLIB/build/iii/omnia_xii_hj.iii.o
[build_stdlib] OK   omnia/xii_savings -> /c/Users/Edwin Boston/OneDrive/Desktop/III/STDLIB/build/iii/omnia_xii_savings.iii.o
[build_stdlib] OK   omnia/xii_rewrite -> /c/Users/Edwin Boston/OneDrive/Desktop/III/STDLIB/build/iii/omnia_xii_rewrite.iii.o
[build_stdlib] OK   omnia/xii_canonicalise -> /c/Users/Edwin Boston/OneDrive/Desktop/III/STDLIB/build/iii/omnia_xii_canonicalise.iii.o
[build_stdlib] OK   omnia/xii_horizon -> /c/Users/Edwin Boston/OneDrive/Desktop/III/STDLIB/build/iii/omnia_xii_horizon.iii.o
[build_stdlib] OK   omnia/xii_horizon_reach -> /c/Users/Edwin Boston/OneDrive/Desktop/III/STDLIB/build/iii/omnia_xii_horizon_reach.iii.o
[build_stdlib] OK   omnia/xii_circ -> /c/Users/Edwin Boston/OneDrive/Desktop/III/STDLIB/build/iii/omnia_xii_circ.iii.o
[build_stdlib] OK   omnia/xii_chd -> /c/Users/Edwin Boston/OneDrive/Desktop/III/STDLIB/build/iii/omnia_xii_chd.iii.o
[build_stdlib] OK   omnia/xii_lattice -> /c/Users/Edwin Boston/OneDrive/Desktop/III/STDLIB/build/iii/omnia_xii_lattice.iii.o
[build_stdlib] OK   numera/xii_nop_tables -> /c/Users/Edwin Boston/OneDrive/Desktop/III/STDLIB/build/iii/numera_xii_nop_tables.iii.o
[build_stdlib] OK   omnia/xii_emit_gen -> /c/Users/Edwin Boston/OneDrive/Desktop/III/STDLIB/build/iii/omnia_xii_emit_gen.iii.o
[build_stdlib] OK   omnia/xii_kernel_emit -> /c/Users/Edwin Boston/OneDrive/Desktop/III/STDLIB/build/iii/omnia_xii_kernel_emit.iii.o
[build_stdlib] OK   omnia/xii_curated_payloads -> /c/Users/Edwin Boston/OneDrive/Desktop/III/STDLIB/build/iii/omnia_xii_curated_payloads.iii.o
[build_stdlib] OK   omnia/xii_curated_crypto -> /c/Users/Edwin Boston/OneDrive/Desktop/III/STDLIB/build/iii/omnia_xii_curated_crypto.iii.o
[build_stdlib] OK   omnia/xii_curated_crypto_extended -> /c/Users/Edwin Boston/OneDrive/Desktop/III/STDLIB/build/iii/omnia_xii_curated_crypto_extended.iii.o
[build_stdlib] OK   omnia/xii_curated_crypto_final -> /c/Users/Edwin Boston/OneDrive/Desktop/III/STDLIB/build/iii/omnia_xii_curated_crypto_final.iii.o
[build_stdlib] OK   omnia/xii_curated_arm64_crypto -> /c/Users/Edwin Boston/OneDrive/Desktop/III/STDLIB/build/iii/omnia_xii_curated_arm64_crypto.iii.o
[build_stdlib] OK   omnia/xii_curated_embedded -> /c/Users/Edwin Boston/OneDrive/Desktop/III/STDLIB/build/iii/omnia_xii_curated_embedded.iii.o
[build_stdlib] OK   omnia/xii_curated_riscv -> /c/Users/Edwin Boston/OneDrive/Desktop/III/STDLIB/build/iii/omnia_xii_curated_riscv.iii.o
[build_stdlib] OK   omnia/xii_curated_extended -> /c/Users/Edwin Boston/OneDrive/Desktop/III/STDLIB/build/iii/omnia_xii_curated_extended.iii.o
[build_stdlib] OK   sanctus/xii_sml -> /c/Users/Edwin Boston/OneDrive/Desktop/III/STDLIB/build/iii/sanctus_xii_sml.iii.o
[build_stdlib] OK   sanctus/xii_atm -> /c/Users/Edwin Boston/OneDrive/Desktop/III/STDLIB/build/iii/sanctus_xii_atm.iii.o
[build_stdlib] OK   sanctus/xii_curate -> /c/Users/Edwin Boston/OneDrive/Desktop/III/STDLIB/build/iii/sanctus_xii_curate.iii.o
[build_stdlib] OK   sanctus/xii_antidrift -> /c/Users/Edwin Boston/OneDrive/Desktop/III/STDLIB/build/iii/sanctus_xii_antidrift.iii.o
[build_stdlib] OK   sanctus/anchor_xii -> /c/Users/Edwin Boston/OneDrive/Desktop/III/STDLIB/build/iii/sanctus_anchor_xii.iii.o
[build_stdlib] OK   sanctus/xii_register_all -> /c/Users/Edwin Boston/OneDrive/Desktop/III/STDLIB/build/iii/sanctus_xii_register_all.iii.o
[build_stdlib] OK   katabasis/svm_layout -> /c/Users/Edwin Boston/OneDrive/Desktop/III/STDLIB/build/iii/katabasis_svm_layout.iii.o
[build_stdlib] OK   katabasis/cycle_family -> /c/Users/Edwin Boston/OneDrive/Desktop/III/STDLIB/build/iii/katabasis_cycle_family.iii.o
[build_stdlib] OK   katabasis/bar_layout -> /c/Users/Edwin Boston/OneDrive/Desktop/III/STDLIB/build/iii/katabasis_bar_layout.iii.o
[build_stdlib] OK   katabasis/cycle_admit -> /c/Users/Edwin Boston/OneDrive/Desktop/III/STDLIB/build/iii/katabasis_cycle_admit.iii.o
[build_stdlib] OK   katabasis/vmexit -> /c/Users/Edwin Boston/OneDrive/Desktop/III/STDLIB/build/iii/katabasis_vmexit.iii.o
[build_stdlib] OK   katabasis/ring_lattice -> /c/Users/Edwin Boston/OneDrive/Desktop/III/STDLIB/build/iii/katabasis_ring_lattice.iii.o
[build_stdlib] OK   katabasis/gate_verdict -> /c/Users/Edwin Boston/OneDrive/Desktop/III/STDLIB/build/iii/katabasis_gate_verdict.iii.o
[build_stdlib] OK   katabasis/census -> /c/Users/Edwin Boston/OneDrive/Desktop/III/STDLIB/build/iii/katabasis_census.iii.o
[build_stdlib] OK   katabasis/bricking -> /c/Users/Edwin Boston/OneDrive/Desktop/III/STDLIB/build/iii/katabasis_bricking.iii.o
[build_stdlib] OK   katabasis/cycle_term -> /c/Users/Edwin Boston/OneDrive/Desktop/III/STDLIB/build/iii/katabasis_cycle_term.iii.o
[build_stdlib] OK   katabasis/gate -> /c/Users/Edwin Boston/OneDrive/Desktop/III/STDLIB/build/iii/katabasis_gate.iii.o
[build_stdlib] OK   katabasis/seal -> /c/Users/Edwin Boston/OneDrive/Desktop/III/STDLIB/build/iii/katabasis_seal.iii.o
[build_stdlib] OK   katabasis/caps -> /c/Users/Edwin Boston/OneDrive/Desktop/III/STDLIB/build/iii/katabasis_caps.iii.o
[build_stdlib] OK   katabasis/admit -> /c/Users/Edwin Boston/OneDrive/Desktop/III/STDLIB/build/iii/katabasis_admit.iii.o
[build_stdlib] OK   numera/rev_invoke -> /c/Users/Edwin Boston/OneDrive/Desktop/III/STDLIB/build/iii/numera_rev_invoke.iii.o
[build_stdlib] OK   numera/tiebreak -> /c/Users/Edwin Boston/OneDrive/Desktop/III/STDLIB/build/iii/numera_tiebreak.iii.o
[build_stdlib] OK   numera/galois -> /c/Users/Edwin Boston/OneDrive/Desktop/III/STDLIB/build/iii/numera_galois.iii.o
[build_stdlib] OK   numera/sat -> /c/Users/Edwin Boston/OneDrive/Desktop/III/STDLIB/build/iii/numera_sat.iii.o
[build_stdlib] OK   numera/egraph -> /c/Users/Edwin Boston/OneDrive/Desktop/III/STDLIB/build/iii/numera_egraph.iii.o
[build_stdlib] OK   numera/cost_lattice -> /c/Users/Edwin Boston/OneDrive/Desktop/III/STDLIB/build/iii/numera_cost_lattice.iii.o
[build_stdlib] OK   omnia/sovval -> /c/Users/Edwin Boston/OneDrive/Desktop/III/STDLIB/build/iii/omnia_sovval.iii.o
[build_stdlib] OK   numera/microarch_model -> /c/Users/Edwin Boston/OneDrive/Desktop/III/STDLIB/build/iii/numera_microarch_model.iii.o
[build_stdlib] OK   numera/quine_verifier -> /c/Users/Edwin Boston/OneDrive/Desktop/III/STDLIB/build/iii/numera_quine_verifier.iii.o
[build_stdlib] OK   numera/entropy_monitor -> /c/Users/Edwin Boston/OneDrive/Desktop/III/STDLIB/build/iii/numera_entropy_monitor.iii.o
[build_stdlib] OK   numera/curry_howard -> /c/Users/Edwin Boston/OneDrive/Desktop/III/STDLIB/build/iii/numera_curry_howard.iii.o
[build_stdlib] OK   numera/category -> /c/Users/Edwin Boston/OneDrive/Desktop/III/STDLIB/build/iii/numera_category.iii.o
[build_stdlib] OK   numera/sheaf -> /c/Users/Edwin Boston/OneDrive/Desktop/III/STDLIB/build/iii/numera_sheaf.iii.o
[build_stdlib] OK   aether/manifest -> /c/Users/Edwin Boston/OneDrive/Desktop/III/STDLIB/build/iii/aether_manifest.iii.o
[build_stdlib] OK   aether/quarantine -> /c/Users/Edwin Boston/OneDrive/Desktop/III/STDLIB/build/iii/aether_quarantine.iii.o
[build_stdlib] OK   aether/node_identity -> /c/Users/Edwin Boston/OneDrive/Desktop/III/STDLIB/build/iii/aether_node_identity.iii.o
[build_stdlib] OK   aether/snapshot_lattice -> /c/Users/Edwin Boston/OneDrive/Desktop/III/STDLIB/build/iii/aether_snapshot_lattice.iii.o
[build_stdlib] OK   aether/topology_atlas -> /c/Users/Edwin Boston/OneDrive/Desktop/III/STDLIB/build/iii/aether_topology_atlas.iii.o
[build_stdlib] OK   aether/cap_forge -> /c/Users/Edwin Boston/OneDrive/Desktop/III/STDLIB/build/iii/aether_cap_forge.iii.o
[build_stdlib] OK   numera/xii_ldil -> /c/Users/Edwin Boston/OneDrive/Desktop/III/STDLIB/build/iii/numera_xii_ldil.iii.o
[build_stdlib] OK   aether/triple_check -> /c/Users/Edwin Boston/OneDrive/Desktop/III/STDLIB/build/iii/aether_triple_check.iii.o
[build_stdlib] OK   aether/context_awareness -> /c/Users/Edwin Boston/OneDrive/Desktop/III/STDLIB/build/iii/aether_context_awareness.iii.o
[build_stdlib] OK   numera/symbolic_regression -> /c/Users/Edwin Boston/OneDrive/Desktop/III/STDLIB/build/iii/numera_symbolic_regression.iii.o
[build_stdlib] OK   numera/constitution -> /c/Users/Edwin Boston/OneDrive/Desktop/III/STDLIB/build/iii/numera_constitution.iii.o
[build_stdlib] OK   numera/witness_spine -> /c/Users/Edwin Boston/OneDrive/Desktop/III/STDLIB/build/iii/numera_witness_spine.iii.o
[build_stdlib] OK   numera/reversible -> /c/Users/Edwin Boston/OneDrive/Desktop/III/STDLIB/build/iii/numera_reversible.iii.o
[build_stdlib] OK   numera/smt -> /c/Users/Edwin Boston/OneDrive/Desktop/III/STDLIB/build/iii/numera_smt.iii.o
[build_stdlib] OK   numera/proof_term -> /c/Users/Edwin Boston/OneDrive/Desktop/III/STDLIB/build/iii/numera_proof_term.iii.o
[build_stdlib] OK   numera/sat_at_scale -> /c/Users/Edwin Boston/OneDrive/Desktop/III/STDLIB/build/iii/numera_sat_at_scale.iii.o
[build_stdlib] OK   numera/groebner -> /c/Users/Edwin Boston/OneDrive/Desktop/III/STDLIB/build/iii/numera_groebner.iii.o
[build_stdlib] OK   numera/proof_carrying -> /c/Users/Edwin Boston/OneDrive/Desktop/III/STDLIB/build/iii/numera_proof_carrying.iii.o
[build_stdlib] OK   numera/cost_calculus -> /c/Users/Edwin Boston/OneDrive/Desktop/III/STDLIB/build/iii/numera_cost_calculus.iii.o
[build_stdlib] OK   aether/bone_marrow -> /c/Users/Edwin Boston/OneDrive/Desktop/III/STDLIB/build/iii/aether_bone_marrow.iii.o
[build_stdlib] OK   numera/cost_lattice_synth -> /c/Users/Edwin Boston/OneDrive/Desktop/III/STDLIB/build/iii/numera_cost_lattice_synth.iii.o
[build_stdlib] OK   aether/basal_probe -> /c/Users/Edwin Boston/OneDrive/Desktop/III/STDLIB/build/iii/aether_basal_probe.iii.o
[build_stdlib] OK   numera/temporal_logic -> /c/Users/Edwin Boston/OneDrive/Desktop/III/STDLIB/build/iii/numera_temporal_logic.iii.o
[build_stdlib] OK   numera/computation_graph -> /c/Users/Edwin Boston/OneDrive/Desktop/III/STDLIB/build/iii/numera_computation_graph.iii.o
[build_stdlib] OK   numera/memo_lattice -> /c/Users/Edwin Boston/OneDrive/Desktop/III/STDLIB/build/iii/numera_memo_lattice.iii.o
[build_stdlib] OK   numera/theorem_carrier -> /c/Users/Edwin Boston/OneDrive/Desktop/III/STDLIB/build/iii/numera_theorem_carrier.iii.o
[build_stdlib] OK   numera/synthesis_spec -> /c/Users/Edwin Boston/OneDrive/Desktop/III/STDLIB/build/iii/numera_synthesis_spec.iii.o
[build_stdlib] OK   aether/reversibility_audit -> /c/Users/Edwin Boston/OneDrive/Desktop/III/STDLIB/build/iii/aether_reversibility_audit.iii.o
[build_stdlib] OK   numera/branch_anchor -> /c/Users/Edwin Boston/OneDrive/Desktop/III/STDLIB/build/iii/numera_branch_anchor.iii.o
[build_stdlib] OK   aether/branch_governance -> /c/Users/Edwin Boston/OneDrive/Desktop/III/STDLIB/build/iii/aether_branch_governance.iii.o
[build_stdlib] OK   numera/math_library -> /c/Users/Edwin Boston/OneDrive/Desktop/III/STDLIB/build/iii/numera_math_library.iii.o
[build_stdlib] OK   numera/math_library_curation -> /c/Users/Edwin Boston/OneDrive/Desktop/III/STDLIB/build/iii/numera_math_library_curation.iii.o
[build_stdlib] OK   aether/memo_query -> /c/Users/Edwin Boston/OneDrive/Desktop/III/STDLIB/build/iii/aether_memo_query.iii.o
[build_stdlib] OK   numera/constitution_preserver -> /c/Users/Edwin Boston/OneDrive/Desktop/III/STDLIB/build/iii/numera_constitution_preserver.iii.o
[build_stdlib] OK   aether/bisimulation_witness -> /c/Users/Edwin Boston/OneDrive/Desktop/III/STDLIB/build/iii/aether_bisimulation_witness.iii.o
[build_stdlib] OK   aether/witness_compactor -> /c/Users/Edwin Boston/OneDrive/Desktop/III/STDLIB/build/iii/aether_witness_compactor.iii.o
[build_stdlib] OK   aether/distress_witness -> /c/Users/Edwin Boston/OneDrive/Desktop/III/STDLIB/build/iii/aether_distress_witness.iii.o
[build_stdlib] OK   aether/cost_overrun_handler -> /c/Users/Edwin Boston/OneDrive/Desktop/III/STDLIB/build/iii/aether_cost_overrun_handler.iii.o
[build_stdlib] OK   aether/firmware_quarantine -> /c/Users/Edwin Boston/OneDrive/Desktop/III/STDLIB/build/iii/aether_firmware_quarantine.iii.o
[build_stdlib] OK   aether/shape_negotiator -> /c/Users/Edwin Boston/OneDrive/Desktop/III/STDLIB/build/iii/aether_shape_negotiator.iii.o
[build_stdlib] OK   aether/memo_compactor_coordination -> /c/Users/Edwin Boston/OneDrive/Desktop/III/STDLIB/build/iii/aether_memo_compactor_coordination.iii.o
[build_stdlib] OK   numera/reflection_constrained -> /c/Users/Edwin Boston/OneDrive/Desktop/III/STDLIB/build/iii/numera_reflection_constrained.iii.o
[build_stdlib] OK   numera/reflection_governance -> /c/Users/Edwin Boston/OneDrive/Desktop/III/STDLIB/build/iii/numera_reflection_governance.iii.o
[build_stdlib] OK   nous/nous_features -> /c/Users/Edwin Boston/OneDrive/Desktop/III/STDLIB/build/iii/nous_nous_features.iii.o
[build_stdlib] OK   nous/nous_costlin -> /c/Users/Edwin Boston/OneDrive/Desktop/III/STDLIB/build/iii/nous_nous_costlin.iii.o
[build_stdlib] OK   nous/nous_value -> /c/Users/Edwin Boston/OneDrive/Desktop/III/STDLIB/build/iii/nous_nous_value.iii.o
[build_stdlib] OK   nous/nous_policy -> /c/Users/Edwin Boston/OneDrive/Desktop/III/STDLIB/build/iii/nous_nous_policy.iii.o
[build_stdlib] OK   nous/nous_socket -> /c/Users/Edwin Boston/OneDrive/Desktop/III/STDLIB/build/iii/nous_nous_socket.iii.o
[build_stdlib] OK   nous/nous_search -> /c/Users/Edwin Boston/OneDrive/Desktop/III/STDLIB/build/iii/nous_nous_search.iii.o
[build_stdlib] OK   nous/nous_charter -> /c/Users/Edwin Boston/OneDrive/Desktop/III/STDLIB/build/iii/nous_nous_charter.iii.o
[build_stdlib] OK   nous/nous_completion -> /c/Users/Edwin Boston/OneDrive/Desktop/III/STDLIB/build/iii/nous_nous_completion.iii.o
[build_stdlib] OK   nous/nous_commons -> /c/Users/Edwin Boston/OneDrive/Desktop/III/STDLIB/build/iii/nous_nous_commons.iii.o
[build_stdlib] OK   nous/nous_train -> /c/Users/Edwin Boston/OneDrive/Desktop/III/STDLIB/build/iii/nous_nous_train.iii.o
[build_stdlib] OK   nous/nous_synth -> /c/Users/Edwin Boston/OneDrive/Desktop/III/STDLIB/build/iii/nous_nous_synth.iii.o
[build_stdlib] OK   nous/nous_behavioral_key -> /c/Users/Edwin Boston/OneDrive/Desktop/III/STDLIB/build/iii/nous_nous_behavioral_key.iii.o
[build_stdlib] OK   omnia/xii_rule_patterns -> /c/Users/Edwin Boston/OneDrive/Desktop/III/STDLIB/build/iii/omnia_xii_rule_patterns.iii.o
[build_stdlib] OK   omnia/xii_rule_overlap -> /c/Users/Edwin Boston/OneDrive/Desktop/III/STDLIB/build/iii/omnia_xii_rule_overlap.iii.o
[build_stdlib] OK   omnia/xii_critpair_enum -> /c/Users/Edwin Boston/OneDrive/Desktop/III/STDLIB/build/iii/omnia_xii_critpair_enum.iii.o
[build_stdlib] OK   omnia/xii_joinability -> /c/Users/Edwin Boston/OneDrive/Desktop/III/STDLIB/build/iii/omnia_xii_joinability.iii.o
[build_stdlib] OK   omnia/xii_termination -> /c/Users/Edwin Boston/OneDrive/Desktop/III/STDLIB/build/iii/omnia_xii_termination.iii.o
[build_stdlib] OK   omnia/xii_admission -> /c/Users/Edwin Boston/OneDrive/Desktop/III/STDLIB/build/iii/omnia_xii_admission.iii.o
[build_stdlib] OK   omnia/xii_lower_compose -> /c/Users/Edwin Boston/OneDrive/Desktop/III/STDLIB/build/iii/omnia_xii_lower_compose.iii.o
[build_stdlib] OK   omnia/xii_lower_decide -> /c/Users/Edwin Boston/OneDrive/Desktop/III/STDLIB/build/iii/omnia_xii_lower_decide.iii.o
[build_stdlib] OK   omnia/xii_lower_iterate -> /c/Users/Edwin Boston/OneDrive/Desktop/III/STDLIB/build/iii/omnia_xii_lower_iterate.iii.o
[build_stdlib] OK   omnia/xii_lower_program -> /c/Users/Edwin Boston/OneDrive/Desktop/III/STDLIB/build/iii/omnia_xii_lower_program.iii.o
[build_stdlib] OK   omnia/xii_lower_then -> /c/Users/Edwin Boston/OneDrive/Desktop/III/STDLIB/build/iii/omnia_xii_lower_then.iii.o
[build_stdlib] OK   omnia/xii_lower_with -> /c/Users/Edwin Boston/OneDrive/Desktop/III/STDLIB/build/iii/omnia_xii_lower_with.iii.o
[build_stdlib] OK   omnia/xii_lower_under -> /c/Users/Edwin Boston/OneDrive/Desktop/III/STDLIB/build/iii/omnia_xii_lower_under.iii.o
[build_stdlib] OK   omnia/xii_mig4_seal -> /c/Users/Edwin Boston/OneDrive/Desktop/III/STDLIB/build/iii/omnia_xii_mig4_seal.iii.o
[build_stdlib] OK   omnia/xii_strategy_det -> /c/Users/Edwin Boston/OneDrive/Desktop/III/STDLIB/build/iii/omnia_xii_strategy_det.iii.o
[build_stdlib] OK   omnia/xii_discharge -> /c/Users/Edwin Boston/OneDrive/Desktop/III/STDLIB/build/iii/omnia_xii_discharge.iii.o
[build_stdlib] OK   omnia/xii_conf_cert -> /c/Users/Edwin Boston/OneDrive/Desktop/III/STDLIB/build/iii/omnia_xii_conf_cert.iii.o
[build_stdlib] OK   aether/backend_memo -> /c/Users/Edwin Boston/OneDrive/Desktop/III/STDLIB/build/iii/aether_backend_memo.iii.o
[build_stdlib] OK   aether/reach_store -> /c/Users/Edwin Boston/OneDrive/Desktop/III/STDLIB/build/iii/aether_reach_store.iii.o
[build_stdlib] OK   aether/backend_remote -> /c/Users/Edwin Boston/OneDrive/Desktop/III/STDLIB/build/iii/aether_backend_remote.iii.o
[build_stdlib] OK   aether/backend_ipc -> /c/Users/Edwin Boston/OneDrive/Desktop/III/STDLIB/build/iii/aether_backend_ipc.iii.o
[build_stdlib] OK   aether/reach_core -> /c/Users/Edwin Boston/OneDrive/Desktop/III/STDLIB/build/iii/aether_reach_core.iii.o
[build_stdlib] OK   aether/reach_oracle -> /c/Users/Edwin Boston/OneDrive/Desktop/III/STDLIB/build/iii/aether_reach_oracle.iii.o
[build_stdlib] OK   aether/backend_loopback -> /c/Users/Edwin Boston/OneDrive/Desktop/III/STDLIB/build/iii/aether_backend_loopback.iii.o
[build_stdlib] OK   omnia/ripple_field -> /c/Users/Edwin Boston/OneDrive/Desktop/III/STDLIB/build/iii/omnia_ripple_field.iii.o
[build_stdlib] OK   forcefield/pleroma -> /c/Users/Edwin Boston/OneDrive/Desktop/III/STDLIB/build/iii/forcefield_pleroma.iii.o
[build_stdlib] OK   forcefield/ripple -> /c/Users/Edwin Boston/OneDrive/Desktop/III/STDLIB/build/iii/forcefield_ripple.iii.o
[build_stdlib] OK   forcefield/ripple_dyn -> /c/Users/Edwin Boston/OneDrive/Desktop/III/STDLIB/build/iii/forcefield_ripple_dyn.iii.o
[build_stdlib] OK   forcefield/optinvoke -> /c/Users/Edwin Boston/OneDrive/Desktop/III/STDLIB/build/iii/forcefield_optinvoke.iii.o
[build_stdlib] OK   numera/typecheck -> /c/Users/Edwin Boston/OneDrive/Desktop/III/STDLIB/build/iii/numera_typecheck.iii.o
[build_stdlib] OK   numera/combinator -> /c/Users/Edwin Boston/OneDrive/Desktop/III/STDLIB/build/iii/numera_combinator.iii.o

============================================================
 STDLIB native module build
============================================================
  PASS = 413
  FAIL = 0
  TOTAL= 413
============================================================
[build_stdlib] OK   resolver_unit.s -> /c/Users/Edwin Boston/OneDrive/Desktop/III/STDLIB/build/iii/resolver_unit.o
[build_stdlib] OK   resolver_unit_avx512.s -> /c/Users/Edwin Boston/OneDrive/Desktop/III/STDLIB/build/iii/resolver_unit_avx512.o
[build_stdlib] OK   bench_helpers.s -> /c/Users/Edwin Boston/OneDrive/Desktop/III/STDLIB/build/iii/bench_helpers.o
[build_stdlib] OK   cpuid_helper.s -> /c/Users/Edwin Boston/OneDrive/Desktop/III/STDLIB/build/iii/cpuid_helper.o
[build_stdlib] OK   resolver_hot.s -> /c/Users/Edwin Boston/OneDrive/Desktop/III/STDLIB/build/iii/resolver_hot.o
[build_stdlib] aggregated -> /c/Users/Edwin Boston/OneDrive/Desktop/III/STDLIB/build/iii/libiii_native.a
[build_stdlib] mhash:
bbc7029bd98f878e16353e31cb659cc0e4ad51acf0595c2de93a0441c07d0580 */c/Users/Edwin Boston/OneDrive/Desktop/III/STDLIB/build/iii/libiii_native.a
