=== build_stdlib ===
[build_stdlib] OK   bench_helpers.s -> /c/Users/Edwin Boston/OneDrive/Desktop/III/STDLIB/build/iii/bench_helpers.o
[build_stdlib] OK   cpuid_helper.s -> /c/Users/Edwin Boston/OneDrive/Desktop/III/STDLIB/build/iii/cpuid_helper.o
[build_stdlib] OK   resolver_hot.s -> /c/Users/Edwin Boston/OneDrive/Desktop/III/STDLIB/build/iii/resolver_hot.o
[build_stdlib] aggregated -> /c/Users/Edwin Boston/OneDrive/Desktop/III/STDLIB/build/iii/libiii_native.a
[build_stdlib] mhash:
cecf4317802c9e2d24626feb28318365b61e22abff892e5f35f5a89e607be582 */c/Users/Edwin Boston/OneDrive/Desktop/III/STDLIB/build/iii/libiii_native.a
=== run_corpus ===
  PASS  49_field_fp_arithmetic : exit=99
  PASS  131_field_inv_crystal : exit=99
  PASS  208_ecdsa_p256 : exit=99
  PASS  209_ecdsa_p384 : exit=99
  PASS  388_fe25519_ed : exit=99
  PASS  758_mont_ctx_organ : exit=99
  PASS  760_field_mont_organ : exit=99
  PASS  913_ecdsa_p256_det_sign : exit=99
  PASS  972_ecdsa_lowS_range : exit=99
  PASS  973_fe25519_canonical_decode : exit=99
  PASS=621  FAIL=0  SKIP=99  TOTAL=621
=== run_bench ===
 STDLIB Performance Benchmark Corpus (237/242/243/244 + 990/991/992)
  PASS  990_bench_knuth_div : within budget on this host (exit 99)
  PASS  991_bench_montgomery_modpow : within budget on this host (exit 99)
  PASS  992_bench_fe25519_mul : within budget on this host (exit 99)
  PASS=7  ADVISORY=0  CORRECTNESS-FAIL=0
   CORRECTNESS-FAIL = functional regression -- hard error)
=== DONE ===
