=== build_stdlib ===
[build_stdlib] OK   cpuid_helper.s -> /c/Users/Edwin Boston/OneDrive/Desktop/III/STDLIB/build/iii/cpuid_helper.o
[build_stdlib] OK   resolver_hot.s -> /c/Users/Edwin Boston/OneDrive/Desktop/III/STDLIB/build/iii/resolver_hot.o
[build_stdlib] aggregated -> /c/Users/Edwin Boston/OneDrive/Desktop/III/STDLIB/build/iii/libiii_native.a
[build_stdlib] mhash:
0563acfc6064143dbe6b7b68c89a30005d739016b7a108090645bf7d6132c659 */c/Users/Edwin Boston/OneDrive/Desktop/III/STDLIB/build/iii/libiii_native.a
=== run_corpus ===
  PASS  72_chacha20_poly1305_aead_rfc8439 : exit=99
  PASS  81_hkdf_sha256_rfc5869 : exit=60
  PASS  86_pbkdf2_sha256_rfc7914 : exit=85
  PASS  149_cpufeat_dispatch : exit=99
  PASS  150_cpufeat_only : exit=99
  PASS  204_drbg_sp80090a : exit=99
  PASS  207_aes_siv_rfc5297 : exit=99
  PASS  760_field_mont_organ : exit=99
  PASS  761_buffer_bound_falsifier : exit=99
  PASS  971_cpufeat_avx512dq : exit=99
  PASS=622  FAIL=0  SKIP=99  TOTAL=622
=== run_bench ===
  PASS=7  ADVISORY=0  CORRECTNESS-FAIL=0
  (PASS = within host budget; ADVISORY = host slower than the
   CORRECTNESS-FAIL = functional regression -- hard error)
=== DONE ===
