C:/ProgramData/mingw64/mingw64/bin/../lib/gcc/x86_64-w64-mingw32/15.2.0/../../../../x86_64-w64-mingw32/bin/ld.exe: C:/Users/Edwin Boston/OneDrive/Desktop/III/STDLIB/build/iii/omnia_resolution_init.iii.o:fake:(.text+0x3b): undefined reference to `pattern_template_zero'
C:/ProgramData/mingw64/mingw64/bin/../lib/gcc/x86_64-w64-mingw32/15.2.0/../../../../x86_64-w64-mingw32/bin/ld.exe: C:/Users/Edwin Boston/OneDrive/Desktop/III/STDLIB/build/iii/omnia_resolution_init.iii.o:fake:(.text+0x11c): undefined reference to `pattern_template_set_id'
C:/ProgramData/mingw64/mingw64/bin/../lib/gcc/x86_64-w64-mingw32/15.2.0/../../../../x86_64-w64-mingw32/bin/ld.exe: C:/Users/Edwin Boston/OneDrive/Desktop/III/STDLIB/build/iii/omnia_resolution_init.iii.o:fake:(.text+0x167): undefined reference to `pattern_template_set_activation_base'
C:/ProgramData/mingw64/mingw64/bin/../lib/gcc/x86_64-w64-mingw32/15.2.0/../../../../x86_64-w64-mingw32/bin/ld.exe: C:/Users/Edwin Boston/OneDrive/Desktop/III/STDLIB/build/iii/omnia_resolution_init.iii.o:fake:(.text+0x1bb): undefined reference to `pattern_template_set_activation_base'
C:/ProgramData/mingw64/mingw64/bin/../lib/gcc/x86_64-w64-mingw32/15.2.0/../../../../x86_64-w64-mingw32/bin/ld.exe: C:/Users/Edwin Boston/OneDrive/Desktop/III/STDLIB/build/iii/omnia_resolution_init.iii.o:fake:(.text+0x231): undefined reference to `pattern_template_set_activation_base'
C:/ProgramData/mingw64/mingw64/bin/../lib/gcc/x86_64-w64-mingw32/15.2.0/../../../../x86_64-w64-mingw32/bin/ld.exe: C:/Users/Edwin Boston/OneDrive/Desktop/III/STDLIB/build/iii/omnia_resolution_init.iii.o:fake:(.text+0x267): undefined reference to `pattern_template_set_hexad_kind'
C:/ProgramData/mingw64/mingw64/bin/../lib/gcc/x86_64-w64-mingw32/15.2.0/../../../../x86_64-w64-mingw32/bin/ld.exe: C:/Users/Edwin Boston/OneDrive/Desktop/III/STDLIB/build/iii/omnia_resolution_init.iii.o:fake:(.text+0x28e): undefined reference to `pattern_template_set_ring'
C:/ProgramData/mingw64/mingw64/bin/../lib/gcc/x86_64-w64-mingw32/15.2.0/../../../../x86_64-w64-mingw32/bin/ld.exe: C:/Users/Edwin Boston/OneDrive/Desktop/III/STDLIB/build/iii/omnia_resolution_init.iii.o:fake:(.text+0x2b7): undefined reference to `pattern_template_set_k_value'
C:/ProgramData/mingw64/mingw64/bin/../lib/gcc/x86_64-w64-mingw32/15.2.0/../../../../x86_64-w64-mingw32/bin/ld.exe: C:/Users/Edwin Boston/OneDrive/Desktop/III/STDLIB/build/iii/omnia_resolution_init.iii.o:fake:(.text+0x2e9): undefined reference to `pattern_template_set_dispatch'
C:/ProgramData/mingw64/mingw64/bin/../lib/gcc/x86_64-w64-mingw32/15.2.0/../../../../x86_64-w64-mingw32/bin/ld.exe: C:/Users/Edwin Boston/OneDrive/Desktop/III/STDLIB/build/iii/omnia_resolution_init.iii.o:fake:(.text+0x31e): undefined reference to `pattern_template_set_binding_kind'
C:/ProgramData/mingw64/mingw64/bin/../lib/gcc/x86_64-w64-mingw32/15.2.0/../../../../x86_64-w64-mingw32/bin/ld.exe: C:/Users/Edwin Boston/OneDrive/Desktop/III/STDLIB/build/iii/omnia_resolution_init.iii.o:fake:(.text+0x32e): undefined reference to `mu_unify_primitive'
C:/ProgramData/mingw64/mingw64/bin/../lib/gcc/x86_64-w64-mingw32/15.2.0/../../../../x86_64-w64-mingw32/bin/ld.exe: C:/Users/Edwin Boston/OneDrive/Desktop/III/STDLIB/build/iii/omnia_resolution_init.iii.o:fake:(.text+0x350): undefined reference to `pattern_template_set_unify'
C:/ProgramData/mingw64/mingw64/bin/../lib/gcc/x86_64-w64-mingw32/15.2.0/../../../../x86_64-w64-mingw32/bin/ld.exe: C:/Users/Edwin Boston/OneDrive/Desktop/III/STDLIB/build/iii/omnia_resolution_init.iii.o:fake:(.text+0x372): undefined reference to `pattern_register'
C:/ProgramData/mingw64/mingw64/bin/../lib/gcc/x86_64-w64-mingw32/15.2.0/../../../../x86_64-w64-mingw32/bin/ld.exe: C:/Users/Edwin Boston/OneDrive/Desktop/III/STDLIB/build/iii/omnia_resolution_init.iii.o:fake:(.text+0xb5f): undefined reference to `pattern_registry_is_sealed'
C:/ProgramData/mingw64/mingw64/bin/../lib/gcc/x86_64-w64-mingw32/15.2.0/../../../../x86_64-w64-mingw32/bin/ld.exe: C:/Users/Edwin Boston/OneDrive/Desktop/III/STDLIB/build/iii/omnia_resolution_init.iii.o:fake:(.text+0xbb8): undefined reference to `proof_init'
C:/ProgramData/mingw64/mingw64/bin/../lib/gcc/x86_64-w64-mingw32/15.2.0/../../../../x86_64-w64-mingw32/bin/ld.exe: C:/Users/Edwin Boston/OneDrive/Desktop/III/STDLIB/build/iii/omnia_resolution_init.iii.o:fake:(.text+0xc93): undefined reference to `pattern_registry_seal_global'
C:/ProgramData/mingw64/mingw64/bin/../lib/gcc/x86_64-w64-mingw32/15.2.0/../../../../x86_64-w64-mingw32/bin/ld.exe: C:/Users/Edwin Boston/OneDrive/Desktop/III/STDLIB/build/iii/omnia_resolution_init.iii.o:fake:(.text+0xcb4): undefined reference to `quality_set_resolver_lint_passed'
C:/ProgramData/mingw64/mingw64/bin/../lib/gcc/x86_64-w64-mingw32/15.2.0/../../../../x86_64-w64-mingw32/bin/ld.exe: C:/Users/Edwin Boston/OneDrive/Desktop/III/STDLIB/build/iii/omnia_proof_ripple_resolution.iii.o:fake:(.text+0x554): undefined reference to `pattern_table_get'
C:/ProgramData/mingw64/mingw64/bin/../lib/gcc/x86_64-w64-mingw32/15.2.0/../../../../x86_64-w64-mingw32/bin/ld.exe: C:/Users/Edwin Boston/OneDrive/Desktop/III/STDLIB/build/iii/omnia_proof_ripple_resolution.iii.o:fake:(.text+0x56c): undefined reference to `pattern_table_get'
C:/ProgramData/mingw64/mingw64/bin/../lib/gcc/x86_64-w64-mingw32/15.2.0/../../../../x86_64-w64-mingw32/bin/ld.exe: C:/Users/Edwin Boston/OneDrive/Desktop/III/STDLIB/build/iii/omnia_proof_ripple_resolution.iii.o:fake:(.text+0x5ff): undefined reference to `pattern_dispatch_fn'
C:/ProgramData/mingw64/mingw64/bin/../lib/gcc/x86_64-w64-mingw32/15.2.0/../../../../x86_64-w64-mingw32/bin/ld.exe: C:/Users/Edwin Boston/OneDrive/Desktop/III/STDLIB/build/iii/omnia_proof_ripple_resolution.iii.o:fake:(.text+0x618): undefined reference to `pattern_dispatch_fn'
C:/ProgramData/mingw64/mingw64/bin/../lib/gcc/x86_64-w64-mingw32/15.2.0/../../../../x86_64-w64-mingw32/bin/ld.exe: C:/Users/Edwin Boston/OneDrive/Desktop/III/STDLIB/build/iii/omnia_proof_ripple_resolution.iii.o:fake:(.text+0xd04): undefined reference to `pattern_table_get'
C:/ProgramData/mingw64/mingw64/bin/../lib/gcc/x86_64-w64-mingw32/15.2.0/../../../../x86_64-w64-mingw32/bin/ld.exe: C:/Users/Edwin Boston/OneDrive/Desktop/III/STDLIB/build/iii/omnia_proof_ripple_resolution.iii.o:fake:(.text+0xd1c): undefined reference to `pattern_table_get'
C:/ProgramData/mingw64/mingw64/bin/../lib/gcc/x86_64-w64-mingw32/15.2.0/../../../../x86_64-w64-mingw32/bin/ld.exe: C:/Users/Edwin Boston/OneDrive/Desktop/III/STDLIB/build/iii/omnia_proof_ripple_resolution.iii.o:fake:(.text+0xdaf): undefined reference to `pattern_dispatch_fn'
C:/ProgramData/mingw64/mingw64/bin/../lib/gcc/x86_64-w64-mingw32/15.2.0/../../../../x86_64-w64-mingw32/bin/ld.exe: C:/Users/Edwin Boston/OneDrive/Desktop/III/STDLIB/build/iii/omnia_proof_ripple_resolution.iii.o:fake:(.text+0xdc8): undefined reference to `pattern_dispatch_fn'
C:/ProgramData/mingw64/mingw64/bin/../lib/gcc/x86_64-w64-mingw32/15.2.0/../../../../x86_64-w64-mingw32/bin/ld.exe: C:/Users/Edwin Boston/OneDrive/Desktop/III/STDLIB/build/iii/omnia_resolver.iii.o:fake:(.text+0x29a): undefined reference to `call_context_digest'
C:/ProgramData/mingw64/mingw64/bin/../lib/gcc/x86_64-w64-mingw32/15.2.0/../../../../x86_64-w64-mingw32/bin/ld.exe: C:/Users/Edwin Boston/OneDrive/Desktop/III/STDLIB/build/iii/omnia_resolver.iii.o:fake:(.text+0xa45): undefined reference to `pattern_activation_base'
C:/ProgramData/mingw64/mingw64/bin/../lib/gcc/x86_64-w64-mingw32/15.2.0/../../../../x86_64-w64-mingw32/bin/ld.exe: C:/Users/Edwin Boston/OneDrive/Desktop/III/STDLIB/build/iii/omnia_resolver.iii.o:fake:(.text+0xa5e): undefined reference to `pattern_specialisation_of'
C:/ProgramData/mingw64/mingw64/bin/../lib/gcc/x86_64-w64-mingw32/15.2.0/../../../../x86_64-w64-mingw32/bin/ld.exe: C:/Users/Edwin Boston/OneDrive/Desktop/III/STDLIB/build/iii/omnia_resolver.iii.o:fake:(.text+0xa99): undefined reference to `sat_add_u64'
C:/ProgramData/mingw64/mingw64/bin/../lib/gcc/x86_64-w64-mingw32/15.2.0/../../../../x86_64-w64-mingw32/bin/ld.exe: C:/Users/Edwin Boston/OneDrive/Desktop/III/STDLIB/build/iii/omnia_resolver.iii.o:fake:(.text+0xabb): undefined reference to `sat_add_u64'
C:/ProgramData/mingw64/mingw64/bin/../lib/gcc/x86_64-w64-mingw32/15.2.0/../../../../x86_64-w64-mingw32/bin/ld.exe: C:/Users/Edwin Boston/OneDrive/Desktop/III/STDLIB/build/iii/omnia_resolver.iii.o:fake:(.text+0xadd): undefined reference to `pattern_hexad_kind'
C:/ProgramData/mingw64/mingw64/bin/../lib/gcc/x86_64-w64-mingw32/15.2.0/../../../../x86_64-w64-mingw32/bin/ld.exe: C:/Users/Edwin Boston/OneDrive/Desktop/III/STDLIB/build/iii/omnia_resolver.iii.o:fake:(.text+0xafa): undefined reference to `intent_expected_hexad_kind'
C:/ProgramData/mingw64/mingw64/bin/../lib/gcc/x86_64-w64-mingw32/15.2.0/../../../../x86_64-w64-mingw32/bin/ld.exe: C:/Users/Edwin Boston/OneDrive/Desktop/III/STDLIB/build/iii/omnia_resolver.iii.o:fake:(.text+0xb44): undefined reference to `sat_add_u64'
C:/ProgramData/mingw64/mingw64/bin/../lib/gcc/x86_64-w64-mingw32/15.2.0/../../../../x86_64-w64-mingw32/bin/ld.exe: C:/Users/Edwin Boston/OneDrive/Desktop/III/STDLIB/build/iii/omnia_resolver.iii.o:fake:(.text+0xbb6): undefined reference to `sat_add_u64'
C:/ProgramData/mingw64/mingw64/bin/../lib/gcc/x86_64-w64-mingw32/15.2.0/../../../../x86_64-w64-mingw32/bin/ld.exe: C:/Users/Edwin Boston/OneDrive/Desktop/III/STDLIB/build/iii/omnia_resolver.iii.o:fake:(.text+0xc42): undefined reference to `sat_add_u64'
C:/ProgramData/mingw64/mingw64/bin/../lib/gcc/x86_64-w64-mingw32/15.2.0/../../../../x86_64-w64-mingw32/bin/ld.exe: C:/Users/Edwin Boston/OneDrive/Desktop/III/STDLIB/build/iii/omnia_resolver.iii.o:fake:(.text+0xcab): undefined reference to `sat_sub_u64'
C:/ProgramData/mingw64/mingw64/bin/../lib/gcc/x86_64-w64-mingw32/15.2.0/../../../../x86_64-w64-mingw32/bin/ld.exe: C:/Users/Edwin Boston/OneDrive/Desktop/III/STDLIB/build/iii/omnia_resolver.iii.o:fake:(.text+0xcdf): undefined reference to `pattern_ring'
C:/ProgramData/mingw64/mingw64/bin/../lib/gcc/x86_64-w64-mingw32/15.2.0/../../../../x86_64-w64-mingw32/bin/ld.exe: C:/Users/Edwin Boston/OneDrive/Desktop/III/STDLIB/build/iii/omnia_resolver.iii.o:fake:(.text+0xcfc): undefined reference to `call_context_ring'
C:/ProgramData/mingw64/mingw64/bin/../lib/gcc/x86_64-w64-mingw32/15.2.0/../../../../x86_64-w64-mingw32/bin/ld.exe: C:/Users/Edwin Boston/OneDrive/Desktop/III/STDLIB/build/iii/omnia_resolver.iii.o:fake:(.text+0xd41): undefined reference to `sat_add_u64'
C:/ProgramData/mingw64/mingw64/bin/../lib/gcc/x86_64-w64-mingw32/15.2.0/../../../../x86_64-w64-mingw32/bin/ld.exe: C:/Users/Edwin Boston/OneDrive/Desktop/III/STDLIB/build/iii/omnia_resolver.iii.o:fake:(.text+0xdcd): undefined reference to `sat_add_u64'
C:/ProgramData/mingw64/mingw64/bin/../lib/gcc/x86_64-w64-mingw32/15.2.0/../../../../x86_64-w64-mingw32/bin/ld.exe: C:/Users/Edwin Boston/OneDrive/Desktop/III/STDLIB/build/iii/omnia_resolver.iii.o:fake:(.text+0xe36): undefined reference to `sat_sub_u64'
C:/ProgramData/mingw64/mingw64/bin/../lib/gcc/x86_64-w64-mingw32/15.2.0/../../../../x86_64-w64-mingw32/bin/ld.exe: C:/Users/Edwin Boston/OneDrive/Desktop/III/STDLIB/build/iii/omnia_resolver.iii.o:fake:(.text+0xe61): undefined reference to `intent_required_guarantees'
C:/ProgramData/mingw64/mingw64/bin/../lib/gcc/x86_64-w64-mingw32/15.2.0/../../../../x86_64-w64-mingw32/bin/ld.exe: C:/Users/Edwin Boston/OneDrive/Desktop/III/STDLIB/build/iii/omnia_resolver.iii.o:fake:(.text+0xe7c): undefined reference to `pattern_guarantees_provided'
C:/ProgramData/mingw64/mingw64/bin/../lib/gcc/x86_64-w64-mingw32/15.2.0/../../../../x86_64-w64-mingw32/bin/ld.exe: C:/Users/Edwin Boston/OneDrive/Desktop/III/STDLIB/build/iii/omnia_resolver.iii.o:fake:(.text+0xeda): undefined reference to `sat_sub_u64'
C:/ProgramData/mingw64/mingw64/bin/../lib/gcc/x86_64-w64-mingw32/15.2.0/../../../../x86_64-w64-mingw32/bin/ld.exe: C:/Users/Edwin Boston/OneDrive/Desktop/III/STDLIB/build/iii/omnia_resolver.iii.o:fake:(.text+0xf63): undefined reference to `sat_add_u64'
C:/ProgramData/mingw64/mingw64/bin/../lib/gcc/x86_64-w64-mingw32/15.2.0/../../../../x86_64-w64-mingw32/bin/ld.exe: C:/Users/Edwin Boston/OneDrive/Desktop/III/STDLIB/build/iii/omnia_resolver.iii.o:fake:(.text+0xff5): undefined reference to `sat_add_u64'
C:/ProgramData/mingw64/mingw64/bin/../lib/gcc/x86_64-w64-mingw32/15.2.0/../../../../x86_64-w64-mingw32/bin/ld.exe: C:/Users/Edwin Boston/OneDrive/Desktop/III/STDLIB/build/iii/omnia_resolver.iii.o:fake:(.text+0x1087): undefined reference to `sat_add_u64'
C:/ProgramData/mingw64/mingw64/bin/../lib/gcc/x86_64-w64-mingw32/15.2.0/../../../../x86_64-w64-mingw32/bin/ld.exe: C:/Users/Edwin Boston/OneDrive/Desktop/III/STDLIB/build/iii/omnia_resolver.iii.o:fake:(.text+0x1119): undefined reference to `sat_add_u64'
C:/ProgramData/mingw64/mingw64/bin/../lib/gcc/x86_64-w64-mingw32/15.2.0/../../../../x86_64-w64-mingw32/bin/ld.exe: C:/Users/Edwin Boston/OneDrive/Desktop/III/STDLIB/build/iii/omnia_resolver.iii.o:fake:(.text+0x11ab): undefined reference to `sat_add_u64'
C:/ProgramData/mingw64/mingw64/bin/../lib/gcc/x86_64-w64-mingw32/15.2.0/../../../../x86_64-w64-mingw32/bin/ld.exe: C:/Users/Edwin Boston/OneDrive/Desktop/III/STDLIB/build/iii/omnia_resolver.iii.o:fake:(.text+0x11d6): undefined reference to `call_context_recursion_depth'
C:/ProgramData/mingw64/mingw64/bin/../lib/gcc/x86_64-w64-mingw32/15.2.0/../../../../x86_64-w64-mingw32/bin/ld.exe: C:/Users/Edwin Boston/OneDrive/Desktop/III/STDLIB/build/iii/omnia_resolver.iii.o:fake:(.text+0x121a): undefined reference to `sat_mul_u64'
C:/ProgramData/mingw64/mingw64/bin/../lib/gcc/x86_64-w64-mingw32/15.2.0/../../../../x86_64-w64-mingw32/bin/ld.exe: C:/Users/Edwin Boston/OneDrive/Desktop/III/STDLIB/build/iii/omnia_resolver.iii.o:fake:(.text+0x1279): undefined reference to `sat_add_u64'
C:/ProgramData/mingw64/mingw64/bin/../lib/gcc/x86_64-w64-mingw32/15.2.0/../../../../x86_64-w64-mingw32/bin/ld.exe: C:/Users/Edwin Boston/OneDrive/Desktop/III/STDLIB/build/iii/omnia_resolver.iii.o:fake:(.text+0x1292): undefined reference to `intent_arena_id'
C:/ProgramData/mingw64/mingw64/bin/../lib/gcc/x86_64-w64-mingw32/15.2.0/../../../../x86_64-w64-mingw32/bin/ld.exe: C:/Users/Edwin Boston/OneDrive/Desktop/III/STDLIB/build/iii/omnia_resolver.iii.o:fake:(.text+0x12d7): undefined reference to `call_context_arena_id'
C:/ProgramData/mingw64/mingw64/bin/../lib/gcc/x86_64-w64-mingw32/15.2.0/../../../../x86_64-w64-mingw32/bin/ld.exe: C:/Users/Edwin Boston/OneDrive/Desktop/III/STDLIB/build/iii/omnia_resolver.iii.o:fake:(.text+0x130b): undefined reference to `sat_add_u64'
C:/ProgramData/mingw64/mingw64/bin/../lib/gcc/x86_64-w64-mingw32/15.2.0/../../../../x86_64-w64-mingw32/bin/ld.exe: C:/Users/Edwin Boston/OneDrive/Desktop/III/STDLIB/build/iii/omnia_resolver.iii.o:fake:(.text+0x1336): undefined reference to `intent_goal_kind'
C:/ProgramData/mingw64/mingw64/bin/../lib/gcc/x86_64-w64-mingw32/15.2.0/../../../../x86_64-w64-mingw32/bin/ld.exe: C:/Users/Edwin Boston/OneDrive/Desktop/III/STDLIB/build/iii/omnia_resolver.iii.o:fake:(.text+0x136a): undefined reference to `pattern_hexad_kind'
C:/ProgramData/mingw64/mingw64/bin/../lib/gcc/x86_64-w64-mingw32/15.2.0/../../../../x86_64-w64-mingw32/bin/ld.exe: C:/Users/Edwin Boston/OneDrive/Desktop/III/STDLIB/build/iii/omnia_resolver.iii.o:fake:(.text+0x13a7): undefined reference to `sat_add_u64'
C:/ProgramData/mingw64/mingw64/bin/../lib/gcc/x86_64-w64-mingw32/15.2.0/../../../../x86_64-w64-mingw32/bin/ld.exe: C:/Users/Edwin Boston/OneDrive/Desktop/III/STDLIB/build/iii/omnia_resolver.iii.o:fake:(.text+0x13d2): undefined reference to `intent_partial_args_mask'
C:/ProgramData/mingw64/mingw64/bin/../lib/gcc/x86_64-w64-mingw32/15.2.0/../../../../x86_64-w64-mingw32/bin/ld.exe: C:/Users/Edwin Boston/OneDrive/Desktop/III/STDLIB/build/iii/omnia_resolver.iii.o:fake:(.text+0x13f2): undefined reference to `popcount_u32'
C:/ProgramData/mingw64/mingw64/bin/../lib/gcc/x86_64-w64-mingw32/15.2.0/../../../../x86_64-w64-mingw32/bin/ld.exe: C:/Users/Edwin Boston/OneDrive/Desktop/III/STDLIB/build/iii/omnia_resolver.iii.o:fake:(.text+0x142e): undefined reference to `sat_mul_u64'
C:/ProgramData/mingw64/mingw64/bin/../lib/gcc/x86_64-w64-mingw32/15.2.0/../../../../x86_64-w64-mingw32/bin/ld.exe: C:/Users/Edwin Boston/OneDrive/Desktop/III/STDLIB/build/iii/omnia_resolver.iii.o:fake:(.text+0x1453): undefined reference to `sat_add_u64'
C:/ProgramData/mingw64/mingw64/bin/../lib/gcc/x86_64-w64-mingw32/15.2.0/../../../../x86_64-w64-mingw32/bin/ld.exe: C:/Users/Edwin Boston/OneDrive/Desktop/III/STDLIB/build/iii/omnia_resolver.iii.o:fake:(.text+0x149d): undefined reference to `pattern_table_get'
C:/ProgramData/mingw64/mingw64/bin/../lib/gcc/x86_64-w64-mingw32/15.2.0/../../../../x86_64-w64-mingw32/bin/ld.exe: C:/Users/Edwin Boston/OneDrive/Desktop/III/STDLIB/build/iii/omnia_resolver.iii.o:fake:(.text+0x14b5): undefined reference to `pattern_table_get'
C:/ProgramData/mingw64/mingw64/bin/../lib/gcc/x86_64-w64-mingw32/15.2.0/../../../../x86_64-w64-mingw32/bin/ld.exe: C:/Users/Edwin Boston/OneDrive/Desktop/III/STDLIB/build/iii/omnia_resolver.iii.o:fake:(.text+0x14ce): undefined reference to `pattern_id'
C:/ProgramData/mingw64/mingw64/bin/../lib/gcc/x86_64-w64-mingw32/15.2.0/../../../../x86_64-w64-mingw32/bin/ld.exe: C:/Users/Edwin Boston/OneDrive/Desktop/III/STDLIB/build/iii/omnia_resolver.iii.o:fake:(.text+0x14e7): undefined reference to `pattern_id'
C:/ProgramData/mingw64/mingw64/bin/../lib/gcc/x86_64-w64-mingw32/15.2.0/../../../../x86_64-w64-mingw32/bin/ld.exe: C:/Users/Edwin Boston/OneDrive/Desktop/III/STDLIB/build/iii/omnia_resolver.iii.o:fake:(.text+0x1547): undefined reference to `pattern_module_mhash_byte'
C:/ProgramData/mingw64/mingw64/bin/../lib/gcc/x86_64-w64-mingw32/15.2.0/../../../../x86_64-w64-mingw32/bin/ld.exe: C:/Users/Edwin Boston/OneDrive/Desktop/III/STDLIB/build/iii/omnia_resolver.iii.o:fake:(.text+0x1576): undefined reference to `pattern_module_mhash_byte'
C:/ProgramData/mingw64/mingw64/bin/../lib/gcc/x86_64-w64-mingw32/15.2.0/../../../../x86_64-w64-mingw32/bin/ld.exe: C:/Users/Edwin Boston/OneDrive/Desktop/III/STDLIB/build/iii/omnia_resolver.iii.o:fake:(.text+0x15e0): undefined reference to `tb_compare_pair'
C:/ProgramData/mingw64/mingw64/bin/../lib/gcc/x86_64-w64-mingw32/15.2.0/../../../../x86_64-w64-mingw32/bin/ld.exe: C:/Users/Edwin Boston/OneDrive/Desktop/III/STDLIB/build/iii/omnia_resolver.iii.o:fake:(.text+0x1835): undefined reference to `call_context_verify'
C:/ProgramData/mingw64/mingw64/bin/../lib/gcc/x86_64-w64-mingw32/15.2.0/../../../../x86_64-w64-mingw32/bin/ld.exe: C:/Users/Edwin Boston/OneDrive/Desktop/III/STDLIB/build/iii/omnia_resolver.iii.o:fake:(.text+0x1876): undefined reference to `call_context_digest'
C:/ProgramData/mingw64/mingw64/bin/../lib/gcc/x86_64-w64-mingw32/15.2.0/../../../../x86_64-w64-mingw32/bin/ld.exe: C:/Users/Edwin Boston/OneDrive/Desktop/III/STDLIB/build/iii/omnia_resolver.iii.o:fake:(.text+0x1897): undefined reference to `call_context_verify'
C:/ProgramData/mingw64/mingw64/bin/../lib/gcc/x86_64-w64-mingw32/15.2.0/../../../../x86_64-w64-mingw32/bin/ld.exe: C:/Users/Edwin Boston/OneDrive/Desktop/III/STDLIB/build/iii/omnia_resolver.iii.o:fake:(.text+0x1bf6): undefined reference to `intent_verify'
C:/ProgramData/mingw64/mingw64/bin/../lib/gcc/x86_64-w64-mingw32/15.2.0/../../../../x86_64-w64-mingw32/bin/ld.exe: C:/Users/Edwin Boston/OneDrive/Desktop/III/STDLIB/build/iii/omnia_resolver.iii.o:fake:(.text+0x1c2c): undefined reference to `intent_id'
C:/ProgramData/mingw64/mingw64/bin/../lib/gcc/x86_64-w64-mingw32/15.2.0/../../../../x86_64-w64-mingw32/bin/ld.exe: C:/Users/Edwin Boston/OneDrive/Desktop/III/STDLIB/build/iii/omnia_resolver.iii.o:fake:(.text+0x1f3e): undefined reference to `call_context_verify'
C:/ProgramData/mingw64/mingw64/bin/../lib/gcc/x86_64-w64-mingw32/15.2.0/../../../../x86_64-w64-mingw32/bin/ld.exe: C:/Users/Edwin Boston/OneDrive/Desktop/III/STDLIB/build/iii/omnia_resolver.iii.o:fake:(.text+0x1f74): undefined reference to `call_context_cap_id'
C:/ProgramData/mingw64/mingw64/bin/../lib/gcc/x86_64-w64-mingw32/15.2.0/../../../../x86_64-w64-mingw32/bin/ld.exe: C:/Users/Edwin Boston/OneDrive/Desktop/III/STDLIB/build/iii/omnia_resolver.iii.o:fake:(.text+0x1fa6): undefined reference to `call_context_verify'
C:/ProgramData/mingw64/mingw64/bin/../lib/gcc/x86_64-w64-mingw32/15.2.0/../../../../x86_64-w64-mingw32/bin/ld.exe: C:/Users/Edwin Boston/OneDrive/Desktop/III/STDLIB/build/iii/omnia_resolver.iii.o:fake:(.text+0x1fdc): undefined reference to `call_context_kchain_id'
C:/ProgramData/mingw64/mingw64/bin/../lib/gcc/x86_64-w64-mingw32/15.2.0/../../../../x86_64-w64-mingw32/bin/ld.exe: C:/Users/Edwin Boston/OneDrive/Desktop/III/STDLIB/build/iii/omnia_resolver.iii.o:fake:(.text+0x21b3): undefined reference to `intent_partial_arg'
C:/ProgramData/mingw64/mingw64/bin/../lib/gcc/x86_64-w64-mingw32/15.2.0/../../../../x86_64-w64-mingw32/bin/ld.exe: C:/Users/Edwin Boston/OneDrive/Desktop/III/STDLIB/build/iii/omnia_resolver.iii.o:fake:(.text+0x21d8): undefined reference to `intent_partial_arg'
C:/ProgramData/mingw64/mingw64/bin/../lib/gcc/x86_64-w64-mingw32/15.2.0/../../../../x86_64-w64-mingw32/bin/ld.exe: C:/Users/Edwin Boston/OneDrive/Desktop/III/STDLIB/build/iii/omnia_resolver.iii.o:fake:(.text+0x22cf): undefined reference to `call_context_cap_id'
C:/ProgramData/mingw64/mingw64/bin/../lib/gcc/x86_64-w64-mingw32/15.2.0/../../../../x86_64-w64-mingw32/bin/ld.exe: C:/Users/Edwin Boston/OneDrive/Desktop/III/STDLIB/build/iii/omnia_resolver.iii.o:fake:(.text+0x22e7): undefined reference to `call_context_init_set'
C:/ProgramData/mingw64/mingw64/bin/../lib/gcc/x86_64-w64-mingw32/15.2.0/../../../../x86_64-w64-mingw32/bin/ld.exe: C:/Users/Edwin Boston/OneDrive/Desktop/III/STDLIB/build/iii/omnia_resolver.iii.o:fake:(.text+0x22f9): undefined reference to `call_context_new'
C:/ProgramData/mingw64/mingw64/bin/../lib/gcc/x86_64-w64-mingw32/15.2.0/../../../../x86_64-w64-mingw32/bin/ld.exe: C:/Users/Edwin Boston/OneDrive/Desktop/III/STDLIB/build/iii/omnia_resolver.iii.o:fake:(.text+0x25f6): undefined reference to `intent_partial_arg'
C:/ProgramData/mingw64/mingw64/bin/../lib/gcc/x86_64-w64-mingw32/15.2.0/../../../../x86_64-w64-mingw32/bin/ld.exe: C:/Users/Edwin Boston/OneDrive/Desktop/III/STDLIB/build/iii/omnia_resolver.iii.o:fake:(.text+0x261b): undefined reference to `intent_partial_arg'
C:/ProgramData/mingw64/mingw64/bin/../lib/gcc/x86_64-w64-mingw32/15.2.0/../../../../x86_64-w64-mingw32/bin/ld.exe: C:/Users/Edwin Boston/OneDrive/Desktop/III/STDLIB/build/iii/omnia_resolver.iii.o:fake:(.text+0x2853): undefined reference to `pattern_set_verify'
C:/ProgramData/mingw64/mingw64/bin/../lib/gcc/x86_64-w64-mingw32/15.2.0/../../../../x86_64-w64-mingw32/bin/ld.exe: C:/Users/Edwin Boston/OneDrive/Desktop/III/STDLIB/build/iii/omnia_resolver.iii.o:fake:(.text+0x28c2): undefined reference to `intent_verify'
C:/ProgramData/mingw64/mingw64/bin/../lib/gcc/x86_64-w64-mingw32/15.2.0/../../../../x86_64-w64-mingw32/bin/ld.exe: C:/Users/Edwin Boston/OneDrive/Desktop/III/STDLIB/build/iii/omnia_resolver.iii.o:fake:(.text+0x2931): undefined reference to `call_context_verify'
C:/ProgramData/mingw64/mingw64/bin/../lib/gcc/x86_64-w64-mingw32/15.2.0/../../../../x86_64-w64-mingw32/bin/ld.exe: C:/Users/Edwin Boston/OneDrive/Desktop/III/STDLIB/build/iii/omnia_resolver.iii.o:fake:(.text+0x29a0): undefined reference to `call_context_recursion_depth'
C:/ProgramData/mingw64/mingw64/bin/../lib/gcc/x86_64-w64-mingw32/15.2.0/../../../../x86_64-w64-mingw32/bin/ld.exe: C:/Users/Edwin Boston/OneDrive/Desktop/III/STDLIB/build/iii/omnia_resolver.iii.o:fake:(.text+0x2a5f): undefined reference to `intent_goal_kind'
C:/ProgramData/mingw64/mingw64/bin/../lib/gcc/x86_64-w64-mingw32/15.2.0/../../../../x86_64-w64-mingw32/bin/ld.exe: C:/Users/Edwin Boston/OneDrive/Desktop/III/STDLIB/build/iii/omnia_resolver.iii.o:fake:(.text+0x2bf5): undefined reference to `intent_id'
C:/ProgramData/mingw64/mingw64/bin/../lib/gcc/x86_64-w64-mingw32/15.2.0/../../../../x86_64-w64-mingw32/bin/ld.exe: C:/Users/Edwin Boston/OneDrive/Desktop/III/STDLIB/build/iii/omnia_resolver.iii.o:fake:(.text+0x2cd3): undefined reference to `pattern_table_get'
C:/ProgramData/mingw64/mingw64/bin/../lib/gcc/x86_64-w64-mingw32/15.2.0/../../../../x86_64-w64-mingw32/bin/ld.exe: C:/Users/Edwin Boston/OneDrive/Desktop/III/STDLIB/build/iii/omnia_resolver.iii.o:fake:(.text+0x2da6): undefined reference to `pattern_table_get'
C:/ProgramData/mingw64/mingw64/bin/../lib/gcc/x86_64-w64-mingw32/15.2.0/../../../../x86_64-w64-mingw32/bin/ld.exe: C:/Users/Edwin Boston/OneDrive/Desktop/III/STDLIB/build/iii/omnia_resolver.iii.o:fake:(.text+0x2e1b): undefined reference to `call_context_kchain_id'
C:/ProgramData/mingw64/mingw64/bin/../lib/gcc/x86_64-w64-mingw32/15.2.0/../../../../x86_64-w64-mingw32/bin/ld.exe: C:/Users/Edwin Boston/OneDrive/Desktop/III/STDLIB/build/iii/omnia_resolver.iii.o:fake:(.text+0x2e38): undefined reference to `pattern_k_value'
C:/ProgramData/mingw64/mingw64/bin/../lib/gcc/x86_64-w64-mingw32/15.2.0/../../../../x86_64-w64-mingw32/bin/ld.exe: C:/Users/Edwin Boston/OneDrive/Desktop/III/STDLIB/build/iii/omnia_resolver.iii.o:fake:(.text+0x2eda): undefined reference to `pattern_dispatch_fn'
C:/ProgramData/mingw64/mingw64/bin/../lib/gcc/x86_64-w64-mingw32/15.2.0/../../../../x86_64-w64-mingw32/bin/ld.exe: C:/Users/Edwin Boston/OneDrive/Desktop/III/STDLIB/build/iii/omnia_resolver.iii.o:fake:(.text+0x2f09): undefined reference to `intent_goal_kind'
C:/ProgramData/mingw64/mingw64/bin/../lib/gcc/x86_64-w64-mingw32/15.2.0/../../../../x86_64-w64-mingw32/bin/ld.exe: C:/Users/Edwin Boston/OneDrive/Desktop/III/STDLIB/build/iii/omnia_resolver.iii.o:fake:(.text+0x2f5a): undefined reference to `intent_partial_arg'
C:/ProgramData/mingw64/mingw64/bin/../lib/gcc/x86_64-w64-mingw32/15.2.0/../../../../x86_64-w64-mingw32/bin/ld.exe: C:/Users/Edwin Boston/OneDrive/Desktop/III/STDLIB/build/iii/omnia_resolver.iii.o:fake:(.text+0x307b): undefined reference to `pattern_id'
C:/ProgramData/mingw64/mingw64/bin/../lib/gcc/x86_64-w64-mingw32/15.2.0/../../../../x86_64-w64-mingw32/bin/ld.exe: C:/Users/Edwin Boston/OneDrive/Desktop/III/STDLIB/build/iii/omnia_resolver.iii.o:fake:(.text+0x3097): undefined reference to `intent_id'
C:/ProgramData/mingw64/mingw64/bin/../lib/gcc/x86_64-w64-mingw32/15.2.0/../../../../x86_64-w64-mingw32/bin/ld.exe: C:/Users/Edwin Boston/OneDrive/Desktop/III/STDLIB/build/iii/omnia_resolver.iii.o:fake:(.text+0x325a): undefined reference to `pattern_set_has'
C:/ProgramData/mingw64/mingw64/bin/../lib/gcc/x86_64-w64-mingw32/15.2.0/../../../../x86_64-w64-mingw32/bin/ld.exe: C:/Users/Edwin Boston/OneDrive/Desktop/III/STDLIB/build/iii/omnia_resolver.iii.o:fake:(.text+0x3293): undefined reference to `pattern_table_get'
C:/ProgramData/mingw64/mingw64/bin/../lib/gcc/x86_64-w64-mingw32/15.2.0/../../../../x86_64-w64-mingw32/bin/ld.exe: C:/Users/Edwin Boston/OneDrive/Desktop/III/STDLIB/build/iii/omnia_resolver.iii.o:fake:(.text+0x3429): undefined reference to `pattern_set_has'
C:/ProgramData/mingw64/mingw64/bin/../lib/gcc/x86_64-w64-mingw32/15.2.0/../../../../x86_64-w64-mingw32/bin/ld.exe: C:/Users/Edwin Boston/OneDrive/Desktop/III/STDLIB/build/iii/omnia_resolver.iii.o:fake:(.text+0x3462): undefined reference to `pattern_table_get'
C:/ProgramData/mingw64/mingw64/bin/../lib/gcc/x86_64-w64-mingw32/15.2.0/../../../../x86_64-w64-mingw32/bin/ld.exe: C:/Users/Edwin Boston/OneDrive/Desktop/III/STDLIB/build/iii/omnia_resolver.iii.o:fake:(.text+0x3606): undefined reference to `pattern_set_has'
C:/ProgramData/mingw64/mingw64/bin/../lib/gcc/x86_64-w64-mingw32/15.2.0/../../../../x86_64-w64-mingw32/bin/ld.exe: C:/Users/Edwin Boston/OneDrive/Desktop/III/STDLIB/build/iii/omnia_resolver.iii.o:fake:(.text+0x363f): undefined reference to `pattern_table_get'
C:/ProgramData/mingw64/mingw64/bin/../lib/gcc/x86_64-w64-mingw32/15.2.0/../../../../x86_64-w64-mingw32/bin/ld.exe: C:/Users/Edwin Boston/OneDrive/Desktop/III/STDLIB/build/iii/omnia_resolver.iii.o:fake:(.text+0x38c1): undefined reference to `pattern_table_get'
C:/ProgramData/mingw64/mingw64/bin/../lib/gcc/x86_64-w64-mingw32/15.2.0/../../../../x86_64-w64-mingw32/bin/ld.exe: C:/Users/Edwin Boston/OneDrive/Desktop/III/STDLIB/build/iii/omnia_resolver.iii.o:fake:(.text+0x3936): undefined reference to `call_context_cap_id'
C:/ProgramData/mingw64/mingw64/bin/../lib/gcc/x86_64-w64-mingw32/15.2.0/../../../../x86_64-w64-mingw32/bin/ld.exe: C:/Users/Edwin Boston/OneDrive/Desktop/III/STDLIB/build/iii/omnia_resolver.iii.o:fake:(.text+0x394f): undefined reference to `pattern_effects_mask'
C:/ProgramData/mingw64/mingw64/bin/../lib/gcc/x86_64-w64-mingw32/15.2.0/../../../../x86_64-w64-mingw32/bin/ld.exe: C:/Users/Edwin Boston/OneDrive/Desktop/III/STDLIB/build/iii/omnia_resolver.iii.o:fake:(.text+0x3a60): undefined reference to `call_context_kchain_id'
C:/ProgramData/mingw64/mingw64/bin/../lib/gcc/x86_64-w64-mingw32/15.2.0/../../../../x86_64-w64-mingw32/bin/ld.exe: C:/Users/Edwin Boston/OneDrive/Desktop/III/STDLIB/build/iii/omnia_resolver.iii.o:fake:(.text+0x3a80): undefined reference to `pattern_k_value'
C:/ProgramData/mingw64/mingw64/bin/../lib/gcc/x86_64-w64-mingw32/15.2.0/../../../../x86_64-w64-mingw32/bin/ld.exe: C:/Users/Edwin Boston/OneDrive/Desktop/III/STDLIB/build/iii/omnia_resolver.iii.o:fake:(.text+0x3b2b): undefined reference to `pattern_unify_fn'
C:/ProgramData/mingw64/mingw64/bin/../lib/gcc/x86_64-w64-mingw32/15.2.0/../../../../x86_64-w64-mingw32/bin/ld.exe: C:/Users/Edwin Boston/OneDrive/Desktop/III/STDLIB/build/iii/omnia_resolver.iii.o:fake:(.text+0x3b89): undefined reference to `unify_init'
C:/ProgramData/mingw64/mingw64/bin/../lib/gcc/x86_64-w64-mingw32/15.2.0/../../../../x86_64-w64-mingw32/bin/ld.exe: C:/Users/Edwin Boston/OneDrive/Desktop/III/STDLIB/build/iii/omnia_resolver.iii.o:fake:(.text+0x3da7): undefined reference to `pattern_dispatch_fn'
C:/ProgramData/mingw64/mingw64/bin/../lib/gcc/x86_64-w64-mingw32/15.2.0/../../../../x86_64-w64-mingw32/bin/ld.exe: C:/Users/Edwin Boston/OneDrive/Desktop/III/STDLIB/build/iii/omnia_resolver.iii.o:fake:(.text+0x3dd6): undefined reference to `intent_goal_kind'
C:/ProgramData/mingw64/mingw64/bin/../lib/gcc/x86_64-w64-mingw32/15.2.0/../../../../x86_64-w64-mingw32/bin/ld.exe: C:/Users/Edwin Boston/OneDrive/Desktop/III/STDLIB/build/iii/omnia_resolver.iii.o:fake:(.text+0x3e27): undefined reference to `intent_partial_arg'
C:/ProgramData/mingw64/mingw64/bin/../lib/gcc/x86_64-w64-mingw32/15.2.0/../../../../x86_64-w64-mingw32/bin/ld.exe: C:/Users/Edwin Boston/OneDrive/Desktop/III/STDLIB/build/iii/omnia_resolver.iii.o:fake:(.text+0x3f48): undefined reference to `pattern_id'
C:/ProgramData/mingw64/mingw64/bin/../lib/gcc/x86_64-w64-mingw32/15.2.0/../../../../x86_64-w64-mingw32/bin/ld.exe: C:/Users/Edwin Boston/OneDrive/Desktop/III/STDLIB/build/iii/omnia_resolver.iii.o:fake:(.text+0x3f64): undefined reference to `intent_id'
C:/ProgramData/mingw64/mingw64/bin/../lib/gcc/x86_64-w64-mingw32/15.2.0/../../../../x86_64-w64-mingw32/bin/ld.exe: C:/Users/Edwin Boston/OneDrive/Desktop/III/STDLIB/build/iii/omnia_resolver.iii.o:fake:(.text+0x486c): undefined reference to `call_context_cap_id'
C:/ProgramData/mingw64/mingw64/bin/../lib/gcc/x86_64-w64-mingw32/15.2.0/../../../../x86_64-w64-mingw32/bin/ld.exe: C:/Users/Edwin Boston/OneDrive/Desktop/III/STDLIB/build/iii/omnia_resolver.iii.o:fake:(.text+0x4888): undefined reference to `call_context_kchain_id'
C:/ProgramData/mingw64/mingw64/bin/../lib/gcc/x86_64-w64-mingw32/15.2.0/../../../../x86_64-w64-mingw32/bin/ld.exe: C:/Users/Edwin Boston/OneDrive/Desktop/III/STDLIB/build/iii/omnia_resolver_replay.iii.o:fake:(.text+0xd7): undefined reference to `pattern_registry_is_sealed'
C:/ProgramData/mingw64/mingw64/bin/../lib/gcc/x86_64-w64-mingw32/15.2.0/../../../../x86_64-w64-mingw32/bin/ld.exe: C:/Users/Edwin Boston/OneDrive/Desktop/III/STDLIB/build/iii/omnia_codegen_patterns.iii.o:fake:(.text+0x43): undefined reference to `pattern_template_zero'
C:/ProgramData/mingw64/mingw64/bin/../lib/gcc/x86_64-w64-mingw32/15.2.0/../../../../x86_64-w64-mingw32/bin/ld.exe: C:/Users/Edwin Boston/OneDrive/Desktop/III/STDLIB/build/iii/omnia_codegen_patterns.iii.o:fake:(.text+0x124): undefined reference to `pattern_template_set_id'
C:/ProgramData/mingw64/mingw64/bin/../lib/gcc/x86_64-w64-mingw32/15.2.0/../../../../x86_64-w64-mingw32/bin/ld.exe: C:/Users/Edwin Boston/OneDrive/Desktop/III/STDLIB/build/iii/omnia_codegen_patterns.iii.o:fake:(.text+0x14d): undefined reference to `pattern_template_set_activation_base'
C:/ProgramData/mingw64/mingw64/bin/../lib/gcc/x86_64-w64-mingw32/15.2.0/../../../../x86_64-w64-mingw32/bin/ld.exe: C:/Users/Edwin Boston/OneDrive/Desktop/III/STDLIB/build/iii/omnia_codegen_patterns.iii.o:fake:(.text+0x174): undefined reference to `pattern_template_set_hexad_kind'
C:/ProgramData/mingw64/mingw64/bin/../lib/gcc/x86_64-w64-mingw32/15.2.0/../../../../x86_64-w64-mingw32/bin/ld.exe: C:/Users/Edwin Boston/OneDrive/Desktop/III/STDLIB/build/iii/omnia_codegen_patterns.iii.o:fake:(.text+0x19b): undefined reference to `pattern_template_set_ring'
C:/ProgramData/mingw64/mingw64/bin/../lib/gcc/x86_64-w64-mingw32/15.2.0/../../../../x86_64-w64-mingw32/bin/ld.exe: C:/Users/Edwin Boston/OneDrive/Desktop/III/STDLIB/build/iii/omnia_codegen_patterns.iii.o:fake:(.text+0x1c4): undefined reference to `pattern_template_set_k_value'
C:/ProgramData/mingw64/mingw64/bin/../lib/gcc/x86_64-w64-mingw32/15.2.0/../../../../x86_64-w64-mingw32/bin/ld.exe: C:/Users/Edwin Boston/OneDrive/Desktop/III/STDLIB/build/iii/omnia_codegen_patterns.iii.o:fake:(.text+0x1e7): undefined reference to `pattern_template_set_specialisation_of'
C:/ProgramData/mingw64/mingw64/bin/../lib/gcc/x86_64-w64-mingw32/15.2.0/../../../../x86_64-w64-mingw32/bin/ld.exe: C:/Users/Edwin Boston/OneDrive/Desktop/III/STDLIB/build/iii/omnia_codegen_patterns.iii.o:fake:(.text+0x1f7): undefined reference to `cg_dispatch_default'
C:/ProgramData/mingw64/mingw64/bin/../lib/gcc/x86_64-w64-mingw32/15.2.0/../../../../x86_64-w64-mingw32/bin/ld.exe: C:/Users/Edwin Boston/OneDrive/Desktop/III/STDLIB/build/iii/omnia_codegen_patterns.iii.o:fake:(.text+0x217): undefined reference to `pattern_template_set_dispatch'
C:/ProgramData/mingw64/mingw64/bin/../lib/gcc/x86_64-w64-mingw32/15.2.0/../../../../x86_64-w64-mingw32/bin/ld.exe: C:/Users/Edwin Boston/OneDrive/Desktop/III/STDLIB/build/iii/omnia_codegen_patterns.iii.o:fake:(.text+0x248): undefined reference to `pattern_template_set_binding_kind'
C:/ProgramData/mingw64/mingw64/bin/../lib/gcc/x86_64-w64-mingw32/15.2.0/../../../../x86_64-w64-mingw32/bin/ld.exe: C:/Users/Edwin Boston/OneDrive/Desktop/III/STDLIB/build/iii/omnia_codegen_patterns.iii.o:fake:(.text+0x27c): undefined reference to `cg_unify_astkind'
C:/ProgramData/mingw64/mingw64/bin/../lib/gcc/x86_64-w64-mingw32/15.2.0/../../../../x86_64-w64-mingw32/bin/ld.exe: C:/Users/Edwin Boston/OneDrive/Desktop/III/STDLIB/build/iii/omnia_codegen_patterns.iii.o:fake:(.text+0x29c): undefined reference to `pattern_template_set_unify'
C:/ProgramData/mingw64/mingw64/bin/../lib/gcc/x86_64-w64-mingw32/15.2.0/../../../../x86_64-w64-mingw32/bin/ld.exe: C:/Users/Edwin Boston/OneDrive/Desktop/III/STDLIB/build/iii/omnia_codegen_patterns.iii.o:fake:(.text+0x2c7): undefined reference to `pattern_register'
C:/ProgramData/mingw64/mingw64/bin/../lib/gcc/x86_64-w64-mingw32/15.2.0/../../../../x86_64-w64-mingw32/bin/ld.exe: C:/Users/Edwin Boston/OneDrive/Desktop/III/STDLIB/build/iii/omnia_transform_patterns.iii.o:fake:(.text+0x684): undefined reference to `pattern_template_zero'
C:/ProgramData/mingw64/mingw64/bin/../lib/gcc/x86_64-w64-mingw32/15.2.0/../../../../x86_64-w64-mingw32/bin/ld.exe: C:/Users/Edwin Boston/OneDrive/Desktop/III/STDLIB/build/iii/omnia_transform_patterns.iii.o:fake:(.text+0x7c0): undefined reference to `pattern_template_set_id'
C:/ProgramData/mingw64/mingw64/bin/../lib/gcc/x86_64-w64-mingw32/15.2.0/../../../../x86_64-w64-mingw32/bin/ld.exe: C:/Users/Edwin Boston/OneDrive/Desktop/III/STDLIB/build/iii/omnia_transform_patterns.iii.o:fake:(.text+0x7e9): undefined reference to `pattern_template_set_activation_base'
C:/ProgramData/mingw64/mingw64/bin/../lib/gcc/x86_64-w64-mingw32/15.2.0/../../../../x86_64-w64-mingw32/bin/ld.exe: C:/Users/Edwin Boston/OneDrive/Desktop/III/STDLIB/build/iii/omnia_transform_patterns.iii.o:fake:(.text+0x812): undefined reference to `pattern_template_set_hexad_kind'
C:/ProgramData/mingw64/mingw64/bin/../lib/gcc/x86_64-w64-mingw32/15.2.0/../../../../x86_64-w64-mingw32/bin/ld.exe: C:/Users/Edwin Boston/OneDrive/Desktop/III/STDLIB/build/iii/omnia_transform_patterns.iii.o:fake:(.text+0x83b): undefined reference to `pattern_template_set_ring'
C:/ProgramData/mingw64/mingw64/bin/../lib/gcc/x86_64-w64-mingw32/15.2.0/../../../../x86_64-w64-mingw32/bin/ld.exe: C:/Users/Edwin Boston/OneDrive/Desktop/III/STDLIB/build/iii/omnia_transform_patterns.iii.o:fake:(.text+0x864): undefined reference to `pattern_template_set_k_value'
C:/ProgramData/mingw64/mingw64/bin/../lib/gcc/x86_64-w64-mingw32/15.2.0/../../../../x86_64-w64-mingw32/bin/ld.exe: C:/Users/Edwin Boston/OneDrive/Desktop/III/STDLIB/build/iii/omnia_transform_patterns.iii.o:fake:(.text+0x88d): undefined reference to `pattern_template_set_specialisation_of'
C:/ProgramData/mingw64/mingw64/bin/../lib/gcc/x86_64-w64-mingw32/15.2.0/../../../../x86_64-w64-mingw32/bin/ld.exe: C:/Users/Edwin Boston/OneDrive/Desktop/III/STDLIB/build/iii/omnia_transform_patterns.iii.o:fake:(.text+0x8b0): undefined reference to `pattern_template_set_dispatch'
C:/ProgramData/mingw64/mingw64/bin/../lib/gcc/x86_64-w64-mingw32/15.2.0/../../../../x86_64-w64-mingw32/bin/ld.exe: C:/Users/Edwin Boston/OneDrive/Desktop/III/STDLIB/build/iii/omnia_transform_patterns.iii.o:fake:(.text+0x8e1): undefined reference to `pattern_template_set_binding_kind'
C:/ProgramData/mingw64/mingw64/bin/../lib/gcc/x86_64-w64-mingw32/15.2.0/../../../../x86_64-w64-mingw32/bin/ld.exe: C:/Users/Edwin Boston/OneDrive/Desktop/III/STDLIB/build/iii/omnia_transform_patterns.iii.o:fake:(.text+0x912): undefined reference to `pattern_template_set_binding_kind'
C:/ProgramData/mingw64/mingw64/bin/../lib/gcc/x86_64-w64-mingw32/15.2.0/../../../../x86_64-w64-mingw32/bin/ld.exe: C:/Users/Edwin Boston/OneDrive/Desktop/III/STDLIB/build/iii/omnia_transform_patterns.iii.o:fake:(.text+0x922): undefined reference to `tp_unify_claim'
C:/ProgramData/mingw64/mingw64/bin/../lib/gcc/x86_64-w64-mingw32/15.2.0/../../../../x86_64-w64-mingw32/bin/ld.exe: C:/Users/Edwin Boston/OneDrive/Desktop/III/STDLIB/build/iii/omnia_transform_patterns.iii.o:fake:(.text+0x942): undefined reference to `pattern_template_set_unify'
C:/ProgramData/mingw64/mingw64/bin/../lib/gcc/x86_64-w64-mingw32/15.2.0/../../../../x86_64-w64-mingw32/bin/ld.exe: C:/Users/Edwin Boston/OneDrive/Desktop/III/STDLIB/build/iii/omnia_transform_patterns.iii.o:fake:(.text+0x964): undefined reference to `pattern_register'
C:/ProgramData/mingw64/mingw64/bin/../lib/gcc/x86_64-w64-mingw32/15.2.0/../../../../x86_64-w64-mingw32/bin/ld.exe: C:/Users/Edwin Boston/OneDrive/Desktop/III/STDLIB/build/iii/omnia_transform_patterns.iii.o:fake:(.text+0xa3a): undefined reference to `tp_iii_to_asm'
C:/ProgramData/mingw64/mingw64/bin/../lib/gcc/x86_64-w64-mingw32/15.2.0/../../../../x86_64-w64-mingw32/bin/ld.exe: C:/Users/Edwin Boston/OneDrive/Desktop/III/STDLIB/build/iii/omnia_transform_patterns.iii.o:fake:(.text+0xa47): undefined reference to `tp_iii_to_babel_json'
C:/ProgramData/mingw64/mingw64/bin/../lib/gcc/x86_64-w64-mingw32/15.2.0/../../../../x86_64-w64-mingw32/bin/ld.exe: C:/Users/Edwin Boston/OneDrive/Desktop/III/STDLIB/build/iii/omnia_transform_patterns.iii.o:fake:(.text+0xa54): undefined reference to `tp_babel_json_to_iii'
C:/ProgramData/mingw64/mingw64/bin/../lib/gcc/x86_64-w64-mingw32/15.2.0/../../../../x86_64-w64-mingw32/bin/ld.exe: C:/Users/Edwin Boston/OneDrive/Desktop/III/STDLIB/build/iii/omnia_transform_patterns.iii.o:fake:(.text+0xa61): undefined reference to `tp_asm_to_pe'
C:/ProgramData/mingw64/mingw64/bin/../lib/gcc/x86_64-w64-mingw32/15.2.0/../../../../x86_64-w64-mingw32/bin/ld.exe: C:/Users/Edwin Boston/OneDrive/Desktop/III/STDLIB/build/iii/omnia_transform_patterns.iii.o:fake:(.text+0xa6e): undefined reference to `tp_ast_bin_to_iii'
C:/ProgramData/mingw64/mingw64/bin/../lib/gcc/x86_64-w64-mingw32/15.2.0/../../../../x86_64-w64-mingw32/bin/ld.exe: C:/Users/Edwin Boston/OneDrive/Desktop/III/STDLIB/build/iii/omnia_transform_patterns.iii.o:fake:(.text+0xa7b): undefined reference to `tp_babel_cbor_json'
C:/ProgramData/mingw64/mingw64/bin/../lib/gcc/x86_64-w64-mingw32/15.2.0/../../../../x86_64-w64-mingw32/bin/ld.exe: C:/Users/Edwin Boston/OneDrive/Desktop/III/STDLIB/build/iii/omnia_transform_patterns.iii.o:fake:(.text+0xa88): undefined reference to `tp_babel_json_cbor'
C:/ProgramData/mingw64/mingw64/bin/../lib/gcc/x86_64-w64-mingw32/15.2.0/../../../../x86_64-w64-mingw32/bin/ld.exe: C:/Users/Edwin Boston/OneDrive/Desktop/III/STDLIB/build/iii/omnia_transform_patterns.iii.o:fake:(.text+0xa95): undefined reference to `tp_babel_text'
C:/ProgramData/mingw64/mingw64/bin/../lib/gcc/x86_64-w64-mingw32/15.2.0/../../../../x86_64-w64-mingw32/bin/ld.exe: C:/Users/Edwin Boston/OneDrive/Desktop/III/STDLIB/build/iii/omnia_transform_patterns.iii.o:fake:(.text+0xaa2): undefined reference to `tp_ripple_dot'
C:/ProgramData/mingw64/mingw64/bin/../lib/gcc/x86_64-w64-mingw32/15.2.0/../../../../x86_64-w64-mingw32/bin/ld.exe: C:/Users/Edwin Boston/OneDrive/Desktop/III/STDLIB/build/iii/omnia_transform_patterns.iii.o:fake:(.text+0xaaf): undefined reference to `tp_iii_to_ast_bin'
C:/ProgramData/mingw64/mingw64/bin/../lib/gcc/x86_64-w64-mingw32/15.2.0/../../../../x86_64-w64-mingw32/bin/ld.exe: C:/Users/Edwin Boston/OneDrive/Desktop/III/STDLIB/build/iii/omnia_transform_patterns.iii.o:fake:(.text+0xabc): undefined reference to `tp_iii_to_c99'
C:/ProgramData/mingw64/mingw64/bin/../lib/gcc/x86_64-w64-mingw32/15.2.0/../../../../x86_64-w64-mingw32/bin/ld.exe: C:/Users/Edwin Boston/OneDrive/Desktop/III/STDLIB/build/iii/omnia_transform_patterns.iii.o:fake:(.text+0xac9): undefined reference to `tp_iii_to_latex'
C:/ProgramData/mingw64/mingw64/bin/../lib/gcc/x86_64-w64-mingw32/15.2.0/../../../../x86_64-w64-mingw32/bin/ld.exe: C:/Users/Edwin Boston/OneDrive/Desktop/III/STDLIB/build/iii/omnia_transform_patterns.iii.o:fake:(.text+0xad6): undefined reference to `tp_x86_disasm'
C:/ProgramData/mingw64/mingw64/bin/../lib/gcc/x86_64-w64-mingw32/15.2.0/../../../../x86_64-w64-mingw32/bin/ld.exe: C:/Users/Edwin Boston/OneDrive/Desktop/III/STDLIB/build/iii/omnia_transform_patterns.iii.o:fake:(.text+0xae3): undefined reference to `tp_pe_hex'
C:/ProgramData/mingw64/mingw64/bin/../lib/gcc/x86_64-w64-mingw32/15.2.0/../../../../x86_64-w64-mingw32/bin/ld.exe: C:/Users/Edwin Boston/OneDrive/Desktop/III/STDLIB/build/iii/omnia_transform_patterns.iii.o:fake:(.text+0xaf0): undefined reference to `tp_ripple_md'
C:/ProgramData/mingw64/mingw64/bin/../lib/gcc/x86_64-w64-mingw32/15.2.0/../../../../x86_64-w64-mingw32/bin/ld.exe: C:/Users/Edwin Boston/OneDrive/Desktop/III/STDLIB/build/iii/omnia_transform_patterns.iii.o:fake:(.text+0xafd): undefined reference to `tp_ast_dot'
C:/ProgramData/mingw64/mingw64/bin/../lib/gcc/x86_64-w64-mingw32/15.2.0/../../../../x86_64-w64-mingw32/bin/ld.exe: C:/Users/Edwin Boston/OneDrive/Desktop/III/STDLIB/build/iii/omnia_transform_patterns.iii.o:fake:(.text+0xb0a): undefined reference to `tp_babel_text_back'
C:/ProgramData/mingw64/mingw64/bin/../lib/gcc/x86_64-w64-mingw32/15.2.0/../../../../x86_64-w64-mingw32/bin/ld.exe: C:/Users/Edwin Boston/OneDrive/Desktop/III/STDLIB/build/iii/omnia_transform_patterns.iii.o:fake:(.text+0xb1a): undefined reference to `tp_iii_hex'
C:/ProgramData/mingw64/mingw64/bin/../lib/gcc/x86_64-w64-mingw32/15.2.0/../../../../x86_64-w64-mingw32/bin/ld.exe: C:/Users/Edwin Boston/OneDrive/Desktop/III/STDLIB/build/iii/omnia_transform_patterns.iii.o:fake:(.text+0xb2a): undefined reference to `tp_c99hdr_to_iii'
C:/ProgramData/mingw64/mingw64/bin/../lib/gcc/x86_64-w64-mingw32/15.2.0/../../../../x86_64-w64-mingw32/bin/ld.exe: C:/Users/Edwin Boston/OneDrive/Desktop/III/STDLIB/build/iii/omnia_transform_patterns.iii.o:fake:(.text+0xb3a): undefined reference to `tp_iii_to_md'
C:/ProgramData/mingw64/mingw64/bin/../lib/gcc/x86_64-w64-mingw32/15.2.0/../../../../x86_64-w64-mingw32/bin/ld.exe: C:/Users/Edwin Boston/OneDrive/Desktop/III/STDLIB/build/iii/omnia_transform_patterns.iii.o:fake:(.text+0xb4a): undefined reference to `tp_x86_assemble'
C:/ProgramData/mingw64/mingw64/bin/../lib/gcc/x86_64-w64-mingw32/15.2.0/../../../../x86_64-w64-mingw32/bin/ld.exe: C:/Users/Edwin Boston/OneDrive/Desktop/III/STDLIB/build/iii/omnia_transform_patterns.iii.o:fake:(.text+0xb5a): undefined reference to `tp_raw_hex'
C:/ProgramData/mingw64/mingw64/bin/../lib/gcc/x86_64-w64-mingw32/15.2.0/../../../../x86_64-w64-mingw32/bin/ld.exe: C:/Users/Edwin Boston/OneDrive/Desktop/III/STDLIB/build/iii/omnia_transform_patterns.iii.o:fake:(.text+0xb6a): undefined reference to `tp_ast_to_babel_json'
C:/ProgramData/mingw64/mingw64/bin/../lib/gcc/x86_64-w64-mingw32/15.2.0/../../../../x86_64-w64-mingw32/bin/ld.exe: C:/Users/Edwin Boston/OneDrive/Desktop/III/STDLIB/build/iii/omnia_transform_patterns.iii.o:fake:(.text+0xb7a): undefined reference to `tp_babel_json_to_ast'
C:/ProgramData/mingw64/mingw64/bin/../lib/gcc/x86_64-w64-mingw32/15.2.0/../../../../x86_64-w64-mingw32/bin/ld.exe: C:/Users/Edwin Boston/OneDrive/Desktop/III/STDLIB/build/iii/omnia_xii_curated_payloads.iii.o:fake:(.text+0x41): undefined reference to `xii_emit_gen_override'
C:/ProgramData/mingw64/mingw64/bin/../lib/gcc/x86_64-w64-mingw32/15.2.0/../../../../x86_64-w64-mingw32/bin/ld.exe: C:/Users/Edwin Boston/OneDrive/Desktop/III/STDLIB/build/iii/omnia_xii_curated_payloads.iii.o:fake:(.text+0x84): undefined reference to `xii_emit_gen_override'
C:/ProgramData/mingw64/mingw64/bin/../lib/gcc/x86_64-w64-mingw32/15.2.0/../../../../x86_64-w64-mingw32/bin/ld.exe: C:/Users/Edwin Boston/OneDrive/Desktop/III/STDLIB/build/iii/omnia_xii_curated_payloads.iii.o:fake:(.text+0xc7): undefined reference to `xii_emit_gen_override'
C:/ProgramData/mingw64/mingw64/bin/../lib/gcc/x86_64-w64-mingw32/15.2.0/../../../../x86_64-w64-mingw32/bin/ld.exe: C:/Users/Edwin Boston/OneDrive/Desktop/III/STDLIB/build/iii/omnia_xii_curated_payloads.iii.o:fake:(.text+0x10a): undefined reference to `xii_emit_gen_override'
C:/ProgramData/mingw64/mingw64/bin/../lib/gcc/x86_64-w64-mingw32/15.2.0/../../../../x86_64-w64-mingw32/bin/ld.exe: C:/Users/Edwin Boston/OneDrive/Desktop/III/STDLIB/build/iii/aether_pattern_set_federation.iii.o:fake:(.text+0x461): undefined reference to `fed_seal_lookup_anchor'
C:/ProgramData/mingw64/mingw64/bin/../lib/gcc/x86_64-w64-mingw32/15.2.0/../../../../x86_64-w64-mingw32/bin/ld.exe: C:/Users/Edwin Boston/OneDrive/Desktop/III/STDLIB/build/iii/aether_pattern_set_federation.iii.o:fake:(.text+0xa83): undefined reference to `fed_seal_lookup_anchor'
C:/ProgramData/mingw64/mingw64/bin/../lib/gcc/x86_64-w64-mingw32/15.2.0/../../../../x86_64-w64-mingw32/bin/ld.exe: C:/Users/Edwin Boston/OneDrive/Desktop/III/STDLIB/build/iii/aether_pattern_set_federation.iii.o:fake:(.text+0xc0a): undefined reference to `sc_recv'
C:/ProgramData/mingw64/mingw64/bin/../lib/gcc/x86_64-w64-mingw32/15.2.0/../../../../x86_64-w64-mingw32/bin/ld.exe: C:/Users/Edwin Boston/OneDrive/Desktop/III/STDLIB/build/iii/aether_pattern_set_federation.iii.o:fake:(.text+0xd6d): undefined reference to `fed_seal_lookup_anchor'
C:/ProgramData/mingw64/mingw64/bin/../lib/gcc/x86_64-w64-mingw32/15.2.0/../../../../x86_64-w64-mingw32/bin/ld.exe: C:/Users/Edwin Boston/OneDrive/Desktop/III/STDLIB/build/iii/aether_pattern_set_federation.iii.o:fake:(.text+0x10a5): undefined reference to `sc_send'
C:/ProgramData/mingw64/mingw64/bin/../lib/gcc/x86_64-w64-mingw32/15.2.0/../../../../x86_64-w64-mingw32/bin/ld.exe: C:/Users/Edwin Boston/OneDrive/Desktop/III/STDLIB/build/iii/sanctus_calculus_v1.iii.o:fake:(.text+0x1455): undefined reference to `intent_verify'
C:/ProgramData/mingw64/mingw64/bin/../lib/gcc/x86_64-w64-mingw32/15.2.0/../../../../x86_64-w64-mingw32/bin/ld.exe: C:/Users/Edwin Boston/OneDrive/Desktop/III/STDLIB/build/iii/sanctus_calculus_v1.iii.o:fake:(.text+0x14a5): undefined reference to `intent_goal_kind'
C:/ProgramData/mingw64/mingw64/bin/../lib/gcc/x86_64-w64-mingw32/15.2.0/../../../../x86_64-w64-mingw32/bin/ld.exe: C:/Users/Edwin Boston/OneDrive/Desktop/III/STDLIB/build/iii/sanctus_seal_resolver.iii.o:fake:(.text+0x74): undefined reference to `pattern_registry_used'
C:/ProgramData/mingw64/mingw64/bin/../lib/gcc/x86_64-w64-mingw32/15.2.0/../../../../x86_64-w64-mingw32/bin/ld.exe: C:/Users/Edwin Boston/OneDrive/Desktop/III/STDLIB/build/iii/sanctus_seal_resolver.iii.o:fake:(.text+0xbd): undefined reference to `pattern_table_get'
C:/ProgramData/mingw64/mingw64/bin/../lib/gcc/x86_64-w64-mingw32/15.2.0/../../../../x86_64-w64-mingw32/bin/ld.exe: C:/Users/Edwin Boston/OneDrive/Desktop/III/STDLIB/build/iii/resolver_hot.o:fake:(.text+0x31): undefined reference to `L_g_pattern_table_sealed'
C:/ProgramData/mingw64/mingw64/bin/../lib/gcc/x86_64-w64-mingw32/15.2.0/../../../../x86_64-w64-mingw32/bin/ld.exe: C:/Users/Edwin Boston/OneDrive/Desktop/III/STDLIB/build/iii/resolver_hot.o:fake:(.text+0xcc): undefined reference to `L_g_pattern_table'
C:/ProgramData/mingw64/mingw64/bin/../lib/gcc/x86_64-w64-mingw32/15.2.0/../../../../x86_64-w64-mingw32/bin/ld.exe: C:/Users/Edwin Boston/OneDrive/Desktop/III/STDLIB/build/iii/resolver_unit.o:fake:(.text+0x87): undefined reference to `pattern_set_has'
C:/ProgramData/mingw64/mingw64/bin/../lib/gcc/x86_64-w64-mingw32/15.2.0/../../../../x86_64-w64-mingw32/bin/ld.exe: C:/Users/Edwin Boston/OneDrive/Desktop/III/STDLIB/build/iii/resolver_unit.o:fake:(.text+0x93): undefined reference to `pattern_table_get'
C:/ProgramData/mingw64/mingw64/bin/../lib/gcc/x86_64-w64-mingw32/15.2.0/../../../../x86_64-w64-mingw32/bin/ld.exe: C:/Users/Edwin Boston/OneDrive/Desktop/III/STDLIB/build/iii/resolver_unit.o:fake:(.text+0x12d): undefined reference to `pattern_set_has'
C:/ProgramData/mingw64/mingw64/bin/../lib/gcc/x86_64-w64-mingw32/15.2.0/../../../../x86_64-w64-mingw32/bin/ld.exe: C:/Users/Edwin Boston/OneDrive/Desktop/III/STDLIB/build/iii/resolver_unit.o:fake:(.text+0x141): undefined reference to `pattern_table_get'
C:/ProgramData/mingw64/mingw64/bin/../lib/gcc/x86_64-w64-mingw32/15.2.0/../../../../x86_64-w64-mingw32/bin/ld.exe: C:/Users/Edwin Boston/OneDrive/Desktop/III/STDLIB/build/iii/resolver_unit.o:fake:(.text+0x1d6): undefined reference to `pattern_set_has'
C:/ProgramData/mingw64/mingw64/bin/../lib/gcc/x86_64-w64-mingw32/15.2.0/../../../../x86_64-w64-mingw32/bin/ld.exe: C:/Users/Edwin Boston/OneDrive/Desktop/III/STDLIB/build/iii/resolver_unit.o:fake:(.text+0x1e5): undefined reference to `pattern_table_get'
C:/ProgramData/mingw64/mingw64/bin/../lib/gcc/x86_64-w64-mingw32/15.2.0/../../../../x86_64-w64-mingw32/bin/ld.exe: C:/Users/Edwin Boston/OneDrive/Desktop/III/STDLIB/build/iii/resolver_unit_avx512.o:fake:(.text+0x45): undefined reference to `pattern_set_has'
C:/ProgramData/mingw64/mingw64/bin/../lib/gcc/x86_64-w64-mingw32/15.2.0/../../../../x86_64-w64-mingw32/bin/ld.exe: C:/Users/Edwin Boston/OneDrive/Desktop/III/STDLIB/build/iii/resolver_unit_avx512.o:fake:(.text+0x59): undefined reference to `pattern_table_get'
C:/ProgramData/mingw64/mingw64/bin/../lib/gcc/x86_64-w64-mingw32/15.2.0/../../../../x86_64-w64-mingw32/bin/ld.exe: C:/Users/Edwin Boston/OneDrive/Desktop/III/STDLIB/build/iii/resolver_unit_avx512.o:fake:(.text+0xee): undefined reference to `pattern_set_has'
C:/ProgramData/mingw64/mingw64/bin/../lib/gcc/x86_64-w64-mingw32/15.2.0/../../../../x86_64-w64-mingw32/bin/ld.exe: C:/Users/Edwin Boston/OneDrive/Desktop/III/STDLIB/build/iii/resolver_unit_avx512.o:fake:(.text+0xfd): undefined reference to `pattern_table_get'
collect2.exe: error: ld returned 1 exit status
