[run_corpus] iiis = /c/Users/Edwin Boston/OneDrive/Desktop/III/COMPILED/iiis-2.exe
[run_corpus] FATAL: no EXPECTED entry for conformance test '1482_result_signed_payload'
             -> add it to the EXPECTED table, or move the test to the XII corpus (>=280)
MAIN_RC=3
[xii-corpus] PASS=92 FAIL=0
XII_RC=0
  PASS 800_nous_socket : 99
  PASS 801_nous_costlin : 99
  PASS 802_nous_search : 99
  PASS 803_nous_charter : 99
  PASS 804_nous_policy : 99
  PASS 805_nous_completion : 99
  PASS 806_nous_commons : 99
  PASS 807_nous_train : 99
  PASS 808_nous_synth : 99
  PASS 809_nous_behavioral_key : 99
--- nous KATs: PASS=10 FAIL=0 (of 10) ---
=== keystone differential gate (active 0 vs cascade vs policy) ===
nous differential gate (3-way): compared=55  skipped=0 (un-linkable/non-engine)
NOUS DIFFERENTIAL GATE: GREEN -- active=0 == active=1(cascade) == active=1(policy).
=== propose-only gate (trust-root isolation + chokepoint) ===
NOUS PROPOSE-ONLY GATE: GREEN (structural preconditions hold).
----------------------------------------------------------------
RUN_NOUS_CORPUS: GREEN -- 10 KATs (=99) + differential gate + propose-only gate.
NOUS_RC=0
[run_bench_corpus] iiis = /c/Users/Edwin Boston/OneDrive/Desktop/III/COMPILED/iiis-2.exe
============================================================
 STDLIB Performance Benchmark Corpus (237/242/243/244 + 990/991/992)
============================================================
  PASS  237_insel_cycle_bench : within budget on this host (exit 99)
  PASS  242_bench_resolver : within budget on this host (exit 99)
  PASS  243_bench_sealed_channel : within budget on this host (exit 99)
  PASS  244_bench_hip_idoc : within budget on this host (exit 99)
  PASS  990_bench_knuth_div : within budget on this host (exit 99)
  PASS  991_bench_montgomery_modpow : within budget on this host (exit 99)
  PASS  992_bench_fe25519_mul : within budget on this host (exit 99)
------------------------------------------------------------
  PASS=7  ADVISORY=0  CORRECTNESS-FAIL=0
  (PASS = within host budget; ADVISORY = host slower than the
   3.6 GHz reference -- substrate correct, NOT a defect;
   CORRECTNESS-FAIL = functional regression -- hard error)
============================================================
BENCH_RC=0
