[build_stdlib] using iiis: /c/Users/Edwin Boston/OneDrive/Desktop/III/COMPILED/iiis-2.exe
[build_stdlib] composition drift-check: /c/Users/Edwin Boston/OneDrive/Desktop/III/STDLIB/../COMPILER/BOOT/gen_compositions.sh --check
[gen_compositions] read 255 entries from /c/Users/Edwin Boston/OneDrive/Desktop/III/COMPILER/BOOT/iii_compositions.def
[gen_compositions] check: /c/Users/Edwin Boston/OneDrive/Desktop/III/COMPILER/BOOT/iii_compositions.h current
[gen_compositions] check: /c/Users/Edwin Boston/OneDrive/Desktop/III/STDLIB/iii/omnia/prespec.iii current
[gen_compositions] check: /c/Users/Edwin Boston/OneDrive/Desktop/III/COMPILER/BOOT/iii_cg_pe_iiis1.iii current
[gen_compositions] OK (255 entries)
[build_stdlib] SVM-layout drift-check: /c/Users/Edwin Boston/OneDrive/Desktop/III/STDLIB/../COMPILER/BOOT/gen_svm_layout.sh --check
[gen_svm_layout] read 8 regions from /c/Users/Edwin Boston/OneDrive/Desktop/III/COMPILER/BOOT/iii_svm_layout.def
[gen_svm_layout] check: /c/Users/Edwin Boston/OneDrive/Desktop/III/STDLIB/iii/katabasis/svm_layout.iii current
[gen_svm_layout] OK (8 regions)
[build_stdlib] cycle-family drift-check: /c/Users/Edwin Boston/OneDrive/Desktop/III/STDLIB/../COMPILER/BOOT/gen_cycle_family.sh --check
[gen_cycle_family] read 9 families from /c/Users/Edwin Boston/OneDrive/Desktop/III/COMPILER/BOOT/iii_cycle_family.def
[gen_cycle_family] check: /c/Users/Edwin Boston/OneDrive/Desktop/III/STDLIB/iii/katabasis/cycle_family.iii current
[gen_cycle_family] OK (9 families)
[build_stdlib] census drift-check: /c/Users/Edwin Boston/OneDrive/Desktop/III/STDLIB/../COMPILER/BOOT/gen_census.sh --check
[gen_census] read 16 facts from /c/Users/Edwin Boston/OneDrive/Desktop/III/COMPILER/BOOT/iii_census.def
[gen_census] check: /c/Users/Edwin Boston/OneDrive/Desktop/III/STDLIB/iii/katabasis/census.iii current
[gen_census] OK (16 facts, hash length 128)
[build_stdlib] bar-layout drift-check: /c/Users/Edwin Boston/OneDrive/Desktop/III/STDLIB/../COMPILER/BOOT/gen_bar_layout.sh --check
[gen_bar_layout] read 3 BAR windows from /c/Users/Edwin Boston/OneDrive/Desktop/III/COMPILER/BOOT/iii_bar_layout.def
[gen_bar_layout] check: /c/Users/Edwin Boston/OneDrive/Desktop/III/STDLIB/iii/katabasis/bar_layout.iii current
[gen_bar_layout] OK (3 BAR windows)
[build_stdlib] vmexit-set drift-check: /c/Users/Edwin Boston/OneDrive/Desktop/III/STDLIB/../COMPILER/BOOT/gen_vmexit.sh --check
[gen_vmexit] read 6 intercepted exits from /c/Users/Edwin Boston/OneDrive/Desktop/III/COMPILER/BOOT/iii_vmexit.def
[gen_vmexit] check: /c/Users/Edwin Boston/OneDrive/Desktop/III/STDLIB/iii/katabasis/vmexit.iii current
[gen_vmexit] OK (6 exits)
[build_stdlib] ring-lattice drift-check: /c/Users/Edwin Boston/OneDrive/Desktop/III/STDLIB/../COMPILER/BOOT/gen_ring_lattice.sh --check
[gen_ring_lattice] read 5 legal crossings from /c/Users/Edwin Boston/OneDrive/Desktop/III/COMPILER/BOOT/iii_ring_lattice.def
[gen_ring_lattice] check: /c/Users/Edwin Boston/OneDrive/Desktop/III/STDLIB/iii/katabasis/ring_lattice.iii current
[gen_ring_lattice] OK (5 crossings)
[build_stdlib] compiler-rejection conformance: /c/Users/Edwin Boston/OneDrive/Desktop/III/STDLIB/scripts/reject_conformance.sh
[reject-conformance] OK: r01_unresolved_ident.iii rejected (rc=12, no object)
[reject-conformance] OK: r04_unknown_fn_call.iii rejected (rc=12, no object)
[reject-conformance] OK: r05_bad_token.iii rejected (rc=11, no object)
[reject-conformance] OK: r07_undeclared_assign.iii rejected (rc=12, no object)
[reject-conformance] OK: r08_dup_fn.iii rejected (rc=12, no object)
[reject-conformance] OK: r10_outofscope_var.iii rejected (rc=12, no object)
[reject-conformance] OK: r11_bad_int_literal.iii rejected (rc=11, no object)
[reject-conformance] PASS: 7/7 fixtures rejected
[build_stdlib] Forge closure meta-gate: /c/Users/Edwin Boston/OneDrive/Desktop/III/STDLIB/../COMPILER/BOOT/forge_check.sh
[forge_check] OK: 6 KATABASIS citizens drift-clean + full-spec-sealed; sub-closure root 35b5471d82378ac0e229947ef10fed9c88b7faf6768c499fd387411ee29203df recorded; no orphan generators.
[build_stdlib] trusted-base seal: /c/Users/Edwin Boston/OneDrive/Desktop/III/STDLIB/../COMPILER/BOOT/trusted_base_check.sh --check
[trusted_base_check] OK: TRUSTED_BASE_ROOT = ed4d5bc61a34fad38221bdaa77d100ab37202ef1038bec02975d7240e7debd40
[build_stdlib] architectural invariant gate: native carto (iii/c) -> carto_gate
GATE PASS
[build_stdlib] OK   numera/scalar -> /c/Users/Edwin Boston/OneDrive/Desktop/III/STDLIB/build/iii/numera_scalar.iii.o
[build_stdlib] OK   numera/sha256 -> /c/Users/Edwin Boston/OneDrive/Desktop/III/STDLIB/build/iii/numera_sha256.iii.o
[build_stdlib] OK   numera/sha256_ni -> /c/Users/Edwin Boston/OneDrive/Desktop/III/STDLIB/build/iii/numera_sha256_ni.iii.o
[build_stdlib] OK   numera/hex -> /c/Users/Edwin Boston/OneDrive/Desktop/III/STDLIB/build/iii/numera_hex.iii.o
[build_stdlib] OK   memoria/tempaloc -> /c/Users/Edwin Boston/OneDrive/Desktop/III/STDLIB/build/iii/memoria_tempaloc.iii.o
[build_stdlib] OK   memoria/region -> /c/Users/Edwin Boston/OneDrive/Desktop/III/STDLIB/build/iii/memoria_region.iii.o
[build_stdlib] OK   memoria/span -> /c/Users/Edwin Boston/OneDrive/Desktop/III/STDLIB/build/iii/memoria_span.iii.o
[build_stdlib] OK   memoria/arena -> /c/Users/Edwin Boston/OneDrive/Desktop/III/STDLIB/build/iii/memoria_arena.iii.o
[build_stdlib] OK   verba/rune -> /c/Users/Edwin Boston/OneDrive/Desktop/III/STDLIB/build/iii/verba_rune.iii.o
[build_stdlib] OK   verba/string -> /c/Users/Edwin Boston/OneDrive/Desktop/III/STDLIB/build/iii/verba_string.iii.o
[build_stdlib] OK   verba/builder -> /c/Users/Edwin Boston/OneDrive/Desktop/III/STDLIB/build/iii/verba_builder.iii.o
[build_stdlib] OK   omnia/option -> /c/Users/Edwin Boston/OneDrive/Desktop/III/STDLIB/build/iii/omnia_option.iii.o
[build_stdlib] OK   omnia/result -> /c/Users/Edwin Boston/OneDrive/Desktop/III/STDLIB/build/iii/omnia_result.iii.o
[build_stdlib] OK   omnia/iter -> /c/Users/Edwin Boston/OneDrive/Desktop/III/STDLIB/build/iii/omnia_iter.iii.o
[build_stdlib] OK   omnia/vec -> /c/Users/Edwin Boston/OneDrive/Desktop/III/STDLIB/build/iii/omnia_vec.iii.o
[build_stdlib] OK   sanctus/mhash -> /c/Users/Edwin Boston/OneDrive/Desktop/III/STDLIB/build/iii/sanctus_mhash.iii.o
[build_stdlib] OK   sanctus/kchain -> /c/Users/Edwin Boston/OneDrive/Desktop/III/STDLIB/build/iii/sanctus_kchain.iii.o
[build_stdlib] OK   omnia/map -> /c/Users/Edwin Boston/OneDrive/Desktop/III/STDLIB/build/iii/omnia_map.iii.o
[build_stdlib] OK   omnia/set -> /c/Users/Edwin Boston/OneDrive/Desktop/III/STDLIB/build/iii/omnia_set.iii.o
[build_stdlib] OK   omnia/queue -> /c/Users/Edwin Boston/OneDrive/Desktop/III/STDLIB/build/iii/omnia_queue.iii.o
[build_stdlib] OK   omnia/pq -> /c/Users/Edwin Boston/OneDrive/Desktop/III/STDLIB/build/iii/omnia_pq.iii.o
[build_stdlib] OK   omnia/fold -> /c/Users/Edwin Boston/OneDrive/Desktop/III/STDLIB/build/iii/omnia_fold.iii.o
[build_stdlib] OK   omnia/zip -> /c/Users/Edwin Boston/OneDrive/Desktop/III/STDLIB/build/iii/omnia_zip.iii.o
[build_stdlib] OK   omnia/either -> /c/Users/Edwin Boston/OneDrive/Desktop/III/STDLIB/build/iii/omnia_either.iii.o
[build_stdlib] OK   numera/trit -> /c/Users/Edwin Boston/OneDrive/Desktop/III/STDLIB/build/iii/numera_trit.iii.o
[build_stdlib] OK   numera/uncertainty -> /c/Users/Edwin Boston/OneDrive/Desktop/III/STDLIB/build/iii/numera_uncertainty.iii.o
[build_stdlib] OK   omnia/hexad_algebra -> /c/Users/Edwin Boston/OneDrive/Desktop/III/STDLIB/build/iii/omnia_hexad_algebra.iii.o
[build_stdlib] OK   omnia/hexad_pfs -> /c/Users/Edwin Boston/OneDrive/Desktop/III/STDLIB/build/iii/omnia_hexad_pfs.iii.o
[build_stdlib] OK   omnia/hexad_reach -> /c/Users/Edwin Boston/OneDrive/Desktop/III/STDLIB/build/iii/omnia_hexad_reach.iii.o
[build_stdlib] OK   omnia/hexad_epistemic -> /c/Users/Edwin Boston/OneDrive/Desktop/III/STDLIB/build/iii/omnia_hexad_epistemic.iii.o
[build_stdlib] OK   omnia/hexad_mobius -> /c/Users/Edwin Boston/OneDrive/Desktop/III/STDLIB/build/iii/omnia_hexad_mobius.iii.o
[build_stdlib] OK   omnia/hexad_dynamic -> /c/Users/Edwin Boston/OneDrive/Desktop/III/STDLIB/build/iii/omnia_hexad_dynamic.iii.o
[build_stdlib] OK   numera/safety_type -> /c/Users/Edwin Boston/OneDrive/Desktop/III/STDLIB/build/iii/numera_safety_type.iii.o
[build_stdlib] OK   omnia/hexad -> /c/Users/Edwin Boston/OneDrive/Desktop/III/STDLIB/build/iii/omnia_hexad.iii.o
[build_stdlib] OK   omnia/spec_probe -> /c/Users/Edwin Boston/OneDrive/Desktop/III/STDLIB/build/iii/omnia_spec_probe.iii.o
[build_stdlib] OK   numera/checked -> /c/Users/Edwin Boston/OneDrive/Desktop/III/STDLIB/build/iii/numera_checked.iii.o
[build_stdlib] OK   numera/modular -> /c/Users/Edwin Boston/OneDrive/Desktop/III/STDLIB/build/iii/numera_modular.iii.o
[build_stdlib] OK   numera/siphash -> /c/Users/Edwin Boston/OneDrive/Desktop/III/STDLIB/build/iii/numera_siphash.iii.o
[build_stdlib] OK   numera/adler32 -> /c/Users/Edwin Boston/OneDrive/Desktop/III/STDLIB/build/iii/numera_adler32.iii.o
[build_stdlib] OK   numera/fixed -> /c/Users/Edwin Boston/OneDrive/Desktop/III/STDLIB/build/iii/numera_fixed.iii.o
[build_stdlib] OK   numera/q128 -> /c/Users/Edwin Boston/OneDrive/Desktop/III/STDLIB/build/iii/numera_q128.iii.o
[build_stdlib] OK   verba/parse -> /c/Users/Edwin Boston/OneDrive/Desktop/III/STDLIB/build/iii/verba_parse.iii.o
[build_stdlib] OK   verba/markup -> /c/Users/Edwin Boston/OneDrive/Desktop/III/STDLIB/build/iii/verba_markup.iii.o
[build_stdlib] OK   numera/bigint -> /c/Users/Edwin Boston/OneDrive/Desktop/III/STDLIB/build/iii/numera_bigint.iii.o
[build_stdlib] OK   verba/format -> /c/Users/Edwin Boston/OneDrive/Desktop/III/STDLIB/build/iii/verba_format.iii.o
[build_stdlib] OK   verba/regex -> /c/Users/Edwin Boston/OneDrive/Desktop/III/STDLIB/build/iii/verba_regex.iii.o
[build_stdlib] OK   aether/capability -> /c/Users/Edwin Boston/OneDrive/Desktop/III/STDLIB/build/iii/aether_capability.iii.o
[build_stdlib] OK   aether/handle -> /c/Users/Edwin Boston/OneDrive/Desktop/III/STDLIB/build/iii/aether_handle.iii.o
[build_stdlib] OK   aether/fs -> /c/Users/Edwin Boston/OneDrive/Desktop/III/STDLIB/build/iii/aether_fs.iii.o
[build_stdlib] OK   tempora/instant -> /c/Users/Edwin Boston/OneDrive/Desktop/III/STDLIB/build/iii/tempora_instant.iii.o
[build_stdlib] OK   tempora/duration -> /c/Users/Edwin Boston/OneDrive/Desktop/III/STDLIB/build/iii/tempora_duration.iii.o
[build_stdlib] OK   tempora/deadline -> /c/Users/Edwin Boston/OneDrive/Desktop/III/STDLIB/build/iii/tempora_deadline.iii.o
[build_stdlib] OK   sanctus/witness -> /c/Users/Edwin Boston/OneDrive/Desktop/III/STDLIB/build/iii/sanctus_witness.iii.o
[build_stdlib] OK   sanctus/attest -> /c/Users/Edwin Boston/OneDrive/Desktop/III/STDLIB/build/iii/sanctus_attest.iii.o
[build_stdlib] OK   omnia/crystal -> /c/Users/Edwin Boston/OneDrive/Desktop/III/STDLIB/build/iii/omnia_crystal.iii.o
[build_stdlib] OK   sanctus/mandate -> /c/Users/Edwin Boston/OneDrive/Desktop/III/STDLIB/build/iii/sanctus_mandate.iii.o
[build_stdlib] OK   sanctus/closure -> /c/Users/Edwin Boston/OneDrive/Desktop/III/STDLIB/build/iii/sanctus_closure.iii.o
[build_stdlib] OK   sanctus/legacy_artifact -> /c/Users/Edwin Boston/OneDrive/Desktop/III/STDLIB/build/iii/sanctus_legacy_artifact.iii.o
[build_stdlib] OK   sanctus/sovereign_witness -> /c/Users/Edwin Boston/OneDrive/Desktop/III/STDLIB/build/iii/sanctus_sovereign_witness.iii.o
[build_stdlib] OK   numera/bigint_div -> /c/Users/Edwin Boston/OneDrive/Desktop/III/STDLIB/build/iii/numera_bigint_div.iii.o
[build_stdlib] OK   numera/field -> /c/Users/Edwin Boston/OneDrive/Desktop/III/STDLIB/build/iii/numera_field.iii.o
[build_stdlib] OK   verba/normalise_ascii -> /c/Users/Edwin Boston/OneDrive/Desktop/III/STDLIB/build/iii/verba_normalise_ascii.iii.o
[build_stdlib] OK   aether/net -> /c/Users/Edwin Boston/OneDrive/Desktop/III/STDLIB/build/iii/aether_net.iii.o
[build_stdlib] OK   verba/json -> /c/Users/Edwin Boston/OneDrive/Desktop/III/STDLIB/build/iii/verba_json.iii.o
[build_stdlib] OK   numera/sha512 -> /c/Users/Edwin Boston/OneDrive/Desktop/III/STDLIB/build/iii/numera_sha512.iii.o
[build_stdlib] OK   aether/http_client -> /c/Users/Edwin Boston/OneDrive/Desktop/III/STDLIB/build/iii/aether_http_client.iii.o
[build_stdlib] OK   numera/fe25519 -> /c/Users/Edwin Boston/OneDrive/Desktop/III/STDLIB/build/iii/numera_fe25519.iii.o
[build_stdlib] OK   numera/ed_scalar_modl -> /c/Users/Edwin Boston/OneDrive/Desktop/III/STDLIB/build/iii/numera_ed_scalar_modl.iii.o
[build_stdlib] OK   numera/crypt_ed25519 -> /c/Users/Edwin Boston/OneDrive/Desktop/III/STDLIB/build/iii/numera_crypt_ed25519.iii.o
[build_stdlib] OK   numera/founders_anchor -> /c/Users/Edwin Boston/OneDrive/Desktop/III/STDLIB/build/iii/numera_founders_anchor.iii.o
[build_stdlib] OK   numera/constants -> /c/Users/Edwin Boston/OneDrive/Desktop/III/STDLIB/build/iii/numera_constants.iii.o
[build_stdlib] OK   numera/aes -> /c/Users/Edwin Boston/OneDrive/Desktop/III/STDLIB/build/iii/numera_aes.iii.o
[build_stdlib] OK   numera/aes_gcm -> /c/Users/Edwin Boston/OneDrive/Desktop/III/STDLIB/build/iii/numera_aes_gcm.iii.o
[build_stdlib] OK   numera/aes_siv -> /c/Users/Edwin Boston/OneDrive/Desktop/III/STDLIB/build/iii/numera_aes_siv.iii.o
[build_stdlib] OK   aether/http_server -> /c/Users/Edwin Boston/OneDrive/Desktop/III/STDLIB/build/iii/aether_http_server.iii.o
[build_stdlib] OK   verba/uri -> /c/Users/Edwin Boston/OneDrive/Desktop/III/STDLIB/build/iii/verba_uri.iii.o
[build_stdlib] OK   numera/chacha20 -> /c/Users/Edwin Boston/OneDrive/Desktop/III/STDLIB/build/iii/numera_chacha20.iii.o
[build_stdlib] OK   numera/poly1305 -> /c/Users/Edwin Boston/OneDrive/Desktop/III/STDLIB/build/iii/numera_poly1305.iii.o
[build_stdlib] OK   numera/chacha20_poly1305 -> /c/Users/Edwin Boston/OneDrive/Desktop/III/STDLIB/build/iii/numera_chacha20_poly1305.iii.o
[build_stdlib] OK   numera/xchacha20_poly1305 -> /c/Users/Edwin Boston/OneDrive/Desktop/III/STDLIB/build/iii/numera_xchacha20_poly1305.iii.o
[build_stdlib] OK   numera/x25519 -> /c/Users/Edwin Boston/OneDrive/Desktop/III/STDLIB/build/iii/numera_x25519.iii.o
[build_stdlib] OK   verba/normalise -> /c/Users/Edwin Boston/OneDrive/Desktop/III/STDLIB/build/iii/verba_normalise.iii.o
[build_stdlib] OK   numera/hmac -> /c/Users/Edwin Boston/OneDrive/Desktop/III/STDLIB/build/iii/numera_hmac.iii.o
[build_stdlib] OK   numera/drbg -> /c/Users/Edwin Boston/OneDrive/Desktop/III/STDLIB/build/iii/numera_drbg.iii.o
[build_stdlib] OK   numera/fp256 -> /c/Users/Edwin Boston/OneDrive/Desktop/III/STDLIB/build/iii/numera_fp256.iii.o
[build_stdlib] OK   numera/fn256 -> /c/Users/Edwin Boston/OneDrive/Desktop/III/STDLIB/build/iii/numera_fn256.iii.o
[build_stdlib] OK   numera/ec256 -> /c/Users/Edwin Boston/OneDrive/Desktop/III/STDLIB/build/iii/numera_ec256.iii.o
[build_stdlib] OK   numera/ecdsa_p256 -> /c/Users/Edwin Boston/OneDrive/Desktop/III/STDLIB/build/iii/numera_ecdsa_p256.iii.o
[build_stdlib] OK   numera/fp384 -> /c/Users/Edwin Boston/OneDrive/Desktop/III/STDLIB/build/iii/numera_fp384.iii.o
[build_stdlib] OK   numera/fn384 -> /c/Users/Edwin Boston/OneDrive/Desktop/III/STDLIB/build/iii/numera_fn384.iii.o
[build_stdlib] OK   numera/ec384 -> /c/Users/Edwin Boston/OneDrive/Desktop/III/STDLIB/build/iii/numera_ec384.iii.o
[build_stdlib] OK   numera/ecdsa_p384 -> /c/Users/Edwin Boston/OneDrive/Desktop/III/STDLIB/build/iii/numera_ecdsa_p384.iii.o
[build_stdlib] OK   numera/rsa -> /c/Users/Edwin Boston/OneDrive/Desktop/III/STDLIB/build/iii/numera_rsa.iii.o
[build_stdlib] OK   numera/zk_field -> /c/Users/Edwin Boston/OneDrive/Desktop/III/STDLIB/build/iii/numera_zk_field.iii.o
[build_stdlib] OK   numera/zk_snark -> /c/Users/Edwin Boston/OneDrive/Desktop/III/STDLIB/build/iii/numera_zk_snark.iii.o
[build_stdlib] OK   numera/zk_stark -> /c/Users/Edwin Boston/OneDrive/Desktop/III/STDLIB/build/iii/numera_zk_stark.iii.o
[build_stdlib] OK   numera/zk_air -> /c/Users/Edwin Boston/OneDrive/Desktop/III/STDLIB/build/iii/numera_zk_air.iii.o
[build_stdlib] OK   numera/zk_rev -> /c/Users/Edwin Boston/OneDrive/Desktop/III/STDLIB/build/iii/numera_zk_rev.iii.o
[build_stdlib] OK   numera/zk_prune -> /c/Users/Edwin Boston/OneDrive/Desktop/III/STDLIB/build/iii/numera_zk_prune.iii.o
[build_stdlib] OK   verba/base64 -> /c/Users/Edwin Boston/OneDrive/Desktop/III/STDLIB/build/iii/verba_base64.iii.o
[build_stdlib] OK   numera/hkdf -> /c/Users/Edwin Boston/OneDrive/Desktop/III/STDLIB/build/iii/numera_hkdf.iii.o
[build_stdlib] OK   numera/crc32 -> /c/Users/Edwin Boston/OneDrive/Desktop/III/STDLIB/build/iii/numera_crc32.iii.o
[build_stdlib] OK   numera/blake2s -> /c/Users/Edwin Boston/OneDrive/Desktop/III/STDLIB/build/iii/numera_blake2s.iii.o
[build_stdlib] OK   numera/xoshiro -> /c/Users/Edwin Boston/OneDrive/Desktop/III/STDLIB/build/iii/numera_xoshiro.iii.o
[build_stdlib] OK   numera/pbkdf2 -> /c/Users/Edwin Boston/OneDrive/Desktop/III/STDLIB/build/iii/numera_pbkdf2.iii.o
[build_stdlib] OK   verba/uuid -> /c/Users/Edwin Boston/OneDrive/Desktop/III/STDLIB/build/iii/verba_uuid.iii.o
[build_stdlib] OK   numera/murmur3 -> /c/Users/Edwin Boston/OneDrive/Desktop/III/STDLIB/build/iii/numera_murmur3.iii.o
[build_stdlib] OK   numera/ntt -> /c/Users/Edwin Boston/OneDrive/Desktop/III/STDLIB/build/iii/numera_ntt.iii.o
[build_stdlib] OK   numera/ntt_fri_organ -> /c/Users/Edwin Boston/OneDrive/Desktop/III/STDLIB/build/iii/numera_ntt_fri_organ.iii.o
[build_stdlib] OK   numera/zk_stark_seal -> /c/Users/Edwin Boston/OneDrive/Desktop/III/STDLIB/build/iii/numera_zk_stark_seal.iii.o
[build_stdlib] OK   numera/ntt_bigint -> /c/Users/Edwin Boston/OneDrive/Desktop/III/STDLIB/build/iii/numera_ntt_bigint.iii.o
[build_stdlib] OK   verba/csv -> /c/Users/Edwin Boston/OneDrive/Desktop/III/STDLIB/build/iii/verba_csv.iii.o
[build_stdlib] OK   verba/ini -> /c/Users/Edwin Boston/OneDrive/Desktop/III/STDLIB/build/iii/verba_ini.iii.o
[build_stdlib] OK   verba/leb128 -> /c/Users/Edwin Boston/OneDrive/Desktop/III/STDLIB/build/iii/verba_leb128.iii.o
[build_stdlib] OK   verba/base32 -> /c/Users/Edwin Boston/OneDrive/Desktop/III/STDLIB/build/iii/verba_base32.iii.o
[build_stdlib] OK   verba/ulid -> /c/Users/Edwin Boston/OneDrive/Desktop/III/STDLIB/build/iii/verba_ulid.iii.o
[build_stdlib] OK   tempora/calendar -> /c/Users/Edwin Boston/OneDrive/Desktop/III/STDLIB/build/iii/tempora_calendar.iii.o
[build_stdlib] OK   tempora/rfc3339 -> /c/Users/Edwin Boston/OneDrive/Desktop/III/STDLIB/build/iii/tempora_rfc3339.iii.o
[build_stdlib] OK   memoria/seal_organ -> /c/Users/Edwin Boston/OneDrive/Desktop/III/STDLIB/build/iii/memoria_seal_organ.iii.o
[build_stdlib] OK   verba/timing_safe -> /c/Users/Edwin Boston/OneDrive/Desktop/III/STDLIB/build/iii/verba_timing_safe.iii.o
[build_stdlib] OK   numera/endian -> /c/Users/Edwin Boston/OneDrive/Desktop/III/STDLIB/build/iii/numera_endian.iii.o
[build_stdlib] OK   verba/path -> /c/Users/Edwin Boston/OneDrive/Desktop/III/STDLIB/build/iii/verba_path.iii.o
[build_stdlib] OK   verba/html_escape -> /c/Users/Edwin Boston/OneDrive/Desktop/III/STDLIB/build/iii/verba_html_escape.iii.o
[build_stdlib] OK   omnia/crystal_deps -> /c/Users/Edwin Boston/OneDrive/Desktop/III/STDLIB/build/iii/omnia_crystal_deps.iii.o
[build_stdlib] OK   sanctus/quality -> /c/Users/Edwin Boston/OneDrive/Desktop/III/STDLIB/build/iii/sanctus_quality.iii.o
[build_stdlib] OK   omnia/ripple -> /c/Users/Edwin Boston/OneDrive/Desktop/III/STDLIB/build/iii/omnia_ripple.iii.o
[build_stdlib] OK   numera/bitops -> /c/Users/Edwin Boston/OneDrive/Desktop/III/STDLIB/build/iii/numera_bitops.iii.o
[build_stdlib] OK   aether/inet -> /c/Users/Edwin Boston/OneDrive/Desktop/III/STDLIB/build/iii/aether_inet.iii.o
[build_stdlib] OK   aether/inet6 -> /c/Users/Edwin Boston/OneDrive/Desktop/III/STDLIB/build/iii/aether_inet6.iii.o
[build_stdlib] OK   verba/semver -> /c/Users/Edwin Boston/OneDrive/Desktop/III/STDLIB/build/iii/verba_semver.iii.o
[build_stdlib] OK   omnia/proof_ripple -> /c/Users/Edwin Boston/OneDrive/Desktop/III/STDLIB/build/iii/omnia_proof_ripple.iii.o
[build_stdlib] OK   verba/glob -> /c/Users/Edwin Boston/OneDrive/Desktop/III/STDLIB/build/iii/verba_glob.iii.o
[build_stdlib] OK   omnia/list -> /c/Users/Edwin Boston/OneDrive/Desktop/III/STDLIB/build/iii/omnia_list.iii.o
[build_stdlib] OK   omnia/lru -> /c/Users/Edwin Boston/OneDrive/Desktop/III/STDLIB/build/iii/omnia_lru.iii.o
[build_stdlib] OK   omnia/dynamic_record -> /c/Users/Edwin Boston/OneDrive/Desktop/III/STDLIB/build/iii/omnia_dynamic_record.iii.o
[build_stdlib] OK   omnia/jit_swap -> /c/Users/Edwin Boston/OneDrive/Desktop/III/STDLIB/build/iii/omnia_jit_swap.iii.o
[build_stdlib] OK   omnia/layered_seal -> /c/Users/Edwin Boston/OneDrive/Desktop/III/STDLIB/build/iii/omnia_layered_seal.iii.o
[build_stdlib] OK   omnia/dynamic_impact -> /c/Users/Edwin Boston/OneDrive/Desktop/III/STDLIB/build/iii/omnia_dynamic_impact.iii.o
[build_stdlib] OK   numera/field_crystal -> /c/Users/Edwin Boston/OneDrive/Desktop/III/STDLIB/build/iii/numera_field_crystal.iii.o
[build_stdlib] OK   omnia/crystal_edges -> /c/Users/Edwin Boston/OneDrive/Desktop/III/STDLIB/build/iii/omnia_crystal_edges.iii.o
[build_stdlib] OK   numera/bigint_karatsuba -> /c/Users/Edwin Boston/OneDrive/Desktop/III/STDLIB/build/iii/numera_bigint_karatsuba.iii.o
[build_stdlib] OK   numera/q128_f64 -> /c/Users/Edwin Boston/OneDrive/Desktop/III/STDLIB/build/iii/numera_q128_f64.iii.o
[build_stdlib] OK   numera/checked_crystal -> /c/Users/Edwin Boston/OneDrive/Desktop/III/STDLIB/build/iii/numera_checked_crystal.iii.o
[build_stdlib] OK   numera/modular_mont -> /c/Users/Edwin Boston/OneDrive/Desktop/III/STDLIB/build/iii/numera_modular_mont.iii.o
[build_stdlib] OK   numera/fixed_extra -> /c/Users/Edwin Boston/OneDrive/Desktop/III/STDLIB/build/iii/numera_fixed_extra.iii.o
[build_stdlib] OK   numera/scalar_provenance -> /c/Users/Edwin Boston/OneDrive/Desktop/III/STDLIB/build/iii/numera_scalar_provenance.iii.o
[build_stdlib] OK   numera/cpufeat -> /c/Users/Edwin Boston/OneDrive/Desktop/III/STDLIB/build/iii/numera_cpufeat.iii.o
[build_stdlib] OK   numera/sha256_dispatch -> /c/Users/Edwin Boston/OneDrive/Desktop/III/STDLIB/build/iii/numera_sha256_dispatch.iii.o
[build_stdlib] OK   aether/tcp -> /c/Users/Edwin Boston/OneDrive/Desktop/III/STDLIB/build/iii/aether_tcp.iii.o
[build_stdlib] OK   aether/http -> /c/Users/Edwin Boston/OneDrive/Desktop/III/STDLIB/build/iii/aether_http.iii.o
[build_stdlib] OK   omnia/async -> /c/Users/Edwin Boston/OneDrive/Desktop/III/STDLIB/build/iii/omnia_async.iii.o
[build_stdlib] OK   numera/keccak -> /c/Users/Edwin Boston/OneDrive/Desktop/III/STDLIB/build/iii/numera_keccak.iii.o
[build_stdlib] OK   numera/keccak256 -> /c/Users/Edwin Boston/OneDrive/Desktop/III/STDLIB/build/iii/numera_keccak256.iii.o
[build_stdlib] OK   numera/identifier -> /c/Users/Edwin Boston/OneDrive/Desktop/III/STDLIB/build/iii/numera_identifier.iii.o
[build_stdlib] OK   numera/cad -> /c/Users/Edwin Boston/OneDrive/Desktop/III/STDLIB/build/iii/numera_cad.iii.o
[build_stdlib] OK   numera/h2_charter -> /c/Users/Edwin Boston/OneDrive/Desktop/III/STDLIB/build/iii/numera_h2_charter.iii.o
[build_stdlib] OK   numera/h1_charter -> /c/Users/Edwin Boston/OneDrive/Desktop/III/STDLIB/build/iii/numera_h1_charter.iii.o
[build_stdlib] OK   numera/h3_charter -> /c/Users/Edwin Boston/OneDrive/Desktop/III/STDLIB/build/iii/numera_h3_charter.iii.o
[build_stdlib] OK   numera/h8_charter -> /c/Users/Edwin Boston/OneDrive/Desktop/III/STDLIB/build/iii/numera_h8_charter.iii.o
[build_stdlib] OK   numera/h10_charter -> /c/Users/Edwin Boston/OneDrive/Desktop/III/STDLIB/build/iii/numera_h10_charter.iii.o
[build_stdlib] OK   numera/h6_charter -> /c/Users/Edwin Boston/OneDrive/Desktop/III/STDLIB/build/iii/numera_h6_charter.iii.o
[build_stdlib] OK   numera/h9_charter -> /c/Users/Edwin Boston/OneDrive/Desktop/III/STDLIB/build/iii/numera_h9_charter.iii.o
[build_stdlib] OK   numera/h11_charter -> /c/Users/Edwin Boston/OneDrive/Desktop/III/STDLIB/build/iii/numera_h11_charter.iii.o
[build_stdlib] OK   numera/h4_charter -> /c/Users/Edwin Boston/OneDrive/Desktop/III/STDLIB/build/iii/numera_h4_charter.iii.o
[build_stdlib] OK   numera/h5_charter -> /c/Users/Edwin Boston/OneDrive/Desktop/III/STDLIB/build/iii/numera_h5_charter.iii.o
[build_stdlib] OK   numera/h7_charter -> /c/Users/Edwin Boston/OneDrive/Desktop/III/STDLIB/build/iii/numera_h7_charter.iii.o
[build_stdlib] OK   numera/h12_charter -> /c/Users/Edwin Boston/OneDrive/Desktop/III/STDLIB/build/iii/numera_h12_charter.iii.o
[build_stdlib] OK   numera/h13_charter -> /c/Users/Edwin Boston/OneDrive/Desktop/III/STDLIB/build/iii/numera_h13_charter.iii.o
[build_stdlib] OK   numera/charter_terminal -> /c/Users/Edwin Boston/OneDrive/Desktop/III/STDLIB/build/iii/numera_charter_terminal.iii.o
[build_stdlib] OK   numera/algebraic_time -> /c/Users/Edwin Boston/OneDrive/Desktop/III/STDLIB/build/iii/numera_algebraic_time.iii.o
[build_stdlib] OK   aether/witness_hook -> /c/Users/Edwin Boston/OneDrive/Desktop/III/STDLIB/build/iii/aether_witness_hook.iii.o
[build_stdlib] OK   sanctus/observe -> /c/Users/Edwin Boston/OneDrive/Desktop/III/STDLIB/build/iii/sanctus_observe.iii.o
[build_stdlib] OK   sanctus/onelang -> /c/Users/Edwin Boston/OneDrive/Desktop/III/STDLIB/build/iii/sanctus_onelang.iii.o
[build_stdlib] OK   aether/hotstuff -> /c/Users/Edwin Boston/OneDrive/Desktop/III/STDLIB/build/iii/aether_hotstuff.iii.o
[build_stdlib] OK   aether/hotstuff_predict -> /c/Users/Edwin Boston/OneDrive/Desktop/III/STDLIB/build/iii/aether_hotstuff_predict.iii.o
[build_stdlib] OK   aether/hotstuff_unified -> /c/Users/Edwin Boston/OneDrive/Desktop/III/STDLIB/build/iii/aether_hotstuff_unified.iii.o
[build_stdlib] OK   aether/hotstuff_predict_opt -> /c/Users/Edwin Boston/OneDrive/Desktop/III/STDLIB/build/iii/aether_hotstuff_predict_opt.iii.o
[build_stdlib] OK   aether/hotstuff_heal -> /c/Users/Edwin Boston/OneDrive/Desktop/III/STDLIB/build/iii/aether_hotstuff_heal.iii.o
[build_stdlib] OK   numera/sha3_256 -> /c/Users/Edwin Boston/OneDrive/Desktop/III/STDLIB/build/iii/numera_sha3_256.iii.o
[build_stdlib] OK   numera/sha3_512 -> /c/Users/Edwin Boston/OneDrive/Desktop/III/STDLIB/build/iii/numera_sha3_512.iii.o
[build_stdlib] OK   numera/shake128 -> /c/Users/Edwin Boston/OneDrive/Desktop/III/STDLIB/build/iii/numera_shake128.iii.o
[build_stdlib] OK   numera/shake256 -> /c/Users/Edwin Boston/OneDrive/Desktop/III/STDLIB/build/iii/numera_shake256.iii.o
[build_stdlib] OK   numera/pq_params -> /c/Users/Edwin Boston/OneDrive/Desktop/III/STDLIB/build/iii/numera_pq_params.iii.o
[build_stdlib] OK   numera/ntt_ctx -> /c/Users/Edwin Boston/OneDrive/Desktop/III/STDLIB/build/iii/numera_ntt_ctx.iii.o
[build_stdlib] OK   numera/keccak_sponge -> /c/Users/Edwin Boston/OneDrive/Desktop/III/STDLIB/build/iii/numera_keccak_sponge.iii.o
[build_stdlib] OK   numera/mldsa -> /c/Users/Edwin Boston/OneDrive/Desktop/III/STDLIB/build/iii/numera_mldsa.iii.o
[build_stdlib] OK   numera/mlkem -> /c/Users/Edwin Boston/OneDrive/Desktop/III/STDLIB/build/iii/numera_mlkem.iii.o
[build_stdlib] OK   aether/pq_quorum -> /c/Users/Edwin Boston/OneDrive/Desktop/III/STDLIB/build/iii/aether_pq_quorum.iii.o
[build_stdlib] OK   numera/slhdsa -> /c/Users/Edwin Boston/OneDrive/Desktop/III/STDLIB/build/iii/numera_slhdsa.iii.o
[build_stdlib] OK   numera/pq_dispatch -> /c/Users/Edwin Boston/OneDrive/Desktop/III/STDLIB/build/iii/numera_pq_dispatch.iii.o
[build_stdlib] OK   sanctus/mandate_m22 -> /c/Users/Edwin Boston/OneDrive/Desktop/III/STDLIB/build/iii/sanctus_mandate_m22.iii.o
[build_stdlib] OK   sanctus/quality_q7 -> /c/Users/Edwin Boston/OneDrive/Desktop/III/STDLIB/build/iii/sanctus_quality_q7.iii.o
[build_stdlib] OK   sanctus/seal_resolver -> /c/Users/Edwin Boston/OneDrive/Desktop/III/STDLIB/build/iii/sanctus_seal_resolver.iii.o
[build_stdlib] OK   verba/pattern -> /c/Users/Edwin Boston/OneDrive/Desktop/III/STDLIB/build/iii/verba_pattern.iii.o
[build_stdlib] OK   sanctus/resolver_replay -> /c/Users/Edwin Boston/OneDrive/Desktop/III/STDLIB/build/iii/sanctus_resolver_replay.iii.o
[build_stdlib] OK   aether/fed_tier -> /c/Users/Edwin Boston/OneDrive/Desktop/III/STDLIB/build/iii/aether_fed_tier.iii.o
[build_stdlib] OK   aether/fed_sybil -> /c/Users/Edwin Boston/OneDrive/Desktop/III/STDLIB/build/iii/aether_fed_sybil.iii.o
[build_stdlib] OK   aether/fed_eclipse -> /c/Users/Edwin Boston/OneDrive/Desktop/III/STDLIB/build/iii/aether_fed_eclipse.iii.o
[build_stdlib] OK   aether/fed_admit -> /c/Users/Edwin Boston/OneDrive/Desktop/III/STDLIB/build/iii/aether_fed_admit.iii.o
[build_stdlib] OK   aether/fed_genesis -> /c/Users/Edwin Boston/OneDrive/Desktop/III/STDLIB/build/iii/aether_fed_genesis.iii.o
[build_stdlib] OK   aether/fed_seal -> /c/Users/Edwin Boston/OneDrive/Desktop/III/STDLIB/build/iii/aether_fed_seal.iii.o
[build_stdlib] OK   omnia/sandbox_ctor -> /c/Users/Edwin Boston/OneDrive/Desktop/III/STDLIB/build/iii/omnia_sandbox_ctor.iii.o
[build_stdlib] OK   omnia/sandbox_quota -> /c/Users/Edwin Boston/OneDrive/Desktop/III/STDLIB/build/iii/omnia_sandbox_quota.iii.o
[build_stdlib] OK   omnia/sandbox_exec -> /c/Users/Edwin Boston/OneDrive/Desktop/III/STDLIB/build/iii/omnia_sandbox_exec.iii.o
[build_stdlib] OK   numera/merkle -> /c/Users/Edwin Boston/OneDrive/Desktop/III/STDLIB/build/iii/numera_merkle.iii.o
[build_stdlib] OK   aether/cap_zkp -> /c/Users/Edwin Boston/OneDrive/Desktop/III/STDLIB/build/iii/aether_cap_zkp.iii.o
[build_stdlib] OK   omnia/obs_log -> /c/Users/Edwin Boston/OneDrive/Desktop/III/STDLIB/build/iii/omnia_obs_log.iii.o
[build_stdlib] OK   omnia/obs_metric -> /c/Users/Edwin Boston/OneDrive/Desktop/III/STDLIB/build/iii/omnia_obs_metric.iii.o
[build_stdlib] OK   omnia/obs_trace -> /c/Users/Edwin Boston/OneDrive/Desktop/III/STDLIB/build/iii/omnia_obs_trace.iii.o
[build_stdlib] OK   omnia/obs_observatory -> /c/Users/Edwin Boston/OneDrive/Desktop/III/STDLIB/build/iii/omnia_obs_observatory.iii.o
[build_stdlib] OK   sanctus/catalyst -> /c/Users/Edwin Boston/OneDrive/Desktop/III/STDLIB/build/iii/sanctus_catalyst.iii.o
[build_stdlib] OK   sanctus/genesis -> /c/Users/Edwin Boston/OneDrive/Desktop/III/STDLIB/build/iii/sanctus_genesis.iii.o
[build_stdlib] OK   sanctus/promote -> /c/Users/Edwin Boston/OneDrive/Desktop/III/STDLIB/build/iii/sanctus_promote.iii.o
[build_stdlib] OK   sanctus/demote -> /c/Users/Edwin Boston/OneDrive/Desktop/III/STDLIB/build/iii/sanctus_demote.iii.o
[build_stdlib] OK   verba/glyph_core -> /c/Users/Edwin Boston/OneDrive/Desktop/III/STDLIB/build/iii/verba_glyph_core.iii.o
[build_stdlib] OK   verba/glyph_u8 -> /c/Users/Edwin Boston/OneDrive/Desktop/III/STDLIB/build/iii/verba_glyph_u8.iii.o
[build_stdlib] OK   verba/glyph_u32 -> /c/Users/Edwin Boston/OneDrive/Desktop/III/STDLIB/build/iii/verba_glyph_u32.iii.o
[build_stdlib] OK   verba/glyph_u64 -> /c/Users/Edwin Boston/OneDrive/Desktop/III/STDLIB/build/iii/verba_glyph_u64.iii.o
[build_stdlib] OK   verba/glyph_i64 -> /c/Users/Edwin Boston/OneDrive/Desktop/III/STDLIB/build/iii/verba_glyph_i64.iii.o
[build_stdlib] OK   verba/glyph_f64 -> /c/Users/Edwin Boston/OneDrive/Desktop/III/STDLIB/build/iii/verba_glyph_f64.iii.o
[build_stdlib] OK   verba/glyph_bytes -> /c/Users/Edwin Boston/OneDrive/Desktop/III/STDLIB/build/iii/verba_glyph_bytes.iii.o
[build_stdlib] OK   verba/glyph_str -> /c/Users/Edwin Boston/OneDrive/Desktop/III/STDLIB/build/iii/verba_glyph_str.iii.o
[build_stdlib] OK   verba/glyph_crystal -> /c/Users/Edwin Boston/OneDrive/Desktop/III/STDLIB/build/iii/verba_glyph_crystal.iii.o
[build_stdlib] OK   verba/glyph_vec -> /c/Users/Edwin Boston/OneDrive/Desktop/III/STDLIB/build/iii/verba_glyph_vec.iii.o
[build_stdlib] OK   verba/glyph_map -> /c/Users/Edwin Boston/OneDrive/Desktop/III/STDLIB/build/iii/verba_glyph_map.iii.o
[build_stdlib] OK   verba/glyph_set -> /c/Users/Edwin Boston/OneDrive/Desktop/III/STDLIB/build/iii/verba_glyph_set.iii.o
[build_stdlib] OK   verba/glyph_enum -> /c/Users/Edwin Boston/OneDrive/Desktop/III/STDLIB/build/iii/verba_glyph_enum.iii.o
[build_stdlib] OK   verba/glyph_record -> /c/Users/Edwin Boston/OneDrive/Desktop/III/STDLIB/build/iii/verba_glyph_record.iii.o
[build_stdlib] OK   verba/glyph_witness -> /c/Users/Edwin Boston/OneDrive/Desktop/III/STDLIB/build/iii/verba_glyph_witness.iii.o
[build_stdlib] OK   verba/glyph_proof -> /c/Users/Edwin Boston/OneDrive/Desktop/III/STDLIB/build/iii/verba_glyph_proof.iii.o
[build_stdlib] OK   verba/glyph_recursive -> /c/Users/Edwin Boston/OneDrive/Desktop/III/STDLIB/build/iii/verba_glyph_recursive.iii.o
[build_stdlib] OK   numera/sat_arith -> /c/Users/Edwin Boston/OneDrive/Desktop/III/STDLIB/build/iii/numera_sat_arith.iii.o
[build_stdlib] OK   intent/lex_ontology -> /c/Users/Edwin Boston/OneDrive/Desktop/III/STDLIB/build/iii/intent_lex_ontology.iii.o
[build_stdlib] OK   intent/intent_lex -> /c/Users/Edwin Boston/OneDrive/Desktop/III/STDLIB/build/iii/intent_intent_lex.iii.o
[build_stdlib] OK   intent/disambiguate -> /c/Users/Edwin Boston/OneDrive/Desktop/III/STDLIB/build/iii/intent_disambiguate.iii.o
[build_stdlib] OK   intent/synthesis_bridge -> /c/Users/Edwin Boston/OneDrive/Desktop/III/STDLIB/build/iii/intent_synthesis_bridge.iii.o
[build_stdlib] OK   intent/intent_attest -> /c/Users/Edwin Boston/OneDrive/Desktop/III/STDLIB/build/iii/intent_intent_attest.iii.o
[build_stdlib] OK   verba/intent -> /c/Users/Edwin Boston/OneDrive/Desktop/III/STDLIB/build/iii/verba_intent.iii.o
[build_stdlib] OK   verba/ast_intent -> /c/Users/Edwin Boston/OneDrive/Desktop/III/STDLIB/build/iii/verba_ast_intent.iii.o
[build_stdlib] OK   verba/intent_form -> /c/Users/Edwin Boston/OneDrive/Desktop/III/STDLIB/build/iii/verba_intent_form.iii.o
[build_stdlib] OK   verba/pattern_form -> /c/Users/Edwin Boston/OneDrive/Desktop/III/STDLIB/build/iii/verba_pattern_form.iii.o
[build_stdlib] OK   omnia/call_context -> /c/Users/Edwin Boston/OneDrive/Desktop/III/STDLIB/build/iii/omnia_call_context.iii.o
[build_stdlib] OK   omnia/unify -> /c/Users/Edwin Boston/OneDrive/Desktop/III/STDLIB/build/iii/omnia_unify.iii.o
[build_stdlib] OK   omnia/pattern_table -> /c/Users/Edwin Boston/OneDrive/Desktop/III/STDLIB/build/iii/omnia_pattern_table.iii.o
[build_stdlib] OK   omnia/resolver -> /c/Users/Edwin Boston/OneDrive/Desktop/III/STDLIB/build/iii/omnia_resolver.iii.o
[build_stdlib] OK   omnia/proof_resolve -> /c/Users/Edwin Boston/OneDrive/Desktop/III/STDLIB/build/iii/omnia_proof_resolve.iii.o
[build_stdlib] OK   omnia/resolver_replay -> /c/Users/Edwin Boston/OneDrive/Desktop/III/STDLIB/build/iii/omnia_resolver_replay.iii.o
[build_stdlib] OK   omnia/proof_ripple_resolution -> /c/Users/Edwin Boston/OneDrive/Desktop/III/STDLIB/build/iii/omnia_proof_ripple_resolution.iii.o
[build_stdlib] OK   omnia/transform -> /c/Users/Edwin Boston/OneDrive/Desktop/III/STDLIB/build/iii/omnia_transform.iii.o
[build_stdlib] OK   verba/transform_form -> /c/Users/Edwin Boston/OneDrive/Desktop/III/STDLIB/build/iii/verba_transform_form.iii.o
[build_stdlib] OK   omnia/transform_patterns -> /c/Users/Edwin Boston/OneDrive/Desktop/III/STDLIB/build/iii/omnia_transform_patterns.iii.o
[build_stdlib] OK   omnia/codegen_patterns -> /c/Users/Edwin Boston/OneDrive/Desktop/III/STDLIB/build/iii/omnia_codegen_patterns.iii.o
[build_stdlib] OK   omnia/babel -> /c/Users/Edwin Boston/OneDrive/Desktop/III/STDLIB/build/iii/omnia_babel.iii.o
[build_stdlib] OK   omnia/babel_intent -> /c/Users/Edwin Boston/OneDrive/Desktop/III/STDLIB/build/iii/omnia_babel_intent.iii.o
[build_stdlib] OK   omnia/governance -> /c/Users/Edwin Boston/OneDrive/Desktop/III/STDLIB/build/iii/omnia_governance.iii.o
[build_stdlib] OK   omnia/self_reformatter -> /c/Users/Edwin Boston/OneDrive/Desktop/III/STDLIB/build/iii/omnia_self_reformatter.iii.o
[build_stdlib] OK   aether/pattern_set_federation -> /c/Users/Edwin Boston/OneDrive/Desktop/III/STDLIB/build/iii/aether_pattern_set_federation.iii.o
[build_stdlib] OK   omnia/ai_resolve -> /c/Users/Edwin Boston/OneDrive/Desktop/III/STDLIB/build/iii/omnia_ai_resolve.iii.o
[build_stdlib] OK   omnia/resolution_meta_dispatch -> /c/Users/Edwin Boston/OneDrive/Desktop/III/STDLIB/build/iii/omnia_resolution_meta_dispatch.iii.o
[build_stdlib] OK   omnia/codegen_dispatch -> /c/Users/Edwin Boston/OneDrive/Desktop/III/STDLIB/build/iii/omnia_codegen_dispatch.iii.o
[build_stdlib] OK   omnia/resolution_init -> /c/Users/Edwin Boston/OneDrive/Desktop/III/STDLIB/build/iii/omnia_resolution_init.iii.o
[build_stdlib] OK   omnia/tp_raw_hex -> /c/Users/Edwin Boston/OneDrive/Desktop/III/STDLIB/build/iii/omnia_tp_raw_hex.iii.o
[build_stdlib] OK   omnia/tp_iii_hex -> /c/Users/Edwin Boston/OneDrive/Desktop/III/STDLIB/build/iii/omnia_tp_iii_hex.iii.o
[build_stdlib] OK   omnia/tp_pe_hex -> /c/Users/Edwin Boston/OneDrive/Desktop/III/STDLIB/build/iii/omnia_tp_pe_hex.iii.o
[build_stdlib] OK   omnia/tp_iii_to_md -> /c/Users/Edwin Boston/OneDrive/Desktop/III/STDLIB/build/iii/omnia_tp_iii_to_md.iii.o
[build_stdlib] OK   omnia/tp_iii_to_latex -> /c/Users/Edwin Boston/OneDrive/Desktop/III/STDLIB/build/iii/omnia_tp_iii_to_latex.iii.o
[build_stdlib] OK   omnia/tp_iii_to_c99 -> /c/Users/Edwin Boston/OneDrive/Desktop/III/STDLIB/build/iii/omnia_tp_iii_to_c99.iii.o
[build_stdlib] OK   omnia/tp_x86_disasm -> /c/Users/Edwin Boston/OneDrive/Desktop/III/STDLIB/build/iii/omnia_tp_x86_disasm.iii.o
[build_stdlib] OK   omnia/tp_x86_assemble -> /c/Users/Edwin Boston/OneDrive/Desktop/III/STDLIB/build/iii/omnia_tp_x86_assemble.iii.o
[build_stdlib] OK   omnia/tp_iii_to_asm -> /c/Users/Edwin Boston/OneDrive/Desktop/III/STDLIB/build/iii/omnia_tp_iii_to_asm.iii.o
[build_stdlib] OK   omnia/tp_asm_to_pe -> /c/Users/Edwin Boston/OneDrive/Desktop/III/STDLIB/build/iii/omnia_tp_asm_to_pe.iii.o
[build_stdlib] OK   omnia/tp_iii_to_babel_json -> /c/Users/Edwin Boston/OneDrive/Desktop/III/STDLIB/build/iii/omnia_tp_iii_to_babel_json.iii.o
[build_stdlib] OK   omnia/tp_babel_json_to_iii -> /c/Users/Edwin Boston/OneDrive/Desktop/III/STDLIB/build/iii/omnia_tp_babel_json_to_iii.iii.o
[build_stdlib] OK   omnia/tp_iii_to_ast_bin -> /c/Users/Edwin Boston/OneDrive/Desktop/III/STDLIB/build/iii/omnia_tp_iii_to_ast_bin.iii.o
[build_stdlib] OK   omnia/tp_ast_bin_to_iii -> /c/Users/Edwin Boston/OneDrive/Desktop/III/STDLIB/build/iii/omnia_tp_ast_bin_to_iii.iii.o
[build_stdlib] OK   omnia/tp_babel_text -> /c/Users/Edwin Boston/OneDrive/Desktop/III/STDLIB/build/iii/omnia_tp_babel_text.iii.o
[build_stdlib] OK   omnia/tp_babel_text_back -> /c/Users/Edwin Boston/OneDrive/Desktop/III/STDLIB/build/iii/omnia_tp_babel_text_back.iii.o
[build_stdlib] OK   omnia/tp_babel_json_cbor -> /c/Users/Edwin Boston/OneDrive/Desktop/III/STDLIB/build/iii/omnia_tp_babel_json_cbor.iii.o
[build_stdlib] OK   omnia/tp_babel_cbor_json -> /c/Users/Edwin Boston/OneDrive/Desktop/III/STDLIB/build/iii/omnia_tp_babel_cbor_json.iii.o
[build_stdlib] OK   omnia/tp_ripple_dot -> /c/Users/Edwin Boston/OneDrive/Desktop/III/STDLIB/build/iii/omnia_tp_ripple_dot.iii.o
[build_stdlib] OK   omnia/tp_ripple_md -> /c/Users/Edwin Boston/OneDrive/Desktop/III/STDLIB/build/iii/omnia_tp_ripple_md.iii.o
[build_stdlib] OK   omnia/tp_ast_dot -> /c/Users/Edwin Boston/OneDrive/Desktop/III/STDLIB/build/iii/omnia_tp_ast_dot.iii.o
[build_stdlib] OK   omnia/tp_c99hdr_to_iii -> /c/Users/Edwin Boston/OneDrive/Desktop/III/STDLIB/build/iii/omnia_tp_c99hdr_to_iii.iii.o
[build_stdlib] OK   omnia/tp_ast_to_babel_json -> /c/Users/Edwin Boston/OneDrive/Desktop/III/STDLIB/build/iii/omnia_tp_ast_to_babel_json.iii.o
[build_stdlib] OK   omnia/tp_babel_json_to_ast -> /c/Users/Edwin Boston/OneDrive/Desktop/III/STDLIB/build/iii/omnia_tp_babel_json_to_ast.iii.o
[build_stdlib] OK   sanctus/calculus_v1 -> /c/Users/Edwin Boston/OneDrive/Desktop/III/STDLIB/build/iii/sanctus_calculus_v1.iii.o
[build_stdlib] OK   sanctus/irreducibility_proof -> /c/Users/Edwin Boston/OneDrive/Desktop/III/STDLIB/build/iii/sanctus_irreducibility_proof.iii.o
[build_stdlib] OK   omnia/mini_crystal -> /c/Users/Edwin Boston/OneDrive/Desktop/III/STDLIB/build/iii/omnia_mini_crystal.iii.o
[build_stdlib] OK   omnia/resolver_memo -> /c/Users/Edwin Boston/OneDrive/Desktop/III/STDLIB/build/iii/omnia_resolver_memo.iii.o
[build_stdlib] OK   omnia/jit_fuse -> /c/Users/Edwin Boston/OneDrive/Desktop/III/STDLIB/build/iii/omnia_jit_fuse.iii.o
[build_stdlib] OK   omnia/prespec -> /c/Users/Edwin Boston/OneDrive/Desktop/III/STDLIB/build/iii/omnia_prespec.iii.o
[build_stdlib] OK   omnia/hw_offload -> /c/Users/Edwin Boston/OneDrive/Desktop/III/STDLIB/build/iii/omnia_hw_offload.iii.o
[build_stdlib] OK   aether/babel_wire -> /c/Users/Edwin Boston/OneDrive/Desktop/III/STDLIB/build/iii/aether_babel_wire.iii.o
[build_stdlib] OK   aether/cap_handshake -> /c/Users/Edwin Boston/OneDrive/Desktop/III/STDLIB/build/iii/aether_cap_handshake.iii.o
[build_stdlib] OK   aether/sealed_channel -> /c/Users/Edwin Boston/OneDrive/Desktop/III/STDLIB/build/iii/aether_sealed_channel.iii.o
[build_stdlib] OK   aether/idoc -> /c/Users/Edwin Boston/OneDrive/Desktop/III/STDLIB/build/iii/aether_idoc.iii.o
[build_stdlib] OK   verba/nl_lex -> /c/Users/Edwin Boston/OneDrive/Desktop/III/STDLIB/build/iii/verba_nl_lex.iii.o
[build_stdlib] OK   verba/nl_parse -> /c/Users/Edwin Boston/OneDrive/Desktop/III/STDLIB/build/iii/verba_nl_parse.iii.o
[build_stdlib] OK   verba/hip -> /c/Users/Edwin Boston/OneDrive/Desktop/III/STDLIB/build/iii/verba_hip.iii.o
[build_stdlib] OK   omnia/bench -> /c/Users/Edwin Boston/OneDrive/Desktop/III/STDLIB/build/iii/omnia_bench.iii.o
[build_stdlib] OK   omnia/xii_term -> /c/Users/Edwin Boston/OneDrive/Desktop/III/STDLIB/build/iii/omnia_xii_term.iii.o
[build_stdlib] OK   omnia/xii_basis -> /c/Users/Edwin Boston/OneDrive/Desktop/III/STDLIB/build/iii/omnia_xii_basis.iii.o
[build_stdlib] OK   numera/xii_subforms -> /c/Users/Edwin Boston/OneDrive/Desktop/III/STDLIB/build/iii/numera_xii_subforms.iii.o
[build_stdlib] OK   omnia/xii_hj -> /c/Users/Edwin Boston/OneDrive/Desktop/III/STDLIB/build/iii/omnia_xii_hj.iii.o
[build_stdlib] OK   omnia/xii_savings -> /c/Users/Edwin Boston/OneDrive/Desktop/III/STDLIB/build/iii/omnia_xii_savings.iii.o
[build_stdlib] OK   omnia/xii_rewrite -> /c/Users/Edwin Boston/OneDrive/Desktop/III/STDLIB/build/iii/omnia_xii_rewrite.iii.o
[build_stdlib] OK   omnia/xii_canonicalise -> /c/Users/Edwin Boston/OneDrive/Desktop/III/STDLIB/build/iii/omnia_xii_canonicalise.iii.o
[build_stdlib] OK   omnia/xii_horizon -> /c/Users/Edwin Boston/OneDrive/Desktop/III/STDLIB/build/iii/omnia_xii_horizon.iii.o
[build_stdlib] OK   omnia/xii_horizon_reach -> /c/Users/Edwin Boston/OneDrive/Desktop/III/STDLIB/build/iii/omnia_xii_horizon_reach.iii.o
[build_stdlib] OK   omnia/xii_circ -> /c/Users/Edwin Boston/OneDrive/Desktop/III/STDLIB/build/iii/omnia_xii_circ.iii.o
[build_stdlib] OK   omnia/xii_chd -> /c/Users/Edwin Boston/OneDrive/Desktop/III/STDLIB/build/iii/omnia_xii_chd.iii.o
[build_stdlib] OK   omnia/xii_lattice -> /c/Users/Edwin Boston/OneDrive/Desktop/III/STDLIB/build/iii/omnia_xii_lattice.iii.o
[build_stdlib] OK   numera/xii_nop_tables -> /c/Users/Edwin Boston/OneDrive/Desktop/III/STDLIB/build/iii/numera_xii_nop_tables.iii.o
[build_stdlib] OK   omnia/xii_emit_gen -> /c/Users/Edwin Boston/OneDrive/Desktop/III/STDLIB/build/iii/omnia_xii_emit_gen.iii.o
[build_stdlib] OK   omnia/xii_kernel_emit -> /c/Users/Edwin Boston/OneDrive/Desktop/III/STDLIB/build/iii/omnia_xii_kernel_emit.iii.o
[build_stdlib] OK   omnia/xii_curated_payloads -> /c/Users/Edwin Boston/OneDrive/Desktop/III/STDLIB/build/iii/omnia_xii_curated_payloads.iii.o
[build_stdlib] OK   omnia/xii_curated_embedded -> /c/Users/Edwin Boston/OneDrive/Desktop/III/STDLIB/build/iii/omnia_xii_curated_embedded.iii.o
[build_stdlib] OK   omnia/xii_curated_riscv -> /c/Users/Edwin Boston/OneDrive/Desktop/III/STDLIB/build/iii/omnia_xii_curated_riscv.iii.o
[build_stdlib] OK   omnia/xii_curated_extended -> /c/Users/Edwin Boston/OneDrive/Desktop/III/STDLIB/build/iii/omnia_xii_curated_extended.iii.o
[build_stdlib] OK   sanctus/xii_sml -> /c/Users/Edwin Boston/OneDrive/Desktop/III/STDLIB/build/iii/sanctus_xii_sml.iii.o
[build_stdlib] OK   sanctus/xii_atm -> /c/Users/Edwin Boston/OneDrive/Desktop/III/STDLIB/build/iii/sanctus_xii_atm.iii.o
[build_stdlib] OK   sanctus/xii_curate -> /c/Users/Edwin Boston/OneDrive/Desktop/III/STDLIB/build/iii/sanctus_xii_curate.iii.o
[build_stdlib] OK   sanctus/xii_antidrift -> /c/Users/Edwin Boston/OneDrive/Desktop/III/STDLIB/build/iii/sanctus_xii_antidrift.iii.o
[build_stdlib] OK   sanctus/anchor_xii -> /c/Users/Edwin Boston/OneDrive/Desktop/III/STDLIB/build/iii/sanctus_anchor_xii.iii.o
[build_stdlib] OK   sanctus/xii_register_all -> /c/Users/Edwin Boston/OneDrive/Desktop/III/STDLIB/build/iii/sanctus_xii_register_all.iii.o
[build_stdlib] OK   katabasis/svm_layout -> /c/Users/Edwin Boston/OneDrive/Desktop/III/STDLIB/build/iii/katabasis_svm_layout.iii.o
[build_stdlib] OK   katabasis/cycle_family -> /c/Users/Edwin Boston/OneDrive/Desktop/III/STDLIB/build/iii/katabasis_cycle_family.iii.o
[build_stdlib] OK   katabasis/bar_layout -> /c/Users/Edwin Boston/OneDrive/Desktop/III/STDLIB/build/iii/katabasis_bar_layout.iii.o
[build_stdlib] OK   katabasis/cycle_admit -> /c/Users/Edwin Boston/OneDrive/Desktop/III/STDLIB/build/iii/katabasis_cycle_admit.iii.o
[build_stdlib] OK   katabasis/vmexit -> /c/Users/Edwin Boston/OneDrive/Desktop/III/STDLIB/build/iii/katabasis_vmexit.iii.o
[build_stdlib] OK   katabasis/ring_lattice -> /c/Users/Edwin Boston/OneDrive/Desktop/III/STDLIB/build/iii/katabasis_ring_lattice.iii.o
[build_stdlib] OK   katabasis/gate_verdict -> /c/Users/Edwin Boston/OneDrive/Desktop/III/STDLIB/build/iii/katabasis_gate_verdict.iii.o
[build_stdlib] OK   katabasis/census -> /c/Users/Edwin Boston/OneDrive/Desktop/III/STDLIB/build/iii/katabasis_census.iii.o
[build_stdlib] OK   katabasis/bricking -> /c/Users/Edwin Boston/OneDrive/Desktop/III/STDLIB/build/iii/katabasis_bricking.iii.o
[build_stdlib] OK   katabasis/cycle_term -> /c/Users/Edwin Boston/OneDrive/Desktop/III/STDLIB/build/iii/katabasis_cycle_term.iii.o
[build_stdlib] OK   katabasis/gate -> /c/Users/Edwin Boston/OneDrive/Desktop/III/STDLIB/build/iii/katabasis_gate.iii.o
[build_stdlib] OK   katabasis/seal -> /c/Users/Edwin Boston/OneDrive/Desktop/III/STDLIB/build/iii/katabasis_seal.iii.o
[build_stdlib] OK   katabasis/caps -> /c/Users/Edwin Boston/OneDrive/Desktop/III/STDLIB/build/iii/katabasis_caps.iii.o
[build_stdlib] OK   katabasis/admit -> /c/Users/Edwin Boston/OneDrive/Desktop/III/STDLIB/build/iii/katabasis_admit.iii.o
[build_stdlib] OK   numera/rev_invoke -> /c/Users/Edwin Boston/OneDrive/Desktop/III/STDLIB/build/iii/numera_rev_invoke.iii.o
[build_stdlib] OK   numera/tiebreak -> /c/Users/Edwin Boston/OneDrive/Desktop/III/STDLIB/build/iii/numera_tiebreak.iii.o
[build_stdlib] OK   numera/galois -> /c/Users/Edwin Boston/OneDrive/Desktop/III/STDLIB/build/iii/numera_galois.iii.o
[build_stdlib] OK   numera/rscode -> /c/Users/Edwin Boston/OneDrive/Desktop/III/STDLIB/build/iii/numera_rscode.iii.o
[build_stdlib] OK   numera/shamir -> /c/Users/Edwin Boston/OneDrive/Desktop/III/STDLIB/build/iii/numera_shamir.iii.o
[build_stdlib] OK   numera/erasure_store -> /c/Users/Edwin Boston/OneDrive/Desktop/III/STDLIB/build/iii/numera_erasure_store.iii.o
[build_stdlib] OK   numera/threshold_vault -> /c/Users/Edwin Boston/OneDrive/Desktop/III/STDLIB/build/iii/numera_threshold_vault.iii.o
[build_stdlib] OK   numera/hamming_secded -> /c/Users/Edwin Boston/OneDrive/Desktop/III/STDLIB/build/iii/numera_hamming_secded.iii.o
[build_stdlib] OK   numera/gf_poly -> /c/Users/Edwin Boston/OneDrive/Desktop/III/STDLIB/build/iii/numera_gf_poly.iii.o
[build_stdlib] OK   numera/rscode_ec -> /c/Users/Edwin Boston/OneDrive/Desktop/III/STDLIB/build/iii/numera_rscode_ec.iii.o
[build_stdlib] OK   numera/lzss -> /c/Users/Edwin Boston/OneDrive/Desktop/III/STDLIB/build/iii/numera_lzss.iii.o
[build_stdlib] OK   numera/cas_blob -> /c/Users/Edwin Boston/OneDrive/Desktop/III/STDLIB/build/iii/numera_cas_blob.iii.o
[build_stdlib] OK   numera/crt -> /c/Users/Edwin Boston/OneDrive/Desktop/III/STDLIB/build/iii/numera_crt.iii.o
[build_stdlib] OK   numera/bitio -> /c/Users/Edwin Boston/OneDrive/Desktop/III/STDLIB/build/iii/numera_bitio.iii.o
[build_stdlib] OK   numera/elias -> /c/Users/Edwin Boston/OneDrive/Desktop/III/STDLIB/build/iii/numera_elias.iii.o
[build_stdlib] OK   numera/huffman -> /c/Users/Edwin Boston/OneDrive/Desktop/III/STDLIB/build/iii/numera_huffman.iii.o
[build_stdlib] OK   numera/lzh -> /c/Users/Edwin Boston/OneDrive/Desktop/III/STDLIB/build/iii/numera_lzh.iii.o
[build_stdlib] OK   numera/heaplet -> /c/Users/Edwin Boston/OneDrive/Desktop/III/STDLIB/build/iii/numera_heaplet.iii.o
[build_stdlib] OK   numera/sep_logic -> /c/Users/Edwin Boston/OneDrive/Desktop/III/STDLIB/build/iii/numera_sep_logic.iii.o
[build_stdlib] OK   numera/tso -> /c/Users/Edwin Boston/OneDrive/Desktop/III/STDLIB/build/iii/numera_tso.iii.o
[build_stdlib] OK   numera/ptr_provenance -> /c/Users/Edwin Boston/OneDrive/Desktop/III/STDLIB/build/iii/numera_ptr_provenance.iii.o
[build_stdlib] OK   numera/mem_rewrite -> /c/Users/Edwin Boston/OneDrive/Desktop/III/STDLIB/build/iii/numera_mem_rewrite.iii.o
[build_stdlib] OK   numera/csl -> /c/Users/Edwin Boston/OneDrive/Desktop/III/STDLIB/build/iii/numera_csl.iii.o
[build_stdlib] OK   numera/congruence_closure -> /c/Users/Edwin Boston/OneDrive/Desktop/III/STDLIB/build/iii/numera_congruence_closure.iii.o
[build_stdlib] OK   numera/mcmc_egraph -> /c/Users/Edwin Boston/OneDrive/Desktop/III/STDLIB/build/iii/numera_mcmc_egraph.iii.o
[build_stdlib] OK   numera/relational_ematch -> /c/Users/Edwin Boston/OneDrive/Desktop/III/STDLIB/build/iii/numera_relational_ematch.iii.o
[build_stdlib] OK   numera/algo_synth -> /c/Users/Edwin Boston/OneDrive/Desktop/III/STDLIB/build/iii/numera_algo_synth.iii.o
[build_stdlib] OK   numera/k0_referee -> /c/Users/Edwin Boston/OneDrive/Desktop/III/STDLIB/build/iii/numera_k0_referee.iii.o
[build_stdlib] OK   numera/golden_shift -> /c/Users/Edwin Boston/OneDrive/Desktop/III/STDLIB/build/iii/numera_golden_shift.iii.o
[build_stdlib] OK   numera/conjecture_refute -> /c/Users/Edwin Boston/OneDrive/Desktop/III/STDLIB/build/iii/numera_conjecture_refute.iii.o
[build_stdlib] OK   numera/self_engine -> /c/Users/Edwin Boston/OneDrive/Desktop/III/STDLIB/build/iii/numera_self_engine.iii.o
[build_stdlib] OK   numera/verified_search -> /c/Users/Edwin Boston/OneDrive/Desktop/III/STDLIB/build/iii/numera_verified_search.iii.o
[build_stdlib] OK   numera/omega_engine -> /c/Users/Edwin Boston/OneDrive/Desktop/III/STDLIB/build/iii/numera_omega_engine.iii.o
[build_stdlib] OK   numera/pareto_frontier -> /c/Users/Edwin Boston/OneDrive/Desktop/III/STDLIB/build/iii/numera_pareto_frontier.iii.o
[build_stdlib] OK   numera/verified_ripple -> /c/Users/Edwin Boston/OneDrive/Desktop/III/STDLIB/build/iii/numera_verified_ripple.iii.o
[build_stdlib] OK   numera/optimality_cert -> /c/Users/Edwin Boston/OneDrive/Desktop/III/STDLIB/build/iii/numera_optimality_cert.iii.o
[build_stdlib] OK   numera/contract_gate -> /c/Users/Edwin Boston/OneDrive/Desktop/III/STDLIB/build/iii/numera_contract_gate.iii.o
[build_stdlib] OK   numera/ring_opt -> /c/Users/Edwin Boston/OneDrive/Desktop/III/STDLIB/build/iii/numera_ring_opt.iii.o
[build_stdlib] OK   numera/matrix_ring -> /c/Users/Edwin Boston/OneDrive/Desktop/III/STDLIB/build/iii/numera_matrix_ring.iii.o
[build_stdlib] OK   numera/bft_quorum -> /c/Users/Edwin Boston/OneDrive/Desktop/III/STDLIB/build/iii/numera_bft_quorum.iii.o
[build_stdlib] OK   numera/affine_check -> /c/Users/Edwin Boston/OneDrive/Desktop/III/STDLIB/build/iii/numera_affine_check.iii.o
[build_stdlib] OK   numera/rewrite_schedule -> /c/Users/Edwin Boston/OneDrive/Desktop/III/STDLIB/build/iii/numera_rewrite_schedule.iii.o
[build_stdlib] OK   numera/interval_lattice -> /c/Users/Edwin Boston/OneDrive/Desktop/III/STDLIB/build/iii/numera_interval_lattice.iii.o
[build_stdlib] OK   numera/loop_optimizer -> /c/Users/Edwin Boston/OneDrive/Desktop/III/STDLIB/build/iii/numera_loop_optimizer.iii.o
[build_stdlib] OK   numera/kleene_fixpoint -> /c/Users/Edwin Boston/OneDrive/Desktop/III/STDLIB/build/iii/numera_kleene_fixpoint.iii.o
[build_stdlib] OK   numera/widening -> /c/Users/Edwin Boston/OneDrive/Desktop/III/STDLIB/build/iii/numera_widening.iii.o
[build_stdlib] OK   numera/align_domain -> /c/Users/Edwin Boston/OneDrive/Desktop/III/STDLIB/build/iii/numera_align_domain.iii.o
[build_stdlib] OK   numera/vectorizer -> /c/Users/Edwin Boston/OneDrive/Desktop/III/STDLIB/build/iii/numera_vectorizer.iii.o
[build_stdlib] OK   numera/bce -> /c/Users/Edwin Boston/OneDrive/Desktop/III/STDLIB/build/iii/numera_bce.iii.o
[build_stdlib] OK   numera/reduced_product -> /c/Users/Edwin Boston/OneDrive/Desktop/III/STDLIB/build/iii/numera_reduced_product.iii.o
[build_stdlib] OK   numera/loop_pipeline -> /c/Users/Edwin Boston/OneDrive/Desktop/III/STDLIB/build/iii/numera_loop_pipeline.iii.o
[build_stdlib] OK   numera/reg_alloc -> /c/Users/Edwin Boston/OneDrive/Desktop/III/STDLIB/build/iii/numera_reg_alloc.iii.o
[build_stdlib] OK   numera/list_schedule -> /c/Users/Edwin Boston/OneDrive/Desktop/III/STDLIB/build/iii/numera_list_schedule.iii.o
[build_stdlib] OK   numera/isel -> /c/Users/Edwin Boston/OneDrive/Desktop/III/STDLIB/build/iii/numera_isel.iii.o
[build_stdlib] OK   numera/dominators -> /c/Users/Edwin Boston/OneDrive/Desktop/III/STDLIB/build/iii/numera_dominators.iii.o
[build_stdlib] OK   numera/ssa -> /c/Users/Edwin Boston/OneDrive/Desktop/III/STDLIB/build/iii/numera_ssa.iii.o
[build_stdlib] OK   numera/gvn -> /c/Users/Edwin Boston/OneDrive/Desktop/III/STDLIB/build/iii/numera_gvn.iii.o
[build_stdlib] OK   numera/dce -> /c/Users/Edwin Boston/OneDrive/Desktop/III/STDLIB/build/iii/numera_dce.iii.o
[build_stdlib] OK   numera/sccp -> /c/Users/Edwin Boston/OneDrive/Desktop/III/STDLIB/build/iii/numera_sccp.iii.o
[build_stdlib] OK   numera/taint_analysis -> /c/Users/Edwin Boston/OneDrive/Desktop/III/STDLIB/build/iii/numera_taint_analysis.iii.o
[build_stdlib] OK   numera/range_check -> /c/Users/Edwin Boston/OneDrive/Desktop/III/STDLIB/build/iii/numera_range_check.iii.o
[build_stdlib] OK   numera/translation_validation -> /c/Users/Edwin Boston/OneDrive/Desktop/III/STDLIB/build/iii/numera_translation_validation.iii.o
[build_stdlib] OK   numera/liveness -> /c/Users/Edwin Boston/OneDrive/Desktop/III/STDLIB/build/iii/numera_liveness.iii.o
[build_stdlib] OK   numera/proof_replay -> /c/Users/Edwin Boston/OneDrive/Desktop/III/STDLIB/build/iii/numera_proof_replay.iii.o
[build_stdlib] OK   numera/bmc -> /c/Users/Edwin Boston/OneDrive/Desktop/III/STDLIB/build/iii/numera_bmc.iii.o
[build_stdlib] OK   numera/kinduction -> /c/Users/Edwin Boston/OneDrive/Desktop/III/STDLIB/build/iii/numera_kinduction.iii.o
[build_stdlib] OK   numera/dijkstra -> /c/Users/Edwin Boston/OneDrive/Desktop/III/STDLIB/build/iii/numera_dijkstra.iii.o
[build_stdlib] OK   numera/safety_prover -> /c/Users/Edwin Boston/OneDrive/Desktop/III/STDLIB/build/iii/numera_safety_prover.iii.o
[build_stdlib] OK   numera/value_range_prover -> /c/Users/Edwin Boston/OneDrive/Desktop/III/STDLIB/build/iii/numera_value_range_prover.iii.o
[build_stdlib] OK   numera/loop_bounds_prover -> /c/Users/Edwin Boston/OneDrive/Desktop/III/STDLIB/build/iii/numera_loop_bounds_prover.iii.o
[build_stdlib] OK   numera/branch_elim -> /c/Users/Edwin Boston/OneDrive/Desktop/III/STDLIB/build/iii/numera_branch_elim.iii.o
[build_stdlib] OK   numera/rms -> /c/Users/Edwin Boston/OneDrive/Desktop/III/STDLIB/build/iii/numera_rms.iii.o
[build_stdlib] OK   numera/binary_search -> /c/Users/Edwin Boston/OneDrive/Desktop/III/STDLIB/build/iii/numera_binary_search.iii.o
[build_stdlib] OK   numera/kmp -> /c/Users/Edwin Boston/OneDrive/Desktop/III/STDLIB/build/iii/numera_kmp.iii.o
[build_stdlib] OK   numera/levenshtein -> /c/Users/Edwin Boston/OneDrive/Desktop/III/STDLIB/build/iii/numera_levenshtein.iii.o
[build_stdlib] OK   numera/fenwick -> /c/Users/Edwin Boston/OneDrive/Desktop/III/STDLIB/build/iii/numera_fenwick.iii.o
[build_stdlib] OK   numera/segment_tree -> /c/Users/Edwin Boston/OneDrive/Desktop/III/STDLIB/build/iii/numera_segment_tree.iii.o
[build_stdlib] OK   numera/knapsack -> /c/Users/Edwin Boston/OneDrive/Desktop/III/STDLIB/build/iii/numera_knapsack.iii.o
[build_stdlib] OK   numera/inversion_count -> /c/Users/Edwin Boston/OneDrive/Desktop/III/STDLIB/build/iii/numera_inversion_count.iii.o
[build_stdlib] OK   numera/coin_change -> /c/Users/Edwin Boston/OneDrive/Desktop/III/STDLIB/build/iii/numera_coin_change.iii.o
[build_stdlib] OK   numera/lcs -> /c/Users/Edwin Boston/OneDrive/Desktop/III/STDLIB/build/iii/numera_lcs.iii.o
[build_stdlib] OK   numera/lis -> /c/Users/Edwin Boston/OneDrive/Desktop/III/STDLIB/build/iii/numera_lis.iii.o
[build_stdlib] OK   numera/sieve -> /c/Users/Edwin Boston/OneDrive/Desktop/III/STDLIB/build/iii/numera_sieve.iii.o
[build_stdlib] OK   numera/gray_code -> /c/Users/Edwin Boston/OneDrive/Desktop/III/STDLIB/build/iii/numera_gray_code.iii.o
[build_stdlib] OK   numera/catalan -> /c/Users/Edwin Boston/OneDrive/Desktop/III/STDLIB/build/iii/numera_catalan.iii.o
[build_stdlib] OK   numera/goldbach -> /c/Users/Edwin Boston/OneDrive/Desktop/III/STDLIB/build/iii/numera_goldbach.iii.o
[build_stdlib] OK   numera/collatz -> /c/Users/Edwin Boston/OneDrive/Desktop/III/STDLIB/build/iii/numera_collatz.iii.o
[build_stdlib] OK   numera/bv_ring -> /c/Users/Edwin Boston/OneDrive/Desktop/III/STDLIB/build/iii/numera_bv_ring.iii.o
[build_stdlib] OK   numera/congruence -> /c/Users/Edwin Boston/OneDrive/Desktop/III/STDLIB/build/iii/numera_congruence.iii.o
[build_stdlib] OK   numera/sat -> /c/Users/Edwin Boston/OneDrive/Desktop/III/STDLIB/build/iii/numera_sat.iii.o
[build_stdlib] OK   numera/bv_bits -> /c/Users/Edwin Boston/OneDrive/Desktop/III/STDLIB/build/iii/numera_bv_bits.iii.o
[build_stdlib] OK   numera/invent -> /c/Users/Edwin Boston/OneDrive/Desktop/III/STDLIB/build/iii/numera_invent.iii.o
[build_stdlib] OK   numera/logic6 -> /c/Users/Edwin Boston/OneDrive/Desktop/III/STDLIB/build/iii/numera_logic6.iii.o
[build_stdlib] OK   numera/present -> /c/Users/Edwin Boston/OneDrive/Desktop/III/STDLIB/build/iii/numera_present.iii.o
[build_stdlib] OK   numera/primweb -> /c/Users/Edwin Boston/OneDrive/Desktop/III/STDLIB/build/iii/numera_primweb.iii.o
[build_stdlib] OK   numera/weave -> /c/Users/Edwin Boston/OneDrive/Desktop/III/STDLIB/build/iii/numera_weave.iii.o
[build_stdlib] OK   numera/barrett -> /c/Users/Edwin Boston/OneDrive/Desktop/III/STDLIB/build/iii/numera_barrett.iii.o
[build_stdlib] OK   numera/egraph -> /c/Users/Edwin Boston/OneDrive/Desktop/III/STDLIB/build/iii/numera_egraph.iii.o
[build_stdlib] OK   numera/cost_lattice -> /c/Users/Edwin Boston/OneDrive/Desktop/III/STDLIB/build/iii/numera_cost_lattice.iii.o
[build_stdlib] OK   omnia/sovval -> /c/Users/Edwin Boston/OneDrive/Desktop/III/STDLIB/build/iii/omnia_sovval.iii.o
[build_stdlib] OK   numera/microarch_model -> /c/Users/Edwin Boston/OneDrive/Desktop/III/STDLIB/build/iii/numera_microarch_model.iii.o
[build_stdlib] OK   numera/quine_verifier -> /c/Users/Edwin Boston/OneDrive/Desktop/III/STDLIB/build/iii/numera_quine_verifier.iii.o
[build_stdlib] OK   numera/entropy_monitor -> /c/Users/Edwin Boston/OneDrive/Desktop/III/STDLIB/build/iii/numera_entropy_monitor.iii.o
[build_stdlib] OK   numera/curry_howard -> /c/Users/Edwin Boston/OneDrive/Desktop/III/STDLIB/build/iii/numera_curry_howard.iii.o
[build_stdlib] OK   numera/category -> /c/Users/Edwin Boston/OneDrive/Desktop/III/STDLIB/build/iii/numera_category.iii.o
[build_stdlib] OK   omnia/sov_morphism -> /c/Users/Edwin Boston/OneDrive/Desktop/III/STDLIB/build/iii/omnia_sov_morphism.iii.o
[build_stdlib] OK   omnia/xii_morphism -> /c/Users/Edwin Boston/OneDrive/Desktop/III/STDLIB/build/iii/omnia_xii_morphism.iii.o
[build_stdlib] OK   omnia/tp_morphism -> /c/Users/Edwin Boston/OneDrive/Desktop/III/STDLIB/build/iii/omnia_tp_morphism.iii.o
[build_stdlib] OK   numera/h9_mig2_tie -> /c/Users/Edwin Boston/OneDrive/Desktop/III/STDLIB/build/iii/numera_h9_mig2_tie.iii.o
[build_stdlib] OK   numera/sheaf -> /c/Users/Edwin Boston/OneDrive/Desktop/III/STDLIB/build/iii/numera_sheaf.iii.o
[build_stdlib] OK   aether/manifest -> /c/Users/Edwin Boston/OneDrive/Desktop/III/STDLIB/build/iii/aether_manifest.iii.o
[build_stdlib] OK   aether/quarantine -> /c/Users/Edwin Boston/OneDrive/Desktop/III/STDLIB/build/iii/aether_quarantine.iii.o
[build_stdlib] OK   aether/node_identity -> /c/Users/Edwin Boston/OneDrive/Desktop/III/STDLIB/build/iii/aether_node_identity.iii.o
[build_stdlib] OK   aether/snapshot_lattice -> /c/Users/Edwin Boston/OneDrive/Desktop/III/STDLIB/build/iii/aether_snapshot_lattice.iii.o
[build_stdlib] OK   aether/topology_atlas -> /c/Users/Edwin Boston/OneDrive/Desktop/III/STDLIB/build/iii/aether_topology_atlas.iii.o
[build_stdlib] OK   aether/cap_forge -> /c/Users/Edwin Boston/OneDrive/Desktop/III/STDLIB/build/iii/aether_cap_forge.iii.o
[build_stdlib] OK   numera/xii_ldil -> /c/Users/Edwin Boston/OneDrive/Desktop/III/STDLIB/build/iii/numera_xii_ldil.iii.o
[build_stdlib] OK   aether/triple_check -> /c/Users/Edwin Boston/OneDrive/Desktop/III/STDLIB/build/iii/aether_triple_check.iii.o
[build_stdlib] OK   aether/context_awareness -> /c/Users/Edwin Boston/OneDrive/Desktop/III/STDLIB/build/iii/aether_context_awareness.iii.o
[build_stdlib] OK   numera/symbolic_regression -> /c/Users/Edwin Boston/OneDrive/Desktop/III/STDLIB/build/iii/numera_symbolic_regression.iii.o
[build_stdlib] OK   numera/constitution -> /c/Users/Edwin Boston/OneDrive/Desktop/III/STDLIB/build/iii/numera_constitution.iii.o
[build_stdlib] OK   numera/witness_spine -> /c/Users/Edwin Boston/OneDrive/Desktop/III/STDLIB/build/iii/numera_witness_spine.iii.o
[build_stdlib] OK   numera/reversible -> /c/Users/Edwin Boston/OneDrive/Desktop/III/STDLIB/build/iii/numera_reversible.iii.o
[build_stdlib] OK   numera/smt -> /c/Users/Edwin Boston/OneDrive/Desktop/III/STDLIB/build/iii/numera_smt.iii.o
[build_stdlib] OK   numera/proof_term -> /c/Users/Edwin Boston/OneDrive/Desktop/III/STDLIB/build/iii/numera_proof_term.iii.o
[build_stdlib] OK   numera/sat_at_scale -> /c/Users/Edwin Boston/OneDrive/Desktop/III/STDLIB/build/iii/numera_sat_at_scale.iii.o
[build_stdlib] OK   numera/groebner -> /c/Users/Edwin Boston/OneDrive/Desktop/III/STDLIB/build/iii/numera_groebner.iii.o
[build_stdlib] OK   numera/proof_carrying -> /c/Users/Edwin Boston/OneDrive/Desktop/III/STDLIB/build/iii/numera_proof_carrying.iii.o
[build_stdlib] OK   numera/cost_calculus -> /c/Users/Edwin Boston/OneDrive/Desktop/III/STDLIB/build/iii/numera_cost_calculus.iii.o
[build_stdlib] OK   numera/pareto_extraction -> /c/Users/Edwin Boston/OneDrive/Desktop/III/STDLIB/build/iii/numera_pareto_extraction.iii.o
[build_stdlib] OK   numera/unified_cost_manifold -> /c/Users/Edwin Boston/OneDrive/Desktop/III/STDLIB/build/iii/numera_unified_cost_manifold.iii.o
[build_stdlib] OK   numera/cost_lattice_unified -> /c/Users/Edwin Boston/OneDrive/Desktop/III/STDLIB/build/iii/numera_cost_lattice_unified.iii.o
[build_stdlib] OK   aether/bone_marrow -> /c/Users/Edwin Boston/OneDrive/Desktop/III/STDLIB/build/iii/aether_bone_marrow.iii.o
[build_stdlib] OK   numera/cost_lattice_synth -> /c/Users/Edwin Boston/OneDrive/Desktop/III/STDLIB/build/iii/numera_cost_lattice_synth.iii.o
[build_stdlib] OK   aether/basal_probe -> /c/Users/Edwin Boston/OneDrive/Desktop/III/STDLIB/build/iii/aether_basal_probe.iii.o
[build_stdlib] OK   numera/temporal_logic -> /c/Users/Edwin Boston/OneDrive/Desktop/III/STDLIB/build/iii/numera_temporal_logic.iii.o
[build_stdlib] OK   numera/computation_graph -> /c/Users/Edwin Boston/OneDrive/Desktop/III/STDLIB/build/iii/numera_computation_graph.iii.o
[build_stdlib] OK   numera/memo_lattice -> /c/Users/Edwin Boston/OneDrive/Desktop/III/STDLIB/build/iii/numera_memo_lattice.iii.o
[build_stdlib] OK   numera/theorem_carrier -> /c/Users/Edwin Boston/OneDrive/Desktop/III/STDLIB/build/iii/numera_theorem_carrier.iii.o
[build_stdlib] OK   numera/synthesis_spec -> /c/Users/Edwin Boston/OneDrive/Desktop/III/STDLIB/build/iii/numera_synthesis_spec.iii.o
[build_stdlib] OK   aether/reversibility_audit -> /c/Users/Edwin Boston/OneDrive/Desktop/III/STDLIB/build/iii/aether_reversibility_audit.iii.o
[build_stdlib] OK   aether/vbd -> /c/Users/Edwin Boston/OneDrive/Desktop/III/STDLIB/build/iii/aether_vbd.iii.o
[build_stdlib] OK   aether/flow_firewall -> /c/Users/Edwin Boston/OneDrive/Desktop/III/STDLIB/build/iii/aether_flow_firewall.iii.o
[build_stdlib] OK   aether/sentinel -> /c/Users/Edwin Boston/OneDrive/Desktop/III/STDLIB/build/iii/aether_sentinel.iii.o
[build_stdlib] OK   aether/enclave -> /c/Users/Edwin Boston/OneDrive/Desktop/III/STDLIB/build/iii/aether_enclave.iii.o
[build_stdlib] OK   aether/sealed_box -> /c/Users/Edwin Boston/OneDrive/Desktop/III/STDLIB/build/iii/aether_sealed_box.iii.o
[build_stdlib] OK   aether/replay_box -> /c/Users/Edwin Boston/OneDrive/Desktop/III/STDLIB/build/iii/aether_replay_box.iii.o
[build_stdlib] OK   aether/compute_box -> /c/Users/Edwin Boston/OneDrive/Desktop/III/STDLIB/build/iii/aether_compute_box.iii.o
[build_stdlib] OK   aether/xii_sort_meter -> /c/Users/Edwin Boston/OneDrive/Desktop/III/STDLIB/build/iii/aether_xii_sort_meter.iii.o
[build_stdlib] OK   aether/snapshot_box -> /c/Users/Edwin Boston/OneDrive/Desktop/III/STDLIB/build/iii/aether_snapshot_box.iii.o
[build_stdlib] OK   aether/sid_router -> /c/Users/Edwin Boston/OneDrive/Desktop/III/STDLIB/build/iii/aether_sid_router.iii.o
[build_stdlib] OK   aether/determinism_firewall -> /c/Users/Edwin Boston/OneDrive/Desktop/III/STDLIB/build/iii/aether_determinism_firewall.iii.o
[build_stdlib] OK   aether/develop_up -> /c/Users/Edwin Boston/OneDrive/Desktop/III/STDLIB/build/iii/aether_develop_up.iii.o
[build_stdlib] OK   aether/attest_box -> /c/Users/Edwin Boston/OneDrive/Desktop/III/STDLIB/build/iii/aether_attest_box.iii.o
[build_stdlib] OK   numera/branch_anchor -> /c/Users/Edwin Boston/OneDrive/Desktop/III/STDLIB/build/iii/numera_branch_anchor.iii.o
[build_stdlib] OK   aether/branch_governance -> /c/Users/Edwin Boston/OneDrive/Desktop/III/STDLIB/build/iii/aether_branch_governance.iii.o
[build_stdlib] OK   numera/math_library -> /c/Users/Edwin Boston/OneDrive/Desktop/III/STDLIB/build/iii/numera_math_library.iii.o
[build_stdlib] OK   numera/math_library_curation -> /c/Users/Edwin Boston/OneDrive/Desktop/III/STDLIB/build/iii/numera_math_library_curation.iii.o
[build_stdlib] OK   aether/memo_query -> /c/Users/Edwin Boston/OneDrive/Desktop/III/STDLIB/build/iii/aether_memo_query.iii.o
[build_stdlib] OK   numera/constitution_preserver -> /c/Users/Edwin Boston/OneDrive/Desktop/III/STDLIB/build/iii/numera_constitution_preserver.iii.o
[build_stdlib] OK   aether/bisimulation_witness -> /c/Users/Edwin Boston/OneDrive/Desktop/III/STDLIB/build/iii/aether_bisimulation_witness.iii.o
[build_stdlib] OK   aether/witness_compactor -> /c/Users/Edwin Boston/OneDrive/Desktop/III/STDLIB/build/iii/aether_witness_compactor.iii.o
[build_stdlib] OK   aether/distress_witness -> /c/Users/Edwin Boston/OneDrive/Desktop/III/STDLIB/build/iii/aether_distress_witness.iii.o
[build_stdlib] OK   aether/cost_overrun_handler -> /c/Users/Edwin Boston/OneDrive/Desktop/III/STDLIB/build/iii/aether_cost_overrun_handler.iii.o
[build_stdlib] OK   aether/firmware_quarantine -> /c/Users/Edwin Boston/OneDrive/Desktop/III/STDLIB/build/iii/aether_firmware_quarantine.iii.o
[build_stdlib] OK   aether/shape_negotiator -> /c/Users/Edwin Boston/OneDrive/Desktop/III/STDLIB/build/iii/aether_shape_negotiator.iii.o
[build_stdlib] OK   aether/memo_compactor_coordination -> /c/Users/Edwin Boston/OneDrive/Desktop/III/STDLIB/build/iii/aether_memo_compactor_coordination.iii.o
[build_stdlib] OK   numera/reflection_constrained -> /c/Users/Edwin Boston/OneDrive/Desktop/III/STDLIB/build/iii/numera_reflection_constrained.iii.o
[build_stdlib] OK   numera/reflection_governance -> /c/Users/Edwin Boston/OneDrive/Desktop/III/STDLIB/build/iii/numera_reflection_governance.iii.o
[build_stdlib] OK   nous/nous_features -> /c/Users/Edwin Boston/OneDrive/Desktop/III/STDLIB/build/iii/nous_nous_features.iii.o
[build_stdlib] OK   nous/nous_costlin -> /c/Users/Edwin Boston/OneDrive/Desktop/III/STDLIB/build/iii/nous_nous_costlin.iii.o
[build_stdlib] OK   nous/nous_value -> /c/Users/Edwin Boston/OneDrive/Desktop/III/STDLIB/build/iii/nous_nous_value.iii.o
[build_stdlib] OK   nous/nous_policy -> /c/Users/Edwin Boston/OneDrive/Desktop/III/STDLIB/build/iii/nous_nous_policy.iii.o
[build_stdlib] OK   nous/nous_socket -> /c/Users/Edwin Boston/OneDrive/Desktop/III/STDLIB/build/iii/nous_nous_socket.iii.o
[build_stdlib] OK   nous/nous_lattice -> /c/Users/Edwin Boston/OneDrive/Desktop/III/STDLIB/build/iii/nous_nous_lattice.iii.o
[build_stdlib] OK   nous/nous_search -> /c/Users/Edwin Boston/OneDrive/Desktop/III/STDLIB/build/iii/nous_nous_search.iii.o
[build_stdlib] OK   nous/nous_charter -> /c/Users/Edwin Boston/OneDrive/Desktop/III/STDLIB/build/iii/nous_nous_charter.iii.o
[build_stdlib] OK   nous/nous_completion -> /c/Users/Edwin Boston/OneDrive/Desktop/III/STDLIB/build/iii/nous_nous_completion.iii.o
[build_stdlib] OK   nous/nous_commons -> /c/Users/Edwin Boston/OneDrive/Desktop/III/STDLIB/build/iii/nous_nous_commons.iii.o
[build_stdlib] OK   nous/nous_train -> /c/Users/Edwin Boston/OneDrive/Desktop/III/STDLIB/build/iii/nous_nous_train.iii.o
[build_stdlib] OK   nous/nous_synth -> /c/Users/Edwin Boston/OneDrive/Desktop/III/STDLIB/build/iii/nous_nous_synth.iii.o
[build_stdlib] OK   nous/nous_behavioral_key -> /c/Users/Edwin Boston/OneDrive/Desktop/III/STDLIB/build/iii/nous_nous_behavioral_key.iii.o
[build_stdlib] OK   nous/nous_conjecture -> /c/Users/Edwin Boston/OneDrive/Desktop/III/STDLIB/build/iii/nous_nous_conjecture.iii.o
[build_stdlib] OK   nous/nous_conjecture_term -> /c/Users/Edwin Boston/OneDrive/Desktop/III/STDLIB/build/iii/nous_nous_conjecture_term.iii.o
[build_stdlib] OK   nous/nous_conjecture_gen -> /c/Users/Edwin Boston/OneDrive/Desktop/III/STDLIB/build/iii/nous_nous_conjecture_gen.iii.o
[build_stdlib] OK   nous/nous_conjecture_lemma -> /c/Users/Edwin Boston/OneDrive/Desktop/III/STDLIB/build/iii/nous_nous_conjecture_lemma.iii.o
[build_stdlib] OK   omnia/xii_rule_patterns -> /c/Users/Edwin Boston/OneDrive/Desktop/III/STDLIB/build/iii/omnia_xii_rule_patterns.iii.o
[build_stdlib] OK   omnia/xii_rule_overlap -> /c/Users/Edwin Boston/OneDrive/Desktop/III/STDLIB/build/iii/omnia_xii_rule_overlap.iii.o
[build_stdlib] OK   omnia/xii_critpair_enum -> /c/Users/Edwin Boston/OneDrive/Desktop/III/STDLIB/build/iii/omnia_xii_critpair_enum.iii.o
[build_stdlib] OK   omnia/xii_joinability -> /c/Users/Edwin Boston/OneDrive/Desktop/III/STDLIB/build/iii/omnia_xii_joinability.iii.o
[build_stdlib] OK   omnia/xii_termination -> /c/Users/Edwin Boston/OneDrive/Desktop/III/STDLIB/build/iii/omnia_xii_termination.iii.o
[build_stdlib] OK   omnia/xii_admission -> /c/Users/Edwin Boston/OneDrive/Desktop/III/STDLIB/build/iii/omnia_xii_admission.iii.o
[build_stdlib] OK   omnia/xii_lower_compose -> /c/Users/Edwin Boston/OneDrive/Desktop/III/STDLIB/build/iii/omnia_xii_lower_compose.iii.o
[build_stdlib] OK   omnia/xii_lower_decide -> /c/Users/Edwin Boston/OneDrive/Desktop/III/STDLIB/build/iii/omnia_xii_lower_decide.iii.o
[build_stdlib] OK   omnia/xii_lower_iterate -> /c/Users/Edwin Boston/OneDrive/Desktop/III/STDLIB/build/iii/omnia_xii_lower_iterate.iii.o
[build_stdlib] OK   omnia/xii_lower_program -> /c/Users/Edwin Boston/OneDrive/Desktop/III/STDLIB/build/iii/omnia_xii_lower_program.iii.o
[build_stdlib] OK   omnia/xii_lower_then -> /c/Users/Edwin Boston/OneDrive/Desktop/III/STDLIB/build/iii/omnia_xii_lower_then.iii.o
[build_stdlib] OK   omnia/xii_lower_with -> /c/Users/Edwin Boston/OneDrive/Desktop/III/STDLIB/build/iii/omnia_xii_lower_with.iii.o
[build_stdlib] OK   omnia/xii_lower_under -> /c/Users/Edwin Boston/OneDrive/Desktop/III/STDLIB/build/iii/omnia_xii_lower_under.iii.o
[build_stdlib] OK   omnia/xii_mig4_seal -> /c/Users/Edwin Boston/OneDrive/Desktop/III/STDLIB/build/iii/omnia_xii_mig4_seal.iii.o
[build_stdlib] OK   omnia/xii_strategy_det -> /c/Users/Edwin Boston/OneDrive/Desktop/III/STDLIB/build/iii/omnia_xii_strategy_det.iii.o
[build_stdlib] OK   omnia/xii_discharge -> /c/Users/Edwin Boston/OneDrive/Desktop/III/STDLIB/build/iii/omnia_xii_discharge.iii.o
[build_stdlib] OK   omnia/xii_conf_cert -> /c/Users/Edwin Boston/OneDrive/Desktop/III/STDLIB/build/iii/omnia_xii_conf_cert.iii.o
[build_stdlib] OK   omnia/xii_cap_preserve -> /c/Users/Edwin Boston/OneDrive/Desktop/III/STDLIB/build/iii/omnia_xii_cap_preserve.iii.o
[build_stdlib] OK   omnia/xii_cost_monotone -> /c/Users/Edwin Boston/OneDrive/Desktop/III/STDLIB/build/iii/omnia_xii_cost_monotone.iii.o
[build_stdlib] OK   omnia/xii_denote -> /c/Users/Edwin Boston/OneDrive/Desktop/III/STDLIB/build/iii/omnia_xii_denote.iii.o
[build_stdlib] OK   tempora/duration_cert -> /c/Users/Edwin Boston/OneDrive/Desktop/III/STDLIB/build/iii/tempora_duration_cert.iii.o
[build_stdlib] OK   aether/backend_memo -> /c/Users/Edwin Boston/OneDrive/Desktop/III/STDLIB/build/iii/aether_backend_memo.iii.o
[build_stdlib] OK   aether/reach_store -> /c/Users/Edwin Boston/OneDrive/Desktop/III/STDLIB/build/iii/aether_reach_store.iii.o
[build_stdlib] OK   aether/backend_remote -> /c/Users/Edwin Boston/OneDrive/Desktop/III/STDLIB/build/iii/aether_backend_remote.iii.o
[build_stdlib] OK   aether/backend_ipc -> /c/Users/Edwin Boston/OneDrive/Desktop/III/STDLIB/build/iii/aether_backend_ipc.iii.o
[build_stdlib] OK   aether/reach_core -> /c/Users/Edwin Boston/OneDrive/Desktop/III/STDLIB/build/iii/aether_reach_core.iii.o
[build_stdlib] OK   aether/reach_oracle -> /c/Users/Edwin Boston/OneDrive/Desktop/III/STDLIB/build/iii/aether_reach_oracle.iii.o
[build_stdlib] OK   aether/backend_loopback -> /c/Users/Edwin Boston/OneDrive/Desktop/III/STDLIB/build/iii/aether_backend_loopback.iii.o
[build_stdlib] OK   omnia/ripple_field -> /c/Users/Edwin Boston/OneDrive/Desktop/III/STDLIB/build/iii/omnia_ripple_field.iii.o
[build_stdlib] OK   forcefield/pleroma -> /c/Users/Edwin Boston/OneDrive/Desktop/III/STDLIB/build/iii/forcefield_pleroma.iii.o
[build_stdlib] OK   forcefield/ripple -> /c/Users/Edwin Boston/OneDrive/Desktop/III/STDLIB/build/iii/forcefield_ripple.iii.o
[build_stdlib] OK   forcefield/ripple_dyn -> /c/Users/Edwin Boston/OneDrive/Desktop/III/STDLIB/build/iii/forcefield_ripple_dyn.iii.o
[build_stdlib] OK   forcefield/optinvoke -> /c/Users/Edwin Boston/OneDrive/Desktop/III/STDLIB/build/iii/forcefield_optinvoke.iii.o
[build_stdlib] OK   numera/typecheck -> /c/Users/Edwin Boston/OneDrive/Desktop/III/STDLIB/build/iii/numera_typecheck.iii.o
[build_stdlib] OK   numera/combinator -> /c/Users/Edwin Boston/OneDrive/Desktop/III/STDLIB/build/iii/numera_combinator.iii.o
[build_stdlib] OK   numera/ccl -> /c/Users/Edwin Boston/OneDrive/Desktop/III/STDLIB/build/iii/numera_ccl.iii.o
[build_stdlib] OK   forcefield/commit_gate -> /c/Users/Edwin Boston/OneDrive/Desktop/III/STDLIB/build/iii/forcefield_commit_gate.iii.o
[build_stdlib] OK   forcefield/forked_walk -> /c/Users/Edwin Boston/OneDrive/Desktop/III/STDLIB/build/iii/forcefield_forked_walk.iii.o
[build_stdlib] OK   numera/sov_isa -> /c/Users/Edwin Boston/OneDrive/Desktop/III/STDLIB/build/iii/numera_sov_isa.iii.o
[build_stdlib] OK   numera/theorem_commons -> /c/Users/Edwin Boston/OneDrive/Desktop/III/STDLIB/build/iii/numera_theorem_commons.iii.o
[build_stdlib] OK   numera/bv_commons -> /c/Users/Edwin Boston/OneDrive/Desktop/III/STDLIB/build/iii/numera_bv_commons.iii.o
[build_stdlib] OK   numera/certified_morphism -> /c/Users/Edwin Boston/OneDrive/Desktop/III/STDLIB/build/iii/numera_certified_morphism.iii.o
[build_stdlib] OK   numera/egraph_stochastic -> /c/Users/Edwin Boston/OneDrive/Desktop/III/STDLIB/build/iii/numera_egraph_stochastic.iii.o
[build_stdlib] OK   forcefield/cg_autocatalyst -> /c/Users/Edwin Boston/OneDrive/Desktop/III/STDLIB/build/iii/forcefield_cg_autocatalyst.iii.o
[build_stdlib] OK   forcefield/bv_dispose -> /c/Users/Edwin Boston/OneDrive/Desktop/III/STDLIB/build/iii/forcefield_bv_dispose.iii.o
[build_stdlib] OK   forcefield/daemon_dream -> /c/Users/Edwin Boston/OneDrive/Desktop/III/STDLIB/build/iii/forcefield_daemon_dream.iii.o
[build_stdlib] OK   numera/ast_hunter -> /c/Users/Edwin Boston/OneDrive/Desktop/III/STDLIB/build/iii/numera_ast_hunter.iii.o
[build_stdlib] OK   omnia/proof_bisimulation -> /c/Users/Edwin Boston/OneDrive/Desktop/III/STDLIB/build/iii/omnia_proof_bisimulation.iii.o
[build_stdlib] OK   numera/isa_macro_synth -> /c/Users/Edwin Boston/OneDrive/Desktop/III/STDLIB/build/iii/numera_isa_macro_synth.iii.o
[build_stdlib] OK   forcefield/cg_surgical_strike -> /c/Users/Edwin Boston/OneDrive/Desktop/III/STDLIB/build/iii/forcefield_cg_surgical_strike.iii.o
[build_stdlib] OK   forcefield/daemon_scythe -> /c/Users/Edwin Boston/OneDrive/Desktop/III/STDLIB/build/iii/forcefield_daemon_scythe.iii.o
[build_stdlib] OK   forcefield/scythe_census -> /c/Users/Edwin Boston/OneDrive/Desktop/III/STDLIB/build/iii/forcefield_scythe_census.iii.o
[build_stdlib] OK   forcefield/sovereign_optimizer -> /c/Users/Edwin Boston/OneDrive/Desktop/III/STDLIB/build/iii/forcefield_sovereign_optimizer.iii.o
[build_stdlib] OK   omnia/xii_rule_verify -> /c/Users/Edwin Boston/OneDrive/Desktop/III/STDLIB/build/iii/omnia_xii_rule_verify.iii.o
[build_stdlib] OK   omnia/xii_fusion_verify -> /c/Users/Edwin Boston/OneDrive/Desktop/III/STDLIB/build/iii/omnia_xii_fusion_verify.iii.o
[build_stdlib] OK   omnia/xii_iflift_verify -> /c/Users/Edwin Boston/OneDrive/Desktop/III/STDLIB/build/iii/omnia_xii_iflift_verify.iii.o
[build_stdlib] OK   numera/sov_pipeline -> /c/Users/Edwin Boston/OneDrive/Desktop/III/STDLIB/build/iii/numera_sov_pipeline.iii.o
[build_stdlib] OK   forcefield/ripple_metric -> /c/Users/Edwin Boston/OneDrive/Desktop/III/STDLIB/build/iii/forcefield_ripple_metric.iii.o
[build_stdlib] OK   forcefield/ripple_unify -> /c/Users/Edwin Boston/OneDrive/Desktop/III/STDLIB/build/iii/forcefield_ripple_unify.iii.o
[build_stdlib] OK   forcefield/proof_ripple_unified -> /c/Users/Edwin Boston/OneDrive/Desktop/III/STDLIB/build/iii/forcefield_proof_ripple_unified.iii.o
[build_stdlib] OK   forcefield/ripple_loop -> /c/Users/Edwin Boston/OneDrive/Desktop/III/STDLIB/build/iii/forcefield_ripple_loop.iii.o
[build_stdlib] OK   forcefield/ripple_cut -> /c/Users/Edwin Boston/OneDrive/Desktop/III/STDLIB/build/iii/forcefield_ripple_cut.iii.o
[build_stdlib] OK   forcefield/ripple_extract -> /c/Users/Edwin Boston/OneDrive/Desktop/III/STDLIB/build/iii/forcefield_ripple_extract.iii.o
[build_stdlib] OK   forcefield/pcc_gate -> /c/Users/Edwin Boston/OneDrive/Desktop/III/STDLIB/build/iii/forcefield_pcc_gate.iii.o
[build_stdlib] OK   numera/hdl -> /c/Users/Edwin Boston/OneDrive/Desktop/III/STDLIB/build/iii/numera_hdl.iii.o
[build_stdlib] OK   numera/hdl_gate_db -> /c/Users/Edwin Boston/OneDrive/Desktop/III/STDLIB/build/iii/numera_hdl_gate_db.iii.o
[build_stdlib] OK   numera/hdl_optimize -> /c/Users/Edwin Boston/OneDrive/Desktop/III/STDLIB/build/iii/numera_hdl_optimize.iii.o
[build_stdlib] OK   numera/hdl_compiler -> /c/Users/Edwin Boston/OneDrive/Desktop/III/STDLIB/build/iii/numera_hdl_compiler.iii.o
[build_stdlib] OK   omnia/arena_slot_witness -> /c/Users/Edwin Boston/OneDrive/Desktop/III/STDLIB/build/iii/omnia_arena_slot_witness.iii.o
[build_stdlib] OK   numera/aeu -> /c/Users/Edwin Boston/OneDrive/Desktop/III/STDLIB/build/iii/numera_aeu.iii.o
[build_stdlib] OK   forcefield/integrity -> /c/Users/Edwin Boston/OneDrive/Desktop/III/STDLIB/build/iii/forcefield_integrity.iii.o
[build_stdlib] OK   forcefield/ripple_search -> /c/Users/Edwin Boston/OneDrive/Desktop/III/STDLIB/build/iii/forcefield_ripple_search.iii.o
[build_stdlib] OK   forcefield/ripple_synthesizer -> /c/Users/Edwin Boston/OneDrive/Desktop/III/STDLIB/build/iii/forcefield_ripple_synthesizer.iii.o
[build_stdlib] OK   forcefield/ripple_apply -> /c/Users/Edwin Boston/OneDrive/Desktop/III/STDLIB/build/iii/forcefield_ripple_apply.iii.o
[build_stdlib] OK   forcefield/ripple_journal -> /c/Users/Edwin Boston/OneDrive/Desktop/III/STDLIB/build/iii/forcefield_ripple_journal.iii.o
[build_stdlib] OK   numera/costed_cat -> /c/Users/Edwin Boston/OneDrive/Desktop/III/STDLIB/build/iii/numera_costed_cat.iii.o
[build_stdlib] OK   numera/induct -> /c/Users/Edwin Boston/OneDrive/Desktop/III/STDLIB/build/iii/numera_induct.iii.o
[build_stdlib] OK   omnia/bound -> /c/Users/Edwin Boston/OneDrive/Desktop/III/STDLIB/build/iii/omnia_bound.iii.o
[build_stdlib] OK   omnia/caindex -> /c/Users/Edwin Boston/OneDrive/Desktop/III/STDLIB/build/iii/omnia_caindex.iii.o
[build_stdlib] OK   katabasis/quine_seal -> /c/Users/Edwin Boston/OneDrive/Desktop/III/STDLIB/build/iii/katabasis_quine_seal.iii.o
[build_stdlib] OK   omnia/tp_planner -> /c/Users/Edwin Boston/OneDrive/Desktop/III/STDLIB/build/iii/omnia_tp_planner.iii.o
[build_stdlib] OK   sanctus/corpus_coverage -> /c/Users/Edwin Boston/OneDrive/Desktop/III/STDLIB/build/iii/sanctus_corpus_coverage.iii.o
[build_stdlib] OK   sanctus/self_model -> /c/Users/Edwin Boston/OneDrive/Desktop/III/STDLIB/build/iii/sanctus_self_model.iii.o
[build_stdlib] OK   nous/gap_conjecture -> /c/Users/Edwin Boston/OneDrive/Desktop/III/STDLIB/build/iii/nous_gap_conjecture.iii.o
[build_stdlib] OK   nous/harmony_synth -> /c/Users/Edwin Boston/OneDrive/Desktop/III/STDLIB/build/iii/nous_harmony_synth.iii.o
[build_stdlib] OK   nous/refactor_propose -> /c/Users/Edwin Boston/OneDrive/Desktop/III/STDLIB/build/iii/nous_refactor_propose.iii.o
[build_stdlib] OK   nous/optimize_self -> /c/Users/Edwin Boston/OneDrive/Desktop/III/STDLIB/build/iii/nous_optimize_self.iii.o
[build_stdlib] OK   nous/theorem_grow -> /c/Users/Edwin Boston/OneDrive/Desktop/III/STDLIB/build/iii/nous_theorem_grow.iii.o
[build_stdlib] OK   sanctus/autogenesis -> /c/Users/Edwin Boston/OneDrive/Desktop/III/STDLIB/build/iii/sanctus_autogenesis.iii.o
[build_stdlib] OK   omnia/self_atlas -> /c/Users/Edwin Boston/OneDrive/Desktop/III/STDLIB/build/iii/omnia_self_atlas.iii.o
[build_stdlib] OK   omnia/self_atlas_data -> /c/Users/Edwin Boston/OneDrive/Desktop/III/STDLIB/build/iii/omnia_self_atlas_data.iii.o
[build_stdlib] OK   omnia/self_atlas_lens -> /c/Users/Edwin Boston/OneDrive/Desktop/III/STDLIB/build/iii/omnia_self_atlas_lens.iii.o
[build_stdlib] OK   omnia/self_cartographer -> /c/Users/Edwin Boston/OneDrive/Desktop/III/STDLIB/build/iii/omnia_self_cartographer.iii.o
[build_stdlib] OK   omnia/self_report -> /c/Users/Edwin Boston/OneDrive/Desktop/III/STDLIB/build/iii/omnia_self_report.iii.o
[build_stdlib] OK   omnia/self_emit -> /c/Users/Edwin Boston/OneDrive/Desktop/III/STDLIB/build/iii/omnia_self_emit.iii.o
[build_stdlib] OK   nous/beam_search -> /c/Users/Edwin Boston/OneDrive/Desktop/III/STDLIB/build/iii/nous_beam_search.iii.o
[build_stdlib] OK   nous/lemma_forge -> /c/Users/Edwin Boston/OneDrive/Desktop/III/STDLIB/build/iii/nous_lemma_forge.iii.o
[build_stdlib] OK   nous/search_market -> /c/Users/Edwin Boston/OneDrive/Desktop/III/STDLIB/build/iii/nous_search_market.iii.o
[build_stdlib] OK   numera/cegar_refine -> /c/Users/Edwin Boston/OneDrive/Desktop/III/STDLIB/build/iii/numera_cegar_refine.iii.o
[build_stdlib] OK   numera/egraph_hw_ematch -> /c/Users/Edwin Boston/OneDrive/Desktop/III/STDLIB/build/iii/numera_egraph_hw_ematch.iii.o
[build_stdlib] OK   numera/proof_replay_cache -> /c/Users/Edwin Boston/OneDrive/Desktop/III/STDLIB/build/iii/numera_proof_replay_cache.iii.o
[build_stdlib] OK   numera/proof_parallel -> /c/Users/Edwin Boston/OneDrive/Desktop/III/STDLIB/build/iii/numera_proof_parallel.iii.o
[build_stdlib] OK   numera/proof_stark -> /c/Users/Edwin Boston/OneDrive/Desktop/III/STDLIB/build/iii/numera_proof_stark.iii.o
[build_stdlib] OK   numera/aeu_kernel -> /c/Users/Edwin Boston/OneDrive/Desktop/III/STDLIB/build/iii/numera_aeu_kernel.iii.o
[build_stdlib] OK   numera/proof_jit -> /c/Users/Edwin Boston/OneDrive/Desktop/III/STDLIB/build/iii/numera_proof_jit.iii.o
[build_stdlib] OK   numera/evidence_calculus -> /c/Users/Edwin Boston/OneDrive/Desktop/III/STDLIB/build/iii/numera_evidence_calculus.iii.o
[build_stdlib] OK   aether/perception_membrane -> /c/Users/Edwin Boston/OneDrive/Desktop/III/STDLIB/build/iii/aether_perception_membrane.iii.o
[build_stdlib] OK   numera/quantize_sensor -> /c/Users/Edwin Boston/OneDrive/Desktop/III/STDLIB/build/iii/numera_quantize_sensor.iii.o
[build_stdlib] OK   nous/perceptual_proposer -> /c/Users/Edwin Boston/OneDrive/Desktop/III/STDLIB/build/iii/nous_perceptual_proposer.iii.o
[build_stdlib] OK   aether/provisional_universe -> /c/Users/Edwin Boston/OneDrive/Desktop/III/STDLIB/build/iii/aether_provisional_universe.iii.o
[build_stdlib] OK   numera/sample_beacon -> /c/Users/Edwin Boston/OneDrive/Desktop/III/STDLIB/build/iii/numera_sample_beacon.iii.o
[build_stdlib] OK   numera/distribution -> /c/Users/Edwin Boston/OneDrive/Desktop/III/STDLIB/build/iii/numera_distribution.iii.o
[build_stdlib] OK   numera/infer_exact -> /c/Users/Edwin Boston/OneDrive/Desktop/III/STDLIB/build/iii/numera_infer_exact.iii.o
[build_stdlib] OK   numera/markov_exact -> /c/Users/Edwin Boston/OneDrive/Desktop/III/STDLIB/build/iii/numera_markov_exact.iii.o
[build_stdlib] OK   numera/mc_certified -> /c/Users/Edwin Boston/OneDrive/Desktop/III/STDLIB/build/iii/numera_mc_certified.iii.o
[build_stdlib] OK   numera/belief_sheaf -> /c/Users/Edwin Boston/OneDrive/Desktop/III/STDLIB/build/iii/numera_belief_sheaf.iii.o
[build_stdlib] OK   numera/bayes_exact -> /c/Users/Edwin Boston/OneDrive/Desktop/III/STDLIB/build/iii/numera_bayes_exact.iii.o
[build_stdlib] OK   numera/measure_status -> /c/Users/Edwin Boston/OneDrive/Desktop/III/STDLIB/build/iii/numera_measure_status.iii.o
[build_stdlib] OK   numera/dp_exact -> /c/Users/Edwin Boston/OneDrive/Desktop/III/STDLIB/build/iii/numera_dp_exact.iii.o
[build_stdlib] OK   numera/infotheory -> /c/Users/Edwin Boston/OneDrive/Desktop/III/STDLIB/build/iii/numera_infotheory.iii.o
[build_stdlib] OK   numera/approx_struct -> /c/Users/Edwin Boston/OneDrive/Desktop/III/STDLIB/build/iii/numera_approx_struct.iii.o
[build_stdlib] OK   numera/rand_algo -> /c/Users/Edwin Boston/OneDrive/Desktop/III/STDLIB/build/iii/numera_rand_algo.iii.o
[build_stdlib] OK   numera/pctl -> /c/Users/Edwin Boston/OneDrive/Desktop/III/STDLIB/build/iii/numera_pctl.iii.o
[build_stdlib] OK   numera/causal_scm -> /c/Users/Edwin Boston/OneDrive/Desktop/III/STDLIB/build/iii/numera_causal_scm.iii.o
[build_stdlib] OK   nous/pac_certify -> /c/Users/Edwin Boston/OneDrive/Desktop/III/STDLIB/build/iii/nous_pac_certify.iii.o
[build_stdlib] OK   aether/percept_infer -> /c/Users/Edwin Boston/OneDrive/Desktop/III/STDLIB/build/iii/aether_percept_infer.iii.o
[build_stdlib] OK   nous/bayes_search -> /c/Users/Edwin Boston/OneDrive/Desktop/III/STDLIB/build/iii/nous_bayes_search.iii.o

============================================================
 STDLIB native module build
============================================================
  PASS = 652
  FAIL = 0
  TOTAL= 652
============================================================
[build_stdlib] OK   resolver_unit.s -> /c/Users/Edwin Boston/OneDrive/Desktop/III/STDLIB/build/iii/resolver_unit.o
[build_stdlib] OK   resolver_unit_avx512.s -> /c/Users/Edwin Boston/OneDrive/Desktop/III/STDLIB/build/iii/resolver_unit_avx512.o
[build_stdlib] OK   bench_helpers.s -> /c/Users/Edwin Boston/OneDrive/Desktop/III/STDLIB/build/iii/bench_helpers.o
[build_stdlib] OK   cpuid_helper.s -> /c/Users/Edwin Boston/OneDrive/Desktop/III/STDLIB/build/iii/cpuid_helper.o
[build_stdlib] OK   resolver_hot.s -> /c/Users/Edwin Boston/OneDrive/Desktop/III/STDLIB/build/iii/resolver_hot.o
[build_stdlib] aggregated -> /c/Users/Edwin Boston/OneDrive/Desktop/III/STDLIB/build/iii/libiii_native.a
[build_stdlib] mhash:
25764f563c2efdb156d55ee32722a3fc93471b53e08cc4d77a149bfccb1eb60d */c/Users/Edwin Boston/OneDrive/Desktop/III/STDLIB/build/iii/libiii_native.a
[build_stdlib] coverage gate OK: uncovered=0 <= pin=0
[build_stdlib] gate-outcome ratchet OK: under-proven=0 <= pin=0
[build_stdlib] reachability ratchet OK: dark-surface=0 <= pin=0
exit=0
