[iiis-2 build] [PHASE] compile-c  t=0s
[iiis-2 build] skip acc.c (ported to .iii)
[iiis-2 build] skip ast.c (ported to .iii)
[iiis-2 build] skip ceiling.c (ported to .iii)
[iiis-2 build] skip cg_r0.c (ported to .iii)
[iiis-2 build] skip cg_r3.c (ported to .iii)
[iiis-2 build] skip cg_rm1.c (ported to .iii)
[iiis-2 build] skip cg_rm2.c (ported to .iii)
[iiis-2 build] skip emit.c (ported to .iii)
[iiis-2 build] skip hexad_check.c (ported to .iii)
[iiis-2 build] skip iii_cg_pe_iiis1.c (ported to .iii)
[iiis-2 build] skip jit_emit.c (ported to .iii)
[iiis-2 build] skip lex.c (ported to .iii)
[iiis-2 build] skip link.c (ported to .iii)
[iiis-2 build] skip main.c (ported to .iii)
[iiis-2 build] skip parse.c (ported to .iii)
[iiis-2 build] skip proof.c (ported to .iii)
[iiis-2 build] skip sema.c (ported to .iii)
[iiis-2 build] skip sid.c (ported to .iii)
[iiis-2 build] skip witness_alloc.c (ported to .iii)
[iiis-2 build] [PHASE] compile-iii  t=0s
[iiis-2 build] iiis-0 /c/Users/Edwin Boston/OneDrive/Desktop/III/COMPILER/BOOT/acc.iii -> /tmp/iiis1-build.y5FMeJ/obj/acc.iii.o
[iiis-2 build] iiis-0 /c/Users/Edwin Boston/OneDrive/Desktop/III/COMPILER/BOOT/affine_audit.iii -> /tmp/iiis1-build.y5FMeJ/obj/affine_audit.iii.o
[iiis-2 build] iiis-0 /c/Users/Edwin Boston/OneDrive/Desktop/III/COMPILER/BOOT/ast.iii -> /tmp/iiis1-build.y5FMeJ/obj/ast.iii.o
[iiis-2 build] iiis-0 /c/Users/Edwin Boston/OneDrive/Desktop/III/COMPILER/BOOT/ceiling.iii -> /tmp/iiis1-build.y5FMeJ/obj/ceiling.iii.o
[iiis-2 build] iiis-0 /c/Users/Edwin Boston/OneDrive/Desktop/III/COMPILER/BOOT/cg_r0.iii -> /tmp/iiis1-build.y5FMeJ/obj/cg_r0.iii.o
[iiis-2 build] iiis-0 /c/Users/Edwin Boston/OneDrive/Desktop/III/COMPILER/BOOT/cg_r3.iii -> /tmp/iiis1-build.y5FMeJ/obj/cg_r3.iii.o
[iiis-2 build] iiis-0 /c/Users/Edwin Boston/OneDrive/Desktop/III/COMPILER/BOOT/cg_r3_xii.iii -> /tmp/iiis1-build.y5FMeJ/obj/cg_r3_xii.iii.o
[iiis-2 build] iiis-0 /c/Users/Edwin Boston/OneDrive/Desktop/III/COMPILER/BOOT/cg_r3_xii_adapter.iii -> /tmp/iiis1-build.y5FMeJ/obj/cg_r3_xii_adapter.iii.o
[iiis-2 build] iiis-0 /c/Users/Edwin Boston/OneDrive/Desktop/III/COMPILER/BOOT/cg_rm1.iii -> /tmp/iiis1-build.y5FMeJ/obj/cg_rm1.iii.o
[iiis-2 build] iiis-0 /c/Users/Edwin Boston/OneDrive/Desktop/III/COMPILER/BOOT/cg_rm2.iii -> /tmp/iiis1-build.y5FMeJ/obj/cg_rm2.iii.o
[iiis-2 build] iiis-0 /c/Users/Edwin Boston/OneDrive/Desktop/III/COMPILER/BOOT/cg_sha.iii -> /tmp/iiis1-build.y5FMeJ/obj/cg_sha.iii.o
[iiis-2 build] iiis-0 /c/Users/Edwin Boston/OneDrive/Desktop/III/COMPILER/BOOT/cg_typeclass.iii -> /tmp/iiis1-build.y5FMeJ/obj/cg_typeclass.iii.o
[iiis-2 build] iiis-0 /c/Users/Edwin Boston/OneDrive/Desktop/III/COMPILER/BOOT/emit.iii -> /tmp/iiis1-build.y5FMeJ/obj/emit.iii.o
[iiis-2 build] iiis-0 /c/Users/Edwin Boston/OneDrive/Desktop/III/COMPILER/BOOT/emit_sanctum.iii -> /tmp/iiis1-build.y5FMeJ/obj/emit_sanctum.iii.o
[iiis-2 build] iiis-0 /c/Users/Edwin Boston/OneDrive/Desktop/III/COMPILER/BOOT/hexad_check.iii -> /tmp/iiis1-build.y5FMeJ/obj/hexad_check.iii.o
[iiis-2 build] iiis-0 /c/Users/Edwin Boston/OneDrive/Desktop/III/COMPILER/BOOT/iii_cg_pe_iiis1.iii -> /tmp/iiis1-build.y5FMeJ/obj/iii_cg_pe_iiis1.iii.o
[iiis-2 build] iiis-0 /c/Users/Edwin Boston/OneDrive/Desktop/III/COMPILER/BOOT/jit_emit.iii -> /tmp/iiis1-build.y5FMeJ/obj/jit_emit.iii.o
[iiis-2 build] iiis-0 /c/Users/Edwin Boston/OneDrive/Desktop/III/COMPILER/BOOT/lex.iii -> /tmp/iiis1-build.y5FMeJ/obj/lex.iii.o
[iiis-2 build] iiis-0 /c/Users/Edwin Boston/OneDrive/Desktop/III/COMPILER/BOOT/lex_rt.iii -> /tmp/iiis1-build.y5FMeJ/obj/lex_rt.iii.o
[iiis-2 build] iiis-0 /c/Users/Edwin Boston/OneDrive/Desktop/III/COMPILER/BOOT/link.iii -> /tmp/iiis1-build.y5FMeJ/obj/link.iii.o
[iiis-2 build] iiis-0 /c/Users/Edwin Boston/OneDrive/Desktop/III/COMPILER/BOOT/main.iii -> /tmp/iiis1-build.y5FMeJ/obj/main.iii.o
[iiis-2 build] iiis-0 /c/Users/Edwin Boston/OneDrive/Desktop/III/COMPILER/BOOT/parse.iii -> /tmp/iiis1-build.y5FMeJ/obj/parse.iii.o
[iiis-2 build] iiis-0 /c/Users/Edwin Boston/OneDrive/Desktop/III/COMPILER/BOOT/proof.iii -> /tmp/iiis1-build.y5FMeJ/obj/proof.iii.o
[iiis-2 build] iiis-0 /c/Users/Edwin Boston/OneDrive/Desktop/III/COMPILER/BOOT/sema.iii -> /tmp/iiis1-build.y5FMeJ/obj/sema.iii.o
[iiis-2 build] iiis-0 /c/Users/Edwin Boston/OneDrive/Desktop/III/COMPILER/BOOT/sema_xii_adapter.iii -> /tmp/iiis1-build.y5FMeJ/obj/sema_xii_adapter.iii.o
[iiis-2 build] iiis-0 /c/Users/Edwin Boston/OneDrive/Desktop/III/COMPILER/BOOT/sid.iii -> /tmp/iiis1-build.y5FMeJ/obj/sid.iii.o
[iiis-2 build] iiis-0 /c/Users/Edwin Boston/OneDrive/Desktop/III/COMPILER/BOOT/witness_alloc.iii -> /tmp/iiis1-build.y5FMeJ/obj/witness_alloc.iii.o
[iiis-2 build] iiis-0 /c/Users/Edwin Boston/OneDrive/Desktop/III/COMPILER/BOOT/xii_ldil.iii -> /tmp/iiis1-build.y5FMeJ/obj/xii_ldil.iii.o
[iiis-2 build] [PHASE] link  t=8s
[iiis-2 build] link -> /c/Users/Edwin Boston/OneDrive/Desktop/III/COMPILED/iiis-2.exe
[iiis-2 build] linking with stdlib (XII enabled): /c/Users/Edwin Boston/OneDrive/Desktop/III/STDLIB/build/iii/libiii_native.a
[iiis-2 build] [PHASE] verify  t=8s
[iiis-2 build] mhash: 8dae39fd3f244468e65f3de3b7ef06c4499d3b575a17aeec5132413550f35a1d
[iiis-2 build] witness: /c/Users/Edwin Boston/OneDrive/Desktop/III/COMPILED/iiis-2.exe.witness.json
[iiis-2 build] OK: /c/Users/Edwin Boston/OneDrive/Desktop/III/COMPILED/iiis-2.exe
[iiis-2 build] [PHASE] check-corpus  t=8s
[iiis-2 build] corpus equivalence: 59 passed, 0 failed
[iiis-2 build] [PHASE] check-rm2  t=27s
[check-rm2] OK: Ring -2 sanctum do_thing(7)=21 + u64-ordering(0x4..<0x8..)=1 (unsigned) + i64-ordering(-7<5)=1 (signed) + R2 typed-binary u64-ordering=1 (lhs-else-rhs shared resolver)
[iiis-2 build] [PHASE] check-cg-r0  t=27s
[cg_r0-gate] compiler = /c/Users/Edwin Boston/OneDrive/Desktop/III/COMPILED/iiis-2.exe
[cg_r0-gate] PASS  sha256 (cg_r0 reproduces the known vector)
[cg_r0-gate] PASS  cad_packed_fips (cg_r0 reproduces the known vector)
[cg_r0-gate] PASS  cad_packed_guard (cg_r0 reproduces the known vector)
[cg_r0-gate] PASS  cad_packed_bp_fips (cg_r0 reproduces the known vector)
[cg_r0-gate] PASS  cad_keccak_bp_fips (cg_r0 reproduces the known vector)
[cg_r0-gate] PASS=5 FAIL=0
[cg_r0-gate] GATE PASS
[cg_r0-wgate] compiler = /c/Users/Edwin Boston/OneDrive/Desktop/III/COMPILED/iiis-2.exe
[cg_r0-wgate] PASS  dirty_shr (cg_r0==cg_r3 fold=1)
[cg_r0-wgate] PASS  dirty_shl_shr (cg_r0==cg_r3 fold=16)
[cg_r0-wgate] PASS  inline_add_shr (cg_r0==cg_r3 fold=1)
[cg_r0-wgate] PASS  store_reload_shr (cg_r0==cg_r3 fold=1)
[cg_r0-wgate] PASS  arr_elem_shr (cg_r0==cg_r3 fold=243)
[cg_r0-wgate] PASS  dirty_ult (cg_r0==cg_r3 fold=1)
[cg_r0-wgate] PASS  dirty_ule (cg_r0==cg_r3 fold=1)
[cg_r0-wgate] PASS  dirty_div (cg_r0==cg_r3 fold=4)
[cg_r0-wgate] PASS  dirty_mod (cg_r0==cg_r3 fold=2)
[cg_r0-wgate] PASS  dirty_gt (cg_r0==cg_r3 fold=2)
[cg_r0-wgate] PASS=10 FAIL=0
[cg_r0-wgate] GATE PASS -- cg_r0 u32 width == cg_r3 on every probed op.
RESEAL_EXIT=0
