==========================================================
 Stage-1 Verification Corpus Results
==========================================================
  PASS  01_return_const : exit=7
  PASS  02_arithmetic : exit=8
  PASS  03_let_local : exit=32
  PASS  04_call_other : exit=42
  PASS  05_param : exit=42
  PASS  06_bitwise : exit=250
  PASS  07_compare : exit=1
  PASS  08_match : exit=42
  PASS  09_unary : exit=0
  PASS  10_extern : exit=0
  PASS  11_assign : exit=42
  PASS  12_const_decl : exit=42
  PASS  13_for_loop : exit=10
  PASS  14_modifier_cycle : exit=42
  PASS  15_string_literal : exit=71
  PASS  16_if_else : exit=42
  PASS  17_while : exit=55
  PASS  18_else_if : exit=2
  PASS  19_cast : exit=255
  PASS  20_sizeof : exit=4
  PASS  21_pointer : exit=42
  PASS  22_array_via_ptr : exit=99
  PASS  23_struct_decl : exit=0
  PASS  24_var_global : exit=42
  PASS  25_array_init : exit=5
  PASS  26_fnptr : exit=42
  PASS  27_string_index : exit=67
  PASS  28_extern_msvc : exit=0
  PASS  29_struct_instance : exit=42
  PASS  30_byte_index : exit=42
  PASS  31_sat_arith : exit=1
  PASS  32_intent_seal : exit=1
  PASS  33_unify_basic : exit=1
  PASS  34_unify_occurs : exit=0
  PASS  35_unify_arity : exit=0
  PASS  36_unify_depth : exit=1
  PASS  37_pattern_register_after_seal : exit=0
  PASS  38_score_table : exit=1
  PASS  39_resolve_simple : exit=1
  PASS  40_resolve_tiebreak : exit=1
  PASS  41_resolve_ambiguous : exit=1
  PASS  42_resolve_nomatch : exit=2
  PASS  43_resolve_no_recompute_observable : exit=1
  PASS  44_metapattern_set : exit=16
  PASS  45_replay_witness : exit=1
  PASS  46_q7_gate_pos : exit=1
  PASS  47_q7_gate_neg : exit=0
  PASS  48_m22_audit : exit=1
  PASS  49_proof_ripple_pattern : exit=1
  PASS  50_sid_inverse : exit=1
  PASS  51_resolve_syntax : exit=42
  PASS  52_call_via_resolver : exit=42
  PASS  53_resolve_no_self_recursion : exit=1
  PASS  54_transform_iii_to_asm : exit=1
  PASS  55_intent_form_runtime : exit=1
  PASS  56_transform_form_runtime : exit=1
  PASS  57_pattern_form_runtime : exit=1
----------------------------------------------------------
  PASS=57  FAIL=0  ASM-ONLY=0  TOTAL=57
==========================================================
