MATHESIS CAMPAIGN PSI -- THE UNIVERSAL REACH (round 1, 2026-07-13)
The frontier items Chi named, settled/constructed/counted with III alone.
Gates 2721..2725, run_mathesis.sh stage [16], PSI_CERT.

== PSI-1 + PSI-3  GAMMA-ORBIT COMPLETION + THE NORM-PRIME LAW (2721_mathesis_orbits) ==
# O <d> <curve> finds constructed verified onlyConstructed distinct
O 2 1 3 6 6 0 3
O 3 2 6 12 12 0 6
O 19 1 4 8 8 2 6
O 15 1 6 12 12 0 6
# the LIFT: d=19's four hunt finds gamma-complete to SIX points; the two partners beyond height 60
# are CONSTRUCTED and bigint-verified on-curve -- Chi's "d=19 partners beyond the envelope" resolved.
# N <d> <curve> n=<finds> p=<distinctPrimes> [ norms ] { primes }
N 3 2 n=6 p=3 [ -271 2757 919 -2439 -813 8271 ] { 271 3 919 }
N 19 1 n=4 p=4 [ 27323 9613 519137 182647 ] { 89 307 9613 19 }
N 2 1 n=3 p=2 [ 9 36 18 ] { 3 2 }
N 15 1 n=6 p=4 [ 2049 1985 3573 29775 30735 17075 ] { 3 683 5 397 }
# the gamma-norm law N(gamma alpha) = d N(alpha) is visible: within a gamma-orbit norms scale by d
# per step (d=2: 9,18,36; d=19: 27323, 19*27323=519137, ...).  d=3B re-surfaces 271 and 919
# (271*919 = 249049) through a FRESH i64 norm path -- a two-path confirmation of the Chi finding.
P isprime 271=1 919=1 249049=0 1000003=1

== PSI-2  THE BOX TO 50 (2722_mathesis_box50) ==
BX cubefree=42 total=133
# D <d> <A-count> <B-count> (only the collapsing d)
D 2 3 0
D 3 0 6
D 4 0 3
D 6 6 0
D 7 6 0
D 9 6 0
D 12 6 0
D 15 6 0
D 18 0 6
D 19 4 0
D 20 9 2
D 22 4 0
D 26 3 0
D 28 3 0
D 30 18 0
D 33 6 0
D 34 4 0
D 35 2 0
D 36 0 6
D 37 2 0
D 42 6 0
D 45 0 2
D 49 0 5
D 50 2 7
# NEW: d=20 and d=50 collapse on BOTH curves (the first such); d=30 carries EIGHTEEN curve-A identities.

== PSI-4  THE CENSUS BEYOND ENUMERATION (2723_mathesis_census) ==
# T5 <n> <comm> <routesAgree=0> <count>  (both routes -- flood + partition arithmetic -- agree to the digit)
T5 2 0 0 10
T5 2 1 0 4
T5 3 0 0 3330
T5 3 1 0 129
T5 4 0 0 178981952
T5 4 1 0 43968
T5 5 0 0 2483527537094825
T5 5 1 0 254429900
T5 6 0 0 14325590003318891522275680
T5 6 1 0 30468670170912
T5 7 0 0 50976900301814584087291487087214170039
T5 7 1 0 91267244789189735259
# n=7 counts the iso-classes of 7^49 ~ 2.56*10^41 binary operations WITHOUT enumerating them.
# Triple-anchored: n<=4 == the sealed paid exhaustions (10/3330/178981952 == mt4f_burnside_full; 4/129/43968).

== PSI-5  THE WIDTH-64 ROT SETTLEMENT (2724_mathesis_rot64) ==
U defn64=63 k1=1 k32=1 k63=1
# cost64(rot_k) <= 3 for ALL 63 rotations: the three spellings ((x<<k) OR/ADD/XOR (x>>(64-k))) are
# bit-identical at width 64, proven by III's own SAT solver (numera/bv_bits -> numera/sat).
A rot8=0 neg8=311056
S rot8=0 neg8=311056
# cost8(rot_k)=3 by TOTAL width-8 exhaustion, reproduced through TWO evaluators (mr64_brute and mr2_sweep);
# the NEG existence tooth fires: 311,056 spellings of -x mod 2^8.
N neg64=1
# the NEG tooth CONFIRMED at width 64: (x XOR ~0)+1 == -x, bb-proven.
L rot1 refuted=818 decided=818 undecided=2638 matches=0
# the width-64 lower bound: 818 of the 3,456 shape-classes DECIDED and refuted (0 admit a 2-op rotation);
# the residual 2,638 two-constant classes are NAMED and priced.  cost64(rot_k)=3 for the decided classes.

== PSI-6  THE PILOT AT 24 (2725_mathesis_pilot24) ==
# R <round> <mode> <d/p1> <height/p2> <r1> <r2>   (mode 0=NEW-D 1=HEIGHT 2=LOCAL)
R 18 0 20 60 9 2
R 19 1 13 200 0 0
R 20 2 5 41 42 42
R 21 0 21 60 0 0
R 22 1 17 200 0 0
R 23 2 5 43 57 39
# round 18 (NEW-D) chose d=20 and found A:9 B:2 -- THE PILOT'S FIFTH AUTONOMOUS DISCOVERY, the first
# cube-free d to collapse on BOTH curves.
H head18 = 18a0495c7556cc3011d64d4aa32b96f1a188773c18acbc7df24524a9539e67a6
H head24 = f6d76f9979683613e5025568cde8270e1fd695e60207b50d8e84192397f553f7
# the prefix law: head(18) == the sealed Chi ledger head byte for byte; head(24) pinned across two runs.

== OMEGA  CLOSING THE RESIDUAL (2726_mathesis_rot64_omega) ==
# the bb_solve_zero exists-synthesis door + CEGIS.  THE CERTIFICATE (width 8): the CEGIS per-shape
# verdict equals the total brute oracle over ALL 3,456 classes, rot AND neg -- 0 disagreements,
# 0 undecided (the engine is sound + complete before its width-64 verdict is trusted).
OM validate8 rot 0 0 neg 0 0
# THE RESULT (width 64): 2,676 classes refuted (0 admit a 2-op rotation), the Psi residual 2,638
# collapsed to 780, and those 780 are EXACTLY the shapes containing a hardware MULTIPLY (the
# classically SAT-hard 64-bit multiplier) -- named, not claimed.  cost64(rot_k)=3 for the decided.
OM omega64 refuted 2676 decided 2676 undecided 780 matches 0 mul 780
