MPH == CAMPAIGN PHI: THE FRONTIER DRAIN ==
MR2 shapes=3456 candidates=101122176 matches=0
MR2 K 0 0 0 0 0 0 0
MR2 NEG-TOOTH matches=311056
MR2 VERDICT ROT-2OP NONEXISTENT AT WIDTH 8: cost8(rot_k) = 3 EXACTLY, k = 1..7
MPH REPLAY pool=9 over=12 events=12
MPH C 0 7497 8400 -5780 3138045143940 -6090322207527
MPH C 1 -5780 2499 2800 348671682660 -676702467503
MPH C 2 8400 -5780 2499 1046015047980 -2030107402509
MPH C 3 6800 -2940 2023 348671682660 -415280564497
MPH C 4 6069 6800 -2940 1046015047980 -1245841693491
MPH C 5 -8820 6069 6800 3138045143940 -3737525080473
MPH C 6 -8820 6069 6800 3138045143940 -3737525080473
MPH C 7 6800 -2940 2023 348671682660 -415280564497
MPH C 8 8400 -5780 2499 1046015047980 -2030107402509
MPH C 9 7497 8400 -5780 3138045143940 -6090322207527
MPH C 10 -5780 2499 2800 348671682660 -676702467503
MPH C 11 6069 6800 -2940 1046015047980 -1245841693491
MPH PAIRS distinct-points=6 each-constructed-twice e-values=3
MPH GROWTH pool=24 refused=3 added 6 9 -- THE CONFIGURATION DOES NOT CLOSE
MNM CATALOGUE rows=27 twopath+mult=27 gamma=27
MNM N 0 2 1 9
MNM N 1 2 1 36
MNM N 2 2 1 18
MNM N 3 3 2 -271
MNM N 4 3 2 2757
MNM N 5 3 2 919
MNM N 6 3 2 -2439
MNM N 7 3 2 -813
MNM N 8 3 2 8271
MNM N 9 6 1 68
MNM N 10 6 1 74
MNM N 11 6 1 333
MNM N 12 6 1 51
MNM N 13 6 1 306
MNM N 14 6 1 444
MNM N 15 7 1 657
MNM N 16 7 1 -153
MNM N 17 7 1 -7497
MNM N 18 7 1 4599
MNM N 19 7 1 -1071
MNM N 20 7 1 32193
MNM N 21 12 1 171
MNM N 22 12 1 267
MNM N 23 12 1 1424
MNM N 24 12 1 76
MNM N 25 12 1 912
MNM N 26 12 1 3204
MNM RAMANUJAN-COINCIDENCE d=2: e == N == -f on all three rows
MNM ENTANGLEMENT d=3: pairs {3,5}{4,7}{6,8} crossed f == -N(partner)
MNM CROSS-ORBIT PRODUCT (2,3,-4)x(4,6,-1) = (-73,36,0) in Z+Z*gamma; 3-fold (-219,108,0)
MNM U 2 18 9 16
MNM U 3 10 5 8
MNM U 5 4 2 2
MNM U 6 4 2 2
MNM U 7 10 5 8
MNM U 12 2 1 0
MNM UNIT-ACTION tested=156 hits=0 -- REFUTED: units do not preserve the collapse; the symmetry is the gamma-action
MT4 CENSUS tables=1048576 inhabited=25 structures=43968 burnside=43968 citizens=7
MT4 Z 30 96740
MT4 Z 1131 194896
MT4 Z 1410 24532
MT4 Z 1414 24548
MT4 Z 1430 93668
MT4 Z 3682 109789
MT4 Z 3691 240725
MT4 GROUPS-AT-4 structures=2 (Z_4 profile 1131, V_4 profile 3691) raw=16
MT4 PRODUCT-LAW carrier-16 pairs=49 verified
MPL# 6 0 14 60 0 0
MPL# 7 1 13 120 0 0
MPL# 8 2 5 23 24 24
MPL# 9 0 15 60 6 0
MPL# 10 1 17 120 0 0
MPL# 11 2 5 29 30 30
MPL FIND d=15 curve A carries SIX identities: (-6 + 4*cbrt15 + cbrt225)^3 = 882*cbrt15 - 1191, ...
MPL EMPTY d=14 at 60 (both factors 2,7 collapse; 14 does not -- the pattern is not multiplicative)
MPL rounds=12 head=976d568997e508619cb0eb0e507f608571ca38cb1b969d0322692c4de8b70c7f
MPH VERDICT: THE FRONTIER IS DRAINED -- every named item settled, constructed, or extended
