MXR-ROUND1 declared: denest a in 2..32, b in 1..6, c in 2..32 (c-square out of class); cube e in 1..9, f in -9..9 (radicand > 0 exact), u,v,w in -2..2; prefilter 2^-14; judge = pair-gcd
MXR# D 3 1 8 2 1 1
MXR# D 3 2 2 2 1 0
MXR# D 4 1 12 3 1 1
MXR# D 4 2 3 3 1 0
MXR# D 5 1 24 3 2 1
MXR# D 5 2 6 3 2 0
MXR# D 6 1 20 5 1 1
MXR# D 6 1 32 4 2 1
MXR# D 6 2 5 5 1 0
MXR# D 6 2 8 4 2 0
MXR# D 6 4 2 4 2 1
MXR# D 7 1 24 6 1 1
MXR# D 7 2 6 6 1 0
MXR# D 7 2 10 5 2 0
MXR# D 7 2 12 4 3 0
MXR# D 7 4 3 4 3 1
MXR# D 8 1 28 7 1 1
MXR# D 8 2 7 7 1 0
MXR# D 8 2 12 6 2 0
MXR# D 8 2 15 5 3 0
MXR# D 8 4 3 6 2 1
MXR# D 9 1 32 8 1 1
MXR# D 9 2 8 8 1 0
MXR# D 9 2 14 7 2 0
MXR# D 9 2 18 6 3 0
MXR# D 9 2 20 5 4 0
MXR# D 9 3 8 6 3 1
MXR# D 9 4 2 8 1 1
MXR# D 9 4 5 5 4 1
MXR# D 9 6 2 6 3 1
MXR# D 10 2 21 7 3 0
MXR# D 10 2 24 6 4 0
MXR# D 10 4 6 6 4 1
MXR# D 11 2 10 10 1 0
MXR# D 11 2 18 9 2 0
MXR# D 11 2 24 8 3 0
MXR# D 11 2 28 7 4 0
MXR# D 11 2 30 6 5 0
MXR# D 11 3 8 9 2 1
MXR# D 11 4 6 8 3 1
MXR# D 11 4 7 7 4 1
MXR# D 11 6 2 9 2 1
MXR# D 12 2 11 11 1 0
MXR# D 12 2 20 10 2 0
MXR# D 12 2 27 9 3 0
MXR# D 12 2 32 8 4 0
MXR# D 12 3 12 9 3 1
MXR# D 12 4 5 10 2 1
MXR# D 12 4 8 8 4 1
MXR# D 12 6 3 9 3 1
MXR# D 13 2 12 12 1 0
MXR# D 13 2 22 11 2 0
MXR# D 13 2 30 10 3 0
MXR# D 13 4 3 12 1 1
MXR# D 13 4 10 8 5 1
MXR# D 14 2 13 13 1 0
MXR# D 14 2 24 12 2 0
MXR# D 14 3 20 9 5 1
MXR# D 14 4 6 12 2 1
MXR# D 14 4 10 10 4 1
MXR# D 14 4 12 8 6 1
MXR# D 14 6 5 9 5 1
MXR# D 15 2 14 14 1 0
MXR# D 15 2 26 13 2 0
MXR# D 15 3 24 9 6 1
MXR# D 15 4 11 11 4 1
MXR# D 15 4 14 8 7 1
MXR# D 15 5 8 10 5 1
MXR# D 15 6 6 9 6 1
MXR# D 16 2 15 15 1 0
MXR# D 16 2 28 14 2 0
MXR# D 16 3 28 9 7 1
MXR# D 16 4 7 14 2 1
MXR# D 16 4 12 12 4 1
MXR# D 16 4 15 10 6 1
MXR# D 16 6 7 9 7 1
MXR# D 17 2 30 15 2 0
MXR# D 17 3 32 9 8 1
MXR# D 17 4 13 13 4 1
MXR# D 17 4 15 12 5 1
MXR# D 17 4 18 9 8 1
MXR# D 17 6 8 9 8 1
MXR# D 18 2 17 17 1 0
MXR# D 18 2 32 16 2 0
MXR# D 18 3 20 15 3 1
MXR# D 18 3 32 12 6 1
MXR# D 18 4 8 16 2 1
MXR# D 18 4 14 14 4 1
MXR# D 18 4 18 12 6 1
MXR# D 18 4 20 10 8 1
MXR# D 18 6 5 15 3 1
MXR# D 18 6 8 12 6 1
MXR# D 19 2 18 18 1 0
MXR# D 19 3 8 18 1 1
MXR# D 19 4 12 16 3 1
MXR# D 19 4 15 15 4 1
MXR# D 19 4 21 12 7 1
MXR# D 19 4 22 11 8 1
MXR# D 19 6 2 18 1 1
MXR# D 19 6 10 10 9 1
MXR# D 20 2 19 19 1 0
MXR# D 20 4 21 14 6 1
MXR# D 20 4 24 12 8 1
MXR# D 20 5 12 15 5 1
MXR# D 20 6 11 11 9 1
MXR# D 21 2 20 20 1 0
MXR# D 21 3 24 18 3 1
MXR# D 21 4 5 20 1 1
MXR# D 21 4 17 17 4 1
MXR# D 21 4 20 16 5 1
MXR# D 21 4 26 13 8 1
MXR# D 21 4 27 12 9 1
MXR# D 21 6 6 18 3 1
MXR# D 21 6 10 15 6 1
MXR# D 21 6 12 12 9 1
MXR# D 22 2 21 21 1 0
MXR# D 22 3 32 18 4 1
MXR# D 22 4 10 20 2 1
MXR# D 22 4 18 18 4 1
MXR# D 22 4 24 16 6 1
MXR# D 22 4 28 14 8 1
MXR# D 22 4 30 12 10 1
MXR# D 22 6 8 18 4 1
MXR# D 22 6 13 13 9 1
MXR# D 23 2 22 22 1 0
MXR# D 23 4 15 20 3 1
MXR# D 23 4 19 19 4 1
MXR# D 23 4 28 16 7 1
MXR# D 23 4 30 15 8 1
MXR# D 23 6 10 18 5 1
MXR# D 23 6 14 14 9 1
MXR# D 24 2 23 23 1 0
MXR# D 24 3 28 21 3 1
MXR# D 24 4 11 22 2 1
MXR# D 24 4 20 20 4 1
MXR# D 24 4 27 18 6 1
MXR# D 24 4 32 16 8 1
MXR# D 24 6 7 21 3 1
MXR# D 24 6 12 18 6 1
MXR# D 24 6 15 15 9 1
MXR# D 25 2 24 24 1 0
MXR# D 25 4 6 24 1 1
MXR# D 25 4 21 21 4 1
MXR# D 25 5 24 15 10 1
MXR# D 25 6 14 18 7 1
MXR# D 26 4 12 24 2 1
MXR# D 26 4 22 22 4 1
MXR# D 26 4 30 20 6 1
MXR# D 26 6 17 17 9 1
MXR# D 27 2 26 26 1 0
MXR# D 27 3 32 24 3 1
MXR# D 27 4 18 24 3 1
MXR# D 27 4 23 23 4 1
MXR# D 27 5 8 25 2 1
MXR# D 27 6 8 24 3 1
MXR# D 27 6 14 21 6 1
MXR# D 27 6 18 18 9 1
MXR# D 27 6 20 15 12 1
MXR# D 28 2 27 27 1 0
MXR# D 28 3 12 27 1 1
MXR# D 28 4 13 26 2 1
MXR# D 28 4 24 24 4 1
MXR# D 28 5 12 25 3 1
MXR# D 28 6 3 27 1 1
MXR# D 28 6 19 19 9 1
MXR# D 28 6 20 18 10 1
MXR# D 29 2 28 28 1 0
MXR# D 29 3 24 27 2 1
MXR# D 29 4 7 28 1 1
MXR# D 29 4 30 24 5 1
MXR# D 29 6 6 27 2 1
MXR# D 29 6 20 20 9 1
MXR# D 29 6 22 18 11 1
MXR# D 30 2 29 29 1 0
MXR# D 30 4 14 28 2 1
MXR# D 30 4 26 26 4 1
MXR# D 30 5 20 25 5 1
MXR# D 30 5 32 20 10 1
MXR# D 30 6 21 21 9 1
MXR# D 30 6 24 18 12 1
MXR# D 31 2 30 30 1 0
MXR# D 31 4 21 28 3 1
MXR# D 31 4 27 27 4 1
MXR# D 31 5 24 25 6 1
MXR# D 31 6 12 27 4 1
MXR# D 31 6 22 22 9 1
MXR# D 31 6 26 18 13 1
MXR# D 32 2 31 31 1 0
MXR# D 32 4 15 30 2 1
MXR# D 32 4 28 28 4 1
MXR# D 32 5 28 25 7 1
MXR# D 32 6 15 27 5 1
MXR# D 32 6 23 23 9 1
MXR# D 32 6 28 18 14 1
MXR# C 9 -9 1 -1 1 1
MXR denest=194 novel=143 redisc=51 nonexist=4828 skip=744 cube_eq=1 cube_tested=1 cube_box=17500 chain=5023 head=2a84e3b73394d86ed00a1146af0bc3c7cb3cd20bd06b83f922cdbfbd9e7ca7f8
