MXC-ROUND1 declared: (u + v*cbrt(d) + w*cbrt(d^2))^3 collapsing to Z + Z*cbrt(d) (curve A = machine-derived surface P2 = 0) or Z + Z*cbrt(d^2) (curve B = P1 = 0); d in {2,3,5,6,7} verified non-cube; primitive canonical rays, height <= 60; every find judge-verified end-to-end; names minted SIGMA-d<d><A|B>-<k>
MXC# 2 1 1 -1 1 9 -9 name=SIGMA-d2A-1
MXC# 2 1 -2 2 1 36 -36 name=SIGMA-d2A-2
MXC# 2 1 2 1 -1 18 -18 name=SIGMA-d2A-3
MXC# 3 2 2 3 -4 438 -919 name=SIGMA-d3B-1
MXC# 3 2 -3 4 6 1314 813 name=SIGMA-d3B-2
MXC# 3 2 4 6 -1 438 271 name=SIGMA-d3B-3
MXC# 3 2 9 -12 2 3942 -8271 name=SIGMA-d3B-4
MXC# 3 2 -12 2 3 1314 -2757 name=SIGMA-d3B-5
MXC# 3 2 18 -3 4 3942 2439 name=SIGMA-d3B-6
MXC# 6 1 2 -2 1 84 -148 name=SIGMA-d6A-1
MXC# 6 1 2 -1 1 42 -34 name=SIGMA-d6A-2
MXC# 6 1 -3 3 1 189 -153 name=SIGMA-d6A-3
MXC# 6 1 3 1 -1 63 -111 name=SIGMA-d6A-4
MXC# 6 1 -6 3 1 378 -666 name=SIGMA-d6A-5
MXC# 6 1 6 2 -1 252 -204 name=SIGMA-d6A-6
MXC# 7 1 -2 4 1 342 153 name=SIGMA-d7A-1
MXC# 7 1 4 1 -2 342 -657 name=SIGMA-d7A-2
MXC# 7 1 7 -14 4 16758 -32193 name=SIGMA-d7A-3
MXC# 7 1 7 -2 4 2394 1071 name=SIGMA-d7A-4
MXC# 7 1 -14 4 1 2394 -4599 name=SIGMA-d7A-5
MXC# 7 1 28 7 -2 16758 7497 name=SIGMA-d7A-6
MXC= d=2 curve=1 H=60 finds=3
MXC= d=2 curve=2 H=60 finds=0
MXC= d=3 curve=1 H=60 finds=0
MXC= d=3 curve=2 H=60 finds=6
MXC= d=5 curve=1 H=60 finds=0
MXC= d=5 curve=2 H=60 finds=0
MXC= d=6 curve=1 H=60 finds=6
MXC= d=6 curve=2 H=60 finds=0
MXC= d=7 curve=1 H=60 finds=6
MXC= d=7 curve=2 H=60 finds=0
MXC found=21 degenerate=0 rays=7326700 chain=31 head=07fdc686ea0dabdfb97fd96711c0ba17c304a8669e5b98b89572e6399187a354
