MFF-ROUND1 declared: every binary operation on {0..n-1}, n in {2,3}; laws ASSOC COMM IDEM IDENT ZERO LCANCEL RCANCEL LSDISTR RSDISTR LINVOL MEDIAL by TOTAL exhaustion; iso-classes by minimum relabeling; species minted FORGE<n>-P<profile>
MFF# 2 2 2 1 1 name=FORGE2-P2
MFF# 2 128 2 1 2 name=FORGE2-P128
MFF# 2 256 2 1 4 name=FORGE2-P256
MFF# 2 1344 1 1 3 name=FORGE2-P1344
MFF# 2 1427 2 1 0 name=FORGE2-P1427
MFF# 2 1439 2 1 8 name=FORGE2-P1439
MFF# 2 1477 1 1 12 name=FORGE2-P1477
MFF# 2 1643 2 1 6 name=FORGE2-P1643
MFF# 2 1696 1 1 5 name=FORGE2-P1696
MFF# 2 1957 1 1 10 name=FORGE2-P1957
MFF n=2 tables=16 inhabited=10 structures=10
MFF# 3 0 17312 2900 3 name=FORGE3-P0
MFF# 3 2 532 91 1 name=FORGE3-P2
MFF# 3 4 604 107 13206 name=FORGE3-P4
MFF# 3 6 14 3 13233 name=FORGE3-P6
MFF# 3 8 126 22 1749 name=FORGE3-P8
MFF# 3 10 51 9 1506 name=FORGE3-P10
MFF# 3 12 12 2 14952 name=FORGE3-P12
MFF# 3 14 3 1 14709 name=FORGE3-P14
MFF# 3 16 84 14 324 name=FORGE3-P16
MFF# 3 18 24 4 2511 name=FORGE3-P18
MFF# 3 20 12 2 13446 name=FORGE3-P20
MFF# 3 32 138 24 3787 name=FORGE3-P32
MFF# 3 40 6 1 3855 name=FORGE3-P40
MFF# 3 64 180 31 403 name=FORGE3-P64
MFF# 3 68 3 1 14235 name=FORGE3-P68
MFF# 3 72 9 2 1911 name=FORGE3-P72
MFF# 3 128 57 11 12 name=FORGE3-P128
MFF# 3 132 12 3 14202 name=FORGE3-P132
MFF# 3 141 3 1 15660 name=FORGE3-P141
MFF# 3 144 6 1 2559 name=FORGE3-P144
MFF# 3 256 57 11 270 name=FORGE3-P256
MFF# 3 260 12 3 13713 name=FORGE3-P260
MFF# 3 269 3 1 15636 name=FORGE3-P269
MFF# 3 272 6 1 3999 name=FORGE3-P272
MFF# 3 544 42 7 3795 name=FORGE3-P544
MFF# 3 548 3 1 14007 name=FORGE3-P548
MFF# 3 552 3 1 4179 name=FORGE3-P552
MFF# 3 1024 72 12 121 name=FORGE3-P1024
MFF# 3 1026 24 4 60 name=FORGE3-P1026
MFF# 3 1027 12 2 768 name=FORGE3-P1027
MFF# 3 1035 6 1 6417 name=FORGE3-P1035
MFF# 3 1040 6 2 2673 name=FORGE3-P1040
MFF# 3 1042 15 3 2430 name=FORGE3-P1042
MFF# 3 1051 12 2 4017 name=FORGE3-P1051
MFF# 3 1120 3 1 5421 name=FORGE3-P1120
MFF# 3 1131 3 1 5681 name=FORGE3-P1131
MFF# 3 1152 36 6 6 name=FORGE3-P1152
MFF# 3 1168 15 3 243 name=FORGE3-P1168
MFF# 3 1169 6 1 567 name=FORGE3-P1169
MFF# 3 1184 2 1 5299 name=FORGE3-P1184
MFF# 3 1280 36 6 13 name=FORGE3-P1280
MFF# 3 1296 15 3 486 name=FORGE3-P1296
MFF# 3 1297 6 1 4455 name=FORGE3-P1297
MFF# 3 1344 8 3 377 name=FORGE3-P1344
MFF# 3 1409 12 2 351 name=FORGE3-P1409
MFF# 3 1412 12 2 13710 name=FORGE3-P1412
MFF# 3 1413 12 2 13473 name=FORGE3-P1413
MFF# 3 1427 21 4 0 name=FORGE3-P1427
MFF# 3 1429 6 2 15681 name=FORGE3-P1429
MFF# 3 1431 3 1 13203 name=FORGE3-P1431
MFF# 3 1439 6 1 15633 name=FORGE3-P1439
MFF# 3 1476 3 1 14937 name=FORGE3-P1476
MFF# 3 1477 1 1 19305 name=FORGE3-P1477
MFF# 3 1632 3 1 4173 name=FORGE3-P1632
MFF# 3 1634 2 1 4069 name=FORGE3-P1634
MFF# 3 1696 6 2 3785 name=FORGE3-P1696
MFF# 3 1956 3 1 14439 name=FORGE3-P1956
MFF# 3 1957 1 1 15897 name=FORGE3-P1957
MFF# 3 2022 1 1 14001 name=FORGE3-P2022
MFF n=3 tables=19683 inhabited=59 structures=3330
MFF chain=69 head=c28e85ac423faa3945927b9398d358dbaec2ed63901a93d523bc72b017ab978e
